TN:
SF:C:\xampp\htdocs\Ynov\av2-linked-up\src\App.vue
FN:32,(anonymous_0)
FN:39,(anonymous_1)
FNF:2
FNH:0
FNDA:0,(anonymous_0)
FNDA:0,(anonymous_1)
DA:11,0
DA:12,0
DA:13,0
DA:24,0
DA:33,0
DA:34,0
DA:36,0
DA:40,0
LF:8
LH:0
BRDA:33,0,0,0
BRDA:33,0,1,0
BRF:2
BRH:0
end_of_record
TN:
SF:C:\xampp\htdocs\Ynov\av2-linked-up\src\main.js
FN:13,(anonymous_0)
FNF:1
FNH:0
FNDA:0,(anonymous_0)
DA:13,0
DA:14,0
DA:15,0
DA:16,0
DA:28,0
DA:29,0
DA:30,0
DA:31,0
LF:8
LH:0
BRDA:14,0,0,0
BRDA:14,0,1,0
BRF:2
BRH:0
end_of_record
TN:
SF:C:\xampp\htdocs\Ynov\av2-linked-up\src\components\admin\AdminGallery.vue
FN:69,(anonymous_0)
FN:83,(anonymous_1)
FN:84,(anonymous_2)
FN:98,(anonymous_3)
FN:117,(anonymous_4)
FN:134,(anonymous_5)
FN:148,(anonymous_6)
FN:157,(anonymous_7)
FNF:8
FNH:0
FNDA:0,(anonymous_0)
FNDA:0,(anonymous_1)
FNDA:0,(anonymous_2)
FNDA:0,(anonymous_3)
FNDA:0,(anonymous_4)
FNDA:0,(anonymous_5)
FNDA:0,(anonymous_6)
FNDA:0,(anonymous_7)
DA:47,0
DA:48,0
DA:63,0
DA:70,0
DA:84,0
DA:85,0
DA:86,0
DA:99,0
DA:100,0
DA:101,0
DA:102,0
DA:103,0
DA:104,0
DA:105,0
DA:106,0
DA:108,0
DA:118,0
DA:119,0
DA:120,0
DA:121,0
DA:135,0
DA:136,0
DA:137,0
DA:139,0
DA:149,0
DA:150,0
DA:158,0
LF:27
LH:0
BRDA:103,0,0,0
BRDA:103,0,1,0
BRDA:120,1,0,0
BRDA:120,1,1,0
BRDA:135,2,0,0
BRDA:135,2,1,0
BRF:6
BRH:0
end_of_record
TN:
SF:C:\xampp\htdocs\Ynov\av2-linked-up\src\components\admin\AdminNav.vue
FN:29,(anonymous_0)
FN:40,(anonymous_1)
FNF:2
FNH:2
FNDA:3,(anonymous_0)
FNDA:3,(anonymous_1)
DA:27,1
DA:30,3
DA:41,3
DA:42,3
DA:43,2
LF:5
LH:5
BRDA:42,0,0,2
BRDA:42,0,1,1
BRF:2
BRH:2
end_of_record
TN:
SF:C:\xampp\htdocs\Ynov\av2-linked-up\src\components\admin\AdminProfile.vue
FN:130,(anonymous_0)
FN:156,(anonymous_1)
FN:159,(anonymous_2)
FN:162,(anonymous_3)
FN:165,(anonymous_4)
FN:177,(anonymous_5)
FN:208,(anonymous_6)
FN:217,(anonymous_7)
FN:220,(anonymous_8)
FN:235,(anonymous_9)
FN:243,(anonymous_10)
FNF:11
FNH:0
FNDA:0,(anonymous_0)
FNDA:0,(anonymous_1)
FNDA:0,(anonymous_2)
FNDA:0,(anonymous_3)
FNDA:0,(anonymous_4)
FNDA:0,(anonymous_5)
FNDA:0,(anonymous_6)
FNDA:0,(anonymous_7)
FNDA:0,(anonymous_8)
FNDA:0,(anonymous_9)
FNDA:0,(anonymous_10)
DA:112,0
DA:128,0
DA:131,0
DA:157,0
DA:160,0
DA:163,0
DA:165,0
DA:184,0
DA:185,0
DA:187,0
DA:188,0
DA:189,0
DA:190,0
DA:192,0
DA:193,0
DA:209,0
DA:210,0
DA:214,0
DA:215,0
DA:218,0
DA:221,0
DA:232,0
DA:233,0
DA:234,0
DA:235,0
DA:236,0
DA:240,0
DA:241,0
DA:242,0
DA:243,0
DA:244,0
LF:31
LH:0
BRDA:187,0,0,0
BRDA:187,0,1,0
BRDA:187,1,0,0
BRDA:187,1,1,0
BRF:4
BRH:0
end_of_record
TN:
SF:C:\xampp\htdocs\Ynov\av2-linked-up\src\components\admin\GalleryItem.vue
FN:22,(anonymous_0)
FNF:1
FNH:0
FNDA:0,(anonymous_0)
DA:19,0
DA:23,0
LF:2
LH:0
BRF:0
BRH:0
end_of_record
TN:
SF:C:\xampp\htdocs\Ynov\av2-linked-up\src\components\admin\PreviewItem.vue
FN:22,(anonymous_0)
FNF:1
FNH:0
FNDA:0,(anonymous_0)
DA:19,0
DA:23,0
LF:2
LH:0
BRF:0
BRH:0
end_of_record
TN:
SF:C:\xampp\htdocs\Ynov\av2-linked-up\src\components\admin\Sidenav.vue
FNF:0
FNH:0
DA:63,1
LF:1
LH:1
BRF:0
BRH:0
end_of_record
TN:
SF:C:\xampp\htdocs\Ynov\av2-linked-up\src\components\app\Button.vue
FNF:0
FNH:0
DA:13,0
LF:1
LH:0
BRF:0
BRH:0
end_of_record
TN:
SF:C:\xampp\htdocs\Ynov\av2-linked-up\src\components\app\Title.vue
FNF:0
FNH:0
DA:14,1
LF:1
LH:1
BRF:0
BRH:0
end_of_record
TN:
SF:C:\xampp\htdocs\Ynov\av2-linked-up\src\components\artists\ArtistItem.vue
FNF:0
FNH:0
DA:26,4
LF:1
LH:1
BRF:0
BRH:0
end_of_record
TN:
SF:C:\xampp\htdocs\Ynov\av2-linked-up\src\components\artists\ArtistList.vue
FN:30,(anonymous_0)
FN:42,(anonymous_1)
FN:44,(anonymous_2)
FN:47,(anonymous_3)
FNF:4
FNH:0
FNDA:0,(anonymous_0)
FNDA:0,(anonymous_1)
FNDA:0,(anonymous_2)
FNDA:0,(anonymous_3)
DA:16,1
DA:17,1
DA:25,1
DA:31,0
DA:43,0
DA:45,0
DA:47,0
LF:7
LH:3
BRF:0
BRH:0
end_of_record
TN:
SF:C:\xampp\htdocs\Ynov\av2-linked-up\src\components\auth\LoginForm.vue
FN:46,(anonymous_0)
FN:61,(anonymous_1)
FNF:2
FNH:0
FNDA:0,(anonymous_0)
FNDA:0,(anonymous_1)
DA:34,1
DA:45,1
DA:47,0
DA:62,0
DA:66,0
DA:67,0
DA:69,0
DA:70,0
DA:71,0
DA:73,0
LF:10
LH:2
BRF:0
BRH:0
end_of_record
TN:
SF:C:\xampp\htdocs\Ynov\av2-linked-up\src\components\auth\RegisterForm.vue
FN:67,(anonymous_0)
FN:84,(anonymous_1)
FNF:2
FNH:0
FNDA:0,(anonymous_0)
FNDA:0,(anonymous_1)
DA:52,1
DA:65,1
DA:68,0
DA:85,0
DA:91,0
DA:92,0
DA:94,0
DA:95,0
DA:96,0
DA:98,0
LF:10
LH:2
BRF:0
BRH:0
end_of_record
TN:
SF:C:\xampp\htdocs\Ynov\av2-linked-up\src\components\home\Categories.vue
FN:61,(anonymous_0)
FN:64,(anonymous_1)
FN:65,(anonymous_2)
FNF:3
FNH:0
FNDA:0,(anonymous_0)
FNDA:0,(anonymous_1)
FNDA:0,(anonymous_2)
DA:45,1
DA:52,1
DA:62,0
DA:64,0
DA:65,0
LF:5
LH:2
BRF:0
BRH:0
end_of_record
TN:
SF:C:\xampp\htdocs\Ynov\av2-linked-up\src\components\home\Geoloc.vue
FN:39,(anonymous_0)
FN:57,(anonymous_1)
FN:58,(anonymous_2)
FN:73,(anonymous_3)
FN:78,(anonymous_4)
FN:79,(anonymous_5)
FN:80,(anonymous_6)
FN:94,(anonymous_7)
FN:97,(anonymous_8)
FN:98,(anonymous_9)
FNF:10
FNH:0
FNDA:0,(anonymous_0)
FNDA:0,(anonymous_1)
FNDA:0,(anonymous_2)
FNDA:0,(anonymous_3)
FNDA:0,(anonymous_4)
FNDA:0,(anonymous_5)
FNDA:0,(anonymous_6)
FNDA:0,(anonymous_7)
FNDA:0,(anonymous_8)
FNDA:0,(anonymous_9)
DA:24,1
DA:38,1
DA:40,0
DA:58,0
DA:59,0
DA:63,0
DA:75,0
DA:78,0
DA:79,0
DA:80,0
DA:82,0
DA:83,0
DA:84,0
DA:85,0
DA:86,0
DA:87,0
DA:95,0
DA:97,0
DA:98,0
LF:19
LH:2
BRF:0
BRH:0
end_of_record
TN:
SF:C:\xampp\htdocs\Ynov\av2-linked-up\src\components\nav\Brand.vue
FNF:0
FNH:0
DA:11,2
LF:1
LH:1
BRF:0
BRH:0
end_of_record
TN:
SF:C:\xampp\htdocs\Ynov\av2-linked-up\src\components\nav\Footer.vue
FN:30,(anonymous_0)
FN:35,(anonymous_1)
FN:44,(anonymous_2)
FNF:3
FNH:3
FNDA:1,(anonymous_0)
FNDA:1,(anonymous_1)
FNDA:1,(anonymous_2)
DA:28,1
DA:31,1
DA:36,1
DA:45,1
LF:4
LH:4
BRF:0
BRH:0
end_of_record
TN:
SF:C:\xampp\htdocs\Ynov\av2-linked-up\src\components\nav\Navbar.vue
FN:72,(anonymous_0)
FN:75,(anonymous_1)
FN:86,(anonymous_2)
FNF:3
FNH:2
FNDA:9,(anonymous_0)
FNDA:9,(anonymous_1)
FNDA:0,(anonymous_2)
DA:53,1
DA:54,1
DA:65,1
DA:72,9
DA:76,9
DA:87,0
DA:88,0
DA:89,0
LF:8
LH:5
BRDA:88,0,0,0
BRDA:88,0,1,0
BRF:2
BRH:0
end_of_record
TN:
SF:C:\xampp\htdocs\Ynov\av2-linked-up\src\router\index.js
FN:87,(anonymous_0)
FN:88,(anonymous_1)
FNF:2
FNH:0
FNDA:0,(anonymous_0)
FNDA:0,(anonymous_1)
DA:15,0
DA:82,0
DA:87,0
DA:88,0
DA:89,0
DA:90,0
DA:92,0
DA:93,0
DA:95,0
LF:9
LH:0
BRDA:88,0,0,0
BRDA:88,0,1,0
BRDA:92,1,0,0
BRDA:92,1,1,0
BRF:4
BRH:0
end_of_record
TN:
SF:C:\xampp\htdocs\Ynov\av2-linked-up\src\store\index.js
FNF:0
FNH:0
LF:0
LH:0
BRF:0
BRH:0
end_of_record
TN:
SF:C:\xampp\htdocs\Ynov\av2-linked-up\src\store\modules\auth.js
FN:29,(anonymous_0)
FN:49,(anonymous_1)
FN:92,(anonymous_2)
FN:102,(anonymous_3)
FN:115,(anonymous_4)
FNF:5
FNH:2
FNDA:2,(anonymous_0)
FNDA:0,(anonymous_1)
FNDA:1,(anonymous_2)
FNDA:0,(anonymous_3)
FNDA:0,(anonymous_4)
DA:30,2
DA:50,0
DA:55,0
DA:56,0
DA:61,0
DA:62,0
DA:67,0
DA:68,0
DA:73,0
DA:79,0
DA:83,0
DA:93,1
DA:95,1
DA:103,0
DA:105,0
DA:106,0
DA:116,0
DA:118,0
LF:18
LH:3
BRDA:55,0,0,0
BRDA:55,0,1,0
BRDA:61,1,0,0
BRDA:61,1,1,0
BRDA:67,2,0,0
BRDA:67,2,1,0
BRDA:105,3,0,0
BRDA:105,3,1,0
BRF:8
BRH:0
end_of_record
TN:
SF:C:\xampp\htdocs\Ynov\av2-linked-up\src\store\modules\gallery.js
FN:32,(anonymous_0)
FN:35,(anonymous_1)
FN:38,(anonymous_2)
FN:63,(anonymous_3)
FN:91,(anonymous_4)
FN:107,(anonymous_5)
FN:151,(anonymous_6)
FN:169,(anonymous_7)
FN:186,(anonymous_8)
FNF:9
FNH:0
FNDA:0,(anonymous_0)
FNDA:0,(anonymous_1)
FNDA:0,(anonymous_2)
FNDA:0,(anonymous_3)
FNDA:0,(anonymous_4)
FNDA:0,(anonymous_5)
FNDA:0,(anonymous_6)
FNDA:0,(anonymous_7)
FNDA:0,(anonymous_8)
DA:33,0
DA:36,0
DA:39,0
DA:64,0
DA:65,0
DA:66,0
DA:68,0
DA:69,0
DA:70,0
DA:71,0
DA:72,0
DA:73,0
DA:76,0
DA:77,0
DA:81,0
DA:82,0
DA:92,0
DA:93,0
DA:94,0
DA:95,0
DA:96,0
DA:98,0
DA:108,0
DA:109,0
DA:110,0
DA:112,0
DA:113,0
DA:114,0
DA:115,0
DA:116,0
DA:117,0
DA:120,0
DA:121,0
DA:122,0
DA:123,0
DA:126,0
DA:127,0
DA:128,0
DA:130,0
DA:131,0
DA:132,0
DA:135,0
DA:136,0
DA:140,0
DA:141,0
DA:152,0
DA:153,0
DA:154,0
DA:158,0
DA:159,0
DA:170,0
DA:171,0
DA:172,0
DA:173,0
DA:174,0
DA:176,0
DA:177,0
DA:187,0
LF:58
LH:0
BRDA:95,0,0,0
BRDA:95,0,1,0
BRDA:122,1,0,0
BRDA:122,1,1,0
BRDA:173,2,0,0
BRDA:173,2,1,0
BRF:6
BRH:0
end_of_record
TN:
SF:C:\xampp\htdocs\Ynov\av2-linked-up\src\store\modules\index.js
FN:11,(anonymous_0)
FNF:1
FNH:0
FNDA:0,(anonymous_0)
DA:8,0
DA:9,0
DA:11,0
DA:12,0
DA:13,0
DA:16,0
DA:17,0
DA:18,0
LF:8
LH:0
BRDA:12,0,0,0
BRDA:12,0,1,0
BRDA:18,1,0,0
BRDA:18,1,1,0
BRF:4
BRH:0
end_of_record
TN:
SF:C:\xampp\htdocs\Ynov\av2-linked-up\src\store\modules\profile.js
FN:35,(anonymous_0)
FN:38,(anonymous_1)
FN:42,(anonymous_2)
FN:45,(anonymous_3)
FN:65,(anonymous_4)
FN:93,(anonymous_5)
FN:100,(anonymous_6)
FN:110,(anonymous_7)
FN:124,(anonymous_8)
FN:137,(anonymous_9)
FN:140,(anonymous_10)
FN:157,(anonymous_11)
FN:160,(anonymous_12)
FN:163,(anonymous_13)
FNF:14
FNH:0
FNDA:0,(anonymous_0)
FNDA:0,(anonymous_1)
FNDA:0,(anonymous_2)
FNDA:0,(anonymous_3)
FNDA:0,(anonymous_4)
FNDA:0,(anonymous_5)
FNDA:0,(anonymous_6)
FNDA:0,(anonymous_7)
FNDA:0,(anonymous_8)
FNDA:0,(anonymous_9)
FNDA:0,(anonymous_10)
FNDA:0,(anonymous_11)
FNDA:0,(anonymous_12)
FNDA:0,(anonymous_13)
DA:36,0
DA:39,0
DA:43,0
DA:46,0
DA:66,0
DA:68,0
DA:69,0
DA:82,0
DA:83,0
DA:94,0
DA:95,0
DA:96,0
DA:97,0
DA:99,0
DA:100,0
DA:101,0
DA:111,0
DA:112,0
DA:113,0
DA:114,0
DA:116,0
DA:125,0
DA:126,0
DA:127,0
DA:128,0
DA:130,0
DA:138,0
DA:139,0
DA:140,0
DA:146,0
DA:158,0
DA:161,0
DA:164,0
LF:33
LH:0
BRDA:113,0,0,0
BRDA:113,0,1,0
BRDA:127,1,0,0
BRDA:127,1,1,0
BRF:4
BRH:0
end_of_record
TN:
SF:C:\xampp\htdocs\Ynov\av2-linked-up\src\store\modules\search.js
FN:26,(anonymous_0)
FN:29,(anonymous_1)
FN:48,(anonymous_2)
FN:51,(anonymous_3)
FN:66,(anonymous_4)
FN:69,(anonymous_5)
FNF:6
FNH:0
FNDA:0,(anonymous_0)
FNDA:0,(anonymous_1)
FNDA:0,(anonymous_2)
FNDA:0,(anonymous_3)
FNDA:0,(anonymous_4)
FNDA:0,(anonymous_5)
DA:27,0
DA:30,0
DA:31,0
DA:49,0
DA:50,0
DA:51,0
DA:57,0
DA:67,0
DA:68,0
DA:69,0
DA:75,0
LF:11
LH:0
BRF:0
BRH:0
end_of_record
TN:
SF:C:\xampp\htdocs\Ynov\av2-linked-up\src\utils\firebase.js
FNF:0
FNH:0
DA:12,0
DA:22,0
DA:24,0
DA:25,0
DA:26,0
DA:32,0
DA:33,0
DA:34,0
DA:35,0
DA:36,0
LF:10
LH:0
BRF:0
BRH:0
end_of_record
TN:
SF:C:\xampp\htdocs\Ynov\av2-linked-up\src\utils\globals.js
FN:10,(anonymous_0)
FN:17,(anonymous_1)
FNF:2
FNH:0
FNDA:0,(anonymous_0)
FNDA:0,(anonymous_1)
DA:11,0
DA:17,0
DA:18,0
DA:19,0
DA:23,0
LF:5
LH:0
BRDA:25,0,0,0
BRDA:25,0,1,0
BRF:2
BRH:0
end_of_record
TN:
SF:C:\xampp\htdocs\Ynov\av2-linked-up\src\utils\styles.js
FNF:0
FNH:0
LF:0
LH:0
BRF:0
BRH:0
end_of_record
TN:
SF:C:\xampp\htdocs\Ynov\av2-linked-up\src\views\Admin.vue
FNF:0
FNH:0
DA:15,1
DA:21,1
LF:2
LH:2
BRF:0
BRH:0
end_of_record
TN:
SF:C:\xampp\htdocs\Ynov\av2-linked-up\src\views\ArtistProfile.vue
FN:64,(anonymous_0)
FN:80,(anonymous_1)
FN:83,(anonymous_2)
FN:86,(anonymous_3)
FN:90,(anonymous_4)
FNF:5
FNH:0
FNDA:0,(anonymous_0)
FNDA:0,(anonymous_1)
FNDA:0,(anonymous_2)
FNDA:0,(anonymous_3)
FNDA:0,(anonymous_4)
DA:53,0
DA:62,0
DA:65,0
DA:81,0
DA:84,0
DA:87,0
DA:88,0
DA:90,0
LF:8
LH:0
BRF:0
BRH:0
end_of_record
TN:
SF:C:\xampp\htdocs\Ynov\av2-linked-up\src\views\Artists.vue
FNF:0
FNH:0
DA:11,1
DA:17,1
LF:2
LH:2
BRF:0
BRH:0
end_of_record
TN:
SF:C:\xampp\htdocs\Ynov\av2-linked-up\src\views\Categories.vue
FN:61,(anonymous_0)
FN:64,(anonymous_1)
FN:65,(anonymous_2)
FNF:3
FNH:0
FNDA:0,(anonymous_0)
FNDA:0,(anonymous_1)
FNDA:0,(anonymous_2)
DA:42,0
DA:51,0
DA:62,0
DA:64,0
DA:65,0
LF:5
LH:0
BRF:0
BRH:0
end_of_record
TN:
SF:C:\xampp\htdocs\Ynov\av2-linked-up\src\views\CategoriesResults.vue
FN:38,(anonymous_0)
FN:43,(anonymous_1)
FNF:2
FNH:2
FNDA:2,(anonymous_0)
FNDA:2,(anonymous_1)
DA:24,1
DA:33,1
DA:39,2
DA:44,2
LF:4
LH:4
BRF:0
BRH:0
end_of_record
TN:
SF:C:\xampp\htdocs\Ynov\av2-linked-up\src\views\Conventions.vue
FNF:0
FNH:0
DA:12,0
LF:1
LH:0
BRF:0
BRH:0
end_of_record
TN:
SF:C:\xampp\htdocs\Ynov\av2-linked-up\src\views\GeoResults.vue
FN:38,(anonymous_0)
FN:43,(anonymous_1)
FNF:2
FNH:2
FNDA:2,(anonymous_0)
FNDA:2,(anonymous_1)
DA:24,1
DA:33,1
DA:39,2
DA:44,2
LF:4
LH:4
BRF:0
BRH:0
end_of_record
TN:
SF:C:\xampp\htdocs\Ynov\av2-linked-up\src\views\Home.vue
FNF:0
FNH:0
DA:9,1
DA:10,1
DA:18,1
LF:3
LH:3
BRF:0
BRH:0
end_of_record
TN:
SF:C:\xampp\htdocs\Ynov\av2-linked-up\src\views\Login.vue
FN:35,(anonymous_0)
FNF:1
FNH:1
FNDA:4,(anonymous_0)
DA:19,1
DA:20,1
DA:29,1
DA:36,4
LF:4
LH:4
BRF:0
BRH:0
end_of_record
