TN:
SF:C:\xampp\htdocs\Ynov\av2-linked-up\src\App.vue
FN:41,(anonymous_0)
FN:47,(anonymous_1)
FN:54,(anonymous_2)
FN:58,(anonymous_3)
FNF:4
FNH:4
FNDA:4,(anonymous_0)
FNDA:4,(anonymous_1)
FNDA:5,(anonymous_2)
FNDA:1,(anonymous_3)
DA:20,1
DA:21,1
DA:22,1
DA:34,1
DA:42,4
DA:48,4
DA:49,3
DA:51,1
DA:55,5
DA:59,1
LF:10
LH:10
BRDA:48,0,0,3
BRDA:48,0,1,1
BRF:2
BRH:2
end_of_record
TN:
SF:C:\xampp\htdocs\Ynov\av2-linked-up\src\components\admin\AdminEvents.vue
FN:22,(anonymous_0)
FN:27,(anonymous_1)
FN:28,(anonymous_2)
FNF:3
FNH:3
FNDA:4,(anonymous_0)
FNDA:6,(anonymous_1)
FNDA:6,(anonymous_2)
DA:7,1
DA:8,1
DA:16,1
DA:23,4
DA:28,6
DA:29,6
LF:6
LH:6
BRF:0
BRH:0
end_of_record
TN:
SF:C:\xampp\htdocs\Ynov\av2-linked-up\src\components\admin\AdminGallery.vue
FN:79,(anonymous_0)
FN:88,(anonymous_1)
FN:90,(anonymous_2)
FN:94,(anonymous_3)
FN:99,(anonymous_4)
FN:112,(anonymous_5)
FN:120,(anonymous_6)
FN:125,(anonymous_7)
FN:130,(anonymous_8)
FN:134,(anonymous_9)
FN:137,(anonymous_10)
FN:140,(anonymous_11)
FN:144,(anonymous_12)
FN:148,(anonymous_13)
FNF:14
FNH:2
FNDA:2,(anonymous_0)
FNDA:2,(anonymous_1)
FNDA:0,(anonymous_2)
FNDA:0,(anonymous_3)
FNDA:0,(anonymous_4)
FNDA:0,(anonymous_5)
FNDA:0,(anonymous_6)
FNDA:0,(anonymous_7)
FNDA:0,(anonymous_8)
FNDA:0,(anonymous_9)
FNDA:0,(anonymous_10)
FNDA:0,(anonymous_11)
FNDA:0,(anonymous_12)
FNDA:0,(anonymous_13)
DA:56,1
DA:57,1
DA:58,1
DA:73,1
DA:80,2
DA:89,2
DA:91,0
DA:92,0
DA:95,0
DA:100,0
DA:101,0
DA:102,0
DA:103,0
DA:104,0
DA:105,0
DA:106,0
DA:107,0
DA:109,0
DA:113,0
DA:114,0
DA:115,0
DA:116,0
DA:121,0
DA:122,0
DA:123,0
DA:126,0
DA:127,0
DA:128,0
DA:131,0
DA:132,0
DA:135,0
DA:138,0
DA:139,0
DA:140,0
DA:141,0
DA:145,0
DA:146,0
DA:147,0
DA:148,0
DA:149,0
LF:40
LH:6
BRDA:104,0,0,0
BRDA:104,0,1,0
BRDA:115,1,0,0
BRDA:115,1,1,0
BRF:4
BRH:0
end_of_record
TN:
SF:C:\xampp\htdocs\Ynov\av2-linked-up\src\components\admin\AdminInbox.vue
FN:22,(anonymous_0)
FN:27,(anonymous_1)
FN:28,(anonymous_2)
FNF:3
FNH:3
FNDA:4,(anonymous_0)
FNDA:6,(anonymous_1)
FNDA:6,(anonymous_2)
DA:7,1
DA:8,1
DA:16,1
DA:23,4
DA:28,6
DA:29,6
LF:6
LH:6
BRF:0
BRH:0
end_of_record
TN:
SF:C:\xampp\htdocs\Ynov\av2-linked-up\src\components\admin\AdminNav.vue
FN:29,(anonymous_0)
FN:40,(anonymous_1)
FNF:2
FNH:2
FNDA:3,(anonymous_0)
FNDA:3,(anonymous_1)
DA:27,2
DA:30,3
DA:41,3
DA:42,3
DA:43,2
LF:5
LH:5
BRDA:42,0,0,2
BRDA:42,0,1,1
BRF:2
BRH:2
end_of_record
TN:
SF:C:\xampp\htdocs\Ynov\av2-linked-up\src\components\admin\AdminProfile.vue
FN:22,(anonymous_0)
FN:27,(anonymous_1)
FN:28,(anonymous_2)
FNF:3
FNH:3
FNDA:4,(anonymous_0)
FNDA:6,(anonymous_1)
FNDA:6,(anonymous_2)
DA:7,1
DA:8,1
DA:16,1
DA:23,4
DA:28,6
DA:29,6
LF:6
LH:6
BRF:0
BRH:0
end_of_record
TN:
SF:C:\xampp\htdocs\Ynov\av2-linked-up\src\components\admin\AdminProjects.vue
FN:22,(anonymous_0)
FN:27,(anonymous_1)
FN:28,(anonymous_2)
FNF:3
FNH:3
FNDA:4,(anonymous_0)
FNDA:6,(anonymous_1)
FNDA:6,(anonymous_2)
DA:7,1
DA:8,1
DA:16,1
DA:23,4
DA:28,6
DA:29,6
LF:6
LH:6
BRF:0
BRH:0
end_of_record
TN:
SF:C:\xampp\htdocs\Ynov\av2-linked-up\src\components\admin\GalleryItem.vue
FN:23,(anonymous_0)
FNF:1
FNH:1
FNDA:1,(anonymous_0)
DA:19,2
DA:24,1
LF:2
LH:2
BRF:0
BRH:0
end_of_record
TN:
SF:C:\xampp\htdocs\Ynov\av2-linked-up\src\components\admin\PreviewItem.vue
FN:22,(anonymous_0)
FNF:1
FNH:1
FNDA:1,(anonymous_0)
DA:19,2
DA:23,1
LF:2
LH:2
BRF:0
BRH:0
end_of_record
TN:
SF:C:\xampp\htdocs\Ynov\av2-linked-up\src\components\admin\ProjectDetails.vue
FN:42,(anonymous_0)
FN:49,(anonymous_1)
FN:54,(anonymous_2)
FNF:3
FNH:0
FNDA:0,(anonymous_0)
FNDA:0,(anonymous_1)
FNDA:0,(anonymous_2)
DA:40,0
DA:43,0
DA:50,0
DA:51,0
DA:55,0
DA:59,0
LF:6
LH:0
BRF:0
BRH:0
end_of_record
TN:
SF:C:\xampp\htdocs\Ynov\av2-linked-up\src\components\admin\ProjectItem.vue
FN:27,(anonymous_0)
FN:33,(anonymous_1)
FN:38,(anonymous_2)
FN:41,(anonymous_3)
FN:42,(anonymous_4)
FNF:5
FNH:0
FNDA:0,(anonymous_0)
FNDA:0,(anonymous_1)
FNDA:0,(anonymous_2)
FNDA:0,(anonymous_3)
FNDA:0,(anonymous_4)
DA:16,1
DA:24,1
DA:28,0
DA:34,0
DA:35,0
DA:39,0
DA:42,0
DA:43,0
LF:8
LH:2
BRF:0
BRH:0
end_of_record
TN:
SF:C:\xampp\htdocs\Ynov\av2-linked-up\src\components\admin\Sidenav.vue
FN:78,(anonymous_0)
FN:83,(anonymous_1)
FN:84,(anonymous_2)
FNF:3
FNH:0
FNDA:0,(anonymous_0)
FNDA:0,(anonymous_1)
FNDA:0,(anonymous_2)
DA:76,1
DA:79,0
DA:84,0
DA:85,0
LF:4
LH:1
BRF:0
BRH:0
end_of_record
TN:
SF:C:\xampp\htdocs\Ynov\av2-linked-up\src\components\app\Button.vue
FNF:0
FNH:0
DA:13,7
LF:1
LH:1
BRF:0
BRH:0
end_of_record
TN:
SF:C:\xampp\htdocs\Ynov\av2-linked-up\src\components\app\Modal.vue
FN:40,(anonymous_0)
FN:50,(anonymous_1)
FN:53,(anonymous_2)
FN:58,(anonymous_3)
FN:62,(anonymous_4)
FN:65,(anonymous_5)
FNF:6
FNH:4
FNDA:14,(anonymous_0)
FNDA:3,(anonymous_1)
FNDA:0,(anonymous_2)
FNDA:0,(anonymous_3)
FNDA:14,(anonymous_4)
FNDA:1,(anonymous_5)
DA:27,3
DA:41,14
DA:42,6
DA:44,8
DA:51,3
DA:54,0
DA:55,0
DA:59,0
DA:63,14
DA:66,1
LF:10
LH:7
BRDA:41,0,0,6
BRDA:41,0,1,8
BRDA:41,1,0,14
BRDA:41,1,1,6
BRDA:54,2,0,0
BRDA:54,2,1,0
BRDA:54,3,0,0
BRDA:54,3,1,0
BRF:8
BRH:4
end_of_record
TN:
SF:C:\xampp\htdocs\Ynov\av2-linked-up\src\components\app\Title.vue
FNF:0
FNH:0
DA:14,11
LF:1
LH:1
BRF:0
BRH:0
end_of_record
TN:
SF:C:\xampp\htdocs\Ynov\av2-linked-up\src\components\artists\ArtistDashboard.vue
FN:132,(anonymous_0)
FN:152,(anonymous_1)
FN:155,(anonymous_2)
FN:158,(anonymous_3)
FN:161,(anonymous_4)
FN:164,(anonymous_5)
FN:177,(anonymous_6)
FN:180,(anonymous_7)
FN:184,(anonymous_8)
FN:188,(anonymous_9)
FN:201,(anonymous_10)
FN:205,(anonymous_11)
FN:209,(anonymous_12)
FN:212,(anonymous_13)
FN:216,(anonymous_14)
FN:220,(anonymous_15)
FNF:16
FNH:9
FNDA:3,(anonymous_0)
FNDA:4,(anonymous_1)
FNDA:4,(anonymous_2)
FNDA:4,(anonymous_3)
FNDA:0,(anonymous_4)
FNDA:0,(anonymous_5)
FNDA:1,(anonymous_6)
FNDA:1,(anonymous_7)
FNDA:0,(anonymous_8)
FNDA:1,(anonymous_9)
FNDA:1,(anonymous_10)
FNDA:0,(anonymous_11)
FNDA:2,(anonymous_12)
FNDA:0,(anonymous_13)
FNDA:0,(anonymous_14)
FNDA:0,(anonymous_15)
DA:113,2
DA:130,2
DA:133,3
DA:153,4
DA:156,4
DA:159,4
DA:161,0
DA:165,0
DA:166,0
DA:168,0
DA:169,0
DA:170,0
DA:171,0
DA:173,0
DA:174,0
DA:178,1
DA:181,1
DA:182,1
DA:185,0
DA:189,1
DA:199,1
DA:202,1
DA:203,1
DA:206,0
DA:210,2
DA:211,2
DA:212,2
DA:213,0
DA:217,0
DA:218,0
DA:219,0
DA:220,0
DA:221,0
LF:33
LH:16
BRDA:168,0,0,0
BRDA:168,0,1,0
BRDA:168,1,0,0
BRDA:168,1,1,0
BRF:4
BRH:0
end_of_record
TN:
SF:C:\xampp\htdocs\Ynov\av2-linked-up\src\components\artists\ArtistEvents.vue
FN:15,(anonymous_0)
FNF:1
FNH:1
FNDA:1,(anonymous_0)
DA:13,2
DA:16,1
LF:2
LH:2
BRF:0
BRH:0
end_of_record
TN:
SF:C:\xampp\htdocs\Ynov\av2-linked-up\src\components\artists\ArtistInbox.vue
FNF:0
FNH:0
DA:13,2
LF:1
LH:1
BRF:0
BRH:0
end_of_record
TN:
SF:C:\xampp\htdocs\Ynov\av2-linked-up\src\components\artists\ArtistItem.vue
FNF:0
FNH:0
DA:26,5
LF:1
LH:1
BRF:0
BRH:0
end_of_record
TN:
SF:C:\xampp\htdocs\Ynov\av2-linked-up\src\components\artists\ArtistList.vue
FN:30,(anonymous_0)
FN:42,(anonymous_1)
FN:45,(anonymous_2)
FN:48,(anonymous_3)
FNF:4
FNH:3
FNDA:1,(anonymous_0)
FNDA:2,(anonymous_1)
FNDA:2,(anonymous_2)
FNDA:0,(anonymous_3)
DA:16,2
DA:17,2
DA:25,2
DA:31,1
DA:43,2
DA:46,2
DA:48,0
LF:7
LH:6
BRF:0
BRH:0
end_of_record
TN:
SF:C:\xampp\htdocs\Ynov\av2-linked-up\src\components\artists\ArtistProjects.vue
FN:26,(anonymous_0)
FN:31,(anonymous_1)
FN:34,(anonymous_2)
FN:37,(anonymous_3)
FNF:4
FNH:0
FNDA:0,(anonymous_0)
FNDA:0,(anonymous_1)
FNDA:0,(anonymous_2)
FNDA:0,(anonymous_3)
DA:12,1
DA:13,1
DA:21,1
DA:27,0
DA:32,0
DA:35,0
DA:38,0
LF:7
LH:3
BRF:0
BRH:0
end_of_record
TN:
SF:C:\xampp\htdocs\Ynov\av2-linked-up\src\components\auth\LoginForm.vue
FN:46,(anonymous_0)
FN:61,(anonymous_1)
FNF:2
FNH:2
FNDA:5,(anonymous_0)
FNDA:3,(anonymous_1)
DA:34,2
DA:45,2
DA:47,5
DA:62,3
DA:66,3
DA:67,3
DA:69,0
DA:70,0
DA:71,0
DA:73,3
LF:10
LH:7
BRF:0
BRH:0
end_of_record
TN:
SF:C:\xampp\htdocs\Ynov\av2-linked-up\src\components\auth\RegisterForm.vue
FN:67,(anonymous_0)
FN:84,(anonymous_1)
FNF:2
FNH:2
FNDA:5,(anonymous_0)
FNDA:3,(anonymous_1)
DA:52,2
DA:65,2
DA:68,5
DA:85,3
DA:91,3
DA:92,3
DA:94,0
DA:95,0
DA:96,0
DA:98,3
LF:10
LH:7
BRF:0
BRH:0
end_of_record
TN:
SF:C:\xampp\htdocs\Ynov\av2-linked-up\src\components\clients\ClientDashboard.vue
FN:103,(anonymous_0)
FN:120,(anonymous_1)
FN:123,(anonymous_2)
FN:126,(anonymous_3)
FN:129,(anonymous_4)
FN:132,(anonymous_5)
FN:145,(anonymous_6)
FN:148,(anonymous_7)
FN:152,(anonymous_8)
FN:156,(anonymous_9)
FN:166,(anonymous_10)
FN:170,(anonymous_11)
FN:174,(anonymous_12)
FN:177,(anonymous_13)
FN:181,(anonymous_14)
FN:185,(anonymous_15)
FNF:16
FNH:9
FNDA:3,(anonymous_0)
FNDA:4,(anonymous_1)
FNDA:4,(anonymous_2)
FNDA:0,(anonymous_3)
FNDA:4,(anonymous_4)
FNDA:0,(anonymous_5)
FNDA:1,(anonymous_6)
FNDA:1,(anonymous_7)
FNDA:0,(anonymous_8)
FNDA:1,(anonymous_9)
FNDA:1,(anonymous_10)
FNDA:0,(anonymous_11)
FNDA:2,(anonymous_12)
FNDA:0,(anonymous_13)
FNDA:0,(anonymous_14)
FNDA:0,(anonymous_15)
DA:84,2
DA:101,2
DA:104,3
DA:121,4
DA:124,4
DA:127,0
DA:129,4
DA:133,0
DA:134,0
DA:136,0
DA:137,0
DA:138,0
DA:139,0
DA:141,0
DA:142,0
DA:146,1
DA:149,1
DA:150,1
DA:153,0
DA:157,1
DA:164,1
DA:167,1
DA:168,1
DA:171,0
DA:175,2
DA:176,2
DA:177,2
DA:178,0
DA:182,0
DA:183,0
DA:184,0
DA:185,0
DA:186,0
LF:33
LH:16
BRDA:136,0,0,0
BRDA:136,0,1,0
BRDA:136,1,0,0
BRDA:136,1,1,0
BRF:4
BRH:0
end_of_record
TN:
SF:C:\xampp\htdocs\Ynov\av2-linked-up\src\components\clients\ClientEvents.vue
FN:15,(anonymous_0)
FNF:1
FNH:1
FNDA:1,(anonymous_0)
DA:13,2
DA:16,1
LF:2
LH:2
BRF:0
BRH:0
end_of_record
TN:
SF:C:\xampp\htdocs\Ynov\av2-linked-up\src\components\clients\ClientInbox.vue
FN:15,(anonymous_0)
FNF:1
FNH:1
FNDA:1,(anonymous_0)
DA:13,2
DA:16,1
LF:2
LH:2
BRF:0
BRH:0
end_of_record
TN:
SF:C:\xampp\htdocs\Ynov\av2-linked-up\src\components\clients\ClientProjects.vue
FN:28,(anonymous_0)
FN:33,(anonymous_1)
FN:36,(anonymous_2)
FN:39,(anonymous_3)
FNF:4
FNH:0
FNDA:0,(anonymous_0)
FNDA:0,(anonymous_1)
FNDA:0,(anonymous_2)
FNDA:0,(anonymous_3)
DA:14,1
DA:15,1
DA:23,1
DA:29,0
DA:34,0
DA:37,0
DA:40,0
LF:7
LH:3
BRF:0
BRH:0
end_of_record
TN:
SF:C:\xampp\htdocs\Ynov\av2-linked-up\src\components\home\Categories.vue
FN:62,(anonymous_0)
FN:65,(anonymous_1)
FN:66,(anonymous_2)
FNF:3
FNH:2
FNDA:3,(anonymous_0)
FNDA:3,(anonymous_1)
FNDA:0,(anonymous_2)
DA:45,3
DA:53,3
DA:63,3
DA:65,3
DA:66,0
LF:5
LH:4
BRF:0
BRH:0
end_of_record
TN:
SF:C:\xampp\htdocs\Ynov\av2-linked-up\src\components\home\Geoloc.vue
FN:42,(anonymous_0)
FN:62,(anonymous_1)
FN:63,(anonymous_2)
FN:79,(anonymous_3)
FN:82,(anonymous_4)
FN:83,(anonymous_5)
FN:84,(anonymous_6)
FN:98,(anonymous_7)
FN:106,(anonymous_8)
FN:113,(anonymous_9)
FN:114,(anonymous_10)
FN:115,(anonymous_11)
FN:124,(anonymous_12)
FN:127,(anonymous_13)
FN:128,(anonymous_14)
FN:131,(anonymous_15)
FN:132,(anonymous_16)
FNF:17
FNH:4
FNDA:1,(anonymous_0)
FNDA:0,(anonymous_1)
FNDA:0,(anonymous_2)
FNDA:0,(anonymous_3)
FNDA:0,(anonymous_4)
FNDA:0,(anonymous_5)
FNDA:0,(anonymous_6)
FNDA:0,(anonymous_7)
FNDA:1,(anonymous_8)
FNDA:0,(anonymous_9)
FNDA:0,(anonymous_10)
FNDA:0,(anonymous_11)
FNDA:1,(anonymous_12)
FNDA:0,(anonymous_13)
FNDA:0,(anonymous_14)
FNDA:0,(anonymous_15)
FNDA:1,(anonymous_16)
DA:25,2
DA:41,2
DA:43,1
DA:63,0
DA:64,0
DA:68,0
DA:69,0
DA:81,0
DA:82,0
DA:83,0
DA:84,0
DA:86,0
DA:87,0
DA:88,0
DA:89,0
DA:90,0
DA:99,0
DA:107,1
DA:109,1
DA:110,1
DA:113,0
DA:114,0
DA:115,0
DA:116,0
DA:125,1
DA:126,0
DA:127,0
DA:128,0
DA:130,1
DA:131,0
DA:132,1
LF:31
LH:9
BRDA:125,0,0,0
BRDA:125,0,1,1
BRF:2
BRH:1
end_of_record
TN:
SF:C:\xampp\htdocs\Ynov\av2-linked-up\src\components\nav\Brand.vue
FNF:0
FNH:0
DA:11,3
LF:1
LH:1
BRF:0
BRH:0
end_of_record
TN:
SF:C:\xampp\htdocs\Ynov\av2-linked-up\src\components\nav\Footer.vue
FN:30,(anonymous_0)
FN:35,(anonymous_1)
FN:44,(anonymous_2)
FNF:3
FNH:3
FNDA:1,(anonymous_0)
FNDA:1,(anonymous_1)
FNDA:1,(anonymous_2)
DA:28,2
DA:31,1
DA:36,1
DA:45,1
LF:4
LH:4
BRF:0
BRH:0
end_of_record
TN:
SF:C:\xampp\htdocs\Ynov\av2-linked-up\src\components\nav\Navbar.vue
FN:72,(anonymous_0)
FN:75,(anonymous_1)
FN:86,(anonymous_2)
FNF:3
FNH:2
FNDA:9,(anonymous_0)
FNDA:9,(anonymous_1)
FNDA:0,(anonymous_2)
DA:53,2
DA:54,2
DA:65,2
DA:72,9
DA:76,9
DA:87,0
DA:88,0
DA:89,0
LF:8
LH:5
BRDA:88,0,0,0
BRDA:88,0,1,0
BRF:2
BRH:0
end_of_record
TN:
SF:C:\xampp\htdocs\Ynov\av2-linked-up\src\router\index.js
FN:123,(anonymous_0)
FN:124,(anonymous_1)
FNF:2
FNH:0
FNDA:0,(anonymous_0)
FNDA:0,(anonymous_1)
DA:21,0
DA:118,0
DA:123,0
DA:124,0
DA:125,0
DA:126,0
DA:128,0
DA:129,0
DA:131,0
LF:9
LH:0
BRDA:124,0,0,0
BRDA:124,0,1,0
BRDA:128,1,0,0
BRDA:128,1,1,0
BRF:4
BRH:0
end_of_record
TN:
SF:C:\xampp\htdocs\Ynov\av2-linked-up\src\store\index.js
FNF:0
FNH:0
LF:0
LH:0
BRF:0
BRH:0
end_of_record
TN:
SF:C:\xampp\htdocs\Ynov\av2-linked-up\src\store\modules\artistProfile.js
FN:29,(anonymous_0)
FN:32,(anonymous_1)
FN:51,(anonymous_2)
FN:79,(anonymous_3)
FN:93,(anonymous_4)
FN:106,(anonymous_5)
FN:109,(anonymous_6)
FN:125,(anonymous_7)
FN:128,(anonymous_8)
FNF:9
FNH:0
FNDA:0,(anonymous_0)
FNDA:0,(anonymous_1)
FNDA:0,(anonymous_2)
FNDA:0,(anonymous_3)
FNDA:0,(anonymous_4)
FNDA:0,(anonymous_5)
FNDA:0,(anonymous_6)
FNDA:0,(anonymous_7)
FNDA:0,(anonymous_8)
DA:30,0
DA:33,0
DA:52,0
DA:53,0
DA:55,0
DA:56,0
DA:69,0
DA:70,0
DA:80,0
DA:81,0
DA:82,0
DA:83,0
DA:85,0
DA:94,0
DA:95,0
DA:96,0
DA:97,0
DA:99,0
DA:107,0
DA:108,0
DA:109,0
DA:115,0
DA:126,0
DA:129,0
LF:24
LH:0
BRDA:82,0,0,0
BRDA:82,0,1,0
BRDA:96,1,0,0
BRDA:96,1,1,0
BRF:4
BRH:0
end_of_record
TN:
SF:C:\xampp\htdocs\Ynov\av2-linked-up\src\store\modules\auth.js
FN:31,(anonymous_0)
FN:34,(anonymous_1)
FN:37,(anonymous_2)
FN:58,(anonymous_3)
FN:101,(anonymous_4)
FN:111,(anonymous_5)
FN:124,(anonymous_6)
FN:135,(anonymous_7)
FN:144,(anonymous_8)
FN:155,(anonymous_9)
FN:158,(anonymous_10)
FNF:11
FNH:2
FNDA:2,(anonymous_0)
FNDA:0,(anonymous_1)
FNDA:0,(anonymous_2)
FNDA:0,(anonymous_3)
FNDA:1,(anonymous_4)
FNDA:0,(anonymous_5)
FNDA:0,(anonymous_6)
FNDA:0,(anonymous_7)
FNDA:0,(anonymous_8)
FNDA:0,(anonymous_9)
FNDA:0,(anonymous_10)
DA:32,2
DA:35,0
DA:38,0
DA:59,0
DA:64,0
DA:65,0
DA:70,0
DA:71,0
DA:76,0
DA:77,0
DA:82,0
DA:88,0
DA:92,0
DA:102,1
DA:104,1
DA:112,0
DA:114,0
DA:115,0
DA:125,0
DA:127,0
DA:136,0
DA:138,0
DA:139,0
DA:140,0
DA:141,0
DA:145,0
DA:146,0
DA:156,0
DA:159,0
LF:29
LH:3
BRDA:64,0,0,0
BRDA:64,0,1,0
BRDA:70,1,0,0
BRDA:70,1,1,0
BRDA:76,2,0,0
BRDA:76,2,1,0
BRDA:114,3,0,0
BRDA:114,3,1,0
BRDA:138,4,0,0
BRDA:138,4,1,0
BRF:10
BRH:0
end_of_record
TN:
SF:C:\xampp\htdocs\Ynov\av2-linked-up\src\store\modules\clientProfile.js
FN:26,(anonymous_0)
FN:44,(anonymous_1)
FN:67,(anonymous_2)
FN:81,(anonymous_3)
FN:96,(anonymous_4)
FNF:5
FNH:0
FNDA:0,(anonymous_0)
FNDA:0,(anonymous_1)
FNDA:0,(anonymous_2)
FNDA:0,(anonymous_3)
FNDA:0,(anonymous_4)
DA:27,0
DA:45,0
DA:47,0
DA:48,0
DA:57,0
DA:58,0
DA:68,0
DA:69,0
DA:70,0
DA:71,0
DA:73,0
DA:82,0
DA:83,0
DA:84,0
DA:85,0
DA:87,0
DA:97,0
LF:17
LH:0
BRDA:70,0,0,0
BRDA:70,0,1,0
BRDA:84,1,0,0
BRDA:84,1,1,0
BRF:4
BRH:0
end_of_record
TN:
SF:C:\xampp\htdocs\Ynov\av2-linked-up\src\store\modules\gallery.js
FN:32,(anonymous_0)
FN:35,(anonymous_1)
FN:38,(anonymous_2)
FN:63,(anonymous_3)
FN:91,(anonymous_4)
FN:107,(anonymous_5)
FN:148,(anonymous_6)
FN:166,(anonymous_7)
FN:183,(anonymous_8)
FNF:9
FNH:0
FNDA:0,(anonymous_0)
FNDA:0,(anonymous_1)
FNDA:0,(anonymous_2)
FNDA:0,(anonymous_3)
FNDA:0,(anonymous_4)
FNDA:0,(anonymous_5)
FNDA:0,(anonymous_6)
FNDA:0,(anonymous_7)
FNDA:0,(anonymous_8)
DA:33,0
DA:36,0
DA:39,0
DA:64,0
DA:65,0
DA:66,0
DA:68,0
DA:69,0
DA:70,0
DA:71,0
DA:72,0
DA:73,0
DA:76,0
DA:77,0
DA:81,0
DA:82,0
DA:92,0
DA:93,0
DA:94,0
DA:95,0
DA:96,0
DA:98,0
DA:108,0
DA:109,0
DA:110,0
DA:112,0
DA:113,0
DA:114,0
DA:115,0
DA:116,0
DA:117,0
DA:120,0
DA:121,0
DA:122,0
DA:123,0
DA:126,0
DA:128,0
DA:129,0
DA:132,0
DA:133,0
DA:137,0
DA:138,0
DA:149,0
DA:150,0
DA:151,0
DA:155,0
DA:156,0
DA:167,0
DA:168,0
DA:169,0
DA:170,0
DA:171,0
DA:173,0
DA:174,0
DA:184,0
LF:55
LH:0
BRDA:95,0,0,0
BRDA:95,0,1,0
BRDA:122,1,0,0
BRDA:122,1,1,0
BRDA:170,2,0,0
BRDA:170,2,1,0
BRF:6
BRH:0
end_of_record
TN:
SF:C:\xampp\htdocs\Ynov\av2-linked-up\src\store\modules\index.js
FN:11,(anonymous_0)
FNF:1
FNH:0
FNDA:0,(anonymous_0)
DA:8,0
DA:9,0
DA:11,0
DA:12,0
DA:13,0
DA:16,0
DA:17,0
DA:18,0
LF:8
LH:0
BRDA:12,0,0,0
BRDA:12,0,1,0
BRDA:18,1,0,0
BRDA:18,1,1,0
BRF:4
BRH:0
end_of_record
TN:
SF:C:\xampp\htdocs\Ynov\av2-linked-up\src\store\modules\messages.js
FN:25,(anonymous_0)
FN:42,(anonymous_1)
FN:68,(anonymous_2)
FN:86,(anonymous_3)
FN:100,(anonymous_4)
FNF:5
FNH:0
FNDA:0,(anonymous_0)
FNDA:0,(anonymous_1)
FNDA:0,(anonymous_2)
FNDA:0,(anonymous_3)
FNDA:0,(anonymous_4)
DA:26,0
DA:44,0
DA:45,0
DA:46,0
DA:47,0
DA:55,0
DA:56,0
DA:57,0
DA:59,0
DA:69,0
DA:70,0
DA:71,0
DA:72,0
DA:73,0
DA:77,0
DA:87,0
DA:88,0
DA:91,0
DA:101,0
LF:19
LH:0
BRF:0
BRH:0
end_of_record
TN:
SF:C:\xampp\htdocs\Ynov\av2-linked-up\src\store\modules\projects.js
FN:29,(anonymous_0)
FN:32,(anonymous_1)
FN:35,(anonymous_2)
FN:38,(anonymous_3)
FN:53,(anonymous_4)
FN:68,(anonymous_5)
FN:75,(anonymous_6)
FN:85,(anonymous_7)
FN:92,(anonymous_8)
FN:102,(anonymous_9)
FN:111,(anonymous_10)
FN:129,(anonymous_11)
FN:132,(anonymous_12)
FN:135,(anonymous_13)
FNF:14
FNH:0
FNDA:0,(anonymous_0)
FNDA:0,(anonymous_1)
FNDA:0,(anonymous_2)
FNDA:0,(anonymous_3)
FNDA:0,(anonymous_4)
FNDA:0,(anonymous_5)
FNDA:0,(anonymous_6)
FNDA:0,(anonymous_7)
FNDA:0,(anonymous_8)
FNDA:0,(anonymous_9)
FNDA:0,(anonymous_10)
FNDA:0,(anonymous_11)
FNDA:0,(anonymous_12)
FNDA:0,(anonymous_13)
DA:30,0
DA:33,0
DA:36,0
DA:39,0
DA:54,0
DA:55,0
DA:61,0
DA:62,0
DA:64,0
DA:65,0
DA:69,0
DA:70,0
DA:71,0
DA:72,0
DA:75,0
DA:76,0
DA:77,0
DA:79,0
DA:81,0
DA:82,0
DA:86,0
DA:87,0
DA:88,0
DA:89,0
DA:92,0
DA:93,0
DA:94,0
DA:96,0
DA:98,0
DA:99,0
DA:103,0
DA:104,0
DA:105,0
DA:107,0
DA:108,0
DA:112,0
DA:113,0
DA:114,0
DA:115,0
DA:117,0
DA:118,0
DA:130,0
DA:133,0
DA:136,0
LF:44
LH:0
BRF:0
BRH:0
end_of_record
TN:
SF:C:\xampp\htdocs\Ynov\av2-linked-up\src\store\modules\search.js
FN:26,(anonymous_0)
FN:29,(anonymous_1)
FN:47,(anonymous_2)
FN:50,(anonymous_3)
FN:65,(anonymous_4)
FN:68,(anonymous_5)
FNF:6
FNH:0
FNDA:0,(anonymous_0)
FNDA:0,(anonymous_1)
FNDA:0,(anonymous_2)
FNDA:0,(anonymous_3)
FNDA:0,(anonymous_4)
FNDA:0,(anonymous_5)
DA:27,0
DA:30,0
DA:48,0
DA:49,0
DA:50,0
DA:56,0
DA:66,0
DA:67,0
DA:68,0
DA:74,0
LF:10
LH:0
BRF:0
BRH:0
end_of_record
TN:
SF:C:\xampp\htdocs\Ynov\av2-linked-up\src\store\modules\thumbnail.js
FN:34,(anonymous_0)
FN:37,(anonymous_1)
FN:55,(anonymous_2)
FN:80,(anonymous_3)
FN:105,(anonymous_4)
FN:108,(anonymous_5)
FNF:6
FNH:0
FNDA:0,(anonymous_0)
FNDA:0,(anonymous_1)
FNDA:0,(anonymous_2)
FNDA:0,(anonymous_3)
FNDA:0,(anonymous_4)
FNDA:0,(anonymous_5)
DA:35,0
DA:38,0
DA:56,0
DA:57,0
DA:58,0
DA:59,0
DA:61,0
DA:62,0
DA:63,0
DA:64,0
DA:67,0
DA:69,0
DA:70,0
DA:81,0
DA:82,0
DA:83,0
DA:84,0
DA:86,0
DA:87,0
DA:88,0
DA:89,0
DA:92,0
DA:94,0
DA:95,0
DA:106,0
DA:109,0
LF:26
LH:0
BRF:0
BRH:0
end_of_record
TN:
SF:C:\xampp\htdocs\Ynov\av2-linked-up\src\views\Admin.vue
FNF:0
FNH:0
DA:15,1
DA:21,1
LF:2
LH:2
BRF:0
BRH:0
end_of_record
TN:
SF:C:\xampp\htdocs\Ynov\av2-linked-up\src\views\ArtistContact.vue
FN:36,(anonymous_0)
FN:45,(anonymous_1)
FN:53,(anonymous_2)
FN:62,(anonymous_3)
FN:65,(anonymous_4)
FNF:5
FNH:4
FNDA:4,(anonymous_0)
FNDA:6,(anonymous_1)
FNDA:2,(anonymous_2)
FNDA:2,(anonymous_3)
FNDA:0,(anonymous_4)
DA:32,1
DA:34,1
DA:37,4
DA:46,6
DA:47,6
DA:48,6
DA:49,6
DA:50,6
DA:54,2
DA:62,2
DA:63,2
DA:65,0
LF:12
LH:11
BRF:0
BRH:0
end_of_record
TN:
SF:C:\xampp\htdocs\Ynov\av2-linked-up\src\views\ArtistProfile.vue
FN:71,(anonymous_0)
FN:80,(anonymous_1)
FN:83,(anonymous_2)
FN:88,(anonymous_3)
FN:92,(anonymous_4)
FN:95,(anonymous_5)
FN:99,(anonymous_6)
FN:102,(anonymous_7)
FN:105,(anonymous_8)
FNF:9
FNH:7
FNDA:8,(anonymous_0)
FNDA:14,(anonymous_1)
FNDA:14,(anonymous_2)
FNDA:14,(anonymous_3)
FNDA:14,(anonymous_4)
FNDA:0,(anonymous_5)
FNDA:14,(anonymous_6)
FNDA:0,(anonymous_7)
FNDA:2,(anonymous_8)
DA:59,1
DA:69,1
DA:72,8
DA:81,14
DA:84,14
DA:85,14
DA:86,14
DA:88,14
DA:90,14
DA:93,14
DA:95,0
DA:97,14
DA:100,14
DA:102,0
DA:106,2
DA:107,2
DA:108,2
DA:109,2
DA:110,1
DA:112,1
LF:20
LH:18
BRDA:109,0,0,1
BRDA:109,0,1,1
BRF:2
BRH:2
end_of_record
TN:
SF:C:\xampp\htdocs\Ynov\av2-linked-up\src\views\Artists.vue
FNF:0
FNH:0
DA:11,1
DA:18,1
LF:2
LH:2
BRF:0
BRH:0
end_of_record
TN:
SF:C:\xampp\htdocs\Ynov\av2-linked-up\src\views\Categories.vue
FNF:0
FNH:0
DA:8,1
DA:15,1
LF:2
LH:2
BRF:0
BRH:0
end_of_record
TN:
SF:C:\xampp\htdocs\Ynov\av2-linked-up\src\views\CategoriesResults.vue
FN:38,(anonymous_0)
FN:43,(anonymous_1)
FNF:2
FNH:2
FNDA:2,(anonymous_0)
FNDA:2,(anonymous_1)
DA:24,1
DA:33,1
DA:39,2
DA:44,2
LF:4
LH:4
BRF:0
BRH:0
end_of_record
TN:
SF:C:\xampp\htdocs\Ynov\av2-linked-up\src\views\ClientProfile.vue
FN:36,(anonymous_0)
FN:41,(anonymous_1)
FN:44,(anonymous_2)
FN:47,(anonymous_3)
FNF:4
FNH:3
FNDA:2,(anonymous_0)
FNDA:4,(anonymous_1)
FNDA:4,(anonymous_2)
FNDA:0,(anonymous_3)
DA:25,1
DA:34,1
DA:37,2
DA:42,4
DA:45,4
DA:47,0
LF:6
LH:5
BRF:0
BRH:0
end_of_record
TN:
SF:C:\xampp\htdocs\Ynov\av2-linked-up\src\views\Conventions.vue
FNF:0
FNH:0
DA:12,1
LF:1
LH:1
BRF:0
BRH:0
end_of_record
TN:
SF:C:\xampp\htdocs\Ynov\av2-linked-up\src\views\GeoResults.vue
FN:38,(anonymous_0)
FN:43,(anonymous_1)
FNF:2
FNH:2
FNDA:2,(anonymous_0)
FNDA:2,(anonymous_1)
DA:24,1
DA:33,1
DA:39,2
DA:44,2
LF:4
LH:4
BRF:0
BRH:0
end_of_record
TN:
SF:C:\xampp\htdocs\Ynov\av2-linked-up\src\views\Home.vue
FNF:0
FNH:0
DA:9,1
DA:10,1
DA:18,1
LF:3
LH:3
BRF:0
BRH:0
end_of_record
TN:
SF:C:\xampp\htdocs\Ynov\av2-linked-up\src\views\Login.vue
FN:35,(anonymous_0)
FNF:1
FNH:1
FNDA:4,(anonymous_0)
DA:19,1
DA:20,1
DA:29,1
DA:36,4
LF:4
LH:4
BRF:0
BRH:0
end_of_record
