TN:
SF:src\App.vue
FN:32,(anonymous_0)
FN:39,(anonymous_1)
FNF:2
FNH:2
FNDA:4,(anonymous_0)
FNDA:1,(anonymous_1)
DA:33,4
DA:34,0
DA:36,4
DA:40,1
LF:4
LH:3
BRDA:33,0,0,0
BRF:1
BRH:0
end_of_record
TN:
SF:src\main.js
FN:13,(anonymous_0)
FNF:1
FNH:1
FNDA:1,(anonymous_0)
DA:13,1
DA:14,1
DA:15,1
DA:16,1
DA:28,1
DA:29,1
DA:30,1
DA:31,1
LF:8
LH:8
BRDA:14,0,0,1
BRDA:14,0,1,0
BRF:2
BRH:1
end_of_record
TN:
SF:src\components\admin\AdminGallery.vue
FN:74,(anonymous_0)
FN:81,(anonymous_1)
FN:82,(anonymous_2)
FN:88,(anonymous_3)
FN:101,(anonymous_4)
FN:109,(anonymous_5)
FN:112,(anonymous_6)
FN:115,(anonymous_7)
FN:119,(anonymous_8)
FNF:9
FNH:0
FNDA:0,(anonymous_0)
FNDA:0,(anonymous_1)
FNDA:0,(anonymous_2)
FNDA:0,(anonymous_3)
FNDA:0,(anonymous_4)
FNDA:0,(anonymous_5)
FNDA:0,(anonymous_6)
FNDA:0,(anonymous_7)
FNDA:0,(anonymous_8)
DA:75,0
DA:82,0
DA:83,0
DA:84,0
DA:89,0
DA:90,0
DA:91,0
DA:92,0
DA:93,0
DA:94,0
DA:95,0
DA:96,0
DA:98,0
DA:102,0
DA:103,0
DA:104,0
DA:105,0
DA:110,0
DA:113,0
DA:116,0
DA:117,0
DA:120,0
LF:22
LH:0
BRDA:93,0,0,0
BRDA:104,1,0,0
BRF:2
BRH:0
end_of_record
TN:
SF:src\components\admin\AdminNav.vue
FN:29,(anonymous_0)
FN:40,(anonymous_1)
FNF:2
FNH:0
FNDA:0,(anonymous_0)
FNDA:0,(anonymous_1)
DA:30,0
DA:41,0
DA:42,0
DA:43,0
LF:4
LH:0
BRDA:42,0,0,0
BRF:1
BRH:0
end_of_record
TN:
SF:src\components\admin\AdminProfile.vue
FN:132,(anonymous_0)
FN:151,(anonymous_1)
FN:154,(anonymous_2)
FN:157,(anonymous_3)
FN:160,(anonymous_4)
FN:163,(anonymous_5)
FN:176,(anonymous_6)
FN:179,(anonymous_7)
FN:182,(anonymous_8)
FN:186,(anonymous_9)
FN:199,(anonymous_10)
FN:202,(anonymous_11)
FN:206,(anonymous_12)
FN:209,(anonymous_13)
FN:213,(anonymous_14)
FN:217,(anonymous_15)
FNF:16
FNH:0
FNDA:0,(anonymous_0)
FNDA:0,(anonymous_1)
FNDA:0,(anonymous_2)
FNDA:0,(anonymous_3)
FNDA:0,(anonymous_4)
FNDA:0,(anonymous_5)
FNDA:0,(anonymous_6)
FNDA:0,(anonymous_7)
FNDA:0,(anonymous_8)
FNDA:0,(anonymous_9)
FNDA:0,(anonymous_10)
FNDA:0,(anonymous_11)
FNDA:0,(anonymous_12)
FNDA:0,(anonymous_13)
FNDA:0,(anonymous_14)
FNDA:0,(anonymous_15)
DA:133,0
DA:152,0
DA:155,0
DA:158,0
DA:160,0
DA:164,0
DA:165,0
DA:167,0
DA:168,0
DA:169,0
DA:170,0
DA:172,0
DA:173,0
DA:177,0
DA:180,0
DA:183,0
DA:187,0
DA:197,0
DA:200,0
DA:203,0
DA:207,0
DA:208,0
DA:209,0
DA:210,0
DA:214,0
DA:215,0
DA:216,0
DA:217,0
DA:218,0
LF:29
LH:0
BRDA:167,0,0,0
BRDA:167,0,1,0
BRDA:167,1,0,0
BRDA:167,1,1,0
BRF:4
BRH:0
end_of_record
TN:
SF:src\components\admin\GalleryItem.vue
FN:22,(anonymous_0)
FNF:1
FNH:0
FNDA:0,(anonymous_0)
DA:23,0
LF:1
LH:0
BRF:0
BRH:0
end_of_record
TN:
SF:src\components\admin\PreviewItem.vue
FN:22,(anonymous_0)
FNF:1
FNH:0
FNDA:0,(anonymous_0)
DA:23,0
LF:1
LH:0
BRF:0
BRH:0
end_of_record
TN:
SF:src\components\artists\ArtistList.vue
FN:30,(anonymous_0)
FN:42,(anonymous_1)
FN:44,(anonymous_2)
FN:47,(anonymous_3)
FNF:4
FNH:0
FNDA:0,(anonymous_0)
FNDA:0,(anonymous_1)
FNDA:0,(anonymous_2)
FNDA:0,(anonymous_3)
DA:31,0
DA:43,0
DA:45,0
DA:47,0
LF:4
LH:0
BRF:0
BRH:0
end_of_record
TN:
SF:src\components\auth\LoginForm.vue
FN:46,(anonymous_0)
FN:61,(anonymous_1)
FNF:2
FNH:0
FNDA:0,(anonymous_0)
FNDA:0,(anonymous_1)
DA:47,0
DA:62,0
DA:66,0
DA:67,0
DA:69,0
DA:70,0
DA:71,0
DA:73,0
LF:8
LH:0
BRF:0
BRH:0
end_of_record
TN:
SF:src\components\auth\RegisterForm.vue
FN:67,(anonymous_0)
FN:84,(anonymous_1)
FNF:2
FNH:0
FNDA:0,(anonymous_0)
FNDA:0,(anonymous_1)
DA:68,0
DA:85,0
DA:91,0
DA:92,0
DA:94,0
DA:95,0
DA:96,0
DA:98,0
LF:8
LH:0
BRF:0
BRH:0
end_of_record
TN:
SF:src\components\home\Categories.vue
FN:61,(anonymous_0)
FN:64,(anonymous_1)
FN:65,(anonymous_2)
FNF:3
FNH:0
FNDA:0,(anonymous_0)
FNDA:0,(anonymous_1)
FNDA:0,(anonymous_2)
DA:62,0
DA:64,0
DA:65,0
LF:3
LH:0
BRF:0
BRH:0
end_of_record
TN:
SF:src\components\home\Geoloc.vue
FN:40,(anonymous_0)
FN:60,(anonymous_1)
FN:61,(anonymous_2)
FN:76,(anonymous_3)
FN:81,(anonymous_4)
FN:82,(anonymous_5)
FN:83,(anonymous_6)
FN:97,(anonymous_7)
FN:104,(anonymous_8)
FN:107,(anonymous_9)
FN:108,(anonymous_10)
FN:110,(anonymous_11)
FN:117,(anonymous_12)
FN:118,(anonymous_13)
FN:119,(anonymous_14)
FNF:15
FNH:5
FNDA:1,(anonymous_0)
FNDA:0,(anonymous_1)
FNDA:0,(anonymous_2)
FNDA:0,(anonymous_3)
FNDA:0,(anonymous_4)
FNDA:0,(anonymous_5)
FNDA:0,(anonymous_6)
FNDA:1,(anonymous_7)
FNDA:0,(anonymous_8)
FNDA:0,(anonymous_9)
FNDA:0,(anonymous_10)
FNDA:1,(anonymous_11)
FNDA:1,(anonymous_12)
FNDA:1,(anonymous_13)
FNDA:0,(anonymous_14)
DA:41,1
DA:61,0
DA:62,0
DA:66,0
DA:78,0
DA:81,0
DA:82,0
DA:83,0
DA:85,0
DA:86,0
DA:87,0
DA:88,0
DA:89,0
DA:90,0
DA:98,1
DA:99,0
DA:101,1
DA:105,0
DA:107,0
DA:108,0
DA:111,1
DA:113,1
DA:114,1
DA:117,1
DA:118,1
DA:119,0
DA:121,1
DA:122,1
LF:28
LH:10
BRDA:98,0,0,0
BRDA:98,0,1,1
BRF:2
BRH:1
end_of_record
TN:
SF:src\components\nav\Footer.vue
FN:30,(anonymous_0)
FN:35,(anonymous_1)
FN:44,(anonymous_2)
FNF:3
FNH:3
FNDA:1,(anonymous_0)
FNDA:1,(anonymous_1)
FNDA:1,(anonymous_2)
DA:31,1
DA:36,1
DA:45,1
LF:3
LH:3
BRF:0
BRH:0
end_of_record
TN:
SF:src\components\nav\Navbar.vue
FN:72,(anonymous_0)
FN:75,(anonymous_1)
FN:86,(anonymous_2)
FNF:3
FNH:2
FNDA:1,(anonymous_0)
FNDA:1,(anonymous_1)
FNDA:0,(anonymous_2)
DA:72,1
DA:76,1
DA:87,0
DA:88,0
DA:89,0
LF:5
LH:2
BRDA:88,0,0,0
BRF:1
BRH:0
end_of_record
TN:
SF:src\router\index.js
FN:87,(anonymous_0)
FN:88,(anonymous_1)
FNF:2
FNH:2
FNDA:3,(anonymous_0)
FNDA:3,(anonymous_1)
DA:15,1
DA:82,1
DA:87,1
DA:88,3
DA:89,3
DA:90,3
DA:92,0
DA:93,0
DA:95,0
LF:9
LH:6
BRDA:88,0,0,3
BRDA:88,0,1,0
BRDA:92,1,0,0
BRDA:92,1,1,0
BRF:4
BRH:1
end_of_record
TN:
SF:src\store\index.js
FNF:0
FNH:0
LF:0
LH:0
BRF:0
BRH:0
end_of_record
TN:
SF:src\store\modules\auth.js
FN:29,(anonymous_0)
FN:49,(anonymous_1)
FN:92,(anonymous_2)
FN:102,(anonymous_3)
FN:115,(anonymous_4)
FNF:5
FNH:1
FNDA:0,(anonymous_0)
FNDA:0,(anonymous_1)
FNDA:0,(anonymous_2)
FNDA:1,(anonymous_3)
FNDA:0,(anonymous_4)
DA:30,0
DA:50,0
DA:55,0
DA:56,0
DA:61,0
DA:62,0
DA:67,0
DA:68,0
DA:73,0
DA:79,0
DA:83,0
DA:93,0
DA:95,0
DA:103,1
DA:105,1
DA:106,0
DA:116,0
DA:118,0
LF:18
LH:2
BRDA:55,0,0,0
BRDA:55,0,1,0
BRDA:61,1,0,0
BRDA:61,1,1,0
BRDA:67,2,0,0
BRDA:67,2,1,0
BRDA:105,3,0,0
BRDA:105,3,1,1
BRF:8
BRH:1
end_of_record
TN:
SF:src\store\modules\gallery.js
FN:32,(anonymous_0)
FN:35,(anonymous_1)
FN:38,(anonymous_2)
FN:63,(anonymous_3)
FN:91,(anonymous_4)
FN:107,(anonymous_5)
FN:148,(anonymous_6)
FN:166,(anonymous_7)
FN:183,(anonymous_8)
FNF:9
FNH:2
FNDA:0,(anonymous_0)
FNDA:0,(anonymous_1)
FNDA:0,(anonymous_2)
FNDA:0,(anonymous_3)
FNDA:0,(anonymous_4)
FNDA:0,(anonymous_5)
FNDA:0,(anonymous_6)
FNDA:1,(anonymous_7)
FNDA:1,(anonymous_8)
DA:33,0
DA:36,0
DA:39,0
DA:64,0
DA:65,0
DA:66,0
DA:68,0
DA:69,0
DA:70,0
DA:71,0
DA:72,0
DA:73,0
DA:76,0
DA:77,0
DA:81,0
DA:82,0
DA:92,0
DA:93,0
DA:94,0
DA:95,0
DA:96,0
DA:98,0
DA:108,0
DA:109,0
DA:110,0
DA:112,0
DA:113,0
DA:114,0
DA:115,0
DA:116,0
DA:117,0
DA:120,0
DA:121,0
DA:122,0
DA:123,0
DA:126,0
DA:128,0
DA:129,0
DA:132,0
DA:133,0
DA:137,0
DA:138,0
DA:149,0
DA:150,0
DA:151,0
DA:155,0
DA:156,0
DA:167,1
DA:168,1
DA:169,0
DA:170,0
DA:171,0
DA:173,0
DA:174,0
DA:184,1
LF:55
LH:3
BRDA:95,0,0,0
BRDA:95,0,1,0
BRDA:122,1,0,0
BRDA:122,1,1,0
BRDA:170,2,0,0
BRDA:170,2,1,0
BRF:6
BRH:0
end_of_record
TN:
SF:src\store\modules\index.js
FN:11,(anonymous_0)
FNF:1
FNH:1
FNDA:6,(anonymous_0)
DA:8,1
DA:9,1
DA:11,1
DA:12,6
DA:13,1
DA:16,5
DA:17,5
DA:18,5
LF:8
LH:8
BRDA:12,0,0,1
BRDA:12,0,1,5
BRDA:18,1,0,5
BRDA:18,1,1,0
BRF:4
BRH:3
end_of_record
TN:
SF:src\store\modules\profile.js
FN:30,(anonymous_0)
FN:33,(anonymous_1)
FN:52,(anonymous_2)
FN:80,(anonymous_3)
FN:94,(anonymous_4)
FN:107,(anonymous_5)
FN:110,(anonymous_6)
FN:126,(anonymous_7)
FN:129,(anonymous_8)
FNF:9
FNH:3
FNDA:1,(anonymous_0)
FNDA:0,(anonymous_1)
FNDA:0,(anonymous_2)
FNDA:0,(anonymous_3)
FNDA:1,(anonymous_4)
FNDA:0,(anonymous_5)
FNDA:0,(anonymous_6)
FNDA:2,(anonymous_7)
FNDA:0,(anonymous_8)
DA:31,1
DA:34,0
DA:53,0
DA:54,0
DA:56,0
DA:57,0
DA:70,0
DA:71,0
DA:81,0
DA:82,0
DA:83,0
DA:84,0
DA:86,0
DA:95,1
DA:96,1
DA:97,1
DA:98,0
DA:100,1
DA:108,0
DA:109,0
DA:110,0
DA:116,0
DA:127,2
DA:130,0
LF:24
LH:6
BRDA:83,0,0,0
BRDA:83,0,1,0
BRDA:97,1,0,0
BRDA:97,1,1,1
BRF:4
BRH:1
end_of_record
TN:
SF:src\store\modules\search.js
FN:26,(anonymous_0)
FN:29,(anonymous_1)
FN:47,(anonymous_2)
FN:50,(anonymous_3)
FN:65,(anonymous_4)
FN:68,(anonymous_5)
FNF:6
FNH:3
FNDA:0,(anonymous_0)
FNDA:1,(anonymous_1)
FNDA:0,(anonymous_2)
FNDA:0,(anonymous_3)
FNDA:1,(anonymous_4)
FNDA:3,(anonymous_5)
DA:27,0
DA:30,1
DA:48,0
DA:49,0
DA:50,0
DA:56,0
DA:66,1
DA:67,1
DA:68,3
DA:74,1
LF:10
LH:5
BRF:0
BRH:0
end_of_record
TN:
SF:src\store\modules\thumbnail.js
FN:27,(anonymous_0)
FN:44,(anonymous_1)
FN:69,(anonymous_2)
FNF:3
FNH:0
FNDA:0,(anonymous_0)
FNDA:0,(anonymous_1)
FNDA:0,(anonymous_2)
DA:28,0
DA:45,0
DA:46,0
DA:47,0
DA:48,0
DA:50,0
DA:51,0
DA:52,0
DA:53,0
DA:56,0
DA:58,0
DA:59,0
DA:70,0
LF:13
LH:0
BRF:0
BRH:0
end_of_record
TN:
SF:src\utils\firebase.js
FNF:0
FNH:0
DA:12,1
DA:22,1
DA:24,1
DA:25,1
DA:26,1
DA:32,1
DA:33,1
DA:34,1
DA:35,1
DA:36,1
DA:37,1
LF:11
LH:11
BRF:0
BRH:0
end_of_record
TN:
SF:src\utils\globals.js
FN:10,(anonymous_0)
FN:17,(anonymous_1)
FNF:2
FNH:2
FNDA:1,(anonymous_0)
FNDA:2,(anonymous_1)
DA:11,1
DA:17,1
DA:18,2
DA:19,2
DA:23,2
LF:5
LH:5
BRDA:25,0,0,2
BRDA:25,0,1,0
BRF:2
BRH:1
end_of_record
TN:
SF:src\utils\styles.js
FNF:0
FNH:0
LF:0
LH:0
BRF:0
BRH:0
end_of_record
TN:
SF:src\views\ArtistProfile.vue
FN:58,(anonymous_0)
FN:63,(anonymous_1)
FN:66,(anonymous_2)
FNF:3
FNH:3
FNDA:1,(anonymous_0)
FNDA:1,(anonymous_1)
FNDA:2,(anonymous_2)
DA:59,1
DA:60,1
DA:64,1
DA:67,2
LF:4
LH:4
BRF:0
BRH:0
end_of_record
TN:
SF:src\views\Categories.vue
FN:61,(anonymous_0)
FN:64,(anonymous_1)
FN:65,(anonymous_2)
FNF:3
FNH:0
FNDA:0,(anonymous_0)
FNDA:0,(anonymous_1)
FNDA:0,(anonymous_2)
DA:62,0
DA:64,0
DA:65,0
LF:3
LH:0
BRF:0
BRH:0
end_of_record
TN:
SF:src\views\CategoriesResults.vue
FN:38,(anonymous_0)
FN:43,(anonymous_1)
FNF:2
FNH:0
FNDA:0,(anonymous_0)
FNDA:0,(anonymous_1)
DA:39,0
DA:44,0
LF:2
LH:0
BRF:0
BRH:0
end_of_record
TN:
SF:src\views\GeoResults.vue
FN:38,(anonymous_0)
FN:43,(anonymous_1)
FNF:2
FNH:2
FNDA:1,(anonymous_0)
FNDA:1,(anonymous_1)
DA:39,1
DA:44,1
LF:2
LH:2
BRF:0
BRH:0
end_of_record
TN:
SF:src\views\Login.vue
FN:35,(anonymous_0)
FNF:1
FNH:0
FNDA:0,(anonymous_0)
DA:36,0
LF:1
LH:0
BRF:0
BRH:0
end_of_record
