{"C:\\xampp\\htdocs\\Ynov\\av2-linked-up\\src\\App.vue": {"path":"C:\\xampp\\htdocs\\Ynov\\av2-linked-up\\src\\App.vue","statementMap":{"0":{"start":{"line":11,"column":0},"end":{"line":11,"column":null}},"1":{"start":{"line":12,"column":0},"end":{"line":12,"column":null}},"2":{"start":{"line":13,"column":0},"end":{"line":13,"column":null}},"3":{"start":{"line":24,"column":15},"end":{"line":24,"column":null}},"4":{"start":{"line":33,"column":6},"end":{"line":35,"column":null}},"5":{"start":{"line":34,"column":8},"end":{"line":34,"column":15}},"6":{"start":{"line":36,"column":6},"end":{"line":36,"column":13}},"7":{"start":{"line":40,"column":4},"end":{"line":40,"column":9}}},"fnMap":{"0":{"name":"(anonymous_0)","decl":{"start":{"line":32,"column":4},"end":{"line":32,"column":16}},"loc":{"start":{"line":32,"column":19},"end":{"line":37,"column":null}}},"1":{"name":"(anonymous_1)","decl":{"start":{"line":39,"column":2},"end":{"line":39,"column":9}},"loc":{"start":{"line":39,"column":12},"end":{"line":41,"column":null}}}},"branchMap":{"0":{"loc":{"start":{"line":33,"column":6},"end":{"line":35,"column":null}},"type":"if","locations":[{"start":{"line":33,"column":6},"end":{"line":35,"column":null}},{"start":{"line":33,"column":6},"end":{"line":35,"column":null}}]}},"s":{"0":1,"1":1,"2":1,"3":1,"4":2,"5":1,"6":1,"7":3},"f":{"0":2,"1":3},"b":{"0":[1,1]}}
,"C:\\xampp\\htdocs\\Ynov\\av2-linked-up\\src\\components\\admin\\AdminGallery.vue": {"path":"C:\\xampp\\htdocs\\Ynov\\av2-linked-up\\src\\components\\admin\\AdminGallery.vue","statementMap":{"0":{"start":{"line":52,"column":0},"end":{"line":52,"column":null}},"1":{"start":{"line":53,"column":0},"end":{"line":53,"column":null}},"2":{"start":{"line":68,"column":15},"end":{"line":68,"column":null}},"3":{"start":{"line":75,"column":4},"end":{"line":75,"column":11}},"4":{"start":{"line":82,"column":4},"end":{"line":82,"column":10}},"5":{"start":{"line":83,"column":22},"end":{"line":83,"column":null}},"6":{"start":{"line":84,"column":6},"end":{"line":84,"column":11}},"7":{"start":{"line":89,"column":6},"end":{"line":89,"column":11}},"8":{"start":{"line":90,"column":20},"end":{"line":90,"column":null}},"9":{"start":{"line":91,"column":6},"end":{"line":91,"column":11}},"10":{"start":{"line":92,"column":23},"end":{"line":92,"column":null}},"11":{"start":{"line":93,"column":6},"end":{"line":99,"column":null}},"12":{"start":{"line":94,"column":8},"end":{"line":97,"column":null}},"13":{"start":{"line":94,"column":21},"end":{"line":94,"column":24}},"14":{"start":{"line":95,"column":29},"end":{"line":95,"column":32}},"15":{"start":{"line":96,"column":10},"end":{"line":96,"column":18}},"16":{"start":{"line":98,"column":8},"end":{"line":98,"column":13}},"17":{"start":{"line":102,"column":23},"end":{"line":102,"column":null}},"18":{"start":{"line":103,"column":6},"end":{"line":107,"column":null}},"19":{"start":{"line":104,"column":8},"end":{"line":106,"column":null}},"20":{"start":{"line":105,"column":10},"end":{"line":105,"column":13}},"21":{"start":{"line":110,"column":6},"end":{"line":110,"column":12}},"22":{"start":{"line":113,"column":6},"end":{"line":113,"column":12}},"23":{"start":{"line":114,"column":6},"end":{"line":114,"column":12}},"24":{"start":{"line":117,"column":6},"end":{"line":117,"column":11}},"25":{"start":{"line":118,"column":6},"end":{"line":118,"column":11}},"26":{"start":{"line":121,"column":6},"end":{"line":121,"column":11}}},"fnMap":{"0":{"name":"(anonymous_0)","decl":{"start":{"line":74,"column":2},"end":{"line":74,"column":6}},"loc":{"start":{"line":74,"column":9},"end":{"line":80,"column":null}}},"1":{"name":"(anonymous_1)","decl":{"start":{"line":81,"column":2},"end":{"line":81,"column":8}},"loc":{"start":{"line":81,"column":18},"end":{"line":86,"column":null}}},"2":{"name":"(anonymous_2)","decl":{"start":{"line":82,"column":56},"end":{"line":82,"column":62}},"loc":{"start":{"line":82,"column":62},"end":{"line":85,"column":null}}},"3":{"name":"(anonymous_3)","decl":{"start":{"line":88,"column":4},"end":{"line":88,"column":16}},"loc":{"start":{"line":88,"column":25},"end":{"line":100,"column":null}}},"4":{"name":"(anonymous_4)","decl":{"start":{"line":101,"column":4},"end":{"line":101,"column":14}},"loc":{"start":{"line":101,"column":17},"end":{"line":108,"column":null}}},"5":{"name":"(anonymous_5)","decl":{"start":{"line":109,"column":4},"end":{"line":109,"column":10}},"loc":{"start":{"line":109,"column":29},"end":{"line":111,"column":null}}},"6":{"name":"(anonymous_6)","decl":{"start":{"line":112,"column":4},"end":{"line":112,"column":10}},"loc":{"start":{"line":112,"column":32},"end":{"line":115,"column":null}}},"7":{"name":"(anonymous_7)","decl":{"start":{"line":116,"column":4},"end":{"line":116,"column":13}},"loc":{"start":{"line":116,"column":17},"end":{"line":119,"column":null}}},"8":{"name":"(anonymous_8)","decl":{"start":{"line":120,"column":4},"end":{"line":120,"column":17}},"loc":{"start":{"line":120,"column":21},"end":{"line":122,"column":null}}}},"branchMap":{"0":{"loc":{"start":{"line":93,"column":6},"end":{"line":99,"column":null}},"type":"if","locations":[{"start":{"line":93,"column":6},"end":{"line":99,"column":null}},{"start":{"line":93,"column":6},"end":{"line":99,"column":null}}]},"1":{"loc":{"start":{"line":104,"column":8},"end":{"line":106,"column":null}},"type":"if","locations":[{"start":{"line":104,"column":8},"end":{"line":106,"column":null}},{"start":{"line":104,"column":8},"end":{"line":106,"column":null}}]}},"s":{"0":0,"1":0,"2":0,"3":0,"4":0,"5":0,"6":0,"7":0,"8":0,"9":0,"10":0,"11":0,"12":0,"13":0,"14":0,"15":0,"16":0,"17":0,"18":0,"19":0,"20":0,"21":0,"22":0,"23":0,"24":0,"25":0,"26":0},"f":{"0":0,"1":0,"2":0,"3":0,"4":0,"5":0,"6":0,"7":0,"8":0},"b":{"0":[0,0],"1":[0,0]}}
,"C:\\xampp\\htdocs\\Ynov\\av2-linked-up\\src\\components\\admin\\AdminNav.vue": {"path":"C:\\xampp\\htdocs\\Ynov\\av2-linked-up\\src\\components\\admin\\AdminNav.vue","statementMap":{"0":{"start":{"line":27,"column":15},"end":{"line":27,"column":null}},"1":{"start":{"line":30,"column":4},"end":{"line":30,"column":11}},"2":{"start":{"line":41,"column":6},"end":{"line":41,"column":11}},"3":{"start":{"line":42,"column":6},"end":{"line":44,"column":null}},"4":{"start":{"line":43,"column":8},"end":{"line":43,"column":13}}},"fnMap":{"0":{"name":"(anonymous_0)","decl":{"start":{"line":29,"column":2},"end":{"line":29,"column":6}},"loc":{"start":{"line":29,"column":9},"end":{"line":33,"column":null}}},"1":{"name":"(anonymous_1)","decl":{"start":{"line":40,"column":4},"end":{"line":40,"column":10}},"loc":{"start":{"line":40,"column":13},"end":{"line":45,"column":null}}}},"branchMap":{"0":{"loc":{"start":{"line":42,"column":6},"end":{"line":44,"column":null}},"type":"if","locations":[{"start":{"line":42,"column":6},"end":{"line":44,"column":null}},{"start":{"line":42,"column":6},"end":{"line":44,"column":null}}]}},"s":{"0":2,"1":3,"2":3,"3":3,"4":2},"f":{"0":3,"1":3},"b":{"0":[2,1]}}
,"C:\\xampp\\htdocs\\Ynov\\av2-linked-up\\src\\components\\admin\\AdminProfile.vue": {"path":"C:\\xampp\\htdocs\\Ynov\\av2-linked-up\\src\\components\\admin\\AdminProfile.vue","statementMap":{"0":{"start":{"line":113,"column":0},"end":{"line":113,"column":null}},"1":{"start":{"line":130,"column":15},"end":{"line":130,"column":null}},"2":{"start":{"line":133,"column":4},"end":{"line":133,"column":11}},"3":{"start":{"line":152,"column":4},"end":{"line":152,"column":10}},"4":{"start":{"line":155,"column":8},"end":{"line":155,"column":13}},"5":{"start":{"line":158,"column":8},"end":{"line":158,"column":13}},"6":{"start":{"line":160,"column":22},"end":{"line":160,"column":28}},"7":{"start":{"line":164,"column":19},"end":{"line":164,"column":25}},"8":{"start":{"line":165,"column":20},"end":{"line":165,"column":21}},"9":{"start":{"line":167,"column":6},"end":{"line":174,"column":null}},"10":{"start":{"line":168,"column":8},"end":{"line":168,"column":13}},"11":{"start":{"line":169,"column":8},"end":{"line":169,"column":13}},"12":{"start":{"line":170,"column":8},"end":{"line":170,"column":13}},"13":{"start":{"line":172,"column":8},"end":{"line":172,"column":13}},"14":{"start":{"line":173,"column":8},"end":{"line":173,"column":13}},"15":{"start":{"line":177,"column":6},"end":{"line":177,"column":11}},"16":{"start":{"line":180,"column":10},"end":{"line":180,"column":15}},"17":{"start":{"line":183,"column":10},"end":{"line":183,"column":15}},"18":{"start":{"line":187,"column":26},"end":{"line":187,"column":null}},"19":{"start":{"line":197,"column":6},"end":{"line":197,"column":12}},"20":{"start":{"line":200,"column":10},"end":{"line":200,"column":15}},"21":{"start":{"line":201,"column":10},"end":{"line":201,"column":16}},"22":{"start":{"line":204,"column":10},"end":{"line":204,"column":15}},"23":{"start":{"line":208,"column":6},"end":{"line":208,"column":11}},"24":{"start":{"line":209,"column":6},"end":{"line":209,"column":11}},"25":{"start":{"line":210,"column":6},"end":{"line":210,"column":16}},"26":{"start":{"line":211,"column":8},"end":{"line":211,"column":13}},"27":{"start":{"line":215,"column":6},"end":{"line":215,"column":11}},"28":{"start":{"line":216,"column":6},"end":{"line":216,"column":11}},"29":{"start":{"line":217,"column":6},"end":{"line":217,"column":12}},"30":{"start":{"line":218,"column":6},"end":{"line":218,"column":16}},"31":{"start":{"line":219,"column":8},"end":{"line":219,"column":13}}},"fnMap":{"0":{"name":"(anonymous_0)","decl":{"start":{"line":132,"column":2},"end":{"line":132,"column":6}},"loc":{"start":{"line":132,"column":9},"end":{"line":150,"column":null}}},"1":{"name":"(anonymous_1)","decl":{"start":{"line":151,"column":2},"end":{"line":151,"column":8}},"loc":{"start":{"line":151,"column":18},"end":{"line":161,"column":null}}},"2":{"name":"(anonymous_2)","decl":{"start":{"line":154,"column":12},"end":{"line":154,"column":18}},"loc":{"start":{"line":154,"column":18},"end":{"line":156,"column":null}}},"3":{"name":"(anonymous_3)","decl":{"start":{"line":157,"column":12},"end":{"line":157,"column":18}},"loc":{"start":{"line":157,"column":18},"end":{"line":159,"column":null}}},"4":{"name":"(anonymous_4)","decl":{"start":{"line":160,"column":14},"end":{"line":160,"column":22}},"loc":{"start":{"line":160,"column":22},"end":{"line":160,"column":28}}},"5":{"name":"(anonymous_5)","decl":{"start":{"line":163,"column":4},"end":{"line":163,"column":19}},"loc":{"start":{"line":163,"column":28},"end":{"line":175,"column":null}}},"6":{"name":"(anonymous_6)","decl":{"start":{"line":176,"column":4},"end":{"line":176,"column":22}},"loc":{"start":{"line":176,"column":25},"end":{"line":185,"column":null}}},"7":{"name":"(anonymous_7)","decl":{"start":{"line":179,"column":14},"end":{"line":179,"column":20}},"loc":{"start":{"line":179,"column":20},"end":{"line":181,"column":null}}},"8":{"name":"(anonymous_8)","decl":{"start":{"line":182,"column":16},"end":{"line":182,"column":24}},"loc":{"start":{"line":182,"column":24},"end":{"line":184,"column":null}}},"9":{"name":"(anonymous_9)","decl":{"start":{"line":186,"column":4},"end":{"line":186,"column":10}},"loc":{"start":{"line":186,"column":29},"end":{"line":206,"column":null}}},"10":{"name":"(anonymous_10)","decl":{"start":{"line":199,"column":14},"end":{"line":199,"column":20}},"loc":{"start":{"line":199,"column":20},"end":{"line":202,"column":null}}},"11":{"name":"(anonymous_11)","decl":{"start":{"line":203,"column":16},"end":{"line":203,"column":24}},"loc":{"start":{"line":203,"column":24},"end":{"line":205,"column":null}}},"12":{"name":"(anonymous_12)","decl":{"start":{"line":207,"column":4},"end":{"line":207,"column":15}},"loc":{"start":{"line":207,"column":18},"end":{"line":213,"column":null}}},"13":{"name":"(anonymous_13)","decl":{"start":{"line":210,"column":17},"end":{"line":210,"column":23}},"loc":{"start":{"line":210,"column":23},"end":{"line":212,"column":9}}},"14":{"name":"(anonymous_14)","decl":{"start":{"line":214,"column":4},"end":{"line":214,"column":13}},"loc":{"start":{"line":214,"column":19},"end":{"line":221,"column":null}}},"15":{"name":"(anonymous_15)","decl":{"start":{"line":218,"column":17},"end":{"line":218,"column":23}},"loc":{"start":{"line":218,"column":23},"end":{"line":220,"column":9}}}},"branchMap":{"0":{"loc":{"start":{"line":167,"column":6},"end":{"line":174,"column":null}},"type":"if","locations":[{"start":{"line":167,"column":6},"end":{"line":174,"column":null}},{"start":{"line":167,"column":6},"end":{"line":174,"column":null}}]},"1":{"loc":{"start":{"line":167,"column":10},"end":{"line":167,"column":14}},"type":"binary-expr","locations":[{"start":{"line":167,"column":10},"end":{"line":167,"column":14}},{"start":{"line":167,"column":18},"end":{"line":167,"column":23}}]}},"s":{"0":0,"1":0,"2":0,"3":0,"4":0,"5":0,"6":0,"7":0,"8":0,"9":0,"10":0,"11":0,"12":0,"13":0,"14":0,"15":0,"16":0,"17":0,"18":0,"19":0,"20":0,"21":0,"22":0,"23":0,"24":0,"25":0,"26":0,"27":0,"28":0,"29":0,"30":0,"31":0},"f":{"0":0,"1":0,"2":0,"3":0,"4":0,"5":0,"6":0,"7":0,"8":0,"9":0,"10":0,"11":0,"12":0,"13":0,"14":0,"15":0},"b":{"0":[0,0],"1":[0,0]}}
,"C:\\xampp\\htdocs\\Ynov\\av2-linked-up\\src\\components\\admin\\GalleryItem.vue": {"path":"C:\\xampp\\htdocs\\Ynov\\av2-linked-up\\src\\components\\admin\\GalleryItem.vue","statementMap":{"0":{"start":{"line":19,"column":15},"end":{"line":19,"column":null}},"1":{"start":{"line":24,"column":6},"end":{"line":24,"column":11}}},"fnMap":{"0":{"name":"(anonymous_0)","decl":{"start":{"line":23,"column":4},"end":{"line":23,"column":13}},"loc":{"start":{"line":23,"column":16},"end":{"line":25,"column":null}}}},"branchMap":{},"s":{"0":1,"1":1},"f":{"0":1},"b":{}}
,"C:\\xampp\\htdocs\\Ynov\\av2-linked-up\\src\\components\\admin\\PreviewItem.vue": {"path":"C:\\xampp\\htdocs\\Ynov\\av2-linked-up\\src\\components\\admin\\PreviewItem.vue","statementMap":{"0":{"start":{"line":19,"column":15},"end":{"line":19,"column":null}},"1":{"start":{"line":23,"column":10},"end":{"line":23,"column":15}}},"fnMap":{"0":{"name":"(anonymous_0)","decl":{"start":{"line":22,"column":6},"end":{"line":22,"column":19}},"loc":{"start":{"line":22,"column":22},"end":{"line":24,"column":null}}}},"branchMap":{},"s":{"0":1,"1":1},"f":{"0":1},"b":{}}
,"C:\\xampp\\htdocs\\Ynov\\av2-linked-up\\src\\components\\admin\\Sidenav.vue": {"path":"C:\\xampp\\htdocs\\Ynov\\av2-linked-up\\src\\components\\admin\\Sidenav.vue","statementMap":{"0":{"start":{"line":63,"column":15},"end":{"line":63,"column":null}}},"fnMap":{},"branchMap":{},"s":{"0":1},"f":{},"b":{}}
,"C:\\xampp\\htdocs\\Ynov\\av2-linked-up\\src\\components\\app\\Button.vue": {"path":"C:\\xampp\\htdocs\\Ynov\\av2-linked-up\\src\\components\\app\\Button.vue","statementMap":{"0":{"start":{"line":13,"column":15},"end":{"line":13,"column":null}}},"fnMap":{},"branchMap":{},"s":{"0":2},"f":{},"b":{}}
,"C:\\xampp\\htdocs\\Ynov\\av2-linked-up\\src\\components\\app\\Title.vue": {"path":"C:\\xampp\\htdocs\\Ynov\\av2-linked-up\\src\\components\\app\\Title.vue","statementMap":{"0":{"start":{"line":14,"column":15},"end":{"line":14,"column":null}}},"fnMap":{},"branchMap":{},"s":{"0":3},"f":{},"b":{}}
,"C:\\xampp\\htdocs\\Ynov\\av2-linked-up\\src\\components\\artists\\ArtistItem.vue": {"path":"C:\\xampp\\htdocs\\Ynov\\av2-linked-up\\src\\components\\artists\\ArtistItem.vue","statementMap":{"0":{"start":{"line":26,"column":15},"end":{"line":26,"column":null}}},"fnMap":{},"branchMap":{},"s":{"0":5},"f":{},"b":{}}
,"C:\\xampp\\htdocs\\Ynov\\av2-linked-up\\src\\components\\artists\\ArtistList.vue": {"path":"C:\\xampp\\htdocs\\Ynov\\av2-linked-up\\src\\components\\artists\\ArtistList.vue","statementMap":{"0":{"start":{"line":16,"column":0},"end":{"line":16,"column":null}},"1":{"start":{"line":17,"column":0},"end":{"line":17,"column":null}},"2":{"start":{"line":25,"column":15},"end":{"line":25,"column":null}},"3":{"start":{"line":31,"column":4},"end":{"line":31,"column":11}},"4":{"start":{"line":43,"column":4},"end":{"line":43,"column":10}},"5":{"start":{"line":46,"column":8},"end":{"line":46,"column":13}},"6":{"start":{"line":48,"column":22},"end":{"line":48,"column":28}}},"fnMap":{"0":{"name":"(anonymous_0)","decl":{"start":{"line":30,"column":2},"end":{"line":30,"column":6}},"loc":{"start":{"line":30,"column":9},"end":{"line":34,"column":null}}},"1":{"name":"(anonymous_1)","decl":{"start":{"line":42,"column":2},"end":{"line":42,"column":8}},"loc":{"start":{"line":42,"column":18},"end":{"line":49,"column":null}}},"2":{"name":"(anonymous_2)","decl":{"start":{"line":45,"column":12},"end":{"line":45,"column":18}},"loc":{"start":{"line":45,"column":18},"end":{"line":47,"column":null}}},"3":{"name":"(anonymous_3)","decl":{"start":{"line":48,"column":14},"end":{"line":48,"column":22}},"loc":{"start":{"line":48,"column":22},"end":{"line":48,"column":28}}}},"branchMap":{},"s":{"0":2,"1":2,"2":2,"3":1,"4":2,"5":2,"6":0},"f":{"0":1,"1":2,"2":2,"3":0},"b":{}}
,"C:\\xampp\\htdocs\\Ynov\\av2-linked-up\\src\\components\\auth\\LoginForm.vue": {"path":"C:\\xampp\\htdocs\\Ynov\\av2-linked-up\\src\\components\\auth\\LoginForm.vue","statementMap":{"0":{"start":{"line":34,"column":0},"end":{"line":34,"column":null}},"1":{"start":{"line":45,"column":15},"end":{"line":45,"column":null}},"2":{"start":{"line":47,"column":4},"end":{"line":47,"column":11}},"3":{"start":{"line":62,"column":23},"end":{"line":62,"column":null}},"4":{"start":{"line":66,"column":6},"end":{"line":72,"column":null}},"5":{"start":{"line":67,"column":8},"end":{"line":67,"column":14}},"6":{"start":{"line":69,"column":8},"end":{"line":69,"column":13}},"7":{"start":{"line":70,"column":8},"end":{"line":70,"column":14}},"8":{"start":{"line":71,"column":8},"end":{"line":71,"column":null}},"9":{"start":{"line":73,"column":6},"end":{"line":73,"column":11}}},"fnMap":{"0":{"name":"(anonymous_0)","decl":{"start":{"line":46,"column":2},"end":{"line":46,"column":6}},"loc":{"start":{"line":46,"column":9},"end":{"line":52,"column":null}}},"1":{"name":"(anonymous_1)","decl":{"start":{"line":61,"column":4},"end":{"line":61,"column":10}},"loc":{"start":{"line":61,"column":18},"end":{"line":74,"column":null}}}},"branchMap":{},"s":{"0":2,"1":2,"2":5,"3":3,"4":3,"5":3,"6":0,"7":0,"8":0,"9":3},"f":{"0":5,"1":3},"b":{}}
,"C:\\xampp\\htdocs\\Ynov\\av2-linked-up\\src\\components\\auth\\RegisterForm.vue": {"path":"C:\\xampp\\htdocs\\Ynov\\av2-linked-up\\src\\components\\auth\\RegisterForm.vue","statementMap":{"0":{"start":{"line":52,"column":0},"end":{"line":52,"column":null}},"1":{"start":{"line":65,"column":15},"end":{"line":65,"column":null}},"2":{"start":{"line":68,"column":4},"end":{"line":68,"column":11}},"3":{"start":{"line":85,"column":23},"end":{"line":85,"column":null}},"4":{"start":{"line":91,"column":6},"end":{"line":97,"column":null}},"5":{"start":{"line":92,"column":8},"end":{"line":92,"column":14}},"6":{"start":{"line":94,"column":8},"end":{"line":94,"column":13}},"7":{"start":{"line":95,"column":8},"end":{"line":95,"column":14}},"8":{"start":{"line":96,"column":8},"end":{"line":96,"column":null}},"9":{"start":{"line":98,"column":6},"end":{"line":98,"column":11}}},"fnMap":{"0":{"name":"(anonymous_0)","decl":{"start":{"line":67,"column":2},"end":{"line":67,"column":6}},"loc":{"start":{"line":67,"column":9},"end":{"line":75,"column":null}}},"1":{"name":"(anonymous_1)","decl":{"start":{"line":84,"column":4},"end":{"line":84,"column":10}},"loc":{"start":{"line":84,"column":21},"end":{"line":99,"column":null}}}},"branchMap":{},"s":{"0":2,"1":2,"2":5,"3":3,"4":3,"5":3,"6":0,"7":0,"8":0,"9":3},"f":{"0":5,"1":3},"b":{}}
,"C:\\xampp\\htdocs\\Ynov\\av2-linked-up\\src\\components\\home\\Categories.vue": {"path":"C:\\xampp\\htdocs\\Ynov\\av2-linked-up\\src\\components\\home\\Categories.vue","statementMap":{"0":{"start":{"line":45,"column":0},"end":{"line":45,"column":null}},"1":{"start":{"line":52,"column":15},"end":{"line":52,"column":null}},"2":{"start":{"line":62,"column":6},"end":{"line":62,"column":12}},"3":{"start":{"line":64,"column":20},"end":{"line":64,"column":25}},"4":{"start":{"line":65,"column":24},"end":{"line":65,"column":30}}},"fnMap":{"0":{"name":"(anonymous_0)","decl":{"start":{"line":61,"column":4},"end":{"line":61,"column":10}},"loc":{"start":{"line":61,"column":28},"end":{"line":66,"column":null}}},"1":{"name":"(anonymous_1)","decl":{"start":{"line":64,"column":14},"end":{"line":64,"column":20}},"loc":{"start":{"line":64,"column":20},"end":{"line":64,"column":25}}},"2":{"name":"(anonymous_2)","decl":{"start":{"line":65,"column":16},"end":{"line":65,"column":24}},"loc":{"start":{"line":65,"column":24},"end":{"line":65,"column":30}}}},"branchMap":{},"s":{"0":1,"1":1,"2":0,"3":0,"4":0},"f":{"0":0,"1":0,"2":0},"b":{}}
,"C:\\xampp\\htdocs\\Ynov\\av2-linked-up\\src\\components\\home\\Geoloc.vue": {"path":"C:\\xampp\\htdocs\\Ynov\\av2-linked-up\\src\\components\\home\\Geoloc.vue","statementMap":{"0":{"start":{"line":25,"column":0},"end":{"line":25,"column":null}},"1":{"start":{"line":41,"column":15},"end":{"line":41,"column":null}},"2":{"start":{"line":43,"column":4},"end":{"line":43,"column":11}},"3":{"start":{"line":63,"column":6},"end":{"line":63,"column":15}},"4":{"start":{"line":64,"column":8},"end":{"line":64,"column":13}},"5":{"start":{"line":68,"column":8},"end":{"line":68,"column":13}},"6":{"start":{"line":69,"column":8},"end":{"line":69,"column":15}},"7":{"start":{"line":81,"column":6},"end":{"line":81,"column":12}},"8":{"start":{"line":82,"column":23},"end":{"line":82,"column":26}},"9":{"start":{"line":83,"column":25},"end":{"line":83,"column":null}},"10":{"start":{"line":84,"column":24},"end":{"line":84,"column":30}},"11":{"start":{"line":86,"column":18},"end":{"line":86,"column":26}},"12":{"start":{"line":87,"column":6},"end":{"line":87,"column":11}},"13":{"start":{"line":88,"column":18},"end":{"line":88,"column":null}},"14":{"start":{"line":89,"column":6},"end":{"line":89,"column":11}},"15":{"start":{"line":90,"column":6},"end":{"line":90,"column":11}},"16":{"start":{"line":99,"column":6},"end":{"line":99,"column":12}},"17":{"start":{"line":107,"column":6},"end":{"line":107,"column":11}},"18":{"start":{"line":109,"column":19},"end":{"line":109,"column":24}},"19":{"start":{"line":110,"column":6},"end":{"line":110,"column":12}},"20":{"start":{"line":113,"column":23},"end":{"line":113,"column":26}},"21":{"start":{"line":114,"column":25},"end":{"line":114,"column":null}},"22":{"start":{"line":115,"column":24},"end":{"line":115,"column":30}},"23":{"start":{"line":116,"column":6},"end":{"line":116,"column":12}},"24":{"start":{"line":125,"column":6},"end":{"line":133,"column":null}},"25":{"start":{"line":126,"column":8},"end":{"line":126,"column":13}},"26":{"start":{"line":127,"column":22},"end":{"line":127,"column":27}},"27":{"start":{"line":128,"column":26},"end":{"line":128,"column":32}},"28":{"start":{"line":130,"column":8},"end":{"line":130,"column":13}},"29":{"start":{"line":131,"column":22},"end":{"line":131,"column":27}},"30":{"start":{"line":132,"column":26},"end":{"line":132,"column":32}}},"fnMap":{"0":{"name":"(anonymous_0)","decl":{"start":{"line":42,"column":2},"end":{"line":42,"column":6}},"loc":{"start":{"line":42,"column":9},"end":{"line":54,"column":null}}},"1":{"name":"(anonymous_1)","decl":{"start":{"line":62,"column":4},"end":{"line":62,"column":13}},"loc":{"start":{"line":62,"column":16},"end":{"line":71,"column":null}}},"2":{"name":"(anonymous_2)","decl":{"start":{"line":63,"column":48},"end":{"line":63,"column":61}},"loc":{"start":{"line":63,"column":61},"end":{"line":70,"column":null}}},"3":{"name":"(anonymous_3)","decl":{"start":{"line":79,"column":4},"end":{"line":79,"column":10}},"loc":{"start":{"line":79,"column":28},"end":{"line":91,"column":null}}},"4":{"name":"(anonymous_4)","decl":{"start":{"line":82,"column":15},"end":{"line":82,"column":23}},"loc":{"start":{"line":82,"column":23},"end":{"line":82,"column":26}}},"5":{"name":"(anonymous_5)","decl":{"start":{"line":83,"column":15},"end":{"line":83,"column":25}},"loc":{"start":{"line":83,"column":25},"end":{"line":83,"column":null}}},"6":{"name":"(anonymous_6)","decl":{"start":{"line":84,"column":16},"end":{"line":84,"column":24}},"loc":{"start":{"line":84,"column":24},"end":{"line":84,"column":30}}},"7":{"name":"(anonymous_7)","decl":{"start":{"line":98,"column":4},"end":{"line":98,"column":10}},"loc":{"start":{"line":98,"column":27},"end":{"line":100,"column":null}}},"8":{"name":"(anonymous_8)","decl":{"start":{"line":106,"column":4},"end":{"line":106,"column":10}},"loc":{"start":{"line":106,"column":25},"end":{"line":117,"column":null}}},"9":{"name":"(anonymous_9)","decl":{"start":{"line":113,"column":15},"end":{"line":113,"column":23}},"loc":{"start":{"line":113,"column":23},"end":{"line":113,"column":26}}},"10":{"name":"(anonymous_10)","decl":{"start":{"line":114,"column":15},"end":{"line":114,"column":25}},"loc":{"start":{"line":114,"column":25},"end":{"line":114,"column":null}}},"11":{"name":"(anonymous_11)","decl":{"start":{"line":115,"column":16},"end":{"line":115,"column":24}},"loc":{"start":{"line":115,"column":24},"end":{"line":115,"column":30}}},"12":{"name":"(anonymous_12)","decl":{"start":{"line":124,"column":4},"end":{"line":124,"column":16}},"loc":{"start":{"line":124,"column":19},"end":{"line":134,"column":null}}},"13":{"name":"(anonymous_13)","decl":{"start":{"line":127,"column":16},"end":{"line":127,"column":22}},"loc":{"start":{"line":127,"column":22},"end":{"line":127,"column":27}}},"14":{"name":"(anonymous_14)","decl":{"start":{"line":128,"column":18},"end":{"line":128,"column":26}},"loc":{"start":{"line":128,"column":26},"end":{"line":128,"column":32}}},"15":{"name":"(anonymous_15)","decl":{"start":{"line":131,"column":16},"end":{"line":131,"column":22}},"loc":{"start":{"line":131,"column":22},"end":{"line":131,"column":27}}},"16":{"name":"(anonymous_16)","decl":{"start":{"line":132,"column":18},"end":{"line":132,"column":26}},"loc":{"start":{"line":132,"column":26},"end":{"line":132,"column":32}}}},"branchMap":{"0":{"loc":{"start":{"line":125,"column":6},"end":{"line":133,"column":null}},"type":"if","locations":[{"start":{"line":125,"column":6},"end":{"line":133,"column":null}},{"start":{"line":125,"column":6},"end":{"line":133,"column":null}}]}},"s":{"0":1,"1":1,"2":0,"3":0,"4":0,"5":0,"6":0,"7":0,"8":0,"9":0,"10":0,"11":0,"12":0,"13":0,"14":0,"15":0,"16":0,"17":0,"18":0,"19":0,"20":0,"21":0,"22":0,"23":0,"24":0,"25":0,"26":0,"27":0,"28":0,"29":0,"30":0},"f":{"0":0,"1":0,"2":0,"3":0,"4":0,"5":0,"6":0,"7":0,"8":0,"9":0,"10":0,"11":0,"12":0,"13":0,"14":0,"15":0,"16":0},"b":{"0":[0,0]}}
,"C:\\xampp\\htdocs\\Ynov\\av2-linked-up\\src\\components\\nav\\Brand.vue": {"path":"C:\\xampp\\htdocs\\Ynov\\av2-linked-up\\src\\components\\nav\\Brand.vue","statementMap":{"0":{"start":{"line":11,"column":15},"end":{"line":11,"column":null}}},"fnMap":{},"branchMap":{},"s":{"0":3},"f":{},"b":{}}
,"C:\\xampp\\htdocs\\Ynov\\av2-linked-up\\src\\components\\nav\\Footer.vue": {"path":"C:\\xampp\\htdocs\\Ynov\\av2-linked-up\\src\\components\\nav\\Footer.vue","statementMap":{"0":{"start":{"line":28,"column":15},"end":{"line":28,"column":null}},"1":{"start":{"line":31,"column":4},"end":{"line":31,"column":11}},"2":{"start":{"line":36,"column":4},"end":{"line":36,"column":9}},"3":{"start":{"line":45,"column":6},"end":{"line":45,"column":11}}},"fnMap":{"0":{"name":"(anonymous_0)","decl":{"start":{"line":30,"column":2},"end":{"line":30,"column":6}},"loc":{"start":{"line":30,"column":9},"end":{"line":34,"column":null}}},"1":{"name":"(anonymous_1)","decl":{"start":{"line":35,"column":2},"end":{"line":35,"column":9}},"loc":{"start":{"line":35,"column":12},"end":{"line":37,"column":null}}},"2":{"name":"(anonymous_2)","decl":{"start":{"line":44,"column":4},"end":{"line":44,"column":11}},"loc":{"start":{"line":44,"column":14},"end":{"line":46,"column":null}}}},"branchMap":{},"s":{"0":2,"1":1,"2":1,"3":1},"f":{"0":1,"1":1,"2":1},"b":{}}
,"C:\\xampp\\htdocs\\Ynov\\av2-linked-up\\src\\components\\nav\\Navbar.vue": {"path":"C:\\xampp\\htdocs\\Ynov\\av2-linked-up\\src\\components\\nav\\Navbar.vue","statementMap":{"0":{"start":{"line":53,"column":0},"end":{"line":53,"column":null}},"1":{"start":{"line":54,"column":0},"end":{"line":54,"column":null}},"2":{"start":{"line":65,"column":15},"end":{"line":65,"column":null}},"3":{"start":{"line":72,"column":31},"end":{"line":72,"column":null}},"4":{"start":{"line":76,"column":4},"end":{"line":76,"column":11}},"5":{"start":{"line":87,"column":6},"end":{"line":87,"column":11}},"6":{"start":{"line":88,"column":6},"end":{"line":90,"column":null}},"7":{"start":{"line":89,"column":8},"end":{"line":89,"column":13}}},"fnMap":{"0":{"name":"(anonymous_0)","decl":{"start":{"line":72,"column":21},"end":{"line":72,"column":31}},"loc":{"start":{"line":72,"column":31},"end":{"line":72,"column":null}}},"1":{"name":"(anonymous_1)","decl":{"start":{"line":75,"column":2},"end":{"line":75,"column":6}},"loc":{"start":{"line":75,"column":9},"end":{"line":79,"column":null}}},"2":{"name":"(anonymous_2)","decl":{"start":{"line":86,"column":4},"end":{"line":86,"column":10}},"loc":{"start":{"line":86,"column":13},"end":{"line":91,"column":null}}}},"branchMap":{"0":{"loc":{"start":{"line":88,"column":6},"end":{"line":90,"column":null}},"type":"if","locations":[{"start":{"line":88,"column":6},"end":{"line":90,"column":null}},{"start":{"line":88,"column":6},"end":{"line":90,"column":null}}]}},"s":{"0":2,"1":2,"2":2,"3":9,"4":9,"5":0,"6":0,"7":0},"f":{"0":9,"1":9,"2":0},"b":{"0":[0,0]}}
,"C:\\xampp\\htdocs\\Ynov\\av2-linked-up\\src\\views\\Admin.vue": {"path":"C:\\xampp\\htdocs\\Ynov\\av2-linked-up\\src\\views\\Admin.vue","statementMap":{"0":{"start":{"line":15,"column":0},"end":{"line":15,"column":null}},"1":{"start":{"line":21,"column":15},"end":{"line":21,"column":null}}},"fnMap":{},"branchMap":{},"s":{"0":1,"1":1},"f":{},"b":{}}
,"C:\\xampp\\htdocs\\Ynov\\av2-linked-up\\src\\views\\ArtistProfile.vue": {"path":"C:\\xampp\\htdocs\\Ynov\\av2-linked-up\\src\\views\\ArtistProfile.vue","statementMap":{"0":{"start":{"line":56,"column":15},"end":{"line":56,"column":null}},"1":{"start":{"line":59,"column":4},"end":{"line":59,"column":10}},"2":{"start":{"line":60,"column":4},"end":{"line":60,"column":10}},"3":{"start":{"line":64,"column":6},"end":{"line":64,"column":13}},"4":{"start":{"line":67,"column":6},"end":{"line":67,"column":13}}},"fnMap":{"0":{"name":"(anonymous_0)","decl":{"start":{"line":58,"column":2},"end":{"line":58,"column":8}},"loc":{"start":{"line":58,"column":18},"end":{"line":61,"column":null}}},"1":{"name":"(anonymous_1)","decl":{"start":{"line":63,"column":4},"end":{"line":63,"column":11}},"loc":{"start":{"line":63,"column":14},"end":{"line":65,"column":null}}},"2":{"name":"(anonymous_2)","decl":{"start":{"line":66,"column":4},"end":{"line":66,"column":10}},"loc":{"start":{"line":66,"column":13},"end":{"line":68,"column":null}}}},"branchMap":{},"s":{"0":0,"1":0,"2":0,"3":0,"4":0},"f":{"0":0,"1":0,"2":0},"b":{}}
,"C:\\xampp\\htdocs\\Ynov\\av2-linked-up\\src\\views\\Artists.vue": {"path":"C:\\xampp\\htdocs\\Ynov\\av2-linked-up\\src\\views\\Artists.vue","statementMap":{"0":{"start":{"line":11,"column":0},"end":{"line":11,"column":null}},"1":{"start":{"line":17,"column":15},"end":{"line":17,"column":null}}},"fnMap":{},"branchMap":{},"s":{"0":1,"1":1},"f":{},"b":{}}
,"C:\\xampp\\htdocs\\Ynov\\av2-linked-up\\src\\views\\Categories.vue": {"path":"C:\\xampp\\htdocs\\Ynov\\av2-linked-up\\src\\views\\Categories.vue","statementMap":{"0":{"start":{"line":42,"column":0},"end":{"line":42,"column":null}},"1":{"start":{"line":52,"column":15},"end":{"line":52,"column":null}},"2":{"start":{"line":56,"column":6},"end":{"line":56,"column":12}},"3":{"start":{"line":59,"column":6},"end":{"line":59,"column":11}},"4":{"start":{"line":60,"column":20},"end":{"line":60,"column":25}},"5":{"start":{"line":61,"column":24},"end":{"line":61,"column":30}}},"fnMap":{"0":{"name":"(anonymous_0)","decl":{"start":{"line":55,"column":4},"end":{"line":55,"column":10}},"loc":{"start":{"line":55,"column":27},"end":{"line":57,"column":null}}},"1":{"name":"(anonymous_1)","decl":{"start":{"line":58,"column":4},"end":{"line":58,"column":15}},"loc":{"start":{"line":58,"column":22},"end":{"line":62,"column":null}}},"2":{"name":"(anonymous_2)","decl":{"start":{"line":60,"column":14},"end":{"line":60,"column":20}},"loc":{"start":{"line":60,"column":20},"end":{"line":60,"column":25}}},"3":{"name":"(anonymous_3)","decl":{"start":{"line":61,"column":16},"end":{"line":61,"column":24}},"loc":{"start":{"line":61,"column":24},"end":{"line":61,"column":30}}}},"branchMap":{},"s":{"0":0,"1":0,"2":0,"3":0,"4":0,"5":0},"f":{"0":0,"1":0,"2":0,"3":0},"b":{}}
,"C:\\xampp\\htdocs\\Ynov\\av2-linked-up\\src\\views\\CategoriesResults.vue": {"path":"C:\\xampp\\htdocs\\Ynov\\av2-linked-up\\src\\views\\CategoriesResults.vue","statementMap":{"0":{"start":{"line":24,"column":0},"end":{"line":24,"column":null}},"1":{"start":{"line":33,"column":15},"end":{"line":33,"column":null}},"2":{"start":{"line":39,"column":4},"end":{"line":39,"column":11}},"3":{"start":{"line":44,"column":4},"end":{"line":44,"column":9}}},"fnMap":{"0":{"name":"(anonymous_0)","decl":{"start":{"line":38,"column":2},"end":{"line":38,"column":6}},"loc":{"start":{"line":38,"column":9},"end":{"line":42,"column":null}}},"1":{"name":"(anonymous_1)","decl":{"start":{"line":43,"column":2},"end":{"line":43,"column":9}},"loc":{"start":{"line":43,"column":12},"end":{"line":45,"column":null}}}},"branchMap":{},"s":{"0":1,"1":1,"2":2,"3":2},"f":{"0":2,"1":2},"b":{}}
,"C:\\xampp\\htdocs\\Ynov\\av2-linked-up\\src\\views\\Conventions.vue": {"path":"C:\\xampp\\htdocs\\Ynov\\av2-linked-up\\src\\views\\Conventions.vue","statementMap":{"0":{"start":{"line":12,"column":15},"end":{"line":12,"column":null}}},"fnMap":{},"branchMap":{},"s":{"0":0},"f":{},"b":{}}
,"C:\\xampp\\htdocs\\Ynov\\av2-linked-up\\src\\views\\GeoResults.vue": {"path":"C:\\xampp\\htdocs\\Ynov\\av2-linked-up\\src\\views\\GeoResults.vue","statementMap":{"0":{"start":{"line":24,"column":0},"end":{"line":24,"column":null}},"1":{"start":{"line":33,"column":15},"end":{"line":33,"column":null}},"2":{"start":{"line":39,"column":4},"end":{"line":39,"column":11}},"3":{"start":{"line":44,"column":4},"end":{"line":44,"column":9}}},"fnMap":{"0":{"name":"(anonymous_0)","decl":{"start":{"line":38,"column":2},"end":{"line":38,"column":6}},"loc":{"start":{"line":38,"column":9},"end":{"line":42,"column":null}}},"1":{"name":"(anonymous_1)","decl":{"start":{"line":43,"column":2},"end":{"line":43,"column":9}},"loc":{"start":{"line":43,"column":12},"end":{"line":45,"column":null}}}},"branchMap":{},"s":{"0":1,"1":1,"2":2,"3":2},"f":{"0":2,"1":2},"b":{}}
,"C:\\xampp\\htdocs\\Ynov\\av2-linked-up\\src\\views\\Home.vue": {"path":"C:\\xampp\\htdocs\\Ynov\\av2-linked-up\\src\\views\\Home.vue","statementMap":{"0":{"start":{"line":9,"column":0},"end":{"line":9,"column":null}},"1":{"start":{"line":10,"column":0},"end":{"line":10,"column":null}},"2":{"start":{"line":18,"column":15},"end":{"line":18,"column":null}}},"fnMap":{},"branchMap":{},"s":{"0":1,"1":1,"2":1},"f":{},"b":{}}
,"C:\\xampp\\htdocs\\Ynov\\av2-linked-up\\src\\views\\Login.vue": {"path":"C:\\xampp\\htdocs\\Ynov\\av2-linked-up\\src\\views\\Login.vue","statementMap":{"0":{"start":{"line":19,"column":0},"end":{"line":19,"column":null}},"1":{"start":{"line":20,"column":0},"end":{"line":20,"column":null}},"2":{"start":{"line":29,"column":15},"end":{"line":29,"column":null}},"3":{"start":{"line":36,"column":4},"end":{"line":36,"column":11}}},"fnMap":{"0":{"name":"(anonymous_0)","decl":{"start":{"line":35,"column":2},"end":{"line":35,"column":6}},"loc":{"start":{"line":35,"column":9},"end":{"line":39,"column":null}}}},"branchMap":{},"s":{"0":1,"1":1,"2":1,"3":4},"f":{"0":4},"b":{}}
}
