<?xml version="1.0" encoding="UTF-8"?>
<coverage generated="1636895755707" clover="3.2.0">
  <project timestamp="1636895755707" name="All files">
    <metrics statements="602" coveredstatements="339" conditionals="62" coveredconditionals="38" methods="261" coveredmethods="152" elements="925" coveredelements="529" complexity="0" loc="602" ncloc="602" packages="13" files="51" classes="51"/>
    <package name="src">
      <metrics statements="23" coveredstatements="14" conditionals="5" coveredconditionals="4" methods="12" coveredmethods="4"/>
      <file name="App.vue" path="C:\xampp\htdocs\Ynov\av2-linked-up\src\App.vue">
        <metrics statements="6" coveredstatements="5" conditionals="1" coveredconditionals="1" methods="4" coveredmethods="3"/>
        <line num="45" count="19" type="stmt"/>
        <line num="51" count="99" type="cond" truecount="1" falsecount="0"/>
        <line num="52" count="31" type="stmt"/>
        <line num="54" count="68" type="stmt"/>
        <line num="58" count="19" type="stmt"/>
        <line num="62" count="0" type="stmt"/>
      </file>
      <file name="main.js" path="C:\xampp\htdocs\Ynov\av2-linked-up\src\main.js">
        <metrics statements="8" coveredstatements="8" conditionals="2" coveredconditionals="2" methods="1" coveredmethods="1"/>
        <line num="14" count="19" type="stmt"/>
        <line num="15" count="36" type="cond" truecount="2" falsecount="0"/>
        <line num="16" count="19" type="stmt"/>
        <line num="17" count="19" type="stmt"/>
        <line num="29" count="19" type="stmt"/>
        <line num="30" count="19" type="stmt"/>
        <line num="31" count="19" type="stmt"/>
        <line num="32" count="19" type="stmt"/>
      </file>
      <file name="registerServiceWorker.js" path="C:\xampp\htdocs\Ynov\av2-linked-up\src\registerServiceWorker.js">
        <metrics statements="9" coveredstatements="1" conditionals="2" coveredconditionals="1" methods="7" coveredmethods="0"/>
        <line num="5" count="19" type="cond" truecount="1" falsecount="1"/>
        <line num="6" count="0" type="stmt"/>
        <line num="8" count="0" type="stmt"/>
        <line num="14" count="0" type="stmt"/>
        <line num="17" count="0" type="stmt"/>
        <line num="20" count="0" type="stmt"/>
        <line num="23" count="0" type="stmt"/>
        <line num="26" count="0" type="stmt"/>
        <line num="29" count="0" type="stmt"/>
      </file>
    </package>
    <package name="src.components.admin">
      <metrics statements="90" coveredstatements="51" conditionals="3" coveredconditionals="2" methods="55" coveredmethods="34"/>
      <file name="AdminEvents.vue" path="C:\xampp\htdocs\Ynov\av2-linked-up\src\components\admin\AdminEvents.vue">
        <metrics statements="3" coveredstatements="3" conditionals="0" coveredconditionals="0" methods="3" coveredmethods="3"/>
        <line num="23" count="2" type="stmt"/>
        <line num="28" count="2" type="stmt"/>
        <line num="29" count="2" type="stmt"/>
      </file>
      <file name="AdminGallery.vue" path="C:\xampp\htdocs\Ynov\av2-linked-up\src\components\admin\AdminGallery.vue">
        <metrics statements="36" coveredstatements="18" conditionals="2" coveredconditionals="1" methods="14" coveredmethods="7"/>
        <line num="80" count="4" type="stmt"/>
        <line num="89" count="4" type="stmt"/>
        <line num="91" count="4" type="stmt"/>
        <line num="92" count="4" type="stmt"/>
        <line num="95" count="0" type="stmt"/>
        <line num="100" count="2" type="stmt"/>
        <line num="101" count="2" type="stmt"/>
        <line num="102" count="2" type="stmt"/>
        <line num="103" count="2" type="stmt"/>
        <line num="104" count="2" type="cond" truecount="1" falsecount="0"/>
        <line num="105" count="2" type="stmt"/>
        <line num="106" count="2" type="stmt"/>
        <line num="107" count="2" type="stmt"/>
        <line num="109" count="2" type="stmt"/>
        <line num="113" count="2" type="stmt"/>
        <line num="114" count="2" type="stmt"/>
        <line num="115" count="0" type="cond" truecount="0" falsecount="1"/>
        <line num="116" count="0" type="stmt"/>
        <line num="121" count="0" type="stmt"/>
        <line num="122" count="0" type="stmt"/>
        <line num="123" count="0" type="stmt"/>
        <line num="126" count="2" type="stmt"/>
        <line num="127" count="0" type="stmt"/>
        <line num="128" count="0" type="stmt"/>
        <line num="131" count="2" type="stmt"/>
        <line num="132" count="2" type="stmt"/>
        <line num="135" count="0" type="stmt"/>
        <line num="138" count="0" type="stmt"/>
        <line num="139" count="0" type="stmt"/>
        <line num="140" count="0" type="stmt"/>
        <line num="141" count="0" type="stmt"/>
        <line num="145" count="0" type="stmt"/>
        <line num="146" count="0" type="stmt"/>
        <line num="147" count="0" type="stmt"/>
        <line num="148" count="0" type="stmt"/>
        <line num="149" count="0" type="stmt"/>
      </file>
      <file name="AdminInbox.vue" path="C:\xampp\htdocs\Ynov\av2-linked-up\src\components\admin\AdminInbox.vue">
        <metrics statements="3" coveredstatements="3" conditionals="0" coveredconditionals="0" methods="3" coveredmethods="3"/>
        <line num="23" count="4" type="stmt"/>
        <line num="28" count="4" type="stmt"/>
        <line num="29" count="4" type="stmt"/>
      </file>
      <file name="AdminNav.vue" path="C:\xampp\htdocs\Ynov\av2-linked-up\src\components\admin\AdminNav.vue">
        <metrics statements="4" coveredstatements="4" conditionals="1" coveredconditionals="1" methods="2" coveredmethods="2"/>
        <line num="30" count="11" type="stmt"/>
        <line num="41" count="9" type="stmt"/>
        <line num="42" count="9" type="cond" truecount="1" falsecount="0"/>
        <line num="43" count="9" type="stmt"/>
      </file>
      <file name="AdminProfile.vue" path="C:\xampp\htdocs\Ynov\av2-linked-up\src\components\admin\AdminProfile.vue">
        <metrics statements="3" coveredstatements="3" conditionals="0" coveredconditionals="0" methods="3" coveredmethods="3"/>
        <line num="23" count="15" type="stmt"/>
        <line num="28" count="15" type="stmt"/>
        <line num="29" count="14" type="stmt"/>
      </file>
      <file name="AdminProjects.vue" path="C:\xampp\htdocs\Ynov\av2-linked-up\src\components\admin\AdminProjects.vue">
        <metrics statements="3" coveredstatements="3" conditionals="0" coveredconditionals="0" methods="3" coveredmethods="3"/>
        <line num="23" count="4" type="stmt"/>
        <line num="28" count="4" type="stmt"/>
        <line num="29" count="4" type="stmt"/>
      </file>
      <file name="GalleryItem.vue" path="C:\xampp\htdocs\Ynov\av2-linked-up\src\components\admin\GalleryItem.vue">
        <metrics statements="1" coveredstatements="1" conditionals="0" coveredconditionals="0" methods="1" coveredmethods="1"/>
        <line num="24" count="2" type="stmt"/>
      </file>
      <file name="MessageDetails.vue" path="C:\xampp\htdocs\Ynov\av2-linked-up\src\components\admin\MessageDetails.vue">
        <metrics statements="16" coveredstatements="13" conditionals="0" coveredconditionals="0" methods="12" coveredmethods="9"/>
        <line num="47" count="2" type="stmt"/>
        <line num="54" count="2" type="stmt"/>
        <line num="57" count="2" type="stmt"/>
        <line num="60" count="0" type="stmt"/>
        <line num="63" count="2" type="stmt"/>
        <line num="67" count="2" type="stmt"/>
        <line num="68" count="2" type="stmt"/>
        <line num="72" count="2" type="stmt"/>
        <line num="75" count="2" type="stmt"/>
        <line num="78" count="2" type="stmt"/>
        <line num="81" count="0" type="stmt"/>
        <line num="85" count="4" type="stmt"/>
        <line num="88" count="4" type="stmt"/>
        <line num="91" count="4" type="stmt"/>
        <line num="92" count="4" type="stmt"/>
        <line num="95" count="0" type="stmt"/>
      </file>
      <file name="PreviewItem.vue" path="C:\xampp\htdocs\Ynov\av2-linked-up\src\components\admin\PreviewItem.vue">
        <metrics statements="1" coveredstatements="0" conditionals="0" coveredconditionals="0" methods="1" coveredmethods="0"/>
        <line num="23" count="0" type="stmt"/>
      </file>
      <file name="ProjectDetails.vue" path="C:\xampp\htdocs\Ynov\av2-linked-up\src\components\admin\ProjectDetails.vue">
        <metrics statements="12" coveredstatements="0" conditionals="0" coveredconditionals="0" methods="5" coveredmethods="0"/>
        <line num="80" count="0" type="stmt"/>
        <line num="98" count="0" type="stmt"/>
        <line num="99" count="0" type="stmt"/>
        <line num="100" count="0" type="stmt"/>
        <line num="101" count="0" type="stmt"/>
        <line num="102" count="0" type="stmt"/>
        <line num="106" count="0" type="stmt"/>
        <line num="110" count="0" type="stmt"/>
        <line num="113" count="0" type="stmt"/>
        <line num="114" count="0" type="stmt"/>
        <line num="117" count="0" type="stmt"/>
        <line num="121" count="0" type="stmt"/>
      </file>
      <file name="ProjectItem.vue" path="C:\xampp\htdocs\Ynov\av2-linked-up\src\components\admin\ProjectItem.vue">
        <metrics statements="5" coveredstatements="0" conditionals="0" coveredconditionals="0" methods="5" coveredmethods="0"/>
        <line num="40" count="0" type="stmt"/>
        <line num="47" count="0" type="stmt"/>
        <line num="51" count="0" type="stmt"/>
        <line num="55" count="0" type="stmt"/>
        <line num="56" count="0" type="stmt"/>
      </file>
      <file name="Sidenav.vue" path="C:\xampp\htdocs\Ynov\av2-linked-up\src\components\admin\Sidenav.vue">
        <metrics statements="3" coveredstatements="3" conditionals="0" coveredconditionals="0" methods="3" coveredmethods="3"/>
        <line num="88" count="11" type="stmt"/>
        <line num="93" count="11" type="stmt"/>
        <line num="94" count="10" type="stmt"/>
      </file>
    </package>
    <package name="src.components.app">
      <metrics statements="9" coveredstatements="6" conditionals="7" coveredconditionals="5" methods="6" coveredmethods="4"/>
      <file name="Modal.vue" path="C:\xampp\htdocs\Ynov\av2-linked-up\src\components\app\Modal.vue">
        <metrics statements="9" coveredstatements="6" conditionals="7" coveredconditionals="5" methods="6" coveredmethods="4"/>
        <line num="41" count="27" type="cond" truecount="4" falsecount="0"/>
        <line num="42" count="2" type="stmt"/>
        <line num="44" count="25" type="stmt"/>
        <line num="51" count="0" type="stmt"/>
        <line num="54" count="217" type="cond" truecount="1" falsecount="2"/>
        <line num="55" count="0" type="stmt"/>
        <line num="59" count="0" type="stmt"/>
        <line num="63" count="25" type="stmt"/>
        <line num="66" count="2" type="stmt"/>
      </file>
    </package>
    <package name="src.components.artists">
      <metrics statements="44" coveredstatements="19" conditionals="4" coveredconditionals="3" methods="29" coveredmethods="11"/>
      <file name="ArtistDashboard.vue" path="C:\xampp\htdocs\Ynov\av2-linked-up\src\components\artists\ArtistDashboard.vue">
        <metrics statements="31" coveredstatements="16" conditionals="4" coveredconditionals="3" methods="16" coveredmethods="8"/>
        <line num="137" count="9" type="stmt"/>
        <line num="157" count="9" type="stmt"/>
        <line num="160" count="8" type="stmt"/>
        <line num="163" count="8" type="stmt"/>
        <line num="165" count="0" type="stmt"/>
        <line num="169" count="1" type="stmt"/>
        <line num="170" count="1" type="stmt"/>
        <line num="172" count="1" type="cond" truecount="3" falsecount="1"/>
        <line num="173" count="1" type="stmt"/>
        <line num="174" count="1" type="stmt"/>
        <line num="175" count="1" type="stmt"/>
        <line num="177" count="0" type="stmt"/>
        <line num="178" count="0" type="stmt"/>
        <line num="182" count="1" type="stmt"/>
        <line num="185" count="1" type="stmt"/>
        <line num="186" count="1" type="stmt"/>
        <line num="189" count="0" type="stmt"/>
        <line num="193" count="0" type="stmt"/>
        <line num="203" count="0" type="stmt"/>
        <line num="206" count="0" type="stmt"/>
        <line num="207" count="0" type="stmt"/>
        <line num="210" count="0" type="stmt"/>
        <line num="214" count="1" type="stmt"/>
        <line num="215" count="1" type="stmt"/>
        <line num="216" count="1" type="stmt"/>
        <line num="217" count="0" type="stmt"/>
        <line num="221" count="0" type="stmt"/>
        <line num="222" count="0" type="stmt"/>
        <line num="223" count="0" type="stmt"/>
        <line num="224" count="0" type="stmt"/>
        <line num="225" count="0" type="stmt"/>
      </file>
      <file name="ArtistEvents.vue" path="C:\xampp\htdocs\Ynov\av2-linked-up\src\components\artists\ArtistEvents.vue">
        <metrics statements="1" coveredstatements="0" conditionals="0" coveredconditionals="0" methods="1" coveredmethods="0"/>
        <line num="16" count="0" type="stmt"/>
      </file>
      <file name="ArtistInbox.vue" path="C:\xampp\htdocs\Ynov\av2-linked-up\src\components\artists\ArtistInbox.vue">
        <metrics statements="4" coveredstatements="0" conditionals="0" coveredconditionals="0" methods="4" coveredmethods="0"/>
        <line num="24" count="0" type="stmt"/>
        <line num="29" count="0" type="stmt"/>
        <line num="32" count="0" type="stmt"/>
        <line num="35" count="0" type="stmt"/>
      </file>
      <file name="ArtistList.vue" path="C:\xampp\htdocs\Ynov\av2-linked-up\src\components\artists\ArtistList.vue">
        <metrics statements="4" coveredstatements="3" conditionals="0" coveredconditionals="0" methods="4" coveredmethods="3"/>
        <line num="31" count="2" type="stmt"/>
        <line num="43" count="2" type="stmt"/>
        <line num="46" count="2" type="stmt"/>
        <line num="48" count="0" type="stmt"/>
      </file>
      <file name="ArtistProjects.vue" path="C:\xampp\htdocs\Ynov\av2-linked-up\src\components\artists\ArtistProjects.vue">
        <metrics statements="4" coveredstatements="0" conditionals="0" coveredconditionals="0" methods="4" coveredmethods="0"/>
        <line num="27" count="0" type="stmt"/>
        <line num="32" count="0" type="stmt"/>
        <line num="35" count="0" type="stmt"/>
        <line num="38" count="0" type="stmt"/>
      </file>
    </package>
    <package name="src.components.auth">
      <metrics statements="16" coveredstatements="10" conditionals="0" coveredconditionals="0" methods="4" coveredmethods="4"/>
      <file name="LoginForm.vue" path="C:\xampp\htdocs\Ynov\av2-linked-up\src\components\auth\LoginForm.vue">
        <metrics statements="8" coveredstatements="5" conditionals="0" coveredconditionals="0" methods="2" coveredmethods="2"/>
        <line num="47" count="8" type="stmt"/>
        <line num="62" count="6" type="stmt"/>
        <line num="66" count="6" type="stmt"/>
        <line num="67" count="6" type="stmt"/>
        <line num="69" count="0" type="stmt"/>
        <line num="70" count="0" type="stmt"/>
        <line num="71" count="0" type="stmt"/>
        <line num="73" count="6" type="stmt"/>
      </file>
      <file name="RegisterForm.vue" path="C:\xampp\htdocs\Ynov\av2-linked-up\src\components\auth\RegisterForm.vue">
        <metrics statements="8" coveredstatements="5" conditionals="0" coveredconditionals="0" methods="2" coveredmethods="2"/>
        <line num="69" count="2" type="stmt"/>
        <line num="86" count="1" type="stmt"/>
        <line num="92" count="1" type="stmt"/>
        <line num="93" count="1" type="stmt"/>
        <line num="95" count="0" type="stmt"/>
        <line num="96" count="0" type="stmt"/>
        <line num="97" count="0" type="stmt"/>
        <line num="99" count="1" type="stmt"/>
      </file>
    </package>
    <package name="src.components.clients">
      <metrics statements="40" coveredstatements="22" conditionals="4" coveredconditionals="3" methods="25" coveredmethods="14"/>
      <file name="ClientDashboard.vue" path="C:\xampp\htdocs\Ynov\av2-linked-up\src\components\clients\ClientDashboard.vue">
        <metrics statements="31" coveredstatements="16" conditionals="4" coveredconditionals="3" methods="16" coveredmethods="8"/>
        <line num="104" count="1" type="stmt"/>
        <line num="121" count="1" type="stmt"/>
        <line num="124" count="1" type="stmt"/>
        <line num="127" count="1" type="stmt"/>
        <line num="129" count="0" type="stmt"/>
        <line num="133" count="1" type="stmt"/>
        <line num="134" count="1" type="stmt"/>
        <line num="136" count="1" type="cond" truecount="3" falsecount="1"/>
        <line num="137" count="1" type="stmt"/>
        <line num="138" count="1" type="stmt"/>
        <line num="139" count="1" type="stmt"/>
        <line num="141" count="0" type="stmt"/>
        <line num="142" count="0" type="stmt"/>
        <line num="146" count="1" type="stmt"/>
        <line num="149" count="1" type="stmt"/>
        <line num="150" count="1" type="stmt"/>
        <line num="153" count="0" type="stmt"/>
        <line num="157" count="0" type="stmt"/>
        <line num="164" count="0" type="stmt"/>
        <line num="167" count="0" type="stmt"/>
        <line num="168" count="0" type="stmt"/>
        <line num="171" count="0" type="stmt"/>
        <line num="175" count="1" type="stmt"/>
        <line num="176" count="1" type="stmt"/>
        <line num="177" count="1" type="stmt"/>
        <line num="178" count="0" type="stmt"/>
        <line num="182" count="0" type="stmt"/>
        <line num="183" count="0" type="stmt"/>
        <line num="184" count="0" type="stmt"/>
        <line num="185" count="0" type="stmt"/>
        <line num="186" count="0" type="stmt"/>
      </file>
      <file name="ClientEvents.vue" path="C:\xampp\htdocs\Ynov\av2-linked-up\src\components\clients\ClientEvents.vue">
        <metrics statements="1" coveredstatements="0" conditionals="0" coveredconditionals="0" methods="1" coveredmethods="0"/>
        <line num="16" count="0" type="stmt"/>
      </file>
      <file name="ClientInbox.vue" path="C:\xampp\htdocs\Ynov\av2-linked-up\src\components\clients\ClientInbox.vue">
        <metrics statements="4" coveredstatements="3" conditionals="0" coveredconditionals="0" methods="4" coveredmethods="3"/>
        <line num="24" count="2" type="stmt"/>
        <line num="29" count="2" type="stmt"/>
        <line num="32" count="2" type="stmt"/>
        <line num="35" count="0" type="stmt"/>
      </file>
      <file name="ClientProjects.vue" path="C:\xampp\htdocs\Ynov\av2-linked-up\src\components\clients\ClientProjects.vue">
        <metrics statements="4" coveredstatements="3" conditionals="0" coveredconditionals="0" methods="4" coveredmethods="3"/>
        <line num="29" count="2" type="stmt"/>
        <line num="34" count="2" type="stmt"/>
        <line num="37" count="1" type="stmt"/>
        <line num="40" count="0" type="stmt"/>
      </file>
    </package>
    <package name="src.components.home">
      <metrics statements="32" coveredstatements="12" conditionals="2" coveredconditionals="1" methods="20" coveredmethods="8"/>
      <file name="Categories.vue" path="C:\xampp\htdocs\Ynov\av2-linked-up\src\components\home\Categories.vue">
        <metrics statements="3" coveredstatements="2" conditionals="0" coveredconditionals="0" methods="3" coveredmethods="2"/>
        <line num="58" count="2" type="stmt"/>
        <line num="60" count="2" type="stmt"/>
        <line num="61" count="0" type="stmt"/>
      </file>
      <file name="Geoloc.vue" path="C:\xampp\htdocs\Ynov\av2-linked-up\src\components\home\Geoloc.vue">
        <metrics statements="29" coveredstatements="10" conditionals="2" coveredconditionals="1" methods="17" coveredmethods="6"/>
        <line num="43" count="24" type="stmt"/>
        <line num="63" count="0" type="stmt"/>
        <line num="64" count="0" type="stmt"/>
        <line num="68" count="0" type="stmt"/>
        <line num="69" count="0" type="stmt"/>
        <line num="81" count="0" type="stmt"/>
        <line num="84" count="0" type="stmt"/>
        <line num="85" count="0" type="stmt"/>
        <line num="86" count="0" type="stmt"/>
        <line num="88" count="0" type="stmt"/>
        <line num="89" count="0" type="stmt"/>
        <line num="90" count="0" type="stmt"/>
        <line num="91" count="0" type="stmt"/>
        <line num="92" count="0" type="stmt"/>
        <line num="101" count="0" type="stmt"/>
        <line num="109" count="2" type="stmt"/>
        <line num="111" count="2" type="stmt"/>
        <line num="112" count="2" type="stmt"/>
        <line num="115" count="2" type="stmt"/>
        <line num="116" count="2" type="stmt"/>
        <line num="117" count="0" type="stmt"/>
        <line num="118" count="2" type="stmt"/>
        <line num="127" count="2" type="cond" truecount="1" falsecount="1"/>
        <line num="128" count="0" type="stmt"/>
        <line num="129" count="0" type="stmt"/>
        <line num="130" count="0" type="stmt"/>
        <line num="132" count="2" type="stmt"/>
        <line num="133" count="2" type="stmt"/>
        <line num="134" count="0" type="stmt"/>
      </file>
    </package>
    <package name="src.components.nav">
      <metrics statements="8" coveredstatements="7" conditionals="1" coveredconditionals="0" methods="6" coveredmethods="6"/>
      <file name="Footer.vue" path="C:\xampp\htdocs\Ynov\av2-linked-up\src\components\nav\Footer.vue">
        <metrics statements="3" coveredstatements="3" conditionals="0" coveredconditionals="0" methods="3" coveredmethods="3"/>
        <line num="31" count="19" type="stmt"/>
        <line num="36" count="19" type="stmt"/>
        <line num="45" count="19" type="stmt"/>
      </file>
      <file name="Navbar.vue" path="C:\xampp\htdocs\Ynov\av2-linked-up\src\components\nav\Navbar.vue">
        <metrics statements="5" coveredstatements="4" conditionals="1" coveredconditionals="0" methods="3" coveredmethods="3"/>
        <line num="72" count="45" type="stmt"/>
        <line num="76" count="28" type="stmt"/>
        <line num="87" count="1" type="stmt"/>
        <line num="88" count="1" type="cond" truecount="0" falsecount="1"/>
        <line num="89" count="0" type="stmt"/>
      </file>
    </package>
    <package name="src.router">
      <metrics statements="9" coveredstatements="8" conditionals="4" coveredconditionals="3" methods="2" coveredmethods="2"/>
      <file name="index.js" path="C:\xampp\htdocs\Ynov\av2-linked-up\src\router\index.js">
        <metrics statements="9" coveredstatements="8" conditionals="4" coveredconditionals="3" methods="2" coveredmethods="2"/>
        <line num="22" count="19" type="stmt"/>
        <line num="124" count="19" type="stmt"/>
        <line num="129" count="19" type="stmt"/>
        <line num="130" count="80" type="cond" truecount="2" falsecount="0"/>
        <line num="131" count="49" type="stmt"/>
        <line num="132" count="49" type="stmt"/>
        <line num="134" count="31" type="cond" truecount="1" falsecount="1"/>
        <line num="135" count="31" type="stmt"/>
        <line num="137" count="0" type="stmt"/>
      </file>
    </package>
    <package name="src.store">
      <metrics statements="0" coveredstatements="0" conditionals="0" coveredconditionals="0" methods="0" coveredmethods="0"/>
      <file name="index.js" path="C:\xampp\htdocs\Ynov\av2-linked-up\src\store\index.js">
        <metrics statements="0" coveredstatements="0" conditionals="0" coveredconditionals="0" methods="0" coveredmethods="0"/>
      </file>
    </package>
    <package name="src.store.modules">
      <metrics statements="280" coveredstatements="155" conditionals="28" coveredconditionals="15" methods="77" coveredmethods="52"/>
      <file name="artistProfile.js" path="C:\xampp\htdocs\Ynov\av2-linked-up\src\store\modules\artistProfile.js">
        <metrics statements="33" coveredstatements="19" conditionals="4" coveredconditionals="2" methods="9" coveredmethods="8"/>
        <line num="30" count="6" type="stmt"/>
        <line num="33" count="2" type="stmt"/>
        <line num="52" count="0" type="stmt"/>
        <line num="53" count="0" type="stmt"/>
        <line num="55" count="0" type="stmt"/>
        <line num="56" count="0" type="stmt"/>
        <line num="69" count="0" type="stmt"/>
        <line num="70" count="0" type="stmt"/>
        <line num="80" count="9" type="stmt"/>
        <line num="82" count="9" type="stmt"/>
        <line num="83" count="9" type="stmt"/>
        <line num="84" count="8" type="cond" truecount="1" falsecount="1"/>
        <line num="85" count="8" type="stmt"/>
        <line num="87" count="0" type="stmt"/>
        <line num="89" count="0" type="stmt"/>
        <line num="90" count="0" type="stmt"/>
        <line num="100" count="6" type="stmt"/>
        <line num="101" count="6" type="stmt"/>
        <line num="102" count="6" type="stmt"/>
        <line num="103" count="6" type="cond" truecount="1" falsecount="1"/>
        <line num="104" count="0" type="stmt"/>
        <line num="106" count="6" type="stmt"/>
        <line num="108" count="0" type="stmt"/>
        <line num="109" count="0" type="stmt"/>
        <line num="118" count="2" type="stmt"/>
        <line num="119" count="2" type="stmt"/>
        <line num="120" count="2" type="stmt"/>
        <line num="121" count="8" type="stmt"/>
        <line num="127" count="2" type="stmt"/>
        <line num="129" count="0" type="stmt"/>
        <line num="130" count="0" type="stmt"/>
        <line num="142" count="6" type="stmt"/>
        <line num="145" count="2" type="stmt"/>
      </file>
      <file name="auth.js" path="C:\xampp\htdocs\Ynov\av2-linked-up\src\store\modules\auth.js">
        <metrics statements="29" coveredstatements="27" conditionals="10" coveredconditionals="7" methods="11" coveredmethods="11"/>
        <line num="32" count="22" type="stmt"/>
        <line num="35" count="34" type="stmt"/>
        <line num="38" count="2" type="stmt"/>
        <line num="59" count="1" type="stmt"/>
        <line num="64" count="1" type="cond" truecount="1" falsecount="1"/>
        <line num="65" count="1" type="stmt"/>
        <line num="70" count="1" type="cond" truecount="1" falsecount="1"/>
        <line num="71" count="0" type="stmt"/>
        <line num="76" count="1" type="cond" truecount="1" falsecount="1"/>
        <line num="77" count="0" type="stmt"/>
        <line num="82" count="1" type="stmt"/>
        <line num="88" count="1" type="stmt"/>
        <line num="92" count="1" type="stmt"/>
        <line num="102" count="6" type="stmt"/>
        <line num="104" count="6" type="stmt"/>
        <line num="112" count="19" type="stmt"/>
        <line num="114" count="19" type="cond" truecount="2" falsecount="0"/>
        <line num="115" count="5" type="stmt"/>
        <line num="125" count="10" type="stmt"/>
        <line num="127" count="10" type="stmt"/>
        <line num="136" count="40" type="stmt"/>
        <line num="138" count="40" type="cond" truecount="2" falsecount="0"/>
        <line num="139" count="36" type="stmt"/>
        <line num="140" count="34" type="stmt"/>
        <line num="141" count="34" type="stmt"/>
        <line num="145" count="2" type="stmt"/>
        <line num="146" count="2" type="stmt"/>
        <line num="156" count="38" type="stmt"/>
        <line num="159" count="2" type="stmt"/>
      </file>
      <file name="clientProfile.js" path="C:\xampp\htdocs\Ynov\av2-linked-up\src\store\modules\clientProfile.js">
        <metrics statements="17" coveredstatements="5" conditionals="4" coveredconditionals="1" methods="5" coveredmethods="2"/>
        <line num="27" count="1" type="stmt"/>
        <line num="45" count="0" type="stmt"/>
        <line num="47" count="0" type="stmt"/>
        <line num="48" count="0" type="stmt"/>
        <line num="57" count="0" type="stmt"/>
        <line num="58" count="0" type="stmt"/>
        <line num="68" count="1" type="stmt"/>
        <line num="69" count="1" type="stmt"/>
        <line num="70" count="1" type="cond" truecount="1" falsecount="1"/>
        <line num="71" count="0" type="stmt"/>
        <line num="73" count="1" type="stmt"/>
        <line num="82" count="0" type="stmt"/>
        <line num="83" count="0" type="stmt"/>
        <line num="84" count="0" type="cond" truecount="0" falsecount="2"/>
        <line num="85" count="0" type="stmt"/>
        <line num="87" count="0" type="stmt"/>
        <line num="97" count="0" type="stmt"/>
      </file>
      <file name="gallery.js" path="C:\xampp\htdocs\Ynov\av2-linked-up\src\store\modules\gallery.js">
        <metrics statements="55" coveredstatements="27" conditionals="6" coveredconditionals="2" methods="9" coveredmethods="7"/>
        <line num="33" count="0" type="stmt"/>
        <line num="36" count="4" type="stmt"/>
        <line num="39" count="4" type="stmt"/>
        <line num="64" count="0" type="stmt"/>
        <line num="65" count="0" type="stmt"/>
        <line num="66" count="0" type="stmt"/>
        <line num="68" count="0" type="stmt"/>
        <line num="69" count="0" type="stmt"/>
        <line num="70" count="0" type="stmt"/>
        <line num="71" count="0" type="stmt"/>
        <line num="72" count="0" type="stmt"/>
        <line num="73" count="0" type="stmt"/>
        <line num="76" count="0" type="stmt"/>
        <line num="77" count="0" type="stmt"/>
        <line num="81" count="0" type="stmt"/>
        <line num="82" count="0" type="stmt"/>
        <line num="92" count="4" type="stmt"/>
        <line num="93" count="4" type="stmt"/>
        <line num="94" count="4" type="stmt"/>
        <line num="95" count="4" type="cond" truecount="1" falsecount="1"/>
        <line num="96" count="0" type="stmt"/>
        <line num="98" count="4" type="stmt"/>
        <line num="108" count="2" type="stmt"/>
        <line num="109" count="2" type="stmt"/>
        <line num="110" count="2" type="stmt"/>
        <line num="112" count="2" type="stmt"/>
        <line num="113" count="2" type="stmt"/>
        <line num="114" count="2" type="stmt"/>
        <line num="115" count="2" type="stmt"/>
        <line num="116" count="2" type="stmt"/>
        <line num="117" count="1" type="stmt"/>
        <line num="120" count="1" type="stmt"/>
        <line num="121" count="0" type="stmt"/>
        <line num="122" count="0" type="cond" truecount="0" falsecount="2"/>
        <line num="123" count="0" type="stmt"/>
        <line num="126" count="0" type="stmt"/>
        <line num="128" count="0" type="stmt"/>
        <line num="129" count="0" type="stmt"/>
        <line num="132" count="0" type="stmt"/>
        <line num="133" count="0" type="stmt"/>
        <line num="137" count="0" type="stmt"/>
        <line num="138" count="0" type="stmt"/>
        <line num="149" count="2" type="stmt"/>
        <line num="150" count="2" type="stmt"/>
        <line num="151" count="2" type="stmt"/>
        <line num="155" count="0" type="stmt"/>
        <line num="156" count="0" type="stmt"/>
        <line num="167" count="6" type="stmt"/>
        <line num="168" count="6" type="stmt"/>
        <line num="169" count="4" type="stmt"/>
        <line num="170" count="4" type="cond" truecount="1" falsecount="1"/>
        <line num="171" count="0" type="stmt"/>
        <line num="173" count="4" type="stmt"/>
        <line num="174" count="4" type="stmt"/>
        <line num="184" count="4" type="stmt"/>
      </file>
      <file name="index.js" path="C:\xampp\htdocs\Ynov\av2-linked-up\src\store\modules\index.js">
        <metrics statements="8" coveredstatements="8" conditionals="4" coveredconditionals="3" methods="1" coveredmethods="1"/>
        <line num="8" count="19" type="stmt"/>
        <line num="9" count="19" type="stmt"/>
        <line num="11" count="19" type="stmt"/>
        <line num="12" count="171" type="cond" truecount="2" falsecount="0"/>
        <line num="13" count="19" type="stmt"/>
        <line num="16" count="152" type="stmt"/>
        <line num="17" count="152" type="stmt"/>
        <line num="18" count="152" type="cond" truecount="1" falsecount="1"/>
      </file>
      <file name="messages.js" path="C:\xampp\htdocs\Ynov\av2-linked-up\src\store\modules\messages.js">
        <metrics statements="49" coveredstatements="28" conditionals="0" coveredconditionals="0" methods="15" coveredmethods="10"/>
        <line num="31" count="4" type="stmt"/>
        <line num="34" count="2" type="stmt"/>
        <line num="37" count="0" type="stmt"/>
        <line num="57" count="0" type="stmt"/>
        <line num="58" count="0" type="stmt"/>
        <line num="59" count="0" type="stmt"/>
        <line num="74" count="0" type="stmt"/>
        <line num="75" count="0" type="stmt"/>
        <line num="76" count="0" type="stmt"/>
        <line num="78" count="0" type="stmt"/>
        <line num="88" count="2" type="stmt"/>
        <line num="89" count="2" type="stmt"/>
        <line num="90" count="2" type="stmt"/>
        <line num="96" count="2" type="stmt"/>
        <line num="97" count="2" type="stmt"/>
        <line num="98" count="2" type="stmt"/>
        <line num="102" count="0" type="stmt"/>
        <line num="112" count="4" type="stmt"/>
        <line num="113" count="4" type="stmt"/>
        <line num="114" count="4" type="stmt"/>
        <line num="118" count="4" type="stmt"/>
        <line num="119" count="4" type="stmt"/>
        <line num="120" count="4" type="stmt"/>
        <line num="121" count="98" type="stmt"/>
        <line num="122" count="98" type="stmt"/>
        <line num="123" count="98" type="stmt"/>
        <line num="126" count="4" type="stmt"/>
        <line num="128" count="0" type="stmt"/>
        <line num="138" count="2" type="stmt"/>
        <line num="139" count="2" type="stmt"/>
        <line num="140" count="2" type="stmt"/>
        <line num="141" count="2" type="stmt"/>
        <line num="145" count="2" type="stmt"/>
        <line num="146" count="4" type="stmt"/>
        <line num="147" count="4" type="stmt"/>
        <line num="150" count="2" type="stmt"/>
        <line num="152" count="0" type="stmt"/>
        <line num="162" count="0" type="stmt"/>
        <line num="163" count="0" type="stmt"/>
        <line num="164" count="0" type="stmt"/>
        <line num="165" count="0" type="stmt"/>
        <line num="169" count="0" type="stmt"/>
        <line num="170" count="0" type="stmt"/>
        <line num="171" count="0" type="stmt"/>
        <line num="173" count="0" type="stmt"/>
        <line num="175" count="0" type="stmt"/>
        <line num="188" count="4" type="stmt"/>
        <line num="191" count="2" type="stmt"/>
        <line num="194" count="0" type="stmt"/>
      </file>
      <file name="projects.js" path="C:\xampp\htdocs\Ynov\av2-linked-up\src\store\modules\projects.js">
        <metrics statements="53" coveredstatements="11" conditionals="0" coveredconditionals="0" methods="15" coveredmethods="4"/>
        <line num="31" count="0" type="stmt"/>
        <line num="34" count="0" type="stmt"/>
        <line num="37" count="1" type="stmt"/>
        <line num="40" count="0" type="stmt"/>
        <line num="55" count="0" type="stmt"/>
        <line num="56" count="0" type="stmt"/>
        <line num="57" count="0" type="stmt"/>
        <line num="58" count="0" type="stmt"/>
        <line num="65" count="0" type="stmt"/>
        <line num="67" count="0" type="stmt"/>
        <line num="68" count="0" type="stmt"/>
        <line num="70" count="0" type="stmt"/>
        <line num="71" count="0" type="stmt"/>
        <line num="75" count="0" type="stmt"/>
        <line num="76" count="0" type="stmt"/>
        <line num="77" count="0" type="stmt"/>
        <line num="78" count="0" type="stmt"/>
        <line num="82" count="0" type="stmt"/>
        <line num="83" count="0" type="stmt"/>
        <line num="84" count="0" type="stmt"/>
        <line num="85" count="0" type="stmt"/>
        <line num="87" count="0" type="stmt"/>
        <line num="89" count="0" type="stmt"/>
        <line num="90" count="0" type="stmt"/>
        <line num="94" count="2" type="stmt"/>
        <line num="95" count="2" type="stmt"/>
        <line num="96" count="2" type="stmt"/>
        <line num="97" count="2" type="stmt"/>
        <line num="100" count="1" type="stmt"/>
        <line num="101" count="3" type="stmt"/>
        <line num="102" count="3" type="stmt"/>
        <line num="103" count="3" type="stmt"/>
        <line num="105" count="1" type="stmt"/>
        <line num="107" count="0" type="stmt"/>
        <line num="108" count="0" type="stmt"/>
        <line num="112" count="0" type="stmt"/>
        <line num="113" count="0" type="stmt"/>
        <line num="114" count="0" type="stmt"/>
        <line num="116" count="0" type="stmt"/>
        <line num="117" count="0" type="stmt"/>
        <line num="121" count="0" type="stmt"/>
        <line num="122" count="0" type="stmt"/>
        <line num="123" count="0" type="stmt"/>
        <line num="124" count="0" type="stmt"/>
        <line num="126" count="0" type="stmt"/>
        <line num="127" count="0" type="stmt"/>
        <line num="131" count="0" type="stmt"/>
        <line num="132" count="0" type="stmt"/>
        <line num="134" count="0" type="stmt"/>
        <line num="135" count="0" type="stmt"/>
        <line num="147" count="1" type="stmt"/>
        <line num="150" count="0" type="stmt"/>
        <line num="153" count="0" type="stmt"/>
      </file>
      <file name="search.js" path="C:\xampp\htdocs\Ynov\av2-linked-up\src\store\modules\search.js">
        <metrics statements="10" coveredstatements="10" conditionals="0" coveredconditionals="0" methods="6" coveredmethods="6"/>
        <line num="27" count="2" type="stmt"/>
        <line num="30" count="2" type="stmt"/>
        <line num="48" count="2" type="stmt"/>
        <line num="49" count="2" type="stmt"/>
        <line num="50" count="2" type="stmt"/>
        <line num="56" count="2" type="stmt"/>
        <line num="66" count="2" type="stmt"/>
        <line num="67" count="2" type="stmt"/>
        <line num="68" count="6" type="stmt"/>
        <line num="74" count="2" type="stmt"/>
      </file>
      <file name="thumbnail.js" path="C:\xampp\htdocs\Ynov\av2-linked-up\src\store\modules\thumbnail.js">
        <metrics statements="26" coveredstatements="20" conditionals="0" coveredconditionals="0" methods="6" coveredmethods="3"/>
        <line num="35" count="0" type="stmt"/>
        <line num="38" count="1" type="stmt"/>
        <line num="56" count="1" type="stmt"/>
        <line num="57" count="1" type="stmt"/>
        <line num="58" count="1" type="stmt"/>
        <line num="59" count="1" type="stmt"/>
        <line num="61" count="1" type="stmt"/>
        <line num="62" count="1" type="stmt"/>
        <line num="63" count="1" type="stmt"/>
        <line num="64" count="1" type="stmt"/>
        <line num="67" count="0" type="stmt"/>
        <line num="69" count="1" type="stmt"/>
        <line num="70" count="1" type="stmt"/>
        <line num="81" count="1" type="stmt"/>
        <line num="82" count="1" type="stmt"/>
        <line num="83" count="1" type="stmt"/>
        <line num="84" count="1" type="stmt"/>
        <line num="86" count="1" type="stmt"/>
        <line num="87" count="1" type="stmt"/>
        <line num="88" count="1" type="stmt"/>
        <line num="89" count="1" type="stmt"/>
        <line num="92" count="1" type="stmt"/>
        <line num="94" count="0" type="stmt"/>
        <line num="95" count="0" type="stmt"/>
        <line num="106" count="0" type="stmt"/>
        <line num="109" count="0" type="stmt"/>
      </file>
    </package>
    <package name="src.utils">
      <metrics statements="18" coveredstatements="18" conditionals="2" coveredconditionals="1" methods="2" coveredmethods="2"/>
      <file name="firebase.js" path="C:\xampp\htdocs\Ynov\av2-linked-up\src\utils\firebase.js">
        <metrics statements="13" coveredstatements="13" conditionals="0" coveredconditionals="0" methods="0" coveredmethods="0"/>
        <line num="13" count="19" type="stmt"/>
        <line num="23" count="19" type="stmt"/>
        <line num="25" count="19" type="stmt"/>
        <line num="26" count="19" type="stmt"/>
        <line num="27" count="19" type="stmt"/>
        <line num="28" count="19" type="stmt"/>
        <line num="30" count="19" type="stmt"/>
        <line num="31" count="19" type="stmt"/>
        <line num="32" count="19" type="stmt"/>
        <line num="33" count="19" type="stmt"/>
        <line num="34" count="19" type="stmt"/>
        <line num="35" count="19" type="stmt"/>
        <line num="36" count="19" type="stmt"/>
      </file>
      <file name="globals.js" path="C:\xampp\htdocs\Ynov\av2-linked-up\src\utils\globals.js">
        <metrics statements="5" coveredstatements="5" conditionals="2" coveredconditionals="1" methods="2" coveredmethods="2"/>
        <line num="11" count="19" type="stmt"/>
        <line num="17" count="19" type="stmt"/>
        <line num="18" count="57" type="stmt"/>
        <line num="19" count="57" type="stmt"/>
        <line num="23" count="57" type="stmt"/>
      </file>
      <file name="styles.js" path="C:\xampp\htdocs\Ynov\av2-linked-up\src\utils\styles.js">
        <metrics statements="0" coveredstatements="0" conditionals="0" coveredconditionals="0" methods="0" coveredmethods="0"/>
      </file>
    </package>
    <package name="src.views">
      <metrics statements="33" coveredstatements="17" conditionals="2" coveredconditionals="1" methods="23" coveredmethods="11"/>
      <file name="ArtistContact.vue" path="C:\xampp\htdocs\Ynov\av2-linked-up\src\views\ArtistContact.vue">
        <metrics statements="8" coveredstatements="0" conditionals="0" coveredconditionals="0" methods="5" coveredmethods="0"/>
        <line num="37" count="0" type="stmt"/>
        <line num="45" count="0" type="stmt"/>
        <line num="46" count="0" type="stmt"/>
        <line num="47" count="0" type="stmt"/>
        <line num="51" count="0" type="stmt"/>
        <line num="57" count="0" type="stmt"/>
        <line num="60" count="0" type="stmt"/>
        <line num="62" count="0" type="stmt"/>
      </file>
      <file name="ArtistProfile.vue" path="C:\xampp\htdocs\Ynov\av2-linked-up\src\views\ArtistProfile.vue">
        <metrics statements="16" coveredstatements="12" conditionals="2" coveredconditionals="1" methods="9" coveredmethods="6"/>
        <line num="72" count="6" type="stmt"/>
        <line num="91" count="6" type="stmt"/>
        <line num="94" count="6" type="stmt"/>
        <line num="95" count="6" type="stmt"/>
        <line num="97" count="0" type="stmt"/>
        <line num="99" count="6" type="stmt"/>
        <line num="102" count="4" type="stmt"/>
        <line num="104" count="0" type="stmt"/>
        <line num="106" count="4" type="stmt"/>
        <line num="109" count="4" type="stmt"/>
        <line num="111" count="0" type="stmt"/>
        <line num="115" count="2" type="stmt"/>
        <line num="116" count="2" type="stmt"/>
        <line num="117" count="2" type="cond" truecount="1" falsecount="1"/>
        <line num="118" count="0" type="stmt"/>
        <line num="120" count="2" type="stmt"/>
      </file>
      <file name="CategoriesResults.vue" path="C:\xampp\htdocs\Ynov\av2-linked-up\src\views\CategoriesResults.vue">
        <metrics statements="2" coveredstatements="2" conditionals="0" coveredconditionals="0" methods="2" coveredmethods="2"/>
        <line num="39" count="2" type="stmt"/>
        <line num="44" count="2" type="stmt"/>
      </file>
      <file name="ClientProfile.vue" path="C:\xampp\htdocs\Ynov\av2-linked-up\src\views\ClientProfile.vue">
        <metrics statements="4" coveredstatements="0" conditionals="0" coveredconditionals="0" methods="4" coveredmethods="0"/>
        <line num="37" count="0" type="stmt"/>
        <line num="49" count="0" type="stmt"/>
        <line num="52" count="0" type="stmt"/>
        <line num="54" count="0" type="stmt"/>
      </file>
      <file name="GeoResults.vue" path="C:\xampp\htdocs\Ynov\av2-linked-up\src\views\GeoResults.vue">
        <metrics statements="2" coveredstatements="2" conditionals="0" coveredconditionals="0" methods="2" coveredmethods="2"/>
        <line num="39" count="2" type="stmt"/>
        <line num="44" count="2" type="stmt"/>
      </file>
      <file name="Login.vue" path="C:\xampp\htdocs\Ynov\av2-linked-up\src\views\Login.vue">
        <metrics statements="1" coveredstatements="1" conditionals="0" coveredconditionals="0" methods="1" coveredmethods="1"/>
        <line num="36" count="7" type="stmt"/>
      </file>
    </package>
  </project>
</coverage>
