{"C:\\xampp\\htdocs\\Ynov\\av2-linked-up\\src\\components\\admin\\AdminEvents.vue": {"path":"C:\\xampp\\htdocs\\Ynov\\av2-linked-up\\src\\components\\admin\\AdminEvents.vue","statementMap":{"0":{"start":{"line":26,"column":4},"end":{"line":28,"column":null}},"1":{"start":{"line":31,"column":4},"end":{"line":33,"column":null}},"2":{"start":{"line":32,"column":6},"end":{"line":32,"column":null}}},"fnMap":{"0":{"name":"(anonymous_0)","decl":{"start":{"line":25,"column":2},"end":{"line":25,"column":3}},"loc":{"start":{"line":25,"column":9},"end":{"line":29,"column":3}}},"1":{"name":"(anonymous_1)","decl":{"start":{"line":30,"column":2},"end":{"line":30,"column":3}},"loc":{"start":{"line":30,"column":12},"end":{"line":34,"column":3}}},"2":{"name":"(anonymous_2)","decl":{"start":{"line":31,"column":45},"end":{"line":31,"column":46}},"loc":{"start":{"line":31,"column":51},"end":{"line":33,"column":5}}}},"branchMap":{},"s":{"0":4,"1":4,"2":4},"f":{"0":4,"1":4,"2":4},"b":{}}
,"C:\\xampp\\htdocs\\Ynov\\av2-linked-up\\src\\components\\admin\\AdminGallery.vue": {"path":"C:\\xampp\\htdocs\\Ynov\\av2-linked-up\\src\\components\\admin\\AdminGallery.vue","statementMap":{"0":{"start":{"line":88,"column":4},"end":{"line":92,"column":null}},"1":{"start":{"line":95,"column":4},"end":{"line":97,"column":null}},"2":{"start":{"line":96,"column":6},"end":{"line":96,"column":null}},"3":{"start":{"line":101,"column":20},"end":{"line":101,"column":39}},"4":{"start":{"line":102,"column":6},"end":{"line":102,"column":null}},"5":{"start":{"line":103,"column":23},"end":{"line":103,"column":25}},"6":{"start":{"line":104,"column":6},"end":{"line":110,"column":null}},"7":{"start":{"line":105,"column":8},"end":{"line":108,"column":null}},"8":{"start":{"line":105,"column":21},"end":{"line":105,"column":22}},"9":{"start":{"line":106,"column":29},"end":{"line":106,"column":63}},"10":{"start":{"line":107,"column":10},"end":{"line":107,"column":null}},"11":{"start":{"line":109,"column":8},"end":{"line":109,"column":null}},"12":{"start":{"line":113,"column":6},"end":{"line":113,"column":null}},"13":{"start":{"line":114,"column":6},"end":{"line":114,"column":null}},"14":{"start":{"line":115,"column":6},"end":{"line":115,"column":null}},"15":{"start":{"line":118,"column":6},"end":{"line":118,"column":null}},"16":{"start":{"line":119,"column":6},"end":{"line":119,"column":null}},"17":{"start":{"line":120,"column":6},"end":{"line":120,"column":null}},"18":{"start":{"line":123,"column":6},"end":{"line":123,"column":null}},"19":{"start":{"line":124,"column":6},"end":{"line":124,"column":null}},"20":{"start":{"line":127,"column":6},"end":{"line":127,"column":null}}},"fnMap":{"0":{"name":"(anonymous_0)","decl":{"start":{"line":87,"column":2},"end":{"line":87,"column":3}},"loc":{"start":{"line":87,"column":9},"end":{"line":93,"column":3}}},"1":{"name":"(anonymous_1)","decl":{"start":{"line":94,"column":2},"end":{"line":94,"column":3}},"loc":{"start":{"line":94,"column":12},"end":{"line":98,"column":3}}},"2":{"name":"(anonymous_2)","decl":{"start":{"line":95,"column":50},"end":{"line":95,"column":51}},"loc":{"start":{"line":95,"column":56},"end":{"line":97,"column":5}}},"3":{"name":"(anonymous_3)","decl":{"start":{"line":100,"column":4},"end":{"line":100,"column":5}},"loc":{"start":{"line":100,"column":25},"end":{"line":111,"column":5}}},"4":{"name":"(anonymous_4)","decl":{"start":{"line":112,"column":4},"end":{"line":112,"column":5}},"loc":{"start":{"line":112,"column":29},"end":{"line":116,"column":5}}},"5":{"name":"(anonymous_5)","decl":{"start":{"line":117,"column":4},"end":{"line":117,"column":5}},"loc":{"start":{"line":117,"column":32},"end":{"line":121,"column":5}}},"6":{"name":"(anonymous_6)","decl":{"start":{"line":122,"column":4},"end":{"line":122,"column":5}},"loc":{"start":{"line":122,"column":17},"end":{"line":125,"column":5}}},"7":{"name":"(anonymous_7)","decl":{"start":{"line":126,"column":4},"end":{"line":126,"column":5}},"loc":{"start":{"line":126,"column":21},"end":{"line":128,"column":5}}}},"branchMap":{"0":{"loc":{"start":{"line":104,"column":6},"end":{"line":110,"column":null}},"type":"if","locations":[{"start":{"line":104,"column":6},"end":{"line":110,"column":null}}]}},"s":{"0":4,"1":4,"2":4,"3":2,"4":2,"5":2,"6":2,"7":2,"8":2,"9":2,"10":2,"11":2,"12":0,"13":0,"14":0,"15":2,"16":0,"17":0,"18":2,"19":2,"20":0},"f":{"0":4,"1":4,"2":4,"3":2,"4":0,"5":2,"6":2,"7":0},"b":{"0":[2]}}
,"C:\\xampp\\htdocs\\Ynov\\av2-linked-up\\src\\components\\admin\\AdminInbox.vue": {"path":"C:\\xampp\\htdocs\\Ynov\\av2-linked-up\\src\\components\\admin\\AdminInbox.vue","statementMap":{"0":{"start":{"line":23,"column":4},"end":{"line":25,"column":null}},"1":{"start":{"line":28,"column":4},"end":{"line":30,"column":null}},"2":{"start":{"line":29,"column":6},"end":{"line":29,"column":null}}},"fnMap":{"0":{"name":"(anonymous_0)","decl":{"start":{"line":22,"column":2},"end":{"line":22,"column":3}},"loc":{"start":{"line":22,"column":9},"end":{"line":26,"column":3}}},"1":{"name":"(anonymous_1)","decl":{"start":{"line":27,"column":2},"end":{"line":27,"column":3}},"loc":{"start":{"line":27,"column":12},"end":{"line":31,"column":3}}},"2":{"name":"(anonymous_2)","decl":{"start":{"line":28,"column":45},"end":{"line":28,"column":46}},"loc":{"start":{"line":28,"column":51},"end":{"line":30,"column":5}}}},"branchMap":{},"s":{"0":3,"1":3,"2":3},"f":{"0":3,"1":3,"2":3},"b":{}}
,"C:\\xampp\\htdocs\\Ynov\\av2-linked-up\\src\\components\\admin\\AdminNav.vue": {"path":"C:\\xampp\\htdocs\\Ynov\\av2-linked-up\\src\\components\\admin\\AdminNav.vue","statementMap":{"0":{"start":{"line":30,"column":4},"end":{"line":32,"column":null}},"1":{"start":{"line":36,"column":6},"end":{"line":36,"column":null}},"2":{"start":{"line":37,"column":6},"end":{"line":39,"column":null}},"3":{"start":{"line":38,"column":8},"end":{"line":38,"column":null}}},"fnMap":{"0":{"name":"(anonymous_0)","decl":{"start":{"line":29,"column":2},"end":{"line":29,"column":3}},"loc":{"start":{"line":29,"column":9},"end":{"line":33,"column":3}}},"1":{"name":"(anonymous_1)","decl":{"start":{"line":35,"column":4},"end":{"line":35,"column":5}},"loc":{"start":{"line":35,"column":13},"end":{"line":40,"column":5}}}},"branchMap":{"0":{"loc":{"start":{"line":37,"column":6},"end":{"line":39,"column":null}},"type":"if","locations":[{"start":{"line":37,"column":6},"end":{"line":39,"column":null}}]}},"s":{"0":16,"1":11,"2":11,"3":11},"f":{"0":16,"1":11},"b":{"0":[11]}}
,"C:\\xampp\\htdocs\\Ynov\\av2-linked-up\\src\\components\\admin\\AdminProfile.vue": {"path":"C:\\xampp\\htdocs\\Ynov\\av2-linked-up\\src\\components\\admin\\AdminProfile.vue","statementMap":{"0":{"start":{"line":26,"column":4},"end":{"line":28,"column":null}},"1":{"start":{"line":31,"column":4},"end":{"line":33,"column":null}},"2":{"start":{"line":32,"column":6},"end":{"line":32,"column":null}}},"fnMap":{"0":{"name":"(anonymous_0)","decl":{"start":{"line":25,"column":2},"end":{"line":25,"column":3}},"loc":{"start":{"line":25,"column":9},"end":{"line":29,"column":3}}},"1":{"name":"(anonymous_1)","decl":{"start":{"line":30,"column":2},"end":{"line":30,"column":3}},"loc":{"start":{"line":30,"column":12},"end":{"line":34,"column":3}}},"2":{"name":"(anonymous_2)","decl":{"start":{"line":31,"column":45},"end":{"line":31,"column":46}},"loc":{"start":{"line":31,"column":51},"end":{"line":33,"column":5}}}},"branchMap":{},"s":{"0":16,"1":16,"2":15},"f":{"0":16,"1":16,"2":15},"b":{}}
,"C:\\xampp\\htdocs\\Ynov\\av2-linked-up\\src\\components\\admin\\AdminProjects.vue": {"path":"C:\\xampp\\htdocs\\Ynov\\av2-linked-up\\src\\components\\admin\\AdminProjects.vue","statementMap":{"0":{"start":{"line":23,"column":4},"end":{"line":25,"column":null}},"1":{"start":{"line":28,"column":4},"end":{"line":30,"column":null}},"2":{"start":{"line":29,"column":6},"end":{"line":29,"column":null}}},"fnMap":{"0":{"name":"(anonymous_0)","decl":{"start":{"line":22,"column":2},"end":{"line":22,"column":3}},"loc":{"start":{"line":22,"column":9},"end":{"line":26,"column":3}}},"1":{"name":"(anonymous_1)","decl":{"start":{"line":27,"column":2},"end":{"line":27,"column":3}},"loc":{"start":{"line":27,"column":12},"end":{"line":31,"column":3}}},"2":{"name":"(anonymous_2)","decl":{"start":{"line":28,"column":45},"end":{"line":28,"column":46}},"loc":{"start":{"line":28,"column":51},"end":{"line":30,"column":5}}}},"branchMap":{},"s":{"0":3,"1":3,"2":3},"f":{"0":3,"1":3,"2":3},"b":{}}
,"C:\\xampp\\htdocs\\Ynov\\av2-linked-up\\src\\components\\admin\\EventUpdate.vue": {"path":"C:\\xampp\\htdocs\\Ynov\\av2-linked-up\\src\\components\\admin\\EventUpdate.vue","statementMap":{"0":{"start":{"line":25,"column":4},"end":{"line":27,"column":null}},"1":{"start":{"line":30,"column":4},"end":{"line":32,"column":null}},"2":{"start":{"line":31,"column":6},"end":{"line":31,"column":null}}},"fnMap":{"0":{"name":"(anonymous_0)","decl":{"start":{"line":24,"column":2},"end":{"line":24,"column":3}},"loc":{"start":{"line":24,"column":9},"end":{"line":28,"column":3}}},"1":{"name":"(anonymous_1)","decl":{"start":{"line":29,"column":2},"end":{"line":29,"column":3}},"loc":{"start":{"line":29,"column":12},"end":{"line":33,"column":3}}},"2":{"name":"(anonymous_2)","decl":{"start":{"line":30,"column":45},"end":{"line":30,"column":46}},"loc":{"start":{"line":30,"column":51},"end":{"line":32,"column":5}}}},"branchMap":{},"s":{"0":0,"1":0,"2":0},"f":{"0":0,"1":0,"2":0},"b":{}}
,"C:\\xampp\\htdocs\\Ynov\\av2-linked-up\\src\\components\\admin\\GalleryItem.vue": {"path":"C:\\xampp\\htdocs\\Ynov\\av2-linked-up\\src\\components\\admin\\GalleryItem.vue","statementMap":{"0":{"start":{"line":24,"column":6},"end":{"line":24,"column":null}}},"fnMap":{"0":{"name":"(anonymous_0)","decl":{"start":{"line":23,"column":4},"end":{"line":23,"column":5}},"loc":{"start":{"line":23,"column":16},"end":{"line":25,"column":null}}}},"branchMap":{},"s":{"0":2},"f":{"0":2},"b":{}}
,"C:\\xampp\\htdocs\\Ynov\\av2-linked-up\\src\\components\\admin\\MessageDetails.vue": {"path":"C:\\xampp\\htdocs\\Ynov\\av2-linked-up\\src\\components\\admin\\MessageDetails.vue","statementMap":{"0":{"start":{"line":44,"column":4},"end":{"line":48,"column":null}},"1":{"start":{"line":51,"column":4},"end":{"line":53,"column":null}},"2":{"start":{"line":52,"column":6},"end":{"line":52,"column":null}},"3":{"start":{"line":55,"column":4},"end":{"line":55,"column":null}},"4":{"start":{"line":59,"column":24},"end":{"line":59,"column":45}},"5":{"start":{"line":60,"column":22},"end":{"line":63,"column":7}},"6":{"start":{"line":64,"column":6},"end":{"line":71,"column":null}},"7":{"start":{"line":67,"column":10},"end":{"line":67,"column":null}},"8":{"start":{"line":70,"column":10},"end":{"line":70,"column":null}},"9":{"start":{"line":74,"column":6},"end":{"line":82,"column":null}},"10":{"start":{"line":77,"column":10},"end":{"line":77,"column":null}},"11":{"start":{"line":80,"column":26},"end":{"line":80,"column":64}},"12":{"start":{"line":81,"column":10},"end":{"line":81,"column":null}}},"fnMap":{"0":{"name":"(anonymous_0)","decl":{"start":{"line":43,"column":2},"end":{"line":43,"column":3}},"loc":{"start":{"line":43,"column":9},"end":{"line":49,"column":3}}},"1":{"name":"(anonymous_1)","decl":{"start":{"line":50,"column":2},"end":{"line":50,"column":3}},"loc":{"start":{"line":50,"column":12},"end":{"line":56,"column":3}}},"2":{"name":"(anonymous_2)","decl":{"start":{"line":51,"column":48},"end":{"line":51,"column":49}},"loc":{"start":{"line":51,"column":54},"end":{"line":53,"column":5}}},"3":{"name":"(anonymous_3)","decl":{"start":{"line":58,"column":4},"end":{"line":58,"column":5}},"loc":{"start":{"line":58,"column":18},"end":{"line":72,"column":5}}},"4":{"name":"(anonymous_4)","decl":{"start":{"line":66,"column":14},"end":{"line":66,"column":15}},"loc":{"start":{"line":66,"column":20},"end":{"line":68,"column":9}}},"5":{"name":"(anonymous_5)","decl":{"start":{"line":69,"column":14},"end":{"line":69,"column":15}},"loc":{"start":{"line":69,"column":20},"end":{"line":71,"column":9}}},"6":{"name":"(anonymous_6)","decl":{"start":{"line":73,"column":4},"end":{"line":73,"column":5}},"loc":{"start":{"line":73,"column":18},"end":{"line":83,"column":5}}},"7":{"name":"(anonymous_7)","decl":{"start":{"line":76,"column":14},"end":{"line":76,"column":15}},"loc":{"start":{"line":76,"column":20},"end":{"line":78,"column":9}}},"8":{"name":"(anonymous_8)","decl":{"start":{"line":79,"column":14},"end":{"line":79,"column":15}},"loc":{"start":{"line":79,"column":20},"end":{"line":82,"column":9}}}},"branchMap":{},"s":{"0":2,"1":2,"2":2,"3":2,"4":2,"5":2,"6":2,"7":2,"8":2,"9":4,"10":4,"11":4,"12":4},"f":{"0":2,"1":2,"2":2,"3":2,"4":2,"5":2,"6":4,"7":4,"8":4},"b":{}}
,"C:\\xampp\\htdocs\\Ynov\\av2-linked-up\\src\\components\\admin\\PreviewItem.vue": {"path":"C:\\xampp\\htdocs\\Ynov\\av2-linked-up\\src\\components\\admin\\PreviewItem.vue","statementMap":{"0":{"start":{"line":23,"column":6},"end":{"line":23,"column":null}}},"fnMap":{"0":{"name":"(anonymous_0)","decl":{"start":{"line":22,"column":4},"end":{"line":22,"column":5}},"loc":{"start":{"line":22,"column":20},"end":{"line":24,"column":5}}}},"branchMap":{},"s":{"0":0},"f":{"0":0},"b":{}}
,"C:\\xampp\\htdocs\\Ynov\\av2-linked-up\\src\\components\\admin\\ProjectDetails.vue": {"path":"C:\\xampp\\htdocs\\Ynov\\av2-linked-up\\src\\components\\admin\\ProjectDetails.vue","statementMap":{"0":{"start":{"line":84,"column":4},"end":{"line":99,"column":null}},"1":{"start":{"line":102,"column":4},"end":{"line":102,"column":null}},"2":{"start":{"line":103,"column":4},"end":{"line":112,"column":null}},"3":{"start":{"line":106,"column":8},"end":{"line":106,"column":null}},"4":{"start":{"line":109,"column":8},"end":{"line":111,"column":null}},"5":{"start":{"line":110,"column":10},"end":{"line":110,"column":null}},"6":{"start":{"line":116,"column":19},"end":{"line":119,"column":7}},"7":{"start":{"line":120,"column":6},"end":{"line":120,"column":null}},"8":{"start":{"line":123,"column":22},"end":{"line":126,"column":7}},"9":{"start":{"line":127,"column":6},"end":{"line":127,"column":null}}},"fnMap":{"0":{"name":"(anonymous_0)","decl":{"start":{"line":83,"column":2},"end":{"line":83,"column":3}},"loc":{"start":{"line":83,"column":9},"end":{"line":100,"column":3}}},"1":{"name":"(anonymous_1)","decl":{"start":{"line":101,"column":2},"end":{"line":101,"column":3}},"loc":{"start":{"line":101,"column":12},"end":{"line":113,"column":3}}},"2":{"name":"(anonymous_2)","decl":{"start":{"line":105,"column":12},"end":{"line":105,"column":13}},"loc":{"start":{"line":105,"column":18},"end":{"line":107,"column":7}}},"3":{"name":"(anonymous_3)","decl":{"start":{"line":108,"column":12},"end":{"line":108,"column":13}},"loc":{"start":{"line":108,"column":18},"end":{"line":112,"column":7}}},"4":{"name":"(anonymous_4)","decl":{"start":{"line":115,"column":4},"end":{"line":115,"column":5}},"loc":{"start":{"line":115,"column":19},"end":{"line":121,"column":5}}},"5":{"name":"(anonymous_5)","decl":{"start":{"line":122,"column":4},"end":{"line":122,"column":5}},"loc":{"start":{"line":122,"column":29},"end":{"line":128,"column":5}}}},"branchMap":{"0":{"loc":{"start":{"line":109,"column":8},"end":{"line":111,"column":null}},"type":"if","locations":[{"start":{"line":109,"column":8},"end":{"line":111,"column":null}}]}},"s":{"0":0,"1":0,"2":0,"3":0,"4":0,"5":0,"6":0,"7":0,"8":0,"9":0},"f":{"0":0,"1":0,"2":0,"3":0,"4":0,"5":0},"b":{"0":[0]}}
,"C:\\xampp\\htdocs\\Ynov\\av2-linked-up\\src\\components\\admin\\ProjectItem.vue": {"path":"C:\\xampp\\htdocs\\Ynov\\av2-linked-up\\src\\components\\admin\\ProjectItem.vue","statementMap":{"0":{"start":{"line":40,"column":4},"end":{"line":42,"column":null}},"1":{"start":{"line":45,"column":4},"end":{"line":47,"column":null}},"2":{"start":{"line":46,"column":6},"end":{"line":46,"column":null}}},"fnMap":{"0":{"name":"(anonymous_0)","decl":{"start":{"line":39,"column":2},"end":{"line":39,"column":3}},"loc":{"start":{"line":39,"column":9},"end":{"line":43,"column":3}}},"1":{"name":"(anonymous_1)","decl":{"start":{"line":44,"column":2},"end":{"line":44,"column":3}},"loc":{"start":{"line":44,"column":12},"end":{"line":48,"column":3}}},"2":{"name":"(anonymous_2)","decl":{"start":{"line":45,"column":45},"end":{"line":45,"column":46}},"loc":{"start":{"line":45,"column":51},"end":{"line":47,"column":5}}}},"branchMap":{},"s":{"0":0,"1":0,"2":0},"f":{"0":0,"1":0,"2":0},"b":{}}
,"C:\\xampp\\htdocs\\Ynov\\av2-linked-up\\src\\components\\admin\\Sidenav.vue": {"path":"C:\\xampp\\htdocs\\Ynov\\av2-linked-up\\src\\components\\admin\\Sidenav.vue","statementMap":{"0":{"start":{"line":115,"column":4},"end":{"line":117,"column":null}},"1":{"start":{"line":120,"column":4},"end":{"line":122,"column":null}},"2":{"start":{"line":121,"column":6},"end":{"line":121,"column":null}}},"fnMap":{"0":{"name":"(anonymous_0)","decl":{"start":{"line":114,"column":2},"end":{"line":114,"column":3}},"loc":{"start":{"line":114,"column":9},"end":{"line":118,"column":3}}},"1":{"name":"(anonymous_1)","decl":{"start":{"line":119,"column":2},"end":{"line":119,"column":3}},"loc":{"start":{"line":119,"column":12},"end":{"line":123,"column":3}}},"2":{"name":"(anonymous_2)","decl":{"start":{"line":120,"column":45},"end":{"line":120,"column":46}},"loc":{"start":{"line":120,"column":51},"end":{"line":122,"column":5}}}},"branchMap":{},"s":{"0":16,"1":16,"2":15},"f":{"0":16,"1":16,"2":15},"b":{}}
,"C:\\xampp\\htdocs\\Ynov\\av2-linked-up\\src\\components\\app\\Modal.vue": {"path":"C:\\xampp\\htdocs\\Ynov\\av2-linked-up\\src\\components\\app\\Modal.vue","statementMap":{"0":{"start":{"line":41,"column":8},"end":{"line":45,"column":null}},"1":{"start":{"line":42,"column":10},"end":{"line":42,"column":null}},"2":{"start":{"line":44,"column":10},"end":{"line":44,"column":null}},"3":{"start":{"line":51,"column":6},"end":{"line":51,"column":null}},"4":{"start":{"line":54,"column":6},"end":{"line":56,"column":null}},"5":{"start":{"line":55,"column":8},"end":{"line":55,"column":null}},"6":{"start":{"line":59,"column":6},"end":{"line":59,"column":null}},"7":{"start":{"line":63,"column":4},"end":{"line":63,"column":null}},"8":{"start":{"line":66,"column":4},"end":{"line":66,"column":null}}},"fnMap":{"0":{"name":"(anonymous_0)","decl":{"start":{"line":40,"column":6},"end":{"line":40,"column":7}},"loc":{"start":{"line":40,"column":22},"end":{"line":46,"column":7}}},"1":{"name":"(anonymous_1)","decl":{"start":{"line":50,"column":4},"end":{"line":50,"column":5}},"loc":{"start":{"line":50,"column":12},"end":{"line":52,"column":5}}},"2":{"name":"(anonymous_2)","decl":{"start":{"line":53,"column":4},"end":{"line":53,"column":5}},"loc":{"start":{"line":53,"column":15},"end":{"line":57,"column":5}}},"3":{"name":"(anonymous_3)","decl":{"start":{"line":58,"column":4},"end":{"line":58,"column":5}},"loc":{"start":{"line":58,"column":18},"end":{"line":60,"column":5}}},"4":{"name":"(anonymous_4)","decl":{"start":{"line":62,"column":2},"end":{"line":62,"column":3}},"loc":{"start":{"line":62,"column":12},"end":{"line":64,"column":3}}},"5":{"name":"(anonymous_5)","decl":{"start":{"line":65,"column":2},"end":{"line":65,"column":3}},"loc":{"start":{"line":65,"column":14},"end":{"line":67,"column":3}}}},"branchMap":{"0":{"loc":{"start":{"line":41,"column":8},"end":{"line":45,"column":null}},"type":"if","locations":[{"start":{"line":41,"column":8},"end":{"line":45,"column":null}},{"start":{"line":43,"column":15},"end":{"line":45,"column":null}}]},"1":{"loc":{"start":{"line":41,"column":12},"end":{"line":41,"column":38}},"type":"binary-expr","locations":[{"start":{"line":41,"column":12},"end":{"line":41,"column":19}},{"start":{"line":41,"column":22},"end":{"line":41,"column":38}}]},"2":{"loc":{"start":{"line":54,"column":6},"end":{"line":56,"column":null}},"type":"if","locations":[{"start":{"line":54,"column":6},"end":{"line":56,"column":null}}]},"3":{"loc":{"start":{"line":54,"column":10},"end":{"line":54,"column":42}},"type":"binary-expr","locations":[{"start":{"line":54,"column":10},"end":{"line":54,"column":30}},{"start":{"line":54,"column":33},"end":{"line":54,"column":42}}]}},"s":{"0":33,"1":1,"2":32,"3":0,"4":267,"5":0,"6":0,"7":32,"8":1},"f":{"0":33,"1":0,"2":267,"3":0,"4":32,"5":1},"b":{"0":[1,32],"1":[33,1],"2":[0],"3":[267,0]}}
,"C:\\xampp\\htdocs\\Ynov\\av2-linked-up\\src\\components\\artists\\ArtistDashboard.vue": {"path":"C:\\xampp\\htdocs\\Ynov\\av2-linked-up\\src\\components\\artists\\ArtistDashboard.vue","statementMap":{"0":{"start":{"line":138,"column":4},"end":{"line":153,"column":null}},"1":{"start":{"line":156,"column":4},"end":{"line":163,"column":null}},"2":{"start":{"line":159,"column":8},"end":{"line":159,"column":null}},"3":{"start":{"line":162,"column":8},"end":{"line":162,"column":null}},"4":{"start":{"line":167,"column":19},"end":{"line":167,"column":41}},"5":{"start":{"line":168,"column":20},"end":{"line":168,"column":47}},"6":{"start":{"line":170,"column":6},"end":{"line":177,"column":null}},"7":{"start":{"line":171,"column":8},"end":{"line":171,"column":null}},"8":{"start":{"line":172,"column":8},"end":{"line":172,"column":null}},"9":{"start":{"line":173,"column":8},"end":{"line":173,"column":null}},"10":{"start":{"line":175,"column":8},"end":{"line":175,"column":null}},"11":{"start":{"line":176,"column":8},"end":{"line":176,"column":null}},"12":{"start":{"line":180,"column":6},"end":{"line":188,"column":null}},"13":{"start":{"line":183,"column":10},"end":{"line":183,"column":null}},"14":{"start":{"line":184,"column":10},"end":{"line":184,"column":null}},"15":{"start":{"line":187,"column":10},"end":{"line":187,"column":null}},"16":{"start":{"line":191,"column":26},"end":{"line":200,"column":7}},"17":{"start":{"line":201,"column":6},"end":{"line":209,"column":null}},"18":{"start":{"line":204,"column":10},"end":{"line":204,"column":null}},"19":{"start":{"line":205,"column":10},"end":{"line":205,"column":null}},"20":{"start":{"line":208,"column":10},"end":{"line":208,"column":null}}},"fnMap":{"0":{"name":"(anonymous_0)","decl":{"start":{"line":137,"column":2},"end":{"line":137,"column":3}},"loc":{"start":{"line":137,"column":9},"end":{"line":154,"column":3}}},"1":{"name":"(anonymous_1)","decl":{"start":{"line":155,"column":2},"end":{"line":155,"column":3}},"loc":{"start":{"line":155,"column":12},"end":{"line":164,"column":3}}},"2":{"name":"(anonymous_2)","decl":{"start":{"line":158,"column":12},"end":{"line":158,"column":13}},"loc":{"start":{"line":158,"column":18},"end":{"line":160,"column":7}}},"3":{"name":"(anonymous_3)","decl":{"start":{"line":161,"column":12},"end":{"line":161,"column":13}},"loc":{"start":{"line":161,"column":18},"end":{"line":163,"column":7}}},"4":{"name":"(anonymous_4)","decl":{"start":{"line":166,"column":4},"end":{"line":166,"column":5}},"loc":{"start":{"line":166,"column":28},"end":{"line":178,"column":5}}},"5":{"name":"(anonymous_5)","decl":{"start":{"line":179,"column":4},"end":{"line":179,"column":5}},"loc":{"start":{"line":179,"column":25},"end":{"line":189,"column":5}}},"6":{"name":"(anonymous_6)","decl":{"start":{"line":182,"column":14},"end":{"line":182,"column":15}},"loc":{"start":{"line":182,"column":20},"end":{"line":185,"column":9}}},"7":{"name":"(anonymous_7)","decl":{"start":{"line":186,"column":15},"end":{"line":186,"column":16}},"loc":{"start":{"line":186,"column":21},"end":{"line":188,"column":9}}},"8":{"name":"(anonymous_8)","decl":{"start":{"line":190,"column":4},"end":{"line":190,"column":5}},"loc":{"start":{"line":190,"column":29},"end":{"line":210,"column":5}}},"9":{"name":"(anonymous_9)","decl":{"start":{"line":203,"column":14},"end":{"line":203,"column":15}},"loc":{"start":{"line":203,"column":20},"end":{"line":206,"column":9}}},"10":{"name":"(anonymous_10)","decl":{"start":{"line":207,"column":15},"end":{"line":207,"column":16}},"loc":{"start":{"line":207,"column":21},"end":{"line":209,"column":9}}}},"branchMap":{"0":{"loc":{"start":{"line":170,"column":6},"end":{"line":177,"column":null}},"type":"if","locations":[{"start":{"line":170,"column":6},"end":{"line":177,"column":null}},{"start":{"line":174,"column":13},"end":{"line":177,"column":null}}]},"1":{"loc":{"start":{"line":170,"column":10},"end":{"line":170,"column":43}},"type":"binary-expr","locations":[{"start":{"line":170,"column":10},"end":{"line":170,"column":15}},{"start":{"line":170,"column":18},"end":{"line":170,"column":43}}]}},"s":{"0":9,"1":9,"2":9,"3":9,"4":1,"5":1,"6":1,"7":1,"8":1,"9":1,"10":0,"11":0,"12":1,"13":1,"14":1,"15":0,"16":0,"17":0,"18":0,"19":0,"20":0},"f":{"0":9,"1":9,"2":9,"3":9,"4":1,"5":1,"6":1,"7":0,"8":0,"9":0,"10":0},"b":{"0":[1,0],"1":[1,1]}}
,"C:\\xampp\\htdocs\\Ynov\\av2-linked-up\\src\\components\\artists\\ArtistEvents.vue": {"path":"C:\\xampp\\htdocs\\Ynov\\av2-linked-up\\src\\components\\artists\\ArtistEvents.vue","statementMap":{"0":{"start":{"line":41,"column":4},"end":{"line":44,"column":null}},"1":{"start":{"line":47,"column":4},"end":{"line":51,"column":null}},"2":{"start":{"line":48,"column":19},"end":{"line":48,"column":54}},"3":{"start":{"line":49,"column":6},"end":{"line":49,"column":null}},"4":{"start":{"line":50,"column":6},"end":{"line":50,"column":null}}},"fnMap":{"0":{"name":"(anonymous_0)","decl":{"start":{"line":40,"column":2},"end":{"line":40,"column":3}},"loc":{"start":{"line":40,"column":9},"end":{"line":45,"column":3}}},"1":{"name":"(anonymous_1)","decl":{"start":{"line":46,"column":2},"end":{"line":46,"column":3}},"loc":{"start":{"line":46,"column":12},"end":{"line":52,"column":3}}},"2":{"name":"(anonymous_2)","decl":{"start":{"line":47,"column":49},"end":{"line":47,"column":50}},"loc":{"start":{"line":47,"column":55},"end":{"line":51,"column":5}}}},"branchMap":{},"s":{"0":0,"1":0,"2":0,"3":0,"4":0},"f":{"0":0,"1":0,"2":0},"b":{}}
,"C:\\xampp\\htdocs\\Ynov\\av2-linked-up\\src\\components\\artists\\ArtistInbox.vue": {"path":"C:\\xampp\\htdocs\\Ynov\\av2-linked-up\\src\\components\\artists\\ArtistInbox.vue","statementMap":{"0":{"start":{"line":21,"column":4},"end":{"line":23,"column":null}},"1":{"start":{"line":26,"column":4},"end":{"line":28,"column":null}},"2":{"start":{"line":27,"column":6},"end":{"line":27,"column":null}}},"fnMap":{"0":{"name":"(anonymous_0)","decl":{"start":{"line":20,"column":2},"end":{"line":20,"column":3}},"loc":{"start":{"line":20,"column":9},"end":{"line":24,"column":3}}},"1":{"name":"(anonymous_1)","decl":{"start":{"line":25,"column":2},"end":{"line":25,"column":3}},"loc":{"start":{"line":25,"column":12},"end":{"line":29,"column":3}}},"2":{"name":"(anonymous_2)","decl":{"start":{"line":26,"column":51},"end":{"line":26,"column":52}},"loc":{"start":{"line":26,"column":57},"end":{"line":28,"column":5}}}},"branchMap":{},"s":{"0":1,"1":1,"2":1},"f":{"0":1,"1":1,"2":1},"b":{}}
,"C:\\xampp\\htdocs\\Ynov\\av2-linked-up\\src\\components\\artists\\ArtistList.vue": {"path":"C:\\xampp\\htdocs\\Ynov\\av2-linked-up\\src\\components\\artists\\ArtistList.vue","statementMap":{"0":{"start":{"line":29,"column":4},"end":{"line":31,"column":null}},"1":{"start":{"line":34,"column":4},"end":{"line":36,"column":null}},"2":{"start":{"line":35,"column":6},"end":{"line":35,"column":null}}},"fnMap":{"0":{"name":"(anonymous_0)","decl":{"start":{"line":28,"column":2},"end":{"line":28,"column":3}},"loc":{"start":{"line":28,"column":9},"end":{"line":32,"column":3}}},"1":{"name":"(anonymous_1)","decl":{"start":{"line":33,"column":2},"end":{"line":33,"column":3}},"loc":{"start":{"line":33,"column":12},"end":{"line":37,"column":3}}},"2":{"name":"(anonymous_2)","decl":{"start":{"line":34,"column":47},"end":{"line":34,"column":48}},"loc":{"start":{"line":34,"column":53},"end":{"line":36,"column":5}}}},"branchMap":{},"s":{"0":1,"1":1,"2":1},"f":{"0":1,"1":1,"2":1},"b":{}}
,"C:\\xampp\\htdocs\\Ynov\\av2-linked-up\\src\\components\\artists\\ArtistProjects.vue": {"path":"C:\\xampp\\htdocs\\Ynov\\av2-linked-up\\src\\components\\artists\\ArtistProjects.vue","statementMap":{"0":{"start":{"line":39,"column":4},"end":{"line":41,"column":null}},"1":{"start":{"line":44,"column":4},"end":{"line":46,"column":null}},"2":{"start":{"line":45,"column":6},"end":{"line":45,"column":null}}},"fnMap":{"0":{"name":"(anonymous_0)","decl":{"start":{"line":38,"column":2},"end":{"line":38,"column":3}},"loc":{"start":{"line":38,"column":9},"end":{"line":42,"column":3}}},"1":{"name":"(anonymous_1)","decl":{"start":{"line":43,"column":2},"end":{"line":43,"column":3}},"loc":{"start":{"line":43,"column":12},"end":{"line":47,"column":3}}},"2":{"name":"(anonymous_2)","decl":{"start":{"line":44,"column":51},"end":{"line":44,"column":52}},"loc":{"start":{"line":44,"column":57},"end":{"line":46,"column":5}}}},"branchMap":{},"s":{"0":0,"1":0,"2":0},"f":{"0":0,"1":0,"2":0},"b":{}}
,"C:\\xampp\\htdocs\\Ynov\\av2-linked-up\\src\\components\\auth\\BookingForm.vue": {"path":"C:\\xampp\\htdocs\\Ynov\\av2-linked-up\\src\\components\\auth\\BookingForm.vue","statementMap":{"0":{"start":{"line":36,"column":4},"end":{"line":39,"column":null}},"1":{"start":{"line":43,"column":19},"end":{"line":46,"column":7}},"2":{"start":{"line":47,"column":6},"end":{"line":49,"column":null}},"3":{"start":{"line":48,"column":8},"end":{"line":48,"column":null}}},"fnMap":{"0":{"name":"(anonymous_0)","decl":{"start":{"line":35,"column":2},"end":{"line":35,"column":3}},"loc":{"start":{"line":35,"column":9},"end":{"line":40,"column":3}}},"1":{"name":"(anonymous_1)","decl":{"start":{"line":42,"column":4},"end":{"line":42,"column":5}},"loc":{"start":{"line":42,"column":17},"end":{"line":50,"column":5}}},"2":{"name":"(anonymous_2)","decl":{"start":{"line":47,"column":52},"end":{"line":47,"column":53}},"loc":{"start":{"line":47,"column":58},"end":{"line":49,"column":7}}}},"branchMap":{},"s":{"0":2,"1":2,"2":2,"3":2},"f":{"0":2,"1":2,"2":2},"b":{}}
,"C:\\xampp\\htdocs\\Ynov\\av2-linked-up\\src\\components\\auth\\LoginForm.vue": {"path":"C:\\xampp\\htdocs\\Ynov\\av2-linked-up\\src\\components\\auth\\LoginForm.vue","statementMap":{"0":{"start":{"line":52,"column":4},"end":{"line":56,"column":null}},"1":{"start":{"line":60,"column":23},"end":{"line":63,"column":7}},"2":{"start":{"line":64,"column":6},"end":{"line":68,"column":null}},"3":{"start":{"line":65,"column":8},"end":{"line":65,"column":null}},"4":{"start":{"line":67,"column":8},"end":{"line":67,"column":null}},"5":{"start":{"line":69,"column":6},"end":{"line":69,"column":null}}},"fnMap":{"0":{"name":"(anonymous_0)","decl":{"start":{"line":51,"column":2},"end":{"line":51,"column":3}},"loc":{"start":{"line":51,"column":9},"end":{"line":57,"column":3}}},"1":{"name":"(anonymous_1)","decl":{"start":{"line":59,"column":4},"end":{"line":59,"column":5}},"loc":{"start":{"line":59,"column":18},"end":{"line":70,"column":5}}}},"branchMap":{},"s":{"0":9,"1":7,"2":7,"3":7,"4":0,"5":7},"f":{"0":9,"1":7},"b":{}}
,"C:\\xampp\\htdocs\\Ynov\\av2-linked-up\\src\\components\\auth\\ParticipationForm.vue": {"path":"C:\\xampp\\htdocs\\Ynov\\av2-linked-up\\src\\components\\auth\\ParticipationForm.vue","statementMap":{"0":{"start":{"line":36,"column":4},"end":{"line":39,"column":null}},"1":{"start":{"line":43,"column":19},"end":{"line":46,"column":7}},"2":{"start":{"line":47,"column":6},"end":{"line":54,"column":null}},"3":{"start":{"line":50,"column":10},"end":{"line":50,"column":null}},"4":{"start":{"line":53,"column":10},"end":{"line":53,"column":null}}},"fnMap":{"0":{"name":"(anonymous_0)","decl":{"start":{"line":35,"column":2},"end":{"line":35,"column":3}},"loc":{"start":{"line":35,"column":9},"end":{"line":40,"column":3}}},"1":{"name":"(anonymous_1)","decl":{"start":{"line":42,"column":4},"end":{"line":42,"column":5}},"loc":{"start":{"line":42,"column":23},"end":{"line":55,"column":5}}},"2":{"name":"(anonymous_2)","decl":{"start":{"line":49,"column":14},"end":{"line":49,"column":15}},"loc":{"start":{"line":49,"column":20},"end":{"line":51,"column":9}}},"3":{"name":"(anonymous_3)","decl":{"start":{"line":52,"column":15},"end":{"line":52,"column":16}},"loc":{"start":{"line":52,"column":24},"end":{"line":54,"column":9}}}},"branchMap":{},"s":{"0":0,"1":0,"2":0,"3":0,"4":0},"f":{"0":0,"1":0,"2":0,"3":0},"b":{}}
,"C:\\xampp\\htdocs\\Ynov\\av2-linked-up\\src\\components\\auth\\RegisterForm.vue": {"path":"C:\\xampp\\htdocs\\Ynov\\av2-linked-up\\src\\components\\auth\\RegisterForm.vue","statementMap":{"0":{"start":{"line":70,"column":4},"end":{"line":76,"column":null}},"1":{"start":{"line":80,"column":23},"end":{"line":85,"column":7}},"2":{"start":{"line":86,"column":6},"end":{"line":90,"column":null}},"3":{"start":{"line":87,"column":8},"end":{"line":87,"column":null}},"4":{"start":{"line":89,"column":8},"end":{"line":89,"column":null}},"5":{"start":{"line":91,"column":6},"end":{"line":91,"column":null}}},"fnMap":{"0":{"name":"(anonymous_0)","decl":{"start":{"line":69,"column":2},"end":{"line":69,"column":3}},"loc":{"start":{"line":69,"column":9},"end":{"line":77,"column":3}}},"1":{"name":"(anonymous_1)","decl":{"start":{"line":79,"column":4},"end":{"line":79,"column":5}},"loc":{"start":{"line":79,"column":21},"end":{"line":92,"column":5}}}},"branchMap":{},"s":{"0":2,"1":1,"2":1,"3":1,"4":0,"5":1},"f":{"0":2,"1":1},"b":{}}
,"C:\\xampp\\htdocs\\Ynov\\av2-linked-up\\src\\components\\auth\\ResetForm.vue": {"path":"C:\\xampp\\htdocs\\Ynov\\av2-linked-up\\src\\components\\auth\\ResetForm.vue","statementMap":{"0":{"start":{"line":35,"column":4},"end":{"line":38,"column":null}},"1":{"start":{"line":42,"column":6},"end":{"line":49,"column":null}},"2":{"start":{"line":45,"column":10},"end":{"line":45,"column":null}},"3":{"start":{"line":48,"column":10},"end":{"line":48,"column":null}}},"fnMap":{"0":{"name":"(anonymous_0)","decl":{"start":{"line":34,"column":2},"end":{"line":34,"column":3}},"loc":{"start":{"line":34,"column":9},"end":{"line":39,"column":3}}},"1":{"name":"(anonymous_1)","decl":{"start":{"line":41,"column":4},"end":{"line":41,"column":5}},"loc":{"start":{"line":41,"column":20},"end":{"line":50,"column":5}}},"2":{"name":"(anonymous_2)","decl":{"start":{"line":44,"column":14},"end":{"line":44,"column":15}},"loc":{"start":{"line":44,"column":20},"end":{"line":46,"column":9}}},"3":{"name":"(anonymous_3)","decl":{"start":{"line":47,"column":15},"end":{"line":47,"column":16}},"loc":{"start":{"line":47,"column":24},"end":{"line":49,"column":9}}}},"branchMap":{},"s":{"0":0,"1":0,"2":0,"3":0},"f":{"0":0,"1":0,"2":0,"3":0},"b":{}}
,"C:\\xampp\\htdocs\\Ynov\\av2-linked-up\\src\\components\\clients\\ClientDashboard.vue": {"path":"C:\\xampp\\htdocs\\Ynov\\av2-linked-up\\src\\components\\clients\\ClientDashboard.vue","statementMap":{"0":{"start":{"line":105,"column":4},"end":{"line":117,"column":null}},"1":{"start":{"line":120,"column":4},"end":{"line":127,"column":null}},"2":{"start":{"line":123,"column":8},"end":{"line":123,"column":null}},"3":{"start":{"line":126,"column":8},"end":{"line":126,"column":null}},"4":{"start":{"line":131,"column":19},"end":{"line":131,"column":41}},"5":{"start":{"line":132,"column":20},"end":{"line":132,"column":47}},"6":{"start":{"line":134,"column":6},"end":{"line":141,"column":null}},"7":{"start":{"line":135,"column":8},"end":{"line":135,"column":null}},"8":{"start":{"line":136,"column":8},"end":{"line":136,"column":null}},"9":{"start":{"line":137,"column":8},"end":{"line":137,"column":null}},"10":{"start":{"line":139,"column":8},"end":{"line":139,"column":null}},"11":{"start":{"line":140,"column":8},"end":{"line":140,"column":null}},"12":{"start":{"line":144,"column":6},"end":{"line":152,"column":null}},"13":{"start":{"line":147,"column":10},"end":{"line":147,"column":null}},"14":{"start":{"line":148,"column":10},"end":{"line":148,"column":null}},"15":{"start":{"line":151,"column":10},"end":{"line":151,"column":null}},"16":{"start":{"line":155,"column":26},"end":{"line":161,"column":7}},"17":{"start":{"line":162,"column":6},"end":{"line":170,"column":null}},"18":{"start":{"line":165,"column":10},"end":{"line":165,"column":null}},"19":{"start":{"line":166,"column":10},"end":{"line":166,"column":null}},"20":{"start":{"line":169,"column":10},"end":{"line":169,"column":null}}},"fnMap":{"0":{"name":"(anonymous_0)","decl":{"start":{"line":104,"column":2},"end":{"line":104,"column":3}},"loc":{"start":{"line":104,"column":9},"end":{"line":118,"column":3}}},"1":{"name":"(anonymous_1)","decl":{"start":{"line":119,"column":2},"end":{"line":119,"column":3}},"loc":{"start":{"line":119,"column":18},"end":{"line":128,"column":3}}},"2":{"name":"(anonymous_2)","decl":{"start":{"line":122,"column":12},"end":{"line":122,"column":13}},"loc":{"start":{"line":122,"column":18},"end":{"line":124,"column":7}}},"3":{"name":"(anonymous_3)","decl":{"start":{"line":125,"column":12},"end":{"line":125,"column":13}},"loc":{"start":{"line":125,"column":18},"end":{"line":127,"column":7}}},"4":{"name":"(anonymous_4)","decl":{"start":{"line":130,"column":4},"end":{"line":130,"column":5}},"loc":{"start":{"line":130,"column":28},"end":{"line":142,"column":5}}},"5":{"name":"(anonymous_5)","decl":{"start":{"line":143,"column":4},"end":{"line":143,"column":5}},"loc":{"start":{"line":143,"column":25},"end":{"line":153,"column":5}}},"6":{"name":"(anonymous_6)","decl":{"start":{"line":146,"column":14},"end":{"line":146,"column":15}},"loc":{"start":{"line":146,"column":20},"end":{"line":149,"column":9}}},"7":{"name":"(anonymous_7)","decl":{"start":{"line":150,"column":15},"end":{"line":150,"column":16}},"loc":{"start":{"line":150,"column":24},"end":{"line":152,"column":9}}},"8":{"name":"(anonymous_8)","decl":{"start":{"line":154,"column":4},"end":{"line":154,"column":5}},"loc":{"start":{"line":154,"column":29},"end":{"line":171,"column":5}}},"9":{"name":"(anonymous_9)","decl":{"start":{"line":164,"column":14},"end":{"line":164,"column":15}},"loc":{"start":{"line":164,"column":20},"end":{"line":167,"column":9}}},"10":{"name":"(anonymous_10)","decl":{"start":{"line":168,"column":15},"end":{"line":168,"column":16}},"loc":{"start":{"line":168,"column":24},"end":{"line":170,"column":9}}}},"branchMap":{"0":{"loc":{"start":{"line":134,"column":6},"end":{"line":141,"column":null}},"type":"if","locations":[{"start":{"line":134,"column":6},"end":{"line":141,"column":null}},{"start":{"line":138,"column":13},"end":{"line":141,"column":null}}]},"1":{"loc":{"start":{"line":134,"column":10},"end":{"line":134,"column":43}},"type":"binary-expr","locations":[{"start":{"line":134,"column":10},"end":{"line":134,"column":15}},{"start":{"line":134,"column":18},"end":{"line":134,"column":43}}]}},"s":{"0":1,"1":1,"2":1,"3":1,"4":1,"5":1,"6":1,"7":1,"8":1,"9":1,"10":0,"11":0,"12":1,"13":1,"14":1,"15":0,"16":0,"17":0,"18":0,"19":0,"20":0},"f":{"0":1,"1":1,"2":1,"3":1,"4":1,"5":1,"6":1,"7":0,"8":0,"9":0,"10":0},"b":{"0":[1,0],"1":[1,1]}}
,"C:\\xampp\\htdocs\\Ynov\\av2-linked-up\\src\\components\\clients\\ClientEvents.vue": {"path":"C:\\xampp\\htdocs\\Ynov\\av2-linked-up\\src\\components\\clients\\ClientEvents.vue","statementMap":{"0":{"start":{"line":29,"column":4},"end":{"line":31,"column":null}},"1":{"start":{"line":34,"column":4},"end":{"line":36,"column":null}},"2":{"start":{"line":35,"column":6},"end":{"line":35,"column":null}}},"fnMap":{"0":{"name":"(anonymous_0)","decl":{"start":{"line":28,"column":2},"end":{"line":28,"column":3}},"loc":{"start":{"line":28,"column":9},"end":{"line":32,"column":3}}},"1":{"name":"(anonymous_1)","decl":{"start":{"line":33,"column":2},"end":{"line":33,"column":3}},"loc":{"start":{"line":33,"column":12},"end":{"line":37,"column":3}}},"2":{"name":"(anonymous_2)","decl":{"start":{"line":34,"column":49},"end":{"line":34,"column":50}},"loc":{"start":{"line":34,"column":55},"end":{"line":36,"column":5}}}},"branchMap":{},"s":{"0":0,"1":0,"2":0},"f":{"0":0,"1":0,"2":0},"b":{}}
,"C:\\xampp\\htdocs\\Ynov\\av2-linked-up\\src\\components\\clients\\ClientInbox.vue": {"path":"C:\\xampp\\htdocs\\Ynov\\av2-linked-up\\src\\components\\clients\\ClientInbox.vue","statementMap":{"0":{"start":{"line":21,"column":4},"end":{"line":23,"column":null}},"1":{"start":{"line":26,"column":4},"end":{"line":28,"column":null}},"2":{"start":{"line":27,"column":6},"end":{"line":27,"column":null}}},"fnMap":{"0":{"name":"(anonymous_0)","decl":{"start":{"line":20,"column":2},"end":{"line":20,"column":3}},"loc":{"start":{"line":20,"column":9},"end":{"line":24,"column":3}}},"1":{"name":"(anonymous_1)","decl":{"start":{"line":25,"column":2},"end":{"line":25,"column":3}},"loc":{"start":{"line":25,"column":12},"end":{"line":29,"column":3}}},"2":{"name":"(anonymous_2)","decl":{"start":{"line":26,"column":51},"end":{"line":26,"column":52}},"loc":{"start":{"line":26,"column":57},"end":{"line":28,"column":5}}}},"branchMap":{},"s":{"0":2,"1":2,"2":2},"f":{"0":2,"1":2,"2":2},"b":{}}
,"C:\\xampp\\htdocs\\Ynov\\av2-linked-up\\src\\components\\clients\\ClientProjects.vue": {"path":"C:\\xampp\\htdocs\\Ynov\\av2-linked-up\\src\\components\\clients\\ClientProjects.vue","statementMap":{"0":{"start":{"line":26,"column":4},"end":{"line":28,"column":null}},"1":{"start":{"line":31,"column":4},"end":{"line":33,"column":null}},"2":{"start":{"line":32,"column":6},"end":{"line":32,"column":null}}},"fnMap":{"0":{"name":"(anonymous_0)","decl":{"start":{"line":25,"column":2},"end":{"line":25,"column":3}},"loc":{"start":{"line":25,"column":9},"end":{"line":29,"column":3}}},"1":{"name":"(anonymous_1)","decl":{"start":{"line":30,"column":2},"end":{"line":30,"column":3}},"loc":{"start":{"line":30,"column":12},"end":{"line":34,"column":3}}},"2":{"name":"(anonymous_2)","decl":{"start":{"line":31,"column":51},"end":{"line":31,"column":52}},"loc":{"start":{"line":31,"column":57},"end":{"line":33,"column":5}}}},"branchMap":{},"s":{"0":2,"1":2,"2":1},"f":{"0":2,"1":2,"2":1},"b":{}}
,"C:\\xampp\\htdocs\\Ynov\\av2-linked-up\\src\\components\\home\\Categories.vue": {"path":"C:\\xampp\\htdocs\\Ynov\\av2-linked-up\\src\\components\\home\\Categories.vue","statementMap":{"0":{"start":{"line":52,"column":6},"end":{"line":54,"column":null}},"1":{"start":{"line":54,"column":20},"end":{"line":54,"column":68}}},"fnMap":{"0":{"name":"(anonymous_0)","decl":{"start":{"line":51,"column":4},"end":{"line":51,"column":5}},"loc":{"start":{"line":51,"column":28},"end":{"line":55,"column":5}}},"1":{"name":"(anonymous_1)","decl":{"start":{"line":54,"column":14},"end":{"line":54,"column":15}},"loc":{"start":{"line":54,"column":20},"end":{"line":54,"column":68}}}},"branchMap":{},"s":{"0":2,"1":2},"f":{"0":2,"1":2},"b":{}}
,"C:\\xampp\\htdocs\\Ynov\\av2-linked-up\\src\\components\\home\\Geoloc.vue": {"path":"C:\\xampp\\htdocs\\Ynov\\av2-linked-up\\src\\components\\home\\Geoloc.vue","statementMap":{"0":{"start":{"line":38,"column":4},"end":{"line":44,"column":null}},"1":{"start":{"line":48,"column":6},"end":{"line":57,"column":null}},"2":{"start":{"line":51,"column":23},"end":{"line":51,"column":52}},"3":{"start":{"line":52,"column":10},"end":{"line":52,"column":null}},"4":{"start":{"line":53,"column":10},"end":{"line":53,"column":null}},"5":{"start":{"line":56,"column":10},"end":{"line":56,"column":null}},"6":{"start":{"line":60,"column":6},"end":{"line":60,"column":null}},"7":{"start":{"line":63,"column":6},"end":{"line":63,"column":null}},"8":{"start":{"line":65,"column":19},"end":{"line":65,"column":46}},"9":{"start":{"line":66,"column":6},"end":{"line":70,"column":null}},"10":{"start":{"line":69,"column":23},"end":{"line":69,"column":33}},"11":{"start":{"line":70,"column":25},"end":{"line":70,"column":56}},"12":{"start":{"line":71,"column":6},"end":{"line":71,"column":null}},"13":{"start":{"line":74,"column":6},"end":{"line":82,"column":null}},"14":{"start":{"line":75,"column":8},"end":{"line":77,"column":null}},"15":{"start":{"line":76,"column":10},"end":{"line":76,"column":null}},"16":{"start":{"line":79,"column":8},"end":{"line":81,"column":null}},"17":{"start":{"line":80,"column":10},"end":{"line":80,"column":null}}},"fnMap":{"0":{"name":"(anonymous_0)","decl":{"start":{"line":37,"column":2},"end":{"line":37,"column":3}},"loc":{"start":{"line":37,"column":9},"end":{"line":45,"column":3}}},"1":{"name":"(anonymous_1)","decl":{"start":{"line":47,"column":4},"end":{"line":47,"column":5}},"loc":{"start":{"line":47,"column":16},"end":{"line":58,"column":5}}},"2":{"name":"(anonymous_2)","decl":{"start":{"line":50,"column":14},"end":{"line":50,"column":15}},"loc":{"start":{"line":50,"column":20},"end":{"line":54,"column":9}}},"3":{"name":"(anonymous_3)","decl":{"start":{"line":55,"column":14},"end":{"line":55,"column":15}},"loc":{"start":{"line":55,"column":20},"end":{"line":57,"column":9}}},"4":{"name":"(anonymous_4)","decl":{"start":{"line":59,"column":4},"end":{"line":59,"column":5}},"loc":{"start":{"line":59,"column":27},"end":{"line":61,"column":5}}},"5":{"name":"(anonymous_5)","decl":{"start":{"line":62,"column":4},"end":{"line":62,"column":5}},"loc":{"start":{"line":62,"column":25},"end":{"line":72,"column":5}}},"6":{"name":"(anonymous_6)","decl":{"start":{"line":69,"column":14},"end":{"line":69,"column":15}},"loc":{"start":{"line":69,"column":23},"end":{"line":69,"column":33}}},"7":{"name":"(anonymous_7)","decl":{"start":{"line":70,"column":14},"end":{"line":70,"column":15}},"loc":{"start":{"line":70,"column":25},"end":{"line":70,"column":56}}},"8":{"name":"(anonymous_8)","decl":{"start":{"line":73,"column":4},"end":{"line":73,"column":5}},"loc":{"start":{"line":73,"column":19},"end":{"line":83,"column":5}}},"9":{"name":"(anonymous_9)","decl":{"start":{"line":75,"column":35},"end":{"line":75,"column":36}},"loc":{"start":{"line":76,"column":10},"end":{"line":76,"column":null}}},"10":{"name":"(anonymous_10)","decl":{"start":{"line":79,"column":33},"end":{"line":79,"column":34}},"loc":{"start":{"line":80,"column":10},"end":{"line":80,"column":null}}}},"branchMap":{"0":{"loc":{"start":{"line":74,"column":6},"end":{"line":82,"column":null}},"type":"if","locations":[{"start":{"line":74,"column":6},"end":{"line":82,"column":null}},{"start":{"line":78,"column":13},"end":{"line":82,"column":null}}]}},"s":{"0":28,"1":0,"2":0,"3":0,"4":0,"5":0,"6":0,"7":2,"8":2,"9":2,"10":2,"11":2,"12":2,"13":2,"14":0,"15":0,"16":2,"17":2},"f":{"0":28,"1":0,"2":0,"3":0,"4":0,"5":2,"6":2,"7":2,"8":2,"9":0,"10":2},"b":{"0":[0,2]}}
,"C:\\xampp\\htdocs\\Ynov\\av2-linked-up\\src\\components\\nav\\Footer.vue": {"path":"C:\\xampp\\htdocs\\Ynov\\av2-linked-up\\src\\components\\nav\\Footer.vue","statementMap":{"0":{"start":{"line":34,"column":4},"end":{"line":36,"column":null}},"1":{"start":{"line":39,"column":4},"end":{"line":39,"column":null}},"2":{"start":{"line":43,"column":6},"end":{"line":43,"column":null}}},"fnMap":{"0":{"name":"(anonymous_0)","decl":{"start":{"line":33,"column":2},"end":{"line":33,"column":3}},"loc":{"start":{"line":33,"column":9},"end":{"line":37,"column":3}}},"1":{"name":"(anonymous_1)","decl":{"start":{"line":38,"column":2},"end":{"line":38,"column":3}},"loc":{"start":{"line":38,"column":12},"end":{"line":40,"column":3}}},"2":{"name":"(anonymous_2)","decl":{"start":{"line":42,"column":4},"end":{"line":42,"column":5}},"loc":{"start":{"line":42,"column":14},"end":{"line":44,"column":5}}}},"branchMap":{},"s":{"0":27,"1":27,"2":27},"f":{"0":27,"1":27,"2":27},"b":{}}
,"C:\\xampp\\htdocs\\Ynov\\av2-linked-up\\src\\components\\nav\\Navbar.vue": {"path":"C:\\xampp\\htdocs\\Ynov\\av2-linked-up\\src\\components\\nav\\Navbar.vue","statementMap":{"0":{"start":{"line":74,"column":31},"end":{"line":74,"column":54}},"1":{"start":{"line":78,"column":4},"end":{"line":80,"column":null}},"2":{"start":{"line":84,"column":6},"end":{"line":84,"column":null}},"3":{"start":{"line":85,"column":6},"end":{"line":87,"column":null}},"4":{"start":{"line":86,"column":8},"end":{"line":86,"column":null}}},"fnMap":{"0":{"name":"(anonymous_0)","decl":{"start":{"line":74,"column":20},"end":{"line":74,"column":21}},"loc":{"start":{"line":74,"column":31},"end":{"line":74,"column":54}}},"1":{"name":"(anonymous_1)","decl":{"start":{"line":77,"column":2},"end":{"line":77,"column":3}},"loc":{"start":{"line":77,"column":9},"end":{"line":81,"column":3}}},"2":{"name":"(anonymous_2)","decl":{"start":{"line":83,"column":4},"end":{"line":83,"column":5}},"loc":{"start":{"line":83,"column":13},"end":{"line":88,"column":5}}}},"branchMap":{"0":{"loc":{"start":{"line":85,"column":6},"end":{"line":87,"column":null}},"type":"if","locations":[{"start":{"line":85,"column":6},"end":{"line":87,"column":null}}]}},"s":{"0":59,"1":39,"2":1,"3":1,"4":0},"f":{"0":59,"1":39,"2":1},"b":{"0":[0]}}
,"C:\\xampp\\htdocs\\Ynov\\av2-linked-up\\src\\components\\organizers\\EventDetails.vue": {"path":"C:\\xampp\\htdocs\\Ynov\\av2-linked-up\\src\\components\\organizers\\EventDetails.vue","statementMap":{"0":{"start":{"line":98,"column":4},"end":{"line":112,"column":null}},"1":{"start":{"line":115,"column":4},"end":{"line":122,"column":null}},"2":{"start":{"line":118,"column":8},"end":{"line":118,"column":null}},"3":{"start":{"line":121,"column":8},"end":{"line":121,"column":null}},"4":{"start":{"line":126,"column":19},"end":{"line":126,"column":41}},"5":{"start":{"line":127,"column":20},"end":{"line":127,"column":47}},"6":{"start":{"line":129,"column":6},"end":{"line":136,"column":null}},"7":{"start":{"line":130,"column":8},"end":{"line":130,"column":null}},"8":{"start":{"line":131,"column":8},"end":{"line":131,"column":null}},"9":{"start":{"line":132,"column":8},"end":{"line":132,"column":null}},"10":{"start":{"line":134,"column":8},"end":{"line":134,"column":null}},"11":{"start":{"line":135,"column":8},"end":{"line":135,"column":null}},"12":{"start":{"line":139,"column":6},"end":{"line":150,"column":null}},"13":{"start":{"line":145,"column":10},"end":{"line":145,"column":null}},"14":{"start":{"line":146,"column":10},"end":{"line":146,"column":null}},"15":{"start":{"line":149,"column":10},"end":{"line":149,"column":null}},"16":{"start":{"line":153,"column":24},"end":{"line":160,"column":7}},"17":{"start":{"line":161,"column":6},"end":{"line":169,"column":null}},"18":{"start":{"line":164,"column":10},"end":{"line":164,"column":null}},"19":{"start":{"line":165,"column":10},"end":{"line":165,"column":null}},"20":{"start":{"line":168,"column":10},"end":{"line":168,"column":null}}},"fnMap":{"0":{"name":"(anonymous_0)","decl":{"start":{"line":97,"column":2},"end":{"line":97,"column":3}},"loc":{"start":{"line":97,"column":9},"end":{"line":113,"column":3}}},"1":{"name":"(anonymous_1)","decl":{"start":{"line":114,"column":2},"end":{"line":114,"column":3}},"loc":{"start":{"line":114,"column":12},"end":{"line":123,"column":3}}},"2":{"name":"(anonymous_2)","decl":{"start":{"line":117,"column":12},"end":{"line":117,"column":13}},"loc":{"start":{"line":117,"column":18},"end":{"line":119,"column":7}}},"3":{"name":"(anonymous_3)","decl":{"start":{"line":120,"column":12},"end":{"line":120,"column":13}},"loc":{"start":{"line":120,"column":18},"end":{"line":122,"column":7}}},"4":{"name":"(anonymous_4)","decl":{"start":{"line":125,"column":4},"end":{"line":125,"column":5}},"loc":{"start":{"line":125,"column":28},"end":{"line":137,"column":5}}},"5":{"name":"(anonymous_5)","decl":{"start":{"line":138,"column":4},"end":{"line":138,"column":5}},"loc":{"start":{"line":138,"column":24},"end":{"line":151,"column":5}}},"6":{"name":"(anonymous_6)","decl":{"start":{"line":144,"column":14},"end":{"line":144,"column":15}},"loc":{"start":{"line":144,"column":20},"end":{"line":147,"column":9}}},"7":{"name":"(anonymous_7)","decl":{"start":{"line":148,"column":15},"end":{"line":148,"column":16}},"loc":{"start":{"line":148,"column":24},"end":{"line":150,"column":9}}},"8":{"name":"(anonymous_8)","decl":{"start":{"line":152,"column":4},"end":{"line":152,"column":5}},"loc":{"start":{"line":152,"column":22},"end":{"line":170,"column":5}}},"9":{"name":"(anonymous_9)","decl":{"start":{"line":163,"column":14},"end":{"line":163,"column":15}},"loc":{"start":{"line":163,"column":20},"end":{"line":166,"column":9}}},"10":{"name":"(anonymous_10)","decl":{"start":{"line":167,"column":15},"end":{"line":167,"column":16}},"loc":{"start":{"line":167,"column":24},"end":{"line":169,"column":9}}}},"branchMap":{"0":{"loc":{"start":{"line":129,"column":6},"end":{"line":136,"column":null}},"type":"if","locations":[{"start":{"line":129,"column":6},"end":{"line":136,"column":null}},{"start":{"line":133,"column":13},"end":{"line":136,"column":null}}]},"1":{"loc":{"start":{"line":129,"column":10},"end":{"line":129,"column":43}},"type":"binary-expr","locations":[{"start":{"line":129,"column":10},"end":{"line":129,"column":15}},{"start":{"line":129,"column":18},"end":{"line":129,"column":43}}]}},"s":{"0":2,"1":2,"2":2,"3":2,"4":2,"5":2,"6":2,"7":2,"8":2,"9":2,"10":0,"11":0,"12":0,"13":0,"14":0,"15":0,"16":0,"17":0,"18":0,"19":0,"20":0},"f":{"0":2,"1":2,"2":2,"3":2,"4":2,"5":0,"6":0,"7":0,"8":0,"9":0,"10":0},"b":{"0":[2,0],"1":[2,2]}}
,"C:\\xampp\\htdocs\\Ynov\\av2-linked-up\\src\\components\\organizers\\EventList.vue": {"path":"C:\\xampp\\htdocs\\Ynov\\av2-linked-up\\src\\components\\organizers\\EventList.vue","statementMap":{"0":{"start":{"line":30,"column":4},"end":{"line":32,"column":null}},"1":{"start":{"line":35,"column":4},"end":{"line":37,"column":null}},"2":{"start":{"line":36,"column":6},"end":{"line":36,"column":null}}},"fnMap":{"0":{"name":"(anonymous_0)","decl":{"start":{"line":29,"column":2},"end":{"line":29,"column":3}},"loc":{"start":{"line":29,"column":9},"end":{"line":33,"column":3}}},"1":{"name":"(anonymous_1)","decl":{"start":{"line":34,"column":2},"end":{"line":34,"column":3}},"loc":{"start":{"line":34,"column":12},"end":{"line":38,"column":3}}},"2":{"name":"(anonymous_2)","decl":{"start":{"line":35,"column":43},"end":{"line":35,"column":44}},"loc":{"start":{"line":35,"column":49},"end":{"line":37,"column":5}}}},"branchMap":{},"s":{"0":6,"1":6,"2":5},"f":{"0":6,"1":6,"2":5},"b":{}}
,"C:\\xampp\\htdocs\\Ynov\\av2-linked-up\\src\\components\\organizers\\ManageArtists.vue": {"path":"C:\\xampp\\htdocs\\Ynov\\av2-linked-up\\src\\components\\organizers\\ManageArtists.vue","statementMap":{"0":{"start":{"line":26,"column":4},"end":{"line":28,"column":null}},"1":{"start":{"line":31,"column":4},"end":{"line":33,"column":null}},"2":{"start":{"line":32,"column":6},"end":{"line":32,"column":null}}},"fnMap":{"0":{"name":"(anonymous_0)","decl":{"start":{"line":25,"column":2},"end":{"line":25,"column":3}},"loc":{"start":{"line":25,"column":9},"end":{"line":29,"column":3}}},"1":{"name":"(anonymous_1)","decl":{"start":{"line":30,"column":2},"end":{"line":30,"column":3}},"loc":{"start":{"line":30,"column":12},"end":{"line":34,"column":3}}},"2":{"name":"(anonymous_2)","decl":{"start":{"line":31,"column":47},"end":{"line":31,"column":48}},"loc":{"start":{"line":31,"column":53},"end":{"line":33,"column":5}}}},"branchMap":{},"s":{"0":2,"1":2,"2":2},"f":{"0":2,"1":2,"2":2},"b":{}}
,"C:\\xampp\\htdocs\\Ynov\\av2-linked-up\\src\\components\\organizers\\ManageAttendees.vue": {"path":"C:\\xampp\\htdocs\\Ynov\\av2-linked-up\\src\\components\\organizers\\ManageAttendees.vue","statementMap":{"0":{"start":{"line":20,"column":4},"end":{"line":23,"column":null}},"1":{"start":{"line":26,"column":4},"end":{"line":28,"column":null}},"2":{"start":{"line":27,"column":6},"end":{"line":27,"column":null}}},"fnMap":{"0":{"name":"(anonymous_0)","decl":{"start":{"line":19,"column":2},"end":{"line":19,"column":3}},"loc":{"start":{"line":19,"column":9},"end":{"line":24,"column":3}}},"1":{"name":"(anonymous_1)","decl":{"start":{"line":25,"column":2},"end":{"line":25,"column":3}},"loc":{"start":{"line":25,"column":12},"end":{"line":29,"column":3}}},"2":{"name":"(anonymous_2)","decl":{"start":{"line":26,"column":47},"end":{"line":26,"column":48}},"loc":{"start":{"line":26,"column":53},"end":{"line":28,"column":5}}}},"branchMap":{},"s":{"0":2,"1":2,"2":2},"f":{"0":2,"1":2,"2":2},"b":{}}
,"C:\\xampp\\htdocs\\Ynov\\av2-linked-up\\src\\components\\organizers\\NewEvent.vue": {"path":"C:\\xampp\\htdocs\\Ynov\\av2-linked-up\\src\\components\\organizers\\NewEvent.vue","statementMap":{"0":{"start":{"line":106,"column":4},"end":{"line":118,"column":null}},"1":{"start":{"line":122,"column":19},"end":{"line":122,"column":41}},"2":{"start":{"line":123,"column":20},"end":{"line":123,"column":47}},"3":{"start":{"line":125,"column":6},"end":{"line":132,"column":null}},"4":{"start":{"line":126,"column":8},"end":{"line":126,"column":null}},"5":{"start":{"line":127,"column":8},"end":{"line":127,"column":null}},"6":{"start":{"line":128,"column":8},"end":{"line":128,"column":null}},"7":{"start":{"line":130,"column":8},"end":{"line":130,"column":null}},"8":{"start":{"line":131,"column":8},"end":{"line":131,"column":null}},"9":{"start":{"line":135,"column":6},"end":{"line":143,"column":null}},"10":{"start":{"line":138,"column":10},"end":{"line":138,"column":null}},"11":{"start":{"line":139,"column":10},"end":{"line":139,"column":null}},"12":{"start":{"line":142,"column":10},"end":{"line":142,"column":null}},"13":{"start":{"line":146,"column":24},"end":{"line":152,"column":7}},"14":{"start":{"line":153,"column":6},"end":{"line":163,"column":null}},"15":{"start":{"line":156,"column":10},"end":{"line":156,"column":null}},"16":{"start":{"line":159,"column":10},"end":{"line":159,"column":null}},"17":{"start":{"line":162,"column":10},"end":{"line":162,"column":null}}},"fnMap":{"0":{"name":"(anonymous_0)","decl":{"start":{"line":105,"column":2},"end":{"line":105,"column":3}},"loc":{"start":{"line":105,"column":9},"end":{"line":119,"column":3}}},"1":{"name":"(anonymous_1)","decl":{"start":{"line":121,"column":4},"end":{"line":121,"column":5}},"loc":{"start":{"line":121,"column":28},"end":{"line":133,"column":5}}},"2":{"name":"(anonymous_2)","decl":{"start":{"line":134,"column":4},"end":{"line":134,"column":5}},"loc":{"start":{"line":134,"column":24},"end":{"line":144,"column":5}}},"3":{"name":"(anonymous_3)","decl":{"start":{"line":137,"column":14},"end":{"line":137,"column":15}},"loc":{"start":{"line":137,"column":20},"end":{"line":140,"column":9}}},"4":{"name":"(anonymous_4)","decl":{"start":{"line":141,"column":15},"end":{"line":141,"column":16}},"loc":{"start":{"line":141,"column":24},"end":{"line":143,"column":9}}},"5":{"name":"(anonymous_5)","decl":{"start":{"line":145,"column":4},"end":{"line":145,"column":5}},"loc":{"start":{"line":145,"column":18},"end":{"line":164,"column":5}}},"6":{"name":"(anonymous_6)","decl":{"start":{"line":155,"column":14},"end":{"line":155,"column":15}},"loc":{"start":{"line":155,"column":20},"end":{"line":157,"column":9}}},"7":{"name":"(anonymous_7)","decl":{"start":{"line":158,"column":14},"end":{"line":158,"column":15}},"loc":{"start":{"line":158,"column":20},"end":{"line":160,"column":9}}},"8":{"name":"(anonymous_8)","decl":{"start":{"line":161,"column":15},"end":{"line":161,"column":16}},"loc":{"start":{"line":161,"column":24},"end":{"line":163,"column":9}}}},"branchMap":{"0":{"loc":{"start":{"line":125,"column":6},"end":{"line":132,"column":null}},"type":"if","locations":[{"start":{"line":125,"column":6},"end":{"line":132,"column":null}},{"start":{"line":129,"column":13},"end":{"line":132,"column":null}}]},"1":{"loc":{"start":{"line":125,"column":10},"end":{"line":125,"column":43}},"type":"binary-expr","locations":[{"start":{"line":125,"column":10},"end":{"line":125,"column":15}},{"start":{"line":125,"column":18},"end":{"line":125,"column":43}}]}},"s":{"0":1,"1":1,"2":1,"3":1,"4":1,"5":1,"6":1,"7":0,"8":0,"9":0,"10":0,"11":0,"12":0,"13":0,"14":0,"15":0,"16":0,"17":0},"f":{"0":1,"1":1,"2":0,"3":0,"4":0,"5":0,"6":0,"7":0,"8":0},"b":{"0":[1,0],"1":[1,1]}}
,"C:\\xampp\\htdocs\\Ynov\\av2-linked-up\\src\\components\\organizers\\OrgaDashboard.vue": {"path":"C:\\xampp\\htdocs\\Ynov\\av2-linked-up\\src\\components\\organizers\\OrgaDashboard.vue","statementMap":{"0":{"start":{"line":89,"column":4},"end":{"line":99,"column":null}},"1":{"start":{"line":102,"column":4},"end":{"line":109,"column":null}},"2":{"start":{"line":105,"column":8},"end":{"line":105,"column":null}},"3":{"start":{"line":108,"column":8},"end":{"line":108,"column":null}},"4":{"start":{"line":113,"column":19},"end":{"line":113,"column":41}},"5":{"start":{"line":114,"column":20},"end":{"line":114,"column":47}},"6":{"start":{"line":116,"column":6},"end":{"line":123,"column":null}},"7":{"start":{"line":117,"column":8},"end":{"line":117,"column":null}},"8":{"start":{"line":118,"column":8},"end":{"line":118,"column":null}},"9":{"start":{"line":119,"column":8},"end":{"line":119,"column":null}},"10":{"start":{"line":121,"column":8},"end":{"line":121,"column":null}},"11":{"start":{"line":122,"column":8},"end":{"line":122,"column":null}},"12":{"start":{"line":126,"column":6},"end":{"line":134,"column":null}},"13":{"start":{"line":129,"column":10},"end":{"line":129,"column":null}},"14":{"start":{"line":130,"column":10},"end":{"line":130,"column":null}},"15":{"start":{"line":133,"column":10},"end":{"line":133,"column":null}},"16":{"start":{"line":137,"column":26},"end":{"line":141,"column":7}},"17":{"start":{"line":142,"column":6},"end":{"line":150,"column":null}},"18":{"start":{"line":145,"column":10},"end":{"line":145,"column":null}},"19":{"start":{"line":146,"column":10},"end":{"line":146,"column":null}},"20":{"start":{"line":149,"column":10},"end":{"line":149,"column":null}}},"fnMap":{"0":{"name":"(anonymous_0)","decl":{"start":{"line":88,"column":2},"end":{"line":88,"column":3}},"loc":{"start":{"line":88,"column":9},"end":{"line":100,"column":3}}},"1":{"name":"(anonymous_1)","decl":{"start":{"line":101,"column":2},"end":{"line":101,"column":3}},"loc":{"start":{"line":101,"column":18},"end":{"line":110,"column":3}}},"2":{"name":"(anonymous_2)","decl":{"start":{"line":104,"column":12},"end":{"line":104,"column":13}},"loc":{"start":{"line":104,"column":18},"end":{"line":106,"column":7}}},"3":{"name":"(anonymous_3)","decl":{"start":{"line":107,"column":12},"end":{"line":107,"column":13}},"loc":{"start":{"line":107,"column":18},"end":{"line":109,"column":7}}},"4":{"name":"(anonymous_4)","decl":{"start":{"line":112,"column":4},"end":{"line":112,"column":5}},"loc":{"start":{"line":112,"column":28},"end":{"line":124,"column":5}}},"5":{"name":"(anonymous_5)","decl":{"start":{"line":125,"column":4},"end":{"line":125,"column":5}},"loc":{"start":{"line":125,"column":23},"end":{"line":135,"column":5}}},"6":{"name":"(anonymous_6)","decl":{"start":{"line":128,"column":14},"end":{"line":128,"column":15}},"loc":{"start":{"line":128,"column":20},"end":{"line":131,"column":9}}},"7":{"name":"(anonymous_7)","decl":{"start":{"line":132,"column":15},"end":{"line":132,"column":16}},"loc":{"start":{"line":132,"column":24},"end":{"line":134,"column":9}}},"8":{"name":"(anonymous_8)","decl":{"start":{"line":136,"column":4},"end":{"line":136,"column":5}},"loc":{"start":{"line":136,"column":27},"end":{"line":151,"column":5}}},"9":{"name":"(anonymous_9)","decl":{"start":{"line":144,"column":14},"end":{"line":144,"column":15}},"loc":{"start":{"line":144,"column":20},"end":{"line":147,"column":9}}},"10":{"name":"(anonymous_10)","decl":{"start":{"line":148,"column":15},"end":{"line":148,"column":16}},"loc":{"start":{"line":148,"column":24},"end":{"line":150,"column":9}}}},"branchMap":{"0":{"loc":{"start":{"line":116,"column":6},"end":{"line":123,"column":null}},"type":"if","locations":[{"start":{"line":116,"column":6},"end":{"line":123,"column":null}},{"start":{"line":120,"column":13},"end":{"line":123,"column":null}}]},"1":{"loc":{"start":{"line":116,"column":10},"end":{"line":116,"column":43}},"type":"binary-expr","locations":[{"start":{"line":116,"column":10},"end":{"line":116,"column":15}},{"start":{"line":116,"column":18},"end":{"line":116,"column":43}}]}},"s":{"0":1,"1":1,"2":1,"3":1,"4":1,"5":1,"6":1,"7":1,"8":1,"9":1,"10":0,"11":0,"12":1,"13":1,"14":1,"15":0,"16":0,"17":0,"18":0,"19":0,"20":0},"f":{"0":1,"1":1,"2":1,"3":1,"4":1,"5":1,"6":1,"7":0,"8":0,"9":0,"10":0},"b":{"0":[1,0],"1":[1,1]}}
,"C:\\xampp\\htdocs\\Ynov\\av2-linked-up\\src\\components\\organizers\\OrgaEvents.vue": {"path":"C:\\xampp\\htdocs\\Ynov\\av2-linked-up\\src\\components\\organizers\\OrgaEvents.vue","statementMap":{"0":{"start":{"line":36,"column":4},"end":{"line":38,"column":null}},"1":{"start":{"line":41,"column":4},"end":{"line":43,"column":null}},"2":{"start":{"line":42,"column":6},"end":{"line":42,"column":null}}},"fnMap":{"0":{"name":"(anonymous_0)","decl":{"start":{"line":35,"column":2},"end":{"line":35,"column":3}},"loc":{"start":{"line":35,"column":9},"end":{"line":39,"column":3}}},"1":{"name":"(anonymous_1)","decl":{"start":{"line":40,"column":2},"end":{"line":40,"column":3}},"loc":{"start":{"line":40,"column":12},"end":{"line":44,"column":3}}},"2":{"name":"(anonymous_2)","decl":{"start":{"line":41,"column":47},"end":{"line":41,"column":48}},"loc":{"start":{"line":41,"column":53},"end":{"line":43,"column":5}}}},"branchMap":{},"s":{"0":1,"1":1,"2":1},"f":{"0":1,"1":1,"2":1},"b":{}}
,"C:\\xampp\\htdocs\\Ynov\\av2-linked-up\\src\\router\\index.js": {"path":"C:\\xampp\\htdocs\\Ynov\\av2-linked-up\\src\\router\\index.js","statementMap":{"0":{"start":{"line":30,"column":15},"end":{"line":170,"column":1}},"1":{"start":{"line":172,"column":15},"end":{"line":175,"column":2}},"2":{"start":{"line":177,"column":0},"end":{"line":187,"column":3}},"3":{"start":{"line":178,"column":2},"end":{"line":181,"column":3}},"4":{"start":{"line":178,"column":35},"end":{"line":178,"column":59}},"5":{"start":{"line":179,"column":4},"end":{"line":179,"column":11}},"6":{"start":{"line":180,"column":4},"end":{"line":180,"column":11}},"7":{"start":{"line":182,"column":2},"end":{"line":186,"column":3}},"8":{"start":{"line":183,"column":4},"end":{"line":183,"column":11}},"9":{"start":{"line":185,"column":4},"end":{"line":185,"column":27}}},"fnMap":{"0":{"name":"(anonymous_0)","decl":{"start":{"line":177,"column":18},"end":{"line":177,"column":19}},"loc":{"start":{"line":177,"column":38},"end":{"line":187,"column":1}},"line":177},"1":{"name":"(anonymous_1)","decl":{"start":{"line":178,"column":23},"end":{"line":178,"column":24}},"loc":{"start":{"line":178,"column":35},"end":{"line":178,"column":59}},"line":178}},"branchMap":{"0":{"loc":{"start":{"line":178,"column":2},"end":{"line":181,"column":3}},"type":"if","locations":[{"start":{"line":178,"column":2},"end":{"line":181,"column":3}},{"start":{},"end":{}}],"line":178},"1":{"loc":{"start":{"line":182,"column":2},"end":{"line":186,"column":3}},"type":"if","locations":[{"start":{"line":182,"column":2},"end":{"line":186,"column":3}},{"start":{"line":184,"column":9},"end":{"line":186,"column":3}}],"line":182}},"s":{"0":27,"1":27,"2":27,"3":100,"4":100,"5":61,"6":61,"7":39,"8":39,"9":0},"f":{"0":100,"1":100},"b":{"0":[61,39],"1":[39,0]},"_coverageSchema":"1a1c01bbd47fc00a2c39e90264f33305004495a9","hash":"88d5b4f8e62dfce2c6969464b44e3887411f200e"}
,"C:\\xampp\\htdocs\\Ynov\\av2-linked-up\\src\\views\\ArtistContact.vue": {"path":"C:\\xampp\\htdocs\\Ynov\\av2-linked-up\\src\\views\\ArtistContact.vue","statementMap":{"0":{"start":{"line":35,"column":4},"end":{"line":40,"column":null}},"1":{"start":{"line":43,"column":4},"end":{"line":43,"column":null}},"2":{"start":{"line":44,"column":4},"end":{"line":44,"column":null}},"3":{"start":{"line":45,"column":4},"end":{"line":45,"column":null}},"4":{"start":{"line":49,"column":22},"end":{"line":54,"column":7}},"5":{"start":{"line":55,"column":6},"end":{"line":57,"column":null}},"6":{"start":{"line":56,"column":8},"end":{"line":56,"column":null}}},"fnMap":{"0":{"name":"(anonymous_0)","decl":{"start":{"line":34,"column":2},"end":{"line":34,"column":3}},"loc":{"start":{"line":34,"column":9},"end":{"line":41,"column":3}}},"1":{"name":"(anonymous_1)","decl":{"start":{"line":42,"column":2},"end":{"line":42,"column":3}},"loc":{"start":{"line":42,"column":12},"end":{"line":46,"column":3}}},"2":{"name":"(anonymous_2)","decl":{"start":{"line":48,"column":4},"end":{"line":48,"column":5}},"loc":{"start":{"line":48,"column":19},"end":{"line":58,"column":5}}},"3":{"name":"(anonymous_3)","decl":{"start":{"line":55,"column":58},"end":{"line":55,"column":59}},"loc":{"start":{"line":55,"column":64},"end":{"line":57,"column":7}}}},"branchMap":{},"s":{"0":0,"1":0,"2":0,"3":0,"4":0,"5":0,"6":0},"f":{"0":0,"1":0,"2":0,"3":0},"b":{}}
,"C:\\xampp\\htdocs\\Ynov\\av2-linked-up\\src\\views\\ArtistProfile.vue": {"path":"C:\\xampp\\htdocs\\Ynov\\av2-linked-up\\src\\views\\ArtistProfile.vue","statementMap":{"0":{"start":{"line":69,"column":4},"end":{"line":85,"column":null}},"1":{"start":{"line":88,"column":4},"end":{"line":93,"column":null}},"2":{"start":{"line":91,"column":8},"end":{"line":91,"column":null}},"3":{"start":{"line":92,"column":8},"end":{"line":92,"column":null}},"4":{"start":{"line":95,"column":4},"end":{"line":99,"column":null}},"5":{"start":{"line":98,"column":8},"end":{"line":98,"column":null}},"6":{"start":{"line":101,"column":4},"end":{"line":103,"column":null}},"7":{"start":{"line":102,"column":6},"end":{"line":102,"column":null}},"8":{"start":{"line":107,"column":17},"end":{"line":107,"column":38}},"9":{"start":{"line":108,"column":21},"end":{"line":108,"column":30}},"10":{"start":{"line":109,"column":6},"end":{"line":116,"column":null}},"11":{"start":{"line":110,"column":8},"end":{"line":113,"column":null}},"12":{"start":{"line":115,"column":8},"end":{"line":115,"column":null}}},"fnMap":{"0":{"name":"(anonymous_0)","decl":{"start":{"line":68,"column":2},"end":{"line":68,"column":3}},"loc":{"start":{"line":68,"column":9},"end":{"line":86,"column":3}}},"1":{"name":"(anonymous_1)","decl":{"start":{"line":87,"column":2},"end":{"line":87,"column":3}},"loc":{"start":{"line":87,"column":18},"end":{"line":104,"column":3}}},"2":{"name":"(anonymous_2)","decl":{"start":{"line":90,"column":12},"end":{"line":90,"column":13}},"loc":{"start":{"line":90,"column":18},"end":{"line":93,"column":7}}},"3":{"name":"(anonymous_3)","decl":{"start":{"line":97,"column":12},"end":{"line":97,"column":13}},"loc":{"start":{"line":97,"column":18},"end":{"line":99,"column":7}}},"4":{"name":"(anonymous_4)","decl":{"start":{"line":101,"column":51},"end":{"line":101,"column":52}},"loc":{"start":{"line":101,"column":57},"end":{"line":103,"column":5}}},"5":{"name":"(anonymous_5)","decl":{"start":{"line":106,"column":4},"end":{"line":106,"column":5}},"loc":{"start":{"line":106,"column":20},"end":{"line":117,"column":5}}}},"branchMap":{"0":{"loc":{"start":{"line":109,"column":6},"end":{"line":116,"column":null}},"type":"if","locations":[{"start":{"line":109,"column":6},"end":{"line":116,"column":null}},{"start":{"line":114,"column":13},"end":{"line":116,"column":null}}]}},"s":{"0":5,"1":5,"2":5,"3":5,"4":5,"5":3,"6":3,"7":3,"8":1,"9":1,"10":1,"11":0,"12":1},"f":{"0":5,"1":5,"2":5,"3":3,"4":3,"5":1},"b":{"0":[0,1]}}
,"C:\\xampp\\htdocs\\Ynov\\av2-linked-up\\src\\views\\Booking.vue": {"path":"C:\\xampp\\htdocs\\Ynov\\av2-linked-up\\src\\views\\Booking.vue","statementMap":{"0":{"start":{"line":23,"column":4},"end":{"line":25,"column":null}}},"fnMap":{"0":{"name":"(anonymous_0)","decl":{"start":{"line":22,"column":2},"end":{"line":22,"column":3}},"loc":{"start":{"line":22,"column":9},"end":{"line":26,"column":3}}}},"branchMap":{},"s":{"0":2},"f":{"0":2},"b":{}}
,"C:\\xampp\\htdocs\\Ynov\\av2-linked-up\\src\\views\\CategoriesResults.vue": {"path":"C:\\xampp\\htdocs\\Ynov\\av2-linked-up\\src\\views\\CategoriesResults.vue","statementMap":{"0":{"start":{"line":39,"column":4},"end":{"line":41,"column":null}},"1":{"start":{"line":44,"column":4},"end":{"line":44,"column":null}}},"fnMap":{"0":{"name":"(anonymous_0)","decl":{"start":{"line":38,"column":2},"end":{"line":38,"column":3}},"loc":{"start":{"line":38,"column":9},"end":{"line":42,"column":3}}},"1":{"name":"(anonymous_1)","decl":{"start":{"line":43,"column":2},"end":{"line":43,"column":3}},"loc":{"start":{"line":43,"column":12},"end":{"line":45,"column":3}}}},"branchMap":{},"s":{"0":2,"1":2},"f":{"0":2,"1":2},"b":{}}
,"C:\\xampp\\htdocs\\Ynov\\av2-linked-up\\src\\views\\ClientProfile.vue": {"path":"C:\\xampp\\htdocs\\Ynov\\av2-linked-up\\src\\views\\ClientProfile.vue","statementMap":{"0":{"start":{"line":35,"column":4},"end":{"line":44,"column":null}},"1":{"start":{"line":47,"column":4},"end":{"line":51,"column":null}},"2":{"start":{"line":50,"column":8},"end":{"line":50,"column":null}}},"fnMap":{"0":{"name":"(anonymous_0)","decl":{"start":{"line":34,"column":2},"end":{"line":34,"column":3}},"loc":{"start":{"line":34,"column":9},"end":{"line":45,"column":3}}},"1":{"name":"(anonymous_1)","decl":{"start":{"line":46,"column":2},"end":{"line":46,"column":3}},"loc":{"start":{"line":46,"column":12},"end":{"line":52,"column":3}}},"2":{"name":"(anonymous_2)","decl":{"start":{"line":49,"column":12},"end":{"line":49,"column":13}},"loc":{"start":{"line":49,"column":18},"end":{"line":51,"column":7}}}},"branchMap":{},"s":{"0":0,"1":0,"2":0},"f":{"0":0,"1":0,"2":0},"b":{}}
,"C:\\xampp\\htdocs\\Ynov\\av2-linked-up\\src\\views\\Event.vue": {"path":"C:\\xampp\\htdocs\\Ynov\\av2-linked-up\\src\\views\\Event.vue","statementMap":{"0":{"start":{"line":75,"column":4},"end":{"line":89,"column":null}},"1":{"start":{"line":92,"column":4},"end":{"line":94,"column":null}},"2":{"start":{"line":93,"column":6},"end":{"line":93,"column":null}},"3":{"start":{"line":96,"column":4},"end":{"line":98,"column":null}},"4":{"start":{"line":97,"column":6},"end":{"line":97,"column":null}},"5":{"start":{"line":100,"column":4},"end":{"line":103,"column":null}},"6":{"start":{"line":101,"column":6},"end":{"line":101,"column":null}},"7":{"start":{"line":102,"column":6},"end":{"line":102,"column":null}},"8":{"start":{"line":107,"column":6},"end":{"line":110,"column":null}},"9":{"start":{"line":113,"column":6},"end":{"line":116,"column":null}}},"fnMap":{"0":{"name":"(anonymous_0)","decl":{"start":{"line":74,"column":2},"end":{"line":74,"column":3}},"loc":{"start":{"line":74,"column":9},"end":{"line":90,"column":3}}},"1":{"name":"(anonymous_1)","decl":{"start":{"line":91,"column":2},"end":{"line":91,"column":3}},"loc":{"start":{"line":91,"column":12},"end":{"line":104,"column":3}}},"2":{"name":"(anonymous_2)","decl":{"start":{"line":92,"column":69},"end":{"line":92,"column":70}},"loc":{"start":{"line":92,"column":75},"end":{"line":94,"column":5}}},"3":{"name":"(anonymous_3)","decl":{"start":{"line":96,"column":45},"end":{"line":96,"column":46}},"loc":{"start":{"line":96,"column":51},"end":{"line":98,"column":5}}},"4":{"name":"(anonymous_4)","decl":{"start":{"line":100,"column":72},"end":{"line":100,"column":73}},"loc":{"start":{"line":100,"column":78},"end":{"line":103,"column":5}}},"5":{"name":"(anonymous_5)","decl":{"start":{"line":106,"column":4},"end":{"line":106,"column":5}},"loc":{"start":{"line":106,"column":18},"end":{"line":111,"column":5}}},"6":{"name":"(anonymous_6)","decl":{"start":{"line":112,"column":4},"end":{"line":112,"column":5}},"loc":{"start":{"line":112,"column":16},"end":{"line":117,"column":5}}}},"branchMap":{},"s":{"0":4,"1":4,"2":4,"3":4,"4":4,"5":4,"6":4,"7":4,"8":0,"9":2},"f":{"0":4,"1":4,"2":4,"3":4,"4":4,"5":0,"6":2},"b":{}}
,"C:\\xampp\\htdocs\\Ynov\\av2-linked-up\\src\\views\\GeoResults.vue": {"path":"C:\\xampp\\htdocs\\Ynov\\av2-linked-up\\src\\views\\GeoResults.vue","statementMap":{"0":{"start":{"line":39,"column":4},"end":{"line":41,"column":null}},"1":{"start":{"line":44,"column":4},"end":{"line":44,"column":null}}},"fnMap":{"0":{"name":"(anonymous_0)","decl":{"start":{"line":38,"column":2},"end":{"line":38,"column":3}},"loc":{"start":{"line":38,"column":9},"end":{"line":42,"column":3}}},"1":{"name":"(anonymous_1)","decl":{"start":{"line":43,"column":2},"end":{"line":43,"column":3}},"loc":{"start":{"line":43,"column":12},"end":{"line":45,"column":3}}}},"branchMap":{},"s":{"0":2,"1":2},"f":{"0":2,"1":2},"b":{}}
,"C:\\xampp\\htdocs\\Ynov\\av2-linked-up\\src\\views\\Login.vue": {"path":"C:\\xampp\\htdocs\\Ynov\\av2-linked-up\\src\\views\\Login.vue","statementMap":{"0":{"start":{"line":46,"column":4},"end":{"line":48,"column":null}}},"fnMap":{"0":{"name":"(anonymous_0)","decl":{"start":{"line":45,"column":2},"end":{"line":45,"column":3}},"loc":{"start":{"line":45,"column":9},"end":{"line":49,"column":3}}}},"branchMap":{},"s":{"0":8},"f":{"0":8},"b":{}}
,"C:\\xampp\\htdocs\\Ynov\\av2-linked-up\\src\\views\\Participation.vue": {"path":"C:\\xampp\\htdocs\\Ynov\\av2-linked-up\\src\\views\\Participation.vue","statementMap":{"0":{"start":{"line":23,"column":4},"end":{"line":25,"column":null}}},"fnMap":{"0":{"name":"(anonymous_0)","decl":{"start":{"line":22,"column":2},"end":{"line":22,"column":3}},"loc":{"start":{"line":22,"column":9},"end":{"line":26,"column":3}}}},"branchMap":{},"s":{"0":0},"f":{"0":0},"b":{}}
}
