{"total": {"lines":{"total":587,"covered":200,"skipped":0,"pct":34.07},"statements":{"total":594,"covered":206,"skipped":0,"pct":34.68},"functions":{"total":254,"covered":91,"skipped":0,"pct":35.83},"branches":{"total":60,"covered":26,"skipped":0,"pct":43.33}}
,"C:\\xampp\\htdocs\\Ynov\\av2-linked-up\\src\\App.vue": {"lines":{"total":6,"covered":5,"skipped":0,"pct":83.33},"functions":{"total":4,"covered":3,"skipped":0,"pct":75},"statements":{"total":6,"covered":5,"skipped":0,"pct":83.33},"branches":{"total":1,"covered":1,"skipped":0,"pct":100}}
,"C:\\xampp\\htdocs\\Ynov\\av2-linked-up\\src\\main.js": {"lines":{"total":8,"covered":8,"skipped":0,"pct":100},"functions":{"total":1,"covered":1,"skipped":0,"pct":100},"statements":{"total":8,"covered":8,"skipped":0,"pct":100},"branches":{"total":2,"covered":2,"skipped":0,"pct":100}}
,"C:\\xampp\\htdocs\\Ynov\\av2-linked-up\\src\\components\\admin\\AdminEvents.vue": {"lines":{"total":3,"covered":0,"skipped":0,"pct":0},"functions":{"total":3,"covered":0,"skipped":0,"pct":0},"statements":{"total":3,"covered":0,"skipped":0,"pct":0},"branches":{"total":0,"covered":0,"skipped":0,"pct":100}}
,"C:\\xampp\\htdocs\\Ynov\\av2-linked-up\\src\\components\\admin\\AdminGallery.vue": {"lines":{"total":36,"covered":18,"skipped":0,"pct":50},"functions":{"total":14,"covered":7,"skipped":0,"pct":50},"statements":{"total":37,"covered":19,"skipped":0,"pct":51.35},"branches":{"total":2,"covered":1,"skipped":0,"pct":50}}
,"C:\\xampp\\htdocs\\Ynov\\av2-linked-up\\src\\components\\admin\\AdminInbox.vue": {"lines":{"total":3,"covered":0,"skipped":0,"pct":0},"functions":{"total":3,"covered":0,"skipped":0,"pct":0},"statements":{"total":3,"covered":0,"skipped":0,"pct":0},"branches":{"total":0,"covered":0,"skipped":0,"pct":100}}
,"C:\\xampp\\htdocs\\Ynov\\av2-linked-up\\src\\components\\admin\\AdminNav.vue": {"lines":{"total":4,"covered":4,"skipped":0,"pct":100},"functions":{"total":2,"covered":2,"skipped":0,"pct":100},"statements":{"total":4,"covered":4,"skipped":0,"pct":100},"branches":{"total":1,"covered":1,"skipped":0,"pct":100}}
,"C:\\xampp\\htdocs\\Ynov\\av2-linked-up\\src\\components\\admin\\AdminProfile.vue": {"lines":{"total":3,"covered":3,"skipped":0,"pct":100},"functions":{"total":3,"covered":3,"skipped":0,"pct":100},"statements":{"total":3,"covered":3,"skipped":0,"pct":100},"branches":{"total":0,"covered":0,"skipped":0,"pct":100}}
,"C:\\xampp\\htdocs\\Ynov\\av2-linked-up\\src\\components\\admin\\AdminProjects.vue": {"lines":{"total":3,"covered":0,"skipped":0,"pct":0},"functions":{"total":3,"covered":0,"skipped":0,"pct":0},"statements":{"total":3,"covered":0,"skipped":0,"pct":0},"branches":{"total":0,"covered":0,"skipped":0,"pct":100}}
,"C:\\xampp\\htdocs\\Ynov\\av2-linked-up\\src\\components\\admin\\GalleryItem.vue": {"lines":{"total":1,"covered":1,"skipped":0,"pct":100},"functions":{"total":1,"covered":1,"skipped":0,"pct":100},"statements":{"total":1,"covered":1,"skipped":0,"pct":100},"branches":{"total":0,"covered":0,"skipped":0,"pct":100}}
,"C:\\xampp\\htdocs\\Ynov\\av2-linked-up\\src\\components\\admin\\MessageDetails.vue": {"lines":{"total":16,"covered":0,"skipped":0,"pct":0},"functions":{"total":12,"covered":0,"skipped":0,"pct":0},"statements":{"total":16,"covered":0,"skipped":0,"pct":0},"branches":{"total":0,"covered":0,"skipped":0,"pct":100}}
,"C:\\xampp\\htdocs\\Ynov\\av2-linked-up\\src\\components\\admin\\PreviewItem.vue": {"lines":{"total":1,"covered":0,"skipped":0,"pct":0},"functions":{"total":1,"covered":0,"skipped":0,"pct":0},"statements":{"total":1,"covered":0,"skipped":0,"pct":0},"branches":{"total":0,"covered":0,"skipped":0,"pct":100}}
,"C:\\xampp\\htdocs\\Ynov\\av2-linked-up\\src\\components\\admin\\ProjectDetails.vue": {"lines":{"total":12,"covered":0,"skipped":0,"pct":0},"functions":{"total":5,"covered":0,"skipped":0,"pct":0},"statements":{"total":12,"covered":0,"skipped":0,"pct":0},"branches":{"total":0,"covered":0,"skipped":0,"pct":100}}
,"C:\\xampp\\htdocs\\Ynov\\av2-linked-up\\src\\components\\admin\\ProjectItem.vue": {"lines":{"total":5,"covered":0,"skipped":0,"pct":0},"functions":{"total":5,"covered":0,"skipped":0,"pct":0},"statements":{"total":5,"covered":0,"skipped":0,"pct":0},"branches":{"total":0,"covered":0,"skipped":0,"pct":100}}
,"C:\\xampp\\htdocs\\Ynov\\av2-linked-up\\src\\components\\admin\\Sidenav.vue": {"lines":{"total":3,"covered":3,"skipped":0,"pct":100},"functions":{"total":3,"covered":3,"skipped":0,"pct":100},"statements":{"total":3,"covered":3,"skipped":0,"pct":100},"branches":{"total":0,"covered":0,"skipped":0,"pct":100}}
,"C:\\xampp\\htdocs\\Ynov\\av2-linked-up\\src\\components\\app\\Modal.vue": {"lines":{"total":9,"covered":4,"skipped":0,"pct":44.44},"functions":{"total":6,"covered":3,"skipped":0,"pct":50},"statements":{"total":9,"covered":4,"skipped":0,"pct":44.44},"branches":{"total":7,"covered":3,"skipped":0,"pct":42.86}}
,"C:\\xampp\\htdocs\\Ynov\\av2-linked-up\\src\\components\\artists\\ArtistDashboard.vue": {"lines":{"total":31,"covered":4,"skipped":0,"pct":12.9},"functions":{"total":16,"covered":4,"skipped":0,"pct":25},"statements":{"total":31,"covered":4,"skipped":0,"pct":12.9},"branches":{"total":4,"covered":0,"skipped":0,"pct":0}}
,"C:\\xampp\\htdocs\\Ynov\\av2-linked-up\\src\\components\\artists\\ArtistEvents.vue": {"lines":{"total":1,"covered":0,"skipped":0,"pct":0},"functions":{"total":1,"covered":0,"skipped":0,"pct":0},"statements":{"total":1,"covered":0,"skipped":0,"pct":0},"branches":{"total":0,"covered":0,"skipped":0,"pct":100}}
,"C:\\xampp\\htdocs\\Ynov\\av2-linked-up\\src\\components\\artists\\ArtistInbox.vue": {"lines":{"total":4,"covered":0,"skipped":0,"pct":0},"functions":{"total":4,"covered":0,"skipped":0,"pct":0},"statements":{"total":4,"covered":0,"skipped":0,"pct":0},"branches":{"total":0,"covered":0,"skipped":0,"pct":100}}
,"C:\\xampp\\htdocs\\Ynov\\av2-linked-up\\src\\components\\artists\\ArtistList.vue": {"lines":{"total":4,"covered":3,"skipped":0,"pct":75},"functions":{"total":4,"covered":3,"skipped":0,"pct":75},"statements":{"total":4,"covered":3,"skipped":0,"pct":75},"branches":{"total":0,"covered":0,"skipped":0,"pct":100}}
,"C:\\xampp\\htdocs\\Ynov\\av2-linked-up\\src\\components\\artists\\ArtistProjects.vue": {"lines":{"total":4,"covered":0,"skipped":0,"pct":0},"functions":{"total":4,"covered":0,"skipped":0,"pct":0},"statements":{"total":4,"covered":0,"skipped":0,"pct":0},"branches":{"total":0,"covered":0,"skipped":0,"pct":100}}
,"C:\\xampp\\htdocs\\Ynov\\av2-linked-up\\src\\components\\auth\\LoginForm.vue": {"lines":{"total":8,"covered":5,"skipped":0,"pct":62.5},"functions":{"total":2,"covered":2,"skipped":0,"pct":100},"statements":{"total":8,"covered":5,"skipped":0,"pct":62.5},"branches":{"total":0,"covered":0,"skipped":0,"pct":100}}
,"C:\\xampp\\htdocs\\Ynov\\av2-linked-up\\src\\components\\auth\\RegisterForm.vue": {"lines":{"total":8,"covered":5,"skipped":0,"pct":62.5},"functions":{"total":2,"covered":2,"skipped":0,"pct":100},"statements":{"total":8,"covered":5,"skipped":0,"pct":62.5},"branches":{"total":0,"covered":0,"skipped":0,"pct":100}}
,"C:\\xampp\\htdocs\\Ynov\\av2-linked-up\\src\\components\\clients\\ClientDashboard.vue": {"lines":{"total":31,"covered":0,"skipped":0,"pct":0},"functions":{"total":16,"covered":0,"skipped":0,"pct":0},"statements":{"total":31,"covered":0,"skipped":0,"pct":0},"branches":{"total":4,"covered":0,"skipped":0,"pct":0}}
,"C:\\xampp\\htdocs\\Ynov\\av2-linked-up\\src\\components\\clients\\ClientEvents.vue": {"lines":{"total":1,"covered":0,"skipped":0,"pct":0},"functions":{"total":1,"covered":0,"skipped":0,"pct":0},"statements":{"total":1,"covered":0,"skipped":0,"pct":0},"branches":{"total":0,"covered":0,"skipped":0,"pct":100}}
,"C:\\xampp\\htdocs\\Ynov\\av2-linked-up\\src\\components\\clients\\ClientInbox.vue": {"lines":{"total":4,"covered":0,"skipped":0,"pct":0},"functions":{"total":4,"covered":0,"skipped":0,"pct":0},"statements":{"total":4,"covered":0,"skipped":0,"pct":0},"branches":{"total":0,"covered":0,"skipped":0,"pct":100}}
,"C:\\xampp\\htdocs\\Ynov\\av2-linked-up\\src\\components\\clients\\ClientProjects.vue": {"lines":{"total":4,"covered":0,"skipped":0,"pct":0},"functions":{"total":4,"covered":0,"skipped":0,"pct":0},"statements":{"total":4,"covered":0,"skipped":0,"pct":0},"branches":{"total":0,"covered":0,"skipped":0,"pct":100}}
,"C:\\xampp\\htdocs\\Ynov\\av2-linked-up\\src\\components\\home\\Categories.vue": {"lines":{"total":3,"covered":2,"skipped":0,"pct":66.67},"functions":{"total":3,"covered":2,"skipped":0,"pct":66.67},"statements":{"total":3,"covered":2,"skipped":0,"pct":66.67},"branches":{"total":0,"covered":0,"skipped":0,"pct":100}}
,"C:\\xampp\\htdocs\\Ynov\\av2-linked-up\\src\\components\\home\\Geoloc.vue": {"lines":{"total":29,"covered":10,"skipped":0,"pct":34.48},"functions":{"total":17,"covered":6,"skipped":0,"pct":35.29},"statements":{"total":29,"covered":10,"skipped":0,"pct":34.48},"branches":{"total":2,"covered":1,"skipped":0,"pct":50}}
,"C:\\xampp\\htdocs\\Ynov\\av2-linked-up\\src\\components\\nav\\Footer.vue": {"lines":{"total":3,"covered":3,"skipped":0,"pct":100},"functions":{"total":3,"covered":3,"skipped":0,"pct":100},"statements":{"total":3,"covered":3,"skipped":0,"pct":100},"branches":{"total":0,"covered":0,"skipped":0,"pct":100}}
,"C:\\xampp\\htdocs\\Ynov\\av2-linked-up\\src\\components\\nav\\Navbar.vue": {"lines":{"total":5,"covered":2,"skipped":0,"pct":40},"functions":{"total":3,"covered":2,"skipped":0,"pct":66.67},"statements":{"total":5,"covered":2,"skipped":0,"pct":40},"branches":{"total":1,"covered":0,"skipped":0,"pct":0}}
,"C:\\xampp\\htdocs\\Ynov\\av2-linked-up\\src\\router\\index.js": {"lines":{"total":9,"covered":8,"skipped":0,"pct":88.89},"functions":{"total":2,"covered":2,"skipped":0,"pct":100},"statements":{"total":10,"covered":9,"skipped":0,"pct":90},"branches":{"total":4,"covered":3,"skipped":0,"pct":75}}
,"C:\\xampp\\htdocs\\Ynov\\av2-linked-up\\src\\store\\index.js": {"lines":{"total":0,"covered":0,"skipped":0,"pct":0},"functions":{"total":0,"covered":0,"skipped":0,"pct":0},"statements":{"total":0,"covered":0,"skipped":0,"pct":0},"branches":{"total":0,"covered":0,"skipped":0,"pct":0}}
,"C:\\xampp\\htdocs\\Ynov\\av2-linked-up\\src\\store\\modules\\artistProfile.js": {"lines":{"total":24,"covered":16,"skipped":0,"pct":66.67},"functions":{"total":9,"covered":8,"skipped":0,"pct":88.89},"statements":{"total":25,"covered":17,"skipped":0,"pct":68},"branches":{"total":4,"covered":2,"skipped":0,"pct":50}}
,"C:\\xampp\\htdocs\\Ynov\\av2-linked-up\\src\\store\\modules\\auth.js": {"lines":{"total":29,"covered":22,"skipped":0,"pct":75.86},"functions":{"total":11,"covered":8,"skipped":0,"pct":72.73},"statements":{"total":29,"covered":22,"skipped":0,"pct":75.86},"branches":{"total":10,"covered":6,"skipped":0,"pct":60}}
,"C:\\xampp\\htdocs\\Ynov\\av2-linked-up\\src\\store\\modules\\clientProfile.js": {"lines":{"total":17,"covered":0,"skipped":0,"pct":0},"functions":{"total":5,"covered":0,"skipped":0,"pct":0},"statements":{"total":17,"covered":0,"skipped":0,"pct":0},"branches":{"total":4,"covered":0,"skipped":0,"pct":0}}
,"C:\\xampp\\htdocs\\Ynov\\av2-linked-up\\src\\store\\modules\\gallery.js": {"lines":{"total":55,"covered":24,"skipped":0,"pct":43.64},"functions":{"total":9,"covered":7,"skipped":0,"pct":77.78},"statements":{"total":57,"covered":25,"skipped":0,"pct":43.86},"branches":{"total":6,"covered":2,"skipped":0,"pct":33.33}}
,"C:\\xampp\\htdocs\\Ynov\\av2-linked-up\\src\\store\\modules\\index.js": {"lines":{"total":8,"covered":8,"skipped":0,"pct":100},"functions":{"total":1,"covered":1,"skipped":0,"pct":100},"statements":{"total":8,"covered":8,"skipped":0,"pct":100},"branches":{"total":4,"covered":3,"skipped":0,"pct":75}}
,"C:\\xampp\\htdocs\\Ynov\\av2-linked-up\\src\\store\\modules\\messages.js": {"lines":{"total":52,"covered":0,"skipped":0,"pct":0},"functions":{"total":15,"covered":0,"skipped":0,"pct":0},"statements":{"total":52,"covered":0,"skipped":0,"pct":0},"branches":{"total":0,"covered":0,"skipped":0,"pct":100}}
,"C:\\xampp\\htdocs\\Ynov\\av2-linked-up\\src\\store\\modules\\projects.js": {"lines":{"total":49,"covered":0,"skipped":0,"pct":0},"functions":{"total":15,"covered":0,"skipped":0,"pct":0},"statements":{"total":49,"covered":0,"skipped":0,"pct":0},"branches":{"total":0,"covered":0,"skipped":0,"pct":100}}
,"C:\\xampp\\htdocs\\Ynov\\av2-linked-up\\src\\store\\modules\\search.js": {"lines":{"total":10,"covered":10,"skipped":0,"pct":100},"functions":{"total":6,"covered":6,"skipped":0,"pct":100},"statements":{"total":12,"covered":12,"skipped":0,"pct":100},"branches":{"total":0,"covered":0,"skipped":0,"pct":100}}
,"C:\\xampp\\htdocs\\Ynov\\av2-linked-up\\src\\store\\modules\\thumbnail.js": {"lines":{"total":26,"covered":0,"skipped":0,"pct":0},"functions":{"total":6,"covered":0,"skipped":0,"pct":0},"statements":{"total":26,"covered":0,"skipped":0,"pct":0},"branches":{"total":0,"covered":0,"skipped":0,"pct":100}}
,"C:\\xampp\\htdocs\\Ynov\\av2-linked-up\\src\\utils\\firebase.js": {"lines":{"total":13,"covered":13,"skipped":0,"pct":100},"functions":{"total":0,"covered":0,"skipped":0,"pct":100},"statements":{"total":13,"covered":13,"skipped":0,"pct":100},"branches":{"total":0,"covered":0,"skipped":0,"pct":100}}
,"C:\\xampp\\htdocs\\Ynov\\av2-linked-up\\src\\utils\\globals.js": {"lines":{"total":5,"covered":5,"skipped":0,"pct":100},"functions":{"total":2,"covered":2,"skipped":0,"pct":100},"statements":{"total":5,"covered":5,"skipped":0,"pct":100},"branches":{"total":2,"covered":1,"skipped":0,"pct":50}}
,"C:\\xampp\\htdocs\\Ynov\\av2-linked-up\\src\\utils\\styles.js": {"lines":{"total":0,"covered":0,"skipped":0,"pct":0},"functions":{"total":0,"covered":0,"skipped":0,"pct":0},"statements":{"total":0,"covered":0,"skipped":0,"pct":0},"branches":{"total":0,"covered":0,"skipped":0,"pct":0}}
,"C:\\xampp\\htdocs\\Ynov\\av2-linked-up\\src\\views\\ArtistContact.vue": {"lines":{"total":10,"covered":0,"skipped":0,"pct":0},"functions":{"total":5,"covered":0,"skipped":0,"pct":0},"statements":{"total":10,"covered":0,"skipped":0,"pct":0},"branches":{"total":0,"covered":0,"skipped":0,"pct":100}}
,"C:\\xampp\\htdocs\\Ynov\\av2-linked-up\\src\\views\\ArtistProfile.vue": {"lines":{"total":18,"covered":9,"skipped":0,"pct":50},"functions":{"total":9,"covered":5,"skipped":0,"pct":55.56},"statements":{"total":18,"covered":9,"skipped":0,"pct":50},"branches":{"total":2,"covered":0,"skipped":0,"pct":0}}
,"C:\\xampp\\htdocs\\Ynov\\av2-linked-up\\src\\views\\CategoriesResults.vue": {"lines":{"total":2,"covered":2,"skipped":0,"pct":100},"functions":{"total":2,"covered":2,"skipped":0,"pct":100},"statements":{"total":2,"covered":2,"skipped":0,"pct":100},"branches":{"total":0,"covered":0,"skipped":0,"pct":100}}
,"C:\\xampp\\htdocs\\Ynov\\av2-linked-up\\src\\views\\ClientProfile.vue": {"lines":{"total":4,"covered":0,"skipped":0,"pct":0},"functions":{"total":4,"covered":0,"skipped":0,"pct":0},"statements":{"total":4,"covered":0,"skipped":0,"pct":0},"branches":{"total":0,"covered":0,"skipped":0,"pct":100}}
,"C:\\xampp\\htdocs\\Ynov\\av2-linked-up\\src\\views\\GeoResults.vue": {"lines":{"total":2,"covered":2,"skipped":0,"pct":100},"functions":{"total":2,"covered":2,"skipped":0,"pct":100},"statements":{"total":2,"covered":2,"skipped":0,"pct":100},"branches":{"total":0,"covered":0,"skipped":0,"pct":100}}
,"C:\\xampp\\htdocs\\Ynov\\av2-linked-up\\src\\views\\Login.vue": {"lines":{"total":1,"covered":1,"skipped":0,"pct":100},"functions":{"total":1,"covered":1,"skipped":0,"pct":100},"statements":{"total":1,"covered":1,"skipped":0,"pct":100},"branches":{"total":0,"covered":0,"skipped":0,"pct":100}}
}
