TN:
SF:src\App.vue
FN:41,(anonymous_0)
FN:47,(anonymous_1)
FN:54,(anonymous_2)
FN:58,(anonymous_3)
FNF:4
FNH:3
FNDA:1,(anonymous_0)
FNDA:7,(anonymous_1)
FNDA:1,(anonymous_2)
FNDA:0,(anonymous_3)
DA:42,1
DA:48,7
DA:49,3
DA:51,4
DA:55,1
DA:59,0
LF:6
LH:5
BRDA:48,0,0,3
BRF:1
BRH:1
end_of_record
TN:
SF:src\main.js
FN:13,(anonymous_0)
FNF:1
FNH:1
FNDA:3,(anonymous_0)
DA:13,1
DA:14,3
DA:15,1
DA:16,1
DA:28,1
DA:29,1
DA:30,1
DA:31,1
LF:8
LH:8
BRDA:14,0,0,1
BRDA:14,0,1,2
BRF:2
BRH:2
end_of_record
TN:
SF:src\components\admin\AdminEvents.vue
FN:22,(anonymous_0)
FN:27,(anonymous_1)
FN:28,(anonymous_2)
FNF:3
FNH:0
FNDA:0,(anonymous_0)
FNDA:0,(anonymous_1)
FNDA:0,(anonymous_2)
DA:23,0
DA:28,0
DA:29,0
LF:3
LH:0
BRF:0
BRH:0
end_of_record
TN:
SF:src\components\admin\AdminGallery.vue
FN:79,(anonymous_0)
FN:88,(anonymous_1)
FN:90,(anonymous_2)
FN:94,(anonymous_3)
FN:99,(anonymous_4)
FN:112,(anonymous_5)
FN:120,(anonymous_6)
FN:125,(anonymous_7)
FN:130,(anonymous_8)
FN:134,(anonymous_9)
FN:137,(anonymous_10)
FN:140,(anonymous_11)
FN:144,(anonymous_12)
FN:148,(anonymous_13)
FNF:14
FNH:4
FNDA:1,(anonymous_0)
FNDA:1,(anonymous_1)
FNDA:1,(anonymous_2)
FNDA:0,(anonymous_3)
FNDA:0,(anonymous_4)
FNDA:0,(anonymous_5)
FNDA:0,(anonymous_6)
FNDA:0,(anonymous_7)
FNDA:1,(anonymous_8)
FNDA:0,(anonymous_9)
FNDA:0,(anonymous_10)
FNDA:0,(anonymous_11)
FNDA:0,(anonymous_12)
FNDA:0,(anonymous_13)
DA:80,1
DA:89,1
DA:91,1
DA:92,1
DA:95,0
DA:100,0
DA:101,0
DA:102,0
DA:103,0
DA:104,0
DA:105,0
DA:106,0
DA:107,0
DA:109,0
DA:113,0
DA:114,0
DA:115,0
DA:116,0
DA:121,0
DA:122,0
DA:123,0
DA:126,0
DA:127,0
DA:128,0
DA:131,1
DA:132,1
DA:135,0
DA:138,0
DA:139,0
DA:140,0
DA:141,0
DA:145,0
DA:146,0
DA:147,0
DA:148,0
DA:149,0
LF:36
LH:6
BRDA:104,0,0,0
BRDA:115,1,0,0
BRF:2
BRH:0
end_of_record
TN:
SF:src\components\admin\AdminInbox.vue
FN:22,(anonymous_0)
FN:27,(anonymous_1)
FN:28,(anonymous_2)
FNF:3
FNH:0
FNDA:0,(anonymous_0)
FNDA:0,(anonymous_1)
FNDA:0,(anonymous_2)
DA:23,0
DA:28,0
DA:29,0
LF:3
LH:0
BRF:0
BRH:0
end_of_record
TN:
SF:src\components\admin\AdminNav.vue
FN:29,(anonymous_0)
FN:40,(anonymous_1)
FNF:2
FNH:2
FNDA:1,(anonymous_0)
FNDA:1,(anonymous_1)
DA:30,1
DA:41,1
DA:42,1
DA:43,1
LF:4
LH:4
BRDA:42,0,0,1
BRF:1
BRH:1
end_of_record
TN:
SF:src\components\admin\AdminProfile.vue
FN:22,(anonymous_0)
FN:27,(anonymous_1)
FN:28,(anonymous_2)
FNF:3
FNH:3
FNDA:2,(anonymous_0)
FNDA:2,(anonymous_1)
FNDA:2,(anonymous_2)
DA:23,2
DA:28,2
DA:29,2
LF:3
LH:3
BRF:0
BRH:0
end_of_record
TN:
SF:src\components\admin\AdminProjects.vue
FN:22,(anonymous_0)
FN:27,(anonymous_1)
FN:28,(anonymous_2)
FNF:3
FNH:0
FNDA:0,(anonymous_0)
FNDA:0,(anonymous_1)
FNDA:0,(anonymous_2)
DA:23,0
DA:28,0
DA:29,0
LF:3
LH:0
BRF:0
BRH:0
end_of_record
TN:
SF:src\components\admin\GalleryItem.vue
FN:23,(anonymous_0)
FNF:1
FNH:1
FNDA:1,(anonymous_0)
DA:24,1
LF:1
LH:1
BRF:0
BRH:0
end_of_record
TN:
SF:src\components\admin\MessageDetails.vue
FN:46,(anonymous_0)
FN:53,(anonymous_1)
FN:56,(anonymous_2)
FN:59,(anonymous_3)
FN:66,(anonymous_4)
FN:74,(anonymous_5)
FN:77,(anonymous_6)
FN:80,(anonymous_7)
FN:84,(anonymous_8)
FN:87,(anonymous_9)
FN:90,(anonymous_10)
FN:94,(anonymous_11)
FNF:12
FNH:0
FNDA:0,(anonymous_0)
FNDA:0,(anonymous_1)
FNDA:0,(anonymous_2)
FNDA:0,(anonymous_3)
FNDA:0,(anonymous_4)
FNDA:0,(anonymous_5)
FNDA:0,(anonymous_6)
FNDA:0,(anonymous_7)
FNDA:0,(anonymous_8)
FNDA:0,(anonymous_9)
FNDA:0,(anonymous_10)
FNDA:0,(anonymous_11)
DA:47,0
DA:54,0
DA:57,0
DA:60,0
DA:63,0
DA:67,0
DA:68,0
DA:72,0
DA:75,0
DA:78,0
DA:81,0
DA:85,0
DA:88,0
DA:91,0
DA:92,0
DA:95,0
LF:16
LH:0
BRF:0
BRH:0
end_of_record
TN:
SF:src\components\admin\PreviewItem.vue
FN:22,(anonymous_0)
FNF:1
FNH:0
FNDA:0,(anonymous_0)
DA:23,0
LF:1
LH:0
BRF:0
BRH:0
end_of_record
TN:
SF:src\components\admin\ProjectDetails.vue
FN:79,(anonymous_0)
FN:97,(anonymous_1)
FN:105,(anonymous_2)
FN:112,(anonymous_3)
FN:116,(anonymous_4)
FNF:5
FNH:0
FNDA:0,(anonymous_0)
FNDA:0,(anonymous_1)
FNDA:0,(anonymous_2)
FNDA:0,(anonymous_3)
FNDA:0,(anonymous_4)
DA:80,0
DA:98,0
DA:99,0
DA:100,0
DA:101,0
DA:102,0
DA:106,0
DA:110,0
DA:113,0
DA:114,0
DA:117,0
DA:121,0
LF:12
LH:0
BRF:0
BRH:0
end_of_record
TN:
SF:src\components\admin\ProjectItem.vue
FN:40,(anonymous_0)
FN:47,(anonymous_1)
FN:51,(anonymous_2)
FN:59,(anonymous_3)
FN:60,(anonymous_4)
FNF:5
FNH:0
FNDA:0,(anonymous_0)
FNDA:0,(anonymous_1)
FNDA:0,(anonymous_2)
FNDA:0,(anonymous_3)
FNDA:0,(anonymous_4)
DA:41,0
DA:48,0
DA:53,0
DA:60,0
DA:61,0
LF:5
LH:0
BRF:0
BRH:0
end_of_record
TN:
SF:src\components\admin\Sidenav.vue
FN:87,(anonymous_0)
FN:92,(anonymous_1)
FN:93,(anonymous_2)
FNF:3
FNH:3
FNDA:1,(anonymous_0)
FNDA:1,(anonymous_1)
FNDA:1,(anonymous_2)
DA:88,1
DA:93,1
DA:94,1
LF:3
LH:3
BRF:0
BRH:0
end_of_record
TN:
SF:src\components\app\Modal.vue
FN:40,(anonymous_0)
FN:50,(anonymous_1)
FN:53,(anonymous_2)
FN:58,(anonymous_3)
FN:62,(anonymous_4)
FN:65,(anonymous_5)
FNF:6
FNH:3
FNDA:1,(anonymous_0)
FNDA:0,(anonymous_1)
FNDA:20,(anonymous_2)
FNDA:0,(anonymous_3)
FNDA:1,(anonymous_4)
FNDA:0,(anonymous_5)
DA:41,1
DA:42,0
DA:44,1
DA:51,0
DA:54,20
DA:55,0
DA:59,0
DA:63,1
DA:66,0
LF:9
LH:4
BRDA:41,0,0,0
BRDA:41,0,1,1
BRDA:41,1,0,1
BRDA:41,1,1,0
BRDA:54,2,0,0
BRDA:54,3,0,20
BRDA:54,3,1,0
BRF:7
BRH:3
end_of_record
TN:
SF:src\components\artists\ArtistDashboard.vue
FN:132,(anonymous_0)
FN:152,(anonymous_1)
FN:155,(anonymous_2)
FN:158,(anonymous_3)
FN:161,(anonymous_4)
FN:164,(anonymous_5)
FN:177,(anonymous_6)
FN:180,(anonymous_7)
FN:184,(anonymous_8)
FN:188,(anonymous_9)
FN:201,(anonymous_10)
FN:205,(anonymous_11)
FN:209,(anonymous_12)
FN:212,(anonymous_13)
FN:216,(anonymous_14)
FN:220,(anonymous_15)
FNF:16
FNH:4
FNDA:2,(anonymous_0)
FNDA:2,(anonymous_1)
FNDA:1,(anonymous_2)
FNDA:1,(anonymous_3)
FNDA:0,(anonymous_4)
FNDA:0,(anonymous_5)
FNDA:0,(anonymous_6)
FNDA:0,(anonymous_7)
FNDA:0,(anonymous_8)
FNDA:0,(anonymous_9)
FNDA:0,(anonymous_10)
FNDA:0,(anonymous_11)
FNDA:0,(anonymous_12)
FNDA:0,(anonymous_13)
FNDA:0,(anonymous_14)
FNDA:0,(anonymous_15)
DA:133,2
DA:153,2
DA:156,1
DA:159,1
DA:161,0
DA:165,0
DA:166,0
DA:168,0
DA:169,0
DA:170,0
DA:171,0
DA:173,0
DA:174,0
DA:178,0
DA:181,0
DA:182,0
DA:185,0
DA:189,0
DA:199,0
DA:202,0
DA:203,0
DA:206,0
DA:210,0
DA:211,0
DA:212,0
DA:213,0
DA:217,0
DA:218,0
DA:219,0
DA:220,0
DA:221,0
LF:31
LH:4
BRDA:168,0,0,0
BRDA:168,0,1,0
BRDA:168,1,0,0
BRDA:168,1,1,0
BRF:4
BRH:0
end_of_record
TN:
SF:src\components\artists\ArtistEvents.vue
FN:15,(anonymous_0)
FNF:1
FNH:0
FNDA:0,(anonymous_0)
DA:16,0
LF:1
LH:0
BRF:0
BRH:0
end_of_record
TN:
SF:src\components\artists\ArtistInbox.vue
FN:23,(anonymous_0)
FN:28,(anonymous_1)
FN:31,(anonymous_2)
FN:34,(anonymous_3)
FNF:4
FNH:0
FNDA:0,(anonymous_0)
FNDA:0,(anonymous_1)
FNDA:0,(anonymous_2)
FNDA:0,(anonymous_3)
DA:24,0
DA:29,0
DA:32,0
DA:35,0
LF:4
LH:0
BRF:0
BRH:0
end_of_record
TN:
SF:src\components\artists\ArtistList.vue
FN:30,(anonymous_0)
FN:42,(anonymous_1)
FN:45,(anonymous_2)
FN:48,(anonymous_3)
FNF:4
FNH:0
FNDA:0,(anonymous_0)
FNDA:0,(anonymous_1)
FNDA:0,(anonymous_2)
FNDA:0,(anonymous_3)
DA:31,0
DA:43,0
DA:46,0
DA:48,0
LF:4
LH:0
BRF:0
BRH:0
end_of_record
TN:
SF:src\components\artists\ArtistProjects.vue
FN:26,(anonymous_0)
FN:31,(anonymous_1)
FN:34,(anonymous_2)
FN:37,(anonymous_3)
FNF:4
FNH:0
FNDA:0,(anonymous_0)
FNDA:0,(anonymous_1)
FNDA:0,(anonymous_2)
FNDA:0,(anonymous_3)
DA:27,0
DA:32,0
DA:35,0
DA:38,0
LF:4
LH:0
BRF:0
BRH:0
end_of_record
TN:
SF:src\components\auth\LoginForm.vue
FN:46,(anonymous_0)
FN:61,(anonymous_1)
FNF:2
FNH:2
FNDA:1,(anonymous_0)
FNDA:1,(anonymous_1)
DA:47,1
DA:62,1
DA:66,1
DA:67,1
DA:69,0
DA:70,0
DA:71,0
DA:73,1
LF:8
LH:5
BRF:0
BRH:0
end_of_record
TN:
SF:src\components\auth\RegisterForm.vue
FN:67,(anonymous_0)
FN:84,(anonymous_1)
FNF:2
FNH:0
FNDA:0,(anonymous_0)
FNDA:0,(anonymous_1)
DA:68,0
DA:85,0
DA:91,0
DA:92,0
DA:94,0
DA:95,0
DA:96,0
DA:98,0
LF:8
LH:0
BRF:0
BRH:0
end_of_record
TN:
SF:src\components\clients\ClientDashboard.vue
FN:103,(anonymous_0)
FN:120,(anonymous_1)
FN:123,(anonymous_2)
FN:126,(anonymous_3)
FN:129,(anonymous_4)
FN:132,(anonymous_5)
FN:145,(anonymous_6)
FN:148,(anonymous_7)
FN:152,(anonymous_8)
FN:156,(anonymous_9)
FN:166,(anonymous_10)
FN:170,(anonymous_11)
FN:174,(anonymous_12)
FN:177,(anonymous_13)
FN:181,(anonymous_14)
FN:185,(anonymous_15)
FNF:16
FNH:0
FNDA:0,(anonymous_0)
FNDA:0,(anonymous_1)
FNDA:0,(anonymous_2)
FNDA:0,(anonymous_3)
FNDA:0,(anonymous_4)
FNDA:0,(anonymous_5)
FNDA:0,(anonymous_6)
FNDA:0,(anonymous_7)
FNDA:0,(anonymous_8)
FNDA:0,(anonymous_9)
FNDA:0,(anonymous_10)
FNDA:0,(anonymous_11)
FNDA:0,(anonymous_12)
FNDA:0,(anonymous_13)
FNDA:0,(anonymous_14)
FNDA:0,(anonymous_15)
DA:104,0
DA:121,0
DA:124,0
DA:127,0
DA:129,0
DA:133,0
DA:134,0
DA:136,0
DA:137,0
DA:138,0
DA:139,0
DA:141,0
DA:142,0
DA:146,0
DA:149,0
DA:150,0
DA:153,0
DA:157,0
DA:164,0
DA:167,0
DA:168,0
DA:171,0
DA:175,0
DA:176,0
DA:177,0
DA:178,0
DA:182,0
DA:183,0
DA:184,0
DA:185,0
DA:186,0
LF:31
LH:0
BRDA:136,0,0,0
BRDA:136,0,1,0
BRDA:136,1,0,0
BRDA:136,1,1,0
BRF:4
BRH:0
end_of_record
TN:
SF:src\components\clients\ClientEvents.vue
FN:15,(anonymous_0)
FNF:1
FNH:0
FNDA:0,(anonymous_0)
DA:16,0
LF:1
LH:0
BRF:0
BRH:0
end_of_record
TN:
SF:src\components\clients\ClientInbox.vue
FN:23,(anonymous_0)
FN:28,(anonymous_1)
FN:31,(anonymous_2)
FN:34,(anonymous_3)
FNF:4
FNH:0
FNDA:0,(anonymous_0)
FNDA:0,(anonymous_1)
FNDA:0,(anonymous_2)
FNDA:0,(anonymous_3)
DA:24,0
DA:29,0
DA:32,0
DA:35,0
LF:4
LH:0
BRF:0
BRH:0
end_of_record
TN:
SF:src\components\clients\ClientProjects.vue
FN:28,(anonymous_0)
FN:33,(anonymous_1)
FN:36,(anonymous_2)
FN:39,(anonymous_3)
FNF:4
FNH:0
FNDA:0,(anonymous_0)
FNDA:0,(anonymous_1)
FNDA:0,(anonymous_2)
FNDA:0,(anonymous_3)
DA:29,0
DA:34,0
DA:37,0
DA:40,0
LF:4
LH:0
BRF:0
BRH:0
end_of_record
TN:
SF:src\components\home\Categories.vue
FN:62,(anonymous_0)
FN:65,(anonymous_1)
FN:66,(anonymous_2)
FNF:3
FNH:0
FNDA:0,(anonymous_0)
FNDA:0,(anonymous_1)
FNDA:0,(anonymous_2)
DA:63,0
DA:65,0
DA:66,0
LF:3
LH:0
BRF:0
BRH:0
end_of_record
TN:
SF:src\components\home\Geoloc.vue
FN:42,(anonymous_0)
FN:62,(anonymous_1)
FN:63,(anonymous_2)
FN:79,(anonymous_3)
FN:82,(anonymous_4)
FN:83,(anonymous_5)
FN:84,(anonymous_6)
FN:98,(anonymous_7)
FN:106,(anonymous_8)
FN:113,(anonymous_9)
FN:114,(anonymous_10)
FN:115,(anonymous_11)
FN:124,(anonymous_12)
FN:127,(anonymous_13)
FN:128,(anonymous_14)
FN:131,(anonymous_15)
FN:132,(anonymous_16)
FNF:17
FNH:1
FNDA:2,(anonymous_0)
FNDA:0,(anonymous_1)
FNDA:0,(anonymous_2)
FNDA:0,(anonymous_3)
FNDA:0,(anonymous_4)
FNDA:0,(anonymous_5)
FNDA:0,(anonymous_6)
FNDA:0,(anonymous_7)
FNDA:0,(anonymous_8)
FNDA:0,(anonymous_9)
FNDA:0,(anonymous_10)
FNDA:0,(anonymous_11)
FNDA:0,(anonymous_12)
FNDA:0,(anonymous_13)
FNDA:0,(anonymous_14)
FNDA:0,(anonymous_15)
FNDA:0,(anonymous_16)
DA:43,2
DA:63,0
DA:64,0
DA:68,0
DA:69,0
DA:81,0
DA:82,0
DA:83,0
DA:84,0
DA:86,0
DA:87,0
DA:88,0
DA:89,0
DA:90,0
DA:99,0
DA:107,0
DA:109,0
DA:110,0
DA:113,0
DA:114,0
DA:115,0
DA:116,0
DA:125,0
DA:126,0
DA:127,0
DA:128,0
DA:130,0
DA:131,0
DA:132,0
LF:29
LH:1
BRDA:125,0,0,0
BRDA:125,0,1,0
BRF:2
BRH:0
end_of_record
TN:
SF:src\components\nav\Footer.vue
FN:30,(anonymous_0)
FN:35,(anonymous_1)
FN:44,(anonymous_2)
FNF:3
FNH:3
FNDA:1,(anonymous_0)
FNDA:1,(anonymous_1)
FNDA:1,(anonymous_2)
DA:31,1
DA:36,1
DA:45,1
LF:3
LH:3
BRF:0
BRH:0
end_of_record
TN:
SF:src\components\nav\Navbar.vue
FN:72,(anonymous_0)
FN:75,(anonymous_1)
FN:86,(anonymous_2)
FNF:3
FNH:2
FNDA:4,(anonymous_0)
FNDA:2,(anonymous_1)
FNDA:0,(anonymous_2)
DA:72,4
DA:76,2
DA:87,0
DA:88,0
DA:89,0
LF:5
LH:2
BRDA:88,0,0,0
BRF:1
BRH:0
end_of_record
TN:
SF:src\router\index.js
FN:129,(anonymous_0)
FN:130,(anonymous_1)
FNF:2
FNH:2
FNDA:6,(anonymous_0)
FNDA:6,(anonymous_1)
DA:22,1
DA:124,1
DA:129,1
DA:130,6
DA:131,3
DA:132,3
DA:134,3
DA:135,3
DA:137,0
LF:9
LH:8
BRDA:130,0,0,3
BRDA:130,0,1,3
BRDA:134,1,0,3
BRDA:134,1,1,0
BRF:4
BRH:3
end_of_record
TN:
SF:src\store\index.js
FNF:0
FNH:0
LF:0
LH:0
BRF:0
BRH:0
end_of_record
TN:
SF:src\store\modules\artistProfile.js
FN:29,(anonymous_0)
FN:32,(anonymous_1)
FN:51,(anonymous_2)
FN:79,(anonymous_3)
FN:93,(anonymous_4)
FN:106,(anonymous_5)
FN:109,(anonymous_6)
FN:125,(anonymous_7)
FN:128,(anonymous_8)
FNF:9
FNH:1
FNDA:0,(anonymous_0)
FNDA:0,(anonymous_1)
FNDA:0,(anonymous_2)
FNDA:2,(anonymous_3)
FNDA:0,(anonymous_4)
FNDA:0,(anonymous_5)
FNDA:0,(anonymous_6)
FNDA:0,(anonymous_7)
FNDA:0,(anonymous_8)
DA:30,0
DA:33,0
DA:52,0
DA:53,0
DA:55,0
DA:56,0
DA:69,0
DA:70,0
DA:80,2
DA:81,2
DA:82,1
DA:83,1
DA:85,0
DA:94,0
DA:95,0
DA:96,0
DA:97,0
DA:99,0
DA:107,0
DA:108,0
DA:109,0
DA:115,0
DA:126,0
DA:129,0
LF:24
LH:4
BRDA:82,0,0,1
BRDA:82,0,1,0
BRDA:96,1,0,0
BRDA:96,1,1,0
BRF:4
BRH:1
end_of_record
TN:
SF:src\store\modules\auth.js
FN:31,(anonymous_0)
FN:34,(anonymous_1)
FN:37,(anonymous_2)
FN:58,(anonymous_3)
FN:101,(anonymous_4)
FN:111,(anonymous_5)
FN:124,(anonymous_6)
FN:135,(anonymous_7)
FN:144,(anonymous_8)
FN:155,(anonymous_9)
FN:158,(anonymous_10)
FNF:11
FNH:7
FNDA:2,(anonymous_0)
FNDA:3,(anonymous_1)
FNDA:0,(anonymous_2)
FNDA:0,(anonymous_3)
FNDA:1,(anonymous_4)
FNDA:1,(anonymous_5)
FNDA:1,(anonymous_6)
FNDA:3,(anonymous_7)
FNDA:0,(anonymous_8)
FNDA:3,(anonymous_9)
FNDA:0,(anonymous_10)
DA:32,2
DA:35,3
DA:38,0
DA:59,0
DA:64,0
DA:65,0
DA:70,0
DA:71,0
DA:76,0
DA:77,0
DA:82,0
DA:88,0
DA:92,0
DA:102,1
DA:104,1
DA:112,1
DA:114,1
DA:115,0
DA:125,1
DA:127,1
DA:136,3
DA:138,3
DA:139,3
DA:140,3
DA:141,3
DA:145,0
DA:146,0
DA:156,3
DA:159,0
LF:29
LH:14
BRDA:64,0,0,0
BRDA:64,0,1,0
BRDA:70,1,0,0
BRDA:70,1,1,0
BRDA:76,2,0,0
BRDA:76,2,1,0
BRDA:114,3,0,0
BRDA:114,3,1,1
BRDA:138,4,0,3
BRDA:138,4,1,0
BRF:10
BRH:2
end_of_record
TN:
SF:src\store\modules\clientProfile.js
FN:26,(anonymous_0)
FN:44,(anonymous_1)
FN:67,(anonymous_2)
FN:81,(anonymous_3)
FN:96,(anonymous_4)
FNF:5
FNH:0
FNDA:0,(anonymous_0)
FNDA:0,(anonymous_1)
FNDA:0,(anonymous_2)
FNDA:0,(anonymous_3)
FNDA:0,(anonymous_4)
DA:27,0
DA:45,0
DA:47,0
DA:48,0
DA:57,0
DA:58,0
DA:68,0
DA:69,0
DA:70,0
DA:71,0
DA:73,0
DA:82,0
DA:83,0
DA:84,0
DA:85,0
DA:87,0
DA:97,0
LF:17
LH:0
BRDA:70,0,0,0
BRDA:70,0,1,0
BRDA:84,1,0,0
BRDA:84,1,1,0
BRF:4
BRH:0
end_of_record
TN:
SF:src\store\modules\gallery.js
FN:32,(anonymous_0)
FN:35,(anonymous_1)
FN:38,(anonymous_2)
FN:63,(anonymous_3)
FN:91,(anonymous_4)
FN:107,(anonymous_5)
FN:148,(anonymous_6)
FN:166,(anonymous_7)
FN:183,(anonymous_8)
FNF:9
FNH:3
FNDA:0,(anonymous_0)
FNDA:1,(anonymous_1)
FNDA:0,(anonymous_2)
FNDA:0,(anonymous_3)
FNDA:1,(anonymous_4)
FNDA:0,(anonymous_5)
FNDA:1,(anonymous_6)
FNDA:0,(anonymous_7)
FNDA:0,(anonymous_8)
DA:33,0
DA:36,1
DA:39,0
DA:64,0
DA:65,0
DA:66,0
DA:68,0
DA:69,0
DA:70,0
DA:71,0
DA:72,0
DA:73,0
DA:76,0
DA:77,0
DA:81,0
DA:82,0
DA:92,1
DA:93,1
DA:94,1
DA:95,1
DA:96,0
DA:98,1
DA:108,0
DA:109,0
DA:110,0
DA:112,0
DA:113,0
DA:114,0
DA:115,0
DA:116,0
DA:117,0
DA:120,0
DA:121,0
DA:122,0
DA:123,0
DA:126,0
DA:128,0
DA:129,0
DA:132,0
DA:133,0
DA:137,0
DA:138,0
DA:149,1
DA:150,1
DA:151,1
DA:155,0
DA:156,0
DA:167,0
DA:168,0
DA:169,0
DA:170,0
DA:171,0
DA:173,0
DA:174,0
DA:184,0
LF:55
LH:9
BRDA:95,0,0,0
BRDA:95,0,1,1
BRDA:122,1,0,0
BRDA:122,1,1,0
BRDA:170,2,0,0
BRDA:170,2,1,0
BRF:6
BRH:1
end_of_record
TN:
SF:src\store\modules\index.js
FN:11,(anonymous_0)
FNF:1
FNH:1
FNDA:9,(anonymous_0)
DA:8,1
DA:9,1
DA:11,1
DA:12,9
DA:13,1
DA:16,8
DA:17,8
DA:18,8
LF:8
LH:8
BRDA:12,0,0,1
BRDA:12,0,1,8
BRDA:18,1,0,8
BRDA:18,1,1,0
BRF:4
BRH:3
end_of_record
TN:
SF:src\store\modules\messages.js
FN:30,(anonymous_0)
FN:33,(anonymous_1)
FN:36,(anonymous_2)
FN:56,(anonymous_3)
FN:89,(anonymous_4)
FN:115,(anonymous_5)
FN:122,(anonymous_6)
FN:124,(anonymous_7)
FN:141,(anonymous_8)
FN:149,(anonymous_9)
FN:165,(anonymous_10)
FN:173,(anonymous_11)
FN:191,(anonymous_12)
FN:194,(anonymous_13)
FN:197,(anonymous_14)
FNF:15
FNH:0
FNDA:0,(anonymous_0)
FNDA:0,(anonymous_1)
FNDA:0,(anonymous_2)
FNDA:0,(anonymous_3)
FNDA:0,(anonymous_4)
FNDA:0,(anonymous_5)
FNDA:0,(anonymous_6)
FNDA:0,(anonymous_7)
FNDA:0,(anonymous_8)
FNDA:0,(anonymous_9)
FNDA:0,(anonymous_10)
FNDA:0,(anonymous_11)
FNDA:0,(anonymous_12)
FNDA:0,(anonymous_13)
FNDA:0,(anonymous_14)
DA:31,0
DA:34,0
DA:37,0
DA:58,0
DA:59,0
DA:60,0
DA:61,0
DA:76,0
DA:77,0
DA:78,0
DA:80,0
DA:90,0
DA:91,0
DA:92,0
DA:93,0
DA:99,0
DA:100,0
DA:101,0
DA:102,0
DA:106,0
DA:116,0
DA:117,0
DA:118,0
DA:122,0
DA:123,0
DA:124,0
DA:125,0
DA:126,0
DA:127,0
DA:130,0
DA:132,0
DA:142,0
DA:143,0
DA:144,0
DA:145,0
DA:149,0
DA:150,0
DA:151,0
DA:154,0
DA:156,0
DA:166,0
DA:167,0
DA:168,0
DA:169,0
DA:173,0
DA:174,0
DA:175,0
DA:177,0
DA:179,0
DA:192,0
DA:195,0
DA:198,0
LF:52
LH:0
BRF:0
BRH:0
end_of_record
TN:
SF:src\store\modules\projects.js
FN:30,(anonymous_0)
FN:33,(anonymous_1)
FN:36,(anonymous_2)
FN:39,(anonymous_3)
FN:54,(anonymous_4)
FN:69,(anonymous_5)
FN:77,(anonymous_6)
FN:88,(anonymous_7)
FN:95,(anonymous_8)
FN:105,(anonymous_9)
FN:114,(anonymous_10)
FN:124,(anonymous_11)
FN:140,(anonymous_12)
FN:143,(anonymous_13)
FN:146,(anonymous_14)
FNF:15
FNH:0
FNDA:0,(anonymous_0)
FNDA:0,(anonymous_1)
FNDA:0,(anonymous_2)
FNDA:0,(anonymous_3)
FNDA:0,(anonymous_4)
FNDA:0,(anonymous_5)
FNDA:0,(anonymous_6)
FNDA:0,(anonymous_7)
FNDA:0,(anonymous_8)
FNDA:0,(anonymous_9)
FNDA:0,(anonymous_10)
FNDA:0,(anonymous_11)
FNDA:0,(anonymous_12)
FNDA:0,(anonymous_13)
FNDA:0,(anonymous_14)
DA:31,0
DA:34,0
DA:37,0
DA:40,0
DA:55,0
DA:56,0
DA:62,0
DA:63,0
DA:65,0
DA:66,0
DA:70,0
DA:71,0
DA:72,0
DA:73,0
DA:77,0
DA:78,0
DA:79,0
DA:80,0
DA:82,0
DA:84,0
DA:85,0
DA:89,0
DA:90,0
DA:91,0
DA:92,0
DA:95,0
DA:96,0
DA:97,0
DA:99,0
DA:101,0
DA:102,0
DA:106,0
DA:107,0
DA:108,0
DA:110,0
DA:111,0
DA:115,0
DA:116,0
DA:117,0
DA:118,0
DA:120,0
DA:121,0
DA:125,0
DA:126,0
DA:128,0
DA:129,0
DA:141,0
DA:144,0
DA:147,0
LF:49
LH:0
BRF:0
BRH:0
end_of_record
TN:
SF:src\store\modules\search.js
FN:26,(anonymous_0)
FN:29,(anonymous_1)
FN:47,(anonymous_2)
FN:50,(anonymous_3)
FN:65,(anonymous_4)
FN:68,(anonymous_5)
FNF:6
FNH:0
FNDA:0,(anonymous_0)
FNDA:0,(anonymous_1)
FNDA:0,(anonymous_2)
FNDA:0,(anonymous_3)
FNDA:0,(anonymous_4)
FNDA:0,(anonymous_5)
DA:27,0
DA:30,0
DA:48,0
DA:49,0
DA:50,0
DA:56,0
DA:66,0
DA:67,0
DA:68,0
DA:74,0
LF:10
LH:0
BRF:0
BRH:0
end_of_record
TN:
SF:src\store\modules\thumbnail.js
FN:34,(anonymous_0)
FN:37,(anonymous_1)
FN:55,(anonymous_2)
FN:80,(anonymous_3)
FN:105,(anonymous_4)
FN:108,(anonymous_5)
FNF:6
FNH:0
FNDA:0,(anonymous_0)
FNDA:0,(anonymous_1)
FNDA:0,(anonymous_2)
FNDA:0,(anonymous_3)
FNDA:0,(anonymous_4)
FNDA:0,(anonymous_5)
DA:35,0
DA:38,0
DA:56,0
DA:57,0
DA:58,0
DA:59,0
DA:61,0
DA:62,0
DA:63,0
DA:64,0
DA:67,0
DA:69,0
DA:70,0
DA:81,0
DA:82,0
DA:83,0
DA:84,0
DA:86,0
DA:87,0
DA:88,0
DA:89,0
DA:92,0
DA:94,0
DA:95,0
DA:106,0
DA:109,0
LF:26
LH:0
BRF:0
BRH:0
end_of_record
TN:
SF:src\utils\firebase.js
FNF:0
FNH:0
DA:13,1
DA:23,1
DA:25,1
DA:26,1
DA:27,1
DA:28,1
DA:30,1
DA:31,1
DA:32,1
DA:33,1
DA:34,1
DA:35,1
DA:36,1
LF:13
LH:13
BRF:0
BRH:0
end_of_record
TN:
SF:src\utils\globals.js
FN:10,(anonymous_0)
FN:17,(anonymous_1)
FNF:2
FNH:2
FNDA:1,(anonymous_0)
FNDA:3,(anonymous_1)
DA:11,1
DA:17,1
DA:18,3
DA:19,3
DA:23,3
LF:5
LH:5
BRDA:25,0,0,3
BRDA:25,0,1,0
BRF:2
BRH:1
end_of_record
TN:
SF:src\utils\styles.js
FNF:0
FNH:0
LF:0
LH:0
BRF:0
BRH:0
end_of_record
TN:
SF:src\views\ArtistContact.vue
FN:36,(anonymous_0)
FN:45,(anonymous_1)
FN:53,(anonymous_2)
FN:62,(anonymous_3)
FN:65,(anonymous_4)
FNF:5
FNH:0
FNDA:0,(anonymous_0)
FNDA:0,(anonymous_1)
FNDA:0,(anonymous_2)
FNDA:0,(anonymous_3)
FNDA:0,(anonymous_4)
DA:37,0
DA:46,0
DA:47,0
DA:48,0
DA:49,0
DA:50,0
DA:54,0
DA:62,0
DA:63,0
DA:65,0
LF:10
LH:0
BRF:0
BRH:0
end_of_record
TN:
SF:src\views\ArtistProfile.vue
FN:71,(anonymous_0)
FN:80,(anonymous_1)
FN:83,(anonymous_2)
FN:88,(anonymous_3)
FN:92,(anonymous_4)
FN:95,(anonymous_5)
FN:99,(anonymous_6)
FN:102,(anonymous_7)
FN:105,(anonymous_8)
FNF:9
FNH:0
FNDA:0,(anonymous_0)
FNDA:0,(anonymous_1)
FNDA:0,(anonymous_2)
FNDA:0,(anonymous_3)
FNDA:0,(anonymous_4)
FNDA:0,(anonymous_5)
FNDA:0,(anonymous_6)
FNDA:0,(anonymous_7)
FNDA:0,(anonymous_8)
DA:72,0
DA:81,0
DA:84,0
DA:85,0
DA:86,0
DA:88,0
DA:90,0
DA:93,0
DA:95,0
DA:97,0
DA:100,0
DA:102,0
DA:106,0
DA:107,0
DA:108,0
DA:109,0
DA:110,0
DA:112,0
LF:18
LH:0
BRDA:109,0,0,0
BRDA:109,0,1,0
BRF:2
BRH:0
end_of_record
TN:
SF:src\views\CategoriesResults.vue
FN:38,(anonymous_0)
FN:43,(anonymous_1)
FNF:2
FNH:0
FNDA:0,(anonymous_0)
FNDA:0,(anonymous_1)
DA:39,0
DA:44,0
LF:2
LH:0
BRF:0
BRH:0
end_of_record
TN:
SF:src\views\ClientProfile.vue
FN:36,(anonymous_0)
FN:41,(anonymous_1)
FN:44,(anonymous_2)
FN:47,(anonymous_3)
FNF:4
FNH:0
FNDA:0,(anonymous_0)
FNDA:0,(anonymous_1)
FNDA:0,(anonymous_2)
FNDA:0,(anonymous_3)
DA:37,0
DA:42,0
DA:45,0
DA:47,0
LF:4
LH:0
BRF:0
BRH:0
end_of_record
TN:
SF:src\views\GeoResults.vue
FN:38,(anonymous_0)
FN:43,(anonymous_1)
FNF:2
FNH:0
FNDA:0,(anonymous_0)
FNDA:0,(anonymous_1)
DA:39,0
DA:44,0
LF:2
LH:0
BRF:0
BRH:0
end_of_record
TN:
SF:src\views\Login.vue
FN:35,(anonymous_0)
FNF:1
FNH:1
FNDA:1,(anonymous_0)
DA:36,1
LF:1
LH:1
BRF:0
BRH:0
end_of_record
