TN:
SF:src\components\admin\AdminEvents.vue
FN:25,(anonymous_0)
FN:30,(anonymous_1)
FN:31,(anonymous_2)
FNF:3
FNH:3
FNDA:4,(anonymous_0)
FNDA:4,(anonymous_1)
FNDA:4,(anonymous_2)
DA:26,4
DA:31,4
DA:32,4
LF:3
LH:3
BRF:0
BRH:0
end_of_record
TN:
SF:src\components\admin\AdminGallery.vue
FN:87,(anonymous_0)
FN:94,(anonymous_1)
FN:95,(anonymous_2)
FN:100,(anonymous_3)
FN:112,(anonymous_4)
FN:117,(anonymous_5)
FN:122,(anonymous_6)
FN:126,(anonymous_7)
FNF:8
FNH:6
FNDA:4,(anonymous_0)
FNDA:4,(anonymous_1)
FNDA:4,(anonymous_2)
FNDA:2,(anonymous_3)
FNDA:0,(anonymous_4)
FNDA:2,(anonymous_5)
FNDA:2,(anonymous_6)
FNDA:0,(anonymous_7)
DA:88,4
DA:95,4
DA:96,4
DA:101,2
DA:102,2
DA:103,2
DA:104,2
DA:105,2
DA:106,2
DA:107,2
DA:109,2
DA:113,0
DA:114,0
DA:115,0
DA:118,2
DA:119,0
DA:120,0
DA:123,2
DA:124,2
DA:127,0
LF:20
LH:14
BRDA:104,0,0,2
BRF:1
BRH:1
end_of_record
TN:
SF:src\components\admin\AdminInbox.vue
FN:22,(anonymous_0)
FN:27,(anonymous_1)
FN:28,(anonymous_2)
FNF:3
FNH:3
FNDA:3,(anonymous_0)
FNDA:3,(anonymous_1)
FNDA:3,(anonymous_2)
DA:23,3
DA:28,3
DA:29,3
LF:3
LH:3
BRF:0
BRH:0
end_of_record
TN:
SF:src\components\admin\AdminNav.vue
FN:29,(anonymous_0)
FN:35,(anonymous_1)
FNF:2
FNH:2
FNDA:16,(anonymous_0)
FNDA:11,(anonymous_1)
DA:30,16
DA:36,11
DA:37,11
DA:38,11
LF:4
LH:4
BRDA:37,0,0,11
BRF:1
BRH:1
end_of_record
TN:
SF:src\components\admin\AdminProfile.vue
FN:25,(anonymous_0)
FN:30,(anonymous_1)
FN:31,(anonymous_2)
FNF:3
FNH:3
FNDA:16,(anonymous_0)
FNDA:16,(anonymous_1)
FNDA:15,(anonymous_2)
DA:26,16
DA:31,16
DA:32,15
LF:3
LH:3
BRF:0
BRH:0
end_of_record
TN:
SF:src\components\admin\AdminProjects.vue
FN:22,(anonymous_0)
FN:27,(anonymous_1)
FN:28,(anonymous_2)
FNF:3
FNH:3
FNDA:3,(anonymous_0)
FNDA:3,(anonymous_1)
FNDA:3,(anonymous_2)
DA:23,3
DA:28,3
DA:29,3
LF:3
LH:3
BRF:0
BRH:0
end_of_record
TN:
SF:src\components\admin\EventUpdate.vue
FN:24,(anonymous_0)
FN:29,(anonymous_1)
FN:30,(anonymous_2)
FNF:3
FNH:0
FNDA:0,(anonymous_0)
FNDA:0,(anonymous_1)
FNDA:0,(anonymous_2)
DA:25,0
DA:30,0
DA:31,0
LF:3
LH:0
BRF:0
BRH:0
end_of_record
TN:
SF:src\components\admin\GalleryItem.vue
FN:23,(anonymous_0)
FNF:1
FNH:1
FNDA:2,(anonymous_0)
DA:24,2
LF:1
LH:1
BRF:0
BRH:0
end_of_record
TN:
SF:src\components\admin\MessageDetails.vue
FN:43,(anonymous_0)
FN:50,(anonymous_1)
FN:51,(anonymous_2)
FN:58,(anonymous_3)
FN:66,(anonymous_4)
FN:69,(anonymous_5)
FN:73,(anonymous_6)
FN:76,(anonymous_7)
FN:79,(anonymous_8)
FNF:9
FNH:9
FNDA:2,(anonymous_0)
FNDA:2,(anonymous_1)
FNDA:2,(anonymous_2)
FNDA:2,(anonymous_3)
FNDA:2,(anonymous_4)
FNDA:2,(anonymous_5)
FNDA:4,(anonymous_6)
FNDA:4,(anonymous_7)
FNDA:4,(anonymous_8)
DA:44,2
DA:51,2
DA:52,2
DA:55,2
DA:59,2
DA:60,2
DA:64,2
DA:67,2
DA:70,2
DA:74,4
DA:77,4
DA:80,4
DA:81,4
LF:13
LH:13
BRF:0
BRH:0
end_of_record
TN:
SF:src\components\admin\PreviewItem.vue
FN:22,(anonymous_0)
FNF:1
FNH:0
FNDA:0,(anonymous_0)
DA:23,0
LF:1
LH:0
BRF:0
BRH:0
end_of_record
TN:
SF:src\components\admin\ProjectDetails.vue
FN:83,(anonymous_0)
FN:101,(anonymous_1)
FN:105,(anonymous_2)
FN:108,(anonymous_3)
FN:115,(anonymous_4)
FN:122,(anonymous_5)
FNF:6
FNH:0
FNDA:0,(anonymous_0)
FNDA:0,(anonymous_1)
FNDA:0,(anonymous_2)
FNDA:0,(anonymous_3)
FNDA:0,(anonymous_4)
FNDA:0,(anonymous_5)
DA:84,0
DA:102,0
DA:103,0
DA:106,0
DA:109,0
DA:110,0
DA:116,0
DA:120,0
DA:123,0
DA:127,0
LF:10
LH:0
BRDA:109,0,0,0
BRF:1
BRH:0
end_of_record
TN:
SF:src\components\admin\ProjectItem.vue
FN:39,(anonymous_0)
FN:44,(anonymous_1)
FN:45,(anonymous_2)
FNF:3
FNH:0
FNDA:0,(anonymous_0)
FNDA:0,(anonymous_1)
FNDA:0,(anonymous_2)
DA:40,0
DA:45,0
DA:46,0
LF:3
LH:0
BRF:0
BRH:0
end_of_record
TN:
SF:src\components\admin\Sidenav.vue
FN:114,(anonymous_0)
FN:119,(anonymous_1)
FN:120,(anonymous_2)
FNF:3
FNH:3
FNDA:16,(anonymous_0)
FNDA:16,(anonymous_1)
FNDA:15,(anonymous_2)
DA:115,16
DA:120,16
DA:121,15
LF:3
LH:3
BRF:0
BRH:0
end_of_record
TN:
SF:src\components\app\Modal.vue
FN:40,(anonymous_0)
FN:50,(anonymous_1)
FN:53,(anonymous_2)
FN:58,(anonymous_3)
FN:62,(anonymous_4)
FN:65,(anonymous_5)
FNF:6
FNH:4
FNDA:33,(anonymous_0)
FNDA:0,(anonymous_1)
FNDA:267,(anonymous_2)
FNDA:0,(anonymous_3)
FNDA:32,(anonymous_4)
FNDA:1,(anonymous_5)
DA:41,33
DA:42,1
DA:44,32
DA:51,0
DA:54,267
DA:55,0
DA:59,0
DA:63,32
DA:66,1
LF:9
LH:6
BRDA:41,0,0,1
BRDA:41,0,1,32
BRDA:41,1,0,33
BRDA:41,1,1,1
BRDA:54,2,0,0
BRDA:54,3,0,267
BRDA:54,3,1,0
BRF:7
BRH:5
end_of_record
TN:
SF:src\components\artists\ArtistDashboard.vue
FN:137,(anonymous_0)
FN:155,(anonymous_1)
FN:158,(anonymous_2)
FN:161,(anonymous_3)
FN:166,(anonymous_4)
FN:179,(anonymous_5)
FN:182,(anonymous_6)
FN:186,(anonymous_7)
FN:190,(anonymous_8)
FN:203,(anonymous_9)
FN:207,(anonymous_10)
FNF:11
FNH:7
FNDA:9,(anonymous_0)
FNDA:9,(anonymous_1)
FNDA:9,(anonymous_2)
FNDA:9,(anonymous_3)
FNDA:1,(anonymous_4)
FNDA:1,(anonymous_5)
FNDA:1,(anonymous_6)
FNDA:0,(anonymous_7)
FNDA:0,(anonymous_8)
FNDA:0,(anonymous_9)
FNDA:0,(anonymous_10)
DA:138,9
DA:156,9
DA:159,9
DA:162,9
DA:167,1
DA:168,1
DA:170,1
DA:171,1
DA:172,1
DA:173,1
DA:175,0
DA:176,0
DA:180,1
DA:183,1
DA:184,1
DA:187,0
DA:191,0
DA:201,0
DA:204,0
DA:205,0
DA:208,0
LF:21
LH:13
BRDA:170,0,0,1
BRDA:170,0,1,0
BRDA:170,1,0,1
BRDA:170,1,1,1
BRF:4
BRH:3
end_of_record
TN:
SF:src\components\artists\ArtistEvents.vue
FN:40,(anonymous_0)
FN:46,(anonymous_1)
FN:47,(anonymous_2)
FNF:3
FNH:0
FNDA:0,(anonymous_0)
FNDA:0,(anonymous_1)
FNDA:0,(anonymous_2)
DA:41,0
DA:47,0
DA:48,0
DA:49,0
DA:50,0
LF:5
LH:0
BRF:0
BRH:0
end_of_record
TN:
SF:src\components\artists\ArtistInbox.vue
FN:20,(anonymous_0)
FN:25,(anonymous_1)
FN:26,(anonymous_2)
FNF:3
FNH:3
FNDA:1,(anonymous_0)
FNDA:1,(anonymous_1)
FNDA:1,(anonymous_2)
DA:21,1
DA:26,1
DA:27,1
LF:3
LH:3
BRF:0
BRH:0
end_of_record
TN:
SF:src\components\artists\ArtistList.vue
FN:28,(anonymous_0)
FN:33,(anonymous_1)
FN:34,(anonymous_2)
FNF:3
FNH:3
FNDA:1,(anonymous_0)
FNDA:1,(anonymous_1)
FNDA:1,(anonymous_2)
DA:29,1
DA:34,1
DA:35,1
LF:3
LH:3
BRF:0
BRH:0
end_of_record
TN:
SF:src\components\artists\ArtistProjects.vue
FN:38,(anonymous_0)
FN:43,(anonymous_1)
FN:44,(anonymous_2)
FNF:3
FNH:0
FNDA:0,(anonymous_0)
FNDA:0,(anonymous_1)
FNDA:0,(anonymous_2)
DA:39,0
DA:44,0
DA:45,0
LF:3
LH:0
BRF:0
BRH:0
end_of_record
TN:
SF:src\components\auth\BookingForm.vue
FN:35,(anonymous_0)
FN:42,(anonymous_1)
FN:47,(anonymous_2)
FNF:3
FNH:3
FNDA:2,(anonymous_0)
FNDA:2,(anonymous_1)
FNDA:2,(anonymous_2)
DA:36,2
DA:43,2
DA:47,2
DA:48,2
LF:4
LH:4
BRF:0
BRH:0
end_of_record
TN:
SF:src\components\auth\LoginForm.vue
FN:51,(anonymous_0)
FN:59,(anonymous_1)
FNF:2
FNH:2
FNDA:9,(anonymous_0)
FNDA:7,(anonymous_1)
DA:52,9
DA:60,7
DA:64,7
DA:65,7
DA:67,0
DA:69,7
LF:6
LH:5
BRF:0
BRH:0
end_of_record
TN:
SF:src\components\auth\ParticipationForm.vue
FN:35,(anonymous_0)
FN:42,(anonymous_1)
FN:49,(anonymous_2)
FN:52,(anonymous_3)
FNF:4
FNH:0
FNDA:0,(anonymous_0)
FNDA:0,(anonymous_1)
FNDA:0,(anonymous_2)
FNDA:0,(anonymous_3)
DA:36,0
DA:43,0
DA:47,0
DA:50,0
DA:53,0
LF:5
LH:0
BRF:0
BRH:0
end_of_record
TN:
SF:src\components\auth\RegisterForm.vue
FN:69,(anonymous_0)
FN:79,(anonymous_1)
FNF:2
FNH:2
FNDA:2,(anonymous_0)
FNDA:1,(anonymous_1)
DA:70,2
DA:80,1
DA:86,1
DA:87,1
DA:89,0
DA:91,1
LF:6
LH:5
BRF:0
BRH:0
end_of_record
TN:
SF:src\components\auth\ResetForm.vue
FN:34,(anonymous_0)
FN:41,(anonymous_1)
FN:44,(anonymous_2)
FN:47,(anonymous_3)
FNF:4
FNH:0
FNDA:0,(anonymous_0)
FNDA:0,(anonymous_1)
FNDA:0,(anonymous_2)
FNDA:0,(anonymous_3)
DA:35,0
DA:42,0
DA:45,0
DA:48,0
LF:4
LH:0
BRF:0
BRH:0
end_of_record
TN:
SF:src\components\clients\ClientDashboard.vue
FN:104,(anonymous_0)
FN:119,(anonymous_1)
FN:122,(anonymous_2)
FN:125,(anonymous_3)
FN:130,(anonymous_4)
FN:143,(anonymous_5)
FN:146,(anonymous_6)
FN:150,(anonymous_7)
FN:154,(anonymous_8)
FN:164,(anonymous_9)
FN:168,(anonymous_10)
FNF:11
FNH:7
FNDA:1,(anonymous_0)
FNDA:1,(anonymous_1)
FNDA:1,(anonymous_2)
FNDA:1,(anonymous_3)
FNDA:1,(anonymous_4)
FNDA:1,(anonymous_5)
FNDA:1,(anonymous_6)
FNDA:0,(anonymous_7)
FNDA:0,(anonymous_8)
FNDA:0,(anonymous_9)
FNDA:0,(anonymous_10)
DA:105,1
DA:120,1
DA:123,1
DA:126,1
DA:131,1
DA:132,1
DA:134,1
DA:135,1
DA:136,1
DA:137,1
DA:139,0
DA:140,0
DA:144,1
DA:147,1
DA:148,1
DA:151,0
DA:155,0
DA:162,0
DA:165,0
DA:166,0
DA:169,0
LF:21
LH:13
BRDA:134,0,0,1
BRDA:134,0,1,0
BRDA:134,1,0,1
BRDA:134,1,1,1
BRF:4
BRH:3
end_of_record
TN:
SF:src\components\clients\ClientEvents.vue
FN:28,(anonymous_0)
FN:33,(anonymous_1)
FN:34,(anonymous_2)
FNF:3
FNH:0
FNDA:0,(anonymous_0)
FNDA:0,(anonymous_1)
FNDA:0,(anonymous_2)
DA:29,0
DA:34,0
DA:35,0
LF:3
LH:0
BRF:0
BRH:0
end_of_record
TN:
SF:src\components\clients\ClientInbox.vue
FN:20,(anonymous_0)
FN:25,(anonymous_1)
FN:26,(anonymous_2)
FNF:3
FNH:3
FNDA:2,(anonymous_0)
FNDA:2,(anonymous_1)
FNDA:2,(anonymous_2)
DA:21,2
DA:26,2
DA:27,2
LF:3
LH:3
BRF:0
BRH:0
end_of_record
TN:
SF:src\components\clients\ClientProjects.vue
FN:25,(anonymous_0)
FN:30,(anonymous_1)
FN:31,(anonymous_2)
FNF:3
FNH:3
FNDA:2,(anonymous_0)
FNDA:2,(anonymous_1)
FNDA:1,(anonymous_2)
DA:26,2
DA:31,2
DA:32,1
LF:3
LH:3
BRF:0
BRH:0
end_of_record
TN:
SF:src\components\home\Categories.vue
FN:51,(anonymous_0)
FN:54,(anonymous_1)
FNF:2
FNH:2
FNDA:2,(anonymous_0)
FNDA:2,(anonymous_1)
DA:52,2
DA:54,2
LF:2
LH:2
BRF:0
BRH:0
end_of_record
TN:
SF:src\components\home\Geoloc.vue
FN:37,(anonymous_0)
FN:47,(anonymous_1)
FN:50,(anonymous_2)
FN:55,(anonymous_3)
FN:59,(anonymous_4)
FN:62,(anonymous_5)
FN:69,(anonymous_6)
FN:70,(anonymous_7)
FN:73,(anonymous_8)
FN:75,(anonymous_9)
FN:79,(anonymous_10)
FNF:11
FNH:6
FNDA:28,(anonymous_0)
FNDA:0,(anonymous_1)
FNDA:0,(anonymous_2)
FNDA:0,(anonymous_3)
FNDA:0,(anonymous_4)
FNDA:2,(anonymous_5)
FNDA:2,(anonymous_6)
FNDA:2,(anonymous_7)
FNDA:2,(anonymous_8)
FNDA:0,(anonymous_9)
FNDA:2,(anonymous_10)
DA:38,28
DA:48,0
DA:51,0
DA:52,0
DA:53,0
DA:56,0
DA:60,0
DA:63,2
DA:65,2
DA:66,2
DA:69,2
DA:70,2
DA:71,2
DA:74,2
DA:75,0
DA:76,0
DA:79,2
DA:80,2
LF:18
LH:10
BRDA:74,0,0,0
BRDA:74,0,1,2
BRF:2
BRH:1
end_of_record
TN:
SF:src\components\nav\Footer.vue
FN:33,(anonymous_0)
FN:38,(anonymous_1)
FN:42,(anonymous_2)
FNF:3
FNH:3
FNDA:27,(anonymous_0)
FNDA:27,(anonymous_1)
FNDA:27,(anonymous_2)
DA:34,27
DA:39,27
DA:43,27
LF:3
LH:3
BRF:0
BRH:0
end_of_record
TN:
SF:src\components\nav\Navbar.vue
FN:74,(anonymous_0)
FN:77,(anonymous_1)
FN:83,(anonymous_2)
FNF:3
FNH:3
FNDA:59,(anonymous_0)
FNDA:39,(anonymous_1)
FNDA:1,(anonymous_2)
DA:74,59
DA:78,39
DA:84,1
DA:85,1
DA:86,0
LF:5
LH:4
BRDA:85,0,0,0
BRF:1
BRH:0
end_of_record
TN:
SF:src\components\organizers\EventDetails.vue
FN:97,(anonymous_0)
FN:114,(anonymous_1)
FN:117,(anonymous_2)
FN:120,(anonymous_3)
FN:125,(anonymous_4)
FN:138,(anonymous_5)
FN:144,(anonymous_6)
FN:148,(anonymous_7)
FN:152,(anonymous_8)
FN:163,(anonymous_9)
FN:167,(anonymous_10)
FNF:11
FNH:5
FNDA:2,(anonymous_0)
FNDA:2,(anonymous_1)
FNDA:2,(anonymous_2)
FNDA:2,(anonymous_3)
FNDA:2,(anonymous_4)
FNDA:0,(anonymous_5)
FNDA:0,(anonymous_6)
FNDA:0,(anonymous_7)
FNDA:0,(anonymous_8)
FNDA:0,(anonymous_9)
FNDA:0,(anonymous_10)
DA:98,2
DA:115,2
DA:118,2
DA:121,2
DA:126,2
DA:127,2
DA:129,2
DA:130,2
DA:131,2
DA:132,2
DA:134,0
DA:135,0
DA:139,0
DA:145,0
DA:146,0
DA:149,0
DA:153,0
DA:161,0
DA:164,0
DA:165,0
DA:168,0
LF:21
LH:10
BRDA:129,0,0,2
BRDA:129,0,1,0
BRDA:129,1,0,2
BRDA:129,1,1,2
BRF:4
BRH:3
end_of_record
TN:
SF:src\components\organizers\EventList.vue
FN:29,(anonymous_0)
FN:34,(anonymous_1)
FN:35,(anonymous_2)
FNF:3
FNH:3
FNDA:6,(anonymous_0)
FNDA:6,(anonymous_1)
FNDA:5,(anonymous_2)
DA:30,6
DA:35,6
DA:36,5
LF:3
LH:3
BRF:0
BRH:0
end_of_record
TN:
SF:src\components\organizers\ManageArtists.vue
FN:25,(anonymous_0)
FN:30,(anonymous_1)
FN:31,(anonymous_2)
FNF:3
FNH:3
FNDA:2,(anonymous_0)
FNDA:2,(anonymous_1)
FNDA:2,(anonymous_2)
DA:26,2
DA:31,2
DA:32,2
LF:3
LH:3
BRF:0
BRH:0
end_of_record
TN:
SF:src\components\organizers\ManageAttendees.vue
FN:19,(anonymous_0)
FN:25,(anonymous_1)
FN:26,(anonymous_2)
FNF:3
FNH:3
FNDA:2,(anonymous_0)
FNDA:2,(anonymous_1)
FNDA:2,(anonymous_2)
DA:20,2
DA:26,2
DA:27,2
LF:3
LH:3
BRF:0
BRH:0
end_of_record
TN:
SF:src\components\organizers\NewEvent.vue
FN:105,(anonymous_0)
FN:121,(anonymous_1)
FN:134,(anonymous_2)
FN:137,(anonymous_3)
FN:141,(anonymous_4)
FN:145,(anonymous_5)
FN:155,(anonymous_6)
FN:158,(anonymous_7)
FN:161,(anonymous_8)
FNF:9
FNH:2
FNDA:1,(anonymous_0)
FNDA:1,(anonymous_1)
FNDA:0,(anonymous_2)
FNDA:0,(anonymous_3)
FNDA:0,(anonymous_4)
FNDA:0,(anonymous_5)
FNDA:0,(anonymous_6)
FNDA:0,(anonymous_7)
FNDA:0,(anonymous_8)
DA:106,1
DA:122,1
DA:123,1
DA:125,1
DA:126,1
DA:127,1
DA:128,1
DA:130,0
DA:131,0
DA:135,0
DA:138,0
DA:139,0
DA:142,0
DA:146,0
DA:153,0
DA:156,0
DA:159,0
DA:162,0
LF:18
LH:7
BRDA:125,0,0,1
BRDA:125,0,1,0
BRDA:125,1,0,1
BRDA:125,1,1,1
BRF:4
BRH:3
end_of_record
TN:
SF:src\components\organizers\OrgaDashboard.vue
FN:88,(anonymous_0)
FN:101,(anonymous_1)
FN:104,(anonymous_2)
FN:107,(anonymous_3)
FN:112,(anonymous_4)
FN:125,(anonymous_5)
FN:128,(anonymous_6)
FN:132,(anonymous_7)
FN:136,(anonymous_8)
FN:144,(anonymous_9)
FN:148,(anonymous_10)
FNF:11
FNH:7
FNDA:1,(anonymous_0)
FNDA:1,(anonymous_1)
FNDA:1,(anonymous_2)
FNDA:1,(anonymous_3)
FNDA:1,(anonymous_4)
FNDA:1,(anonymous_5)
FNDA:1,(anonymous_6)
FNDA:0,(anonymous_7)
FNDA:0,(anonymous_8)
FNDA:0,(anonymous_9)
FNDA:0,(anonymous_10)
DA:89,1
DA:102,1
DA:105,1
DA:108,1
DA:113,1
DA:114,1
DA:116,1
DA:117,1
DA:118,1
DA:119,1
DA:121,0
DA:122,0
DA:126,1
DA:129,1
DA:130,1
DA:133,0
DA:137,0
DA:142,0
DA:145,0
DA:146,0
DA:149,0
LF:21
LH:13
BRDA:116,0,0,1
BRDA:116,0,1,0
BRDA:116,1,0,1
BRDA:116,1,1,1
BRF:4
BRH:3
end_of_record
TN:
SF:src\components\organizers\OrgaEvents.vue
FN:35,(anonymous_0)
FN:40,(anonymous_1)
FN:41,(anonymous_2)
FNF:3
FNH:3
FNDA:1,(anonymous_0)
FNDA:1,(anonymous_1)
FNDA:1,(anonymous_2)
DA:36,1
DA:41,1
DA:42,1
LF:3
LH:3
BRF:0
BRH:0
end_of_record
TN:
SF:src\router\index.js
FN:177,(anonymous_0)
FN:178,(anonymous_1)
FNF:2
FNH:2
FNDA:100,(anonymous_0)
FNDA:100,(anonymous_1)
DA:30,27
DA:172,27
DA:177,27
DA:178,100
DA:179,61
DA:180,61
DA:182,39
DA:183,39
DA:185,0
LF:9
LH:8
BRDA:178,0,0,61
BRDA:178,0,1,39
BRDA:182,1,0,39
BRDA:182,1,1,0
BRF:4
BRH:3
end_of_record
TN:
SF:src\views\ArtistContact.vue
FN:34,(anonymous_0)
FN:42,(anonymous_1)
FN:48,(anonymous_2)
FN:55,(anonymous_3)
FNF:4
FNH:0
FNDA:0,(anonymous_0)
FNDA:0,(anonymous_1)
FNDA:0,(anonymous_2)
FNDA:0,(anonymous_3)
DA:35,0
DA:43,0
DA:44,0
DA:45,0
DA:49,0
DA:55,0
DA:56,0
LF:7
LH:0
BRF:0
BRH:0
end_of_record
TN:
SF:src\views\ArtistProfile.vue
FN:68,(anonymous_0)
FN:87,(anonymous_1)
FN:90,(anonymous_2)
FN:97,(anonymous_3)
FN:101,(anonymous_4)
FN:106,(anonymous_5)
FNF:6
FNH:6
FNDA:5,(anonymous_0)
FNDA:5,(anonymous_1)
FNDA:5,(anonymous_2)
FNDA:3,(anonymous_3)
FNDA:3,(anonymous_4)
FNDA:1,(anonymous_5)
DA:69,5
DA:88,5
DA:91,5
DA:92,5
DA:95,5
DA:98,3
DA:101,3
DA:102,3
DA:107,1
DA:108,1
DA:109,1
DA:110,0
DA:115,1
LF:13
LH:12
BRDA:109,0,0,0
BRDA:109,0,1,1
BRF:2
BRH:1
end_of_record
TN:
SF:src\views\Booking.vue
FN:22,(anonymous_0)
FNF:1
FNH:1
FNDA:2,(anonymous_0)
DA:23,2
LF:1
LH:1
BRF:0
BRH:0
end_of_record
TN:
SF:src\views\CategoriesResults.vue
FN:38,(anonymous_0)
FN:43,(anonymous_1)
FNF:2
FNH:2
FNDA:2,(anonymous_0)
FNDA:2,(anonymous_1)
DA:39,2
DA:44,2
LF:2
LH:2
BRF:0
BRH:0
end_of_record
TN:
SF:src\views\ClientProfile.vue
FN:34,(anonymous_0)
FN:46,(anonymous_1)
FN:49,(anonymous_2)
FNF:3
FNH:0
FNDA:0,(anonymous_0)
FNDA:0,(anonymous_1)
FNDA:0,(anonymous_2)
DA:35,0
DA:47,0
DA:50,0
LF:3
LH:0
BRF:0
BRH:0
end_of_record
TN:
SF:src\views\Event.vue
FN:74,(anonymous_0)
FN:91,(anonymous_1)
FN:92,(anonymous_2)
FN:96,(anonymous_3)
FN:100,(anonymous_4)
FN:106,(anonymous_5)
FN:112,(anonymous_6)
FNF:7
FNH:6
FNDA:4,(anonymous_0)
FNDA:4,(anonymous_1)
FNDA:4,(anonymous_2)
FNDA:4,(anonymous_3)
FNDA:4,(anonymous_4)
FNDA:0,(anonymous_5)
FNDA:2,(anonymous_6)
DA:75,4
DA:92,4
DA:93,4
DA:96,4
DA:97,4
DA:100,4
DA:101,4
DA:102,4
DA:107,0
DA:113,2
LF:10
LH:9
BRF:0
BRH:0
end_of_record
TN:
SF:src\views\GeoResults.vue
FN:38,(anonymous_0)
FN:43,(anonymous_1)
FNF:2
FNH:2
FNDA:2,(anonymous_0)
FNDA:2,(anonymous_1)
DA:39,2
DA:44,2
LF:2
LH:2
BRF:0
BRH:0
end_of_record
TN:
SF:src\views\Login.vue
FN:45,(anonymous_0)
FNF:1
FNH:1
FNDA:8,(anonymous_0)
DA:46,8
LF:1
LH:1
BRF:0
BRH:0
end_of_record
TN:
SF:src\views\Participation.vue
FN:22,(anonymous_0)
FNF:1
FNH:0
FNDA:0,(anonymous_0)
DA:23,0
LF:1
LH:0
BRF:0
BRH:0
end_of_record
