<?xml version="1.0" encoding="UTF-8"?>
<coverage generated="1637660639407" clover="3.2.0">
  <project timestamp="1637660639407" name="All files">
    <metrics statements="561" coveredstatements="419" conditionals="44" coveredconditionals="23" methods="270" coveredmethods="191" elements="875" coveredelements="633" complexity="0" loc="561" ncloc="561" packages="10" files="61" classes="61"/>
    <package name="src">
      <metrics statements="10" coveredstatements="10" conditionals="2" coveredconditionals="2" methods="4" coveredmethods="4"/>
      <file name="App.vue" path="C:\xampp\htdocs\Ynov\av2-linked-up\src\App.vue">
        <metrics statements="10" coveredstatements="10" conditionals="2" coveredconditionals="2" methods="4" coveredmethods="4"/>
        <line num="24" count="1" type="stmt"/>
        <line num="25" count="1" type="stmt"/>
        <line num="26" count="1" type="stmt"/>
        <line num="38" count="1" type="stmt"/>
        <line num="46" count="5" type="stmt"/>
        <line num="52" count="5" type="cond" truecount="2" falsecount="0"/>
        <line num="53" count="4" type="stmt"/>
        <line num="55" count="1" type="stmt"/>
        <line num="59" count="6" type="stmt"/>
        <line num="63" count="1" type="stmt"/>
      </file>
    </package>
    <package name="src.components.admin">
      <metrics statements="131" coveredstatements="101" conditionals="8" coveredconditionals="3" methods="65" coveredmethods="48"/>
      <file name="AdminEvents.vue" path="C:\xampp\htdocs\Ynov\av2-linked-up\src\components\admin\AdminEvents.vue">
        <metrics statements="9" coveredstatements="8" conditionals="0" coveredconditionals="0" methods="4" coveredmethods="3"/>
        <line num="8" count="1" type="stmt"/>
        <line num="9" count="1" type="stmt"/>
        <line num="10" count="1" type="stmt"/>
        <line num="11" count="1" type="stmt"/>
        <line num="20" count="1" type="stmt"/>
        <line num="28" count="6" type="stmt"/>
        <line num="33" count="8" type="stmt"/>
        <line num="36" count="8" type="stmt"/>
        <line num="39" count="0" type="stmt"/>
      </file>
      <file name="AdminGallery.vue" path="C:\xampp\htdocs\Ynov\av2-linked-up\src\components\admin\AdminGallery.vue">
        <metrics statements="39" coveredstatements="23" conditionals="4" coveredconditionals="1" methods="14" coveredmethods="8"/>
        <line num="56" count="1" type="stmt"/>
        <line num="57" count="1" type="stmt"/>
        <line num="58" count="1" type="stmt"/>
        <line num="73" count="1" type="stmt"/>
        <line num="80" count="8" type="stmt"/>
        <line num="89" count="10" type="stmt"/>
        <line num="91" count="10" type="stmt"/>
        <line num="94" count="0" type="stmt"/>
        <line num="99" count="1" type="stmt"/>
        <line num="100" count="1" type="stmt"/>
        <line num="101" count="1" type="stmt"/>
        <line num="102" count="1" type="stmt"/>
        <line num="103" count="1" type="cond" truecount="1" falsecount="1"/>
        <line num="104" count="0" type="stmt"/>
        <line num="105" count="0" type="stmt"/>
        <line num="106" count="0" type="stmt"/>
        <line num="108" count="0" type="stmt"/>
        <line num="112" count="1" type="stmt"/>
        <line num="113" count="1" type="stmt"/>
        <line num="114" count="0" type="cond" truecount="0" falsecount="2"/>
        <line num="115" count="0" type="stmt"/>
        <line num="120" count="1" type="stmt"/>
        <line num="121" count="1" type="stmt"/>
        <line num="122" count="1" type="stmt"/>
        <line num="125" count="1" type="stmt"/>
        <line num="126" count="1" type="stmt"/>
        <line num="127" count="1" type="stmt"/>
        <line num="130" count="0" type="stmt"/>
        <line num="131" count="0" type="stmt"/>
        <line num="134" count="0" type="stmt"/>
        <line num="137" count="2" type="stmt"/>
        <line num="138" count="2" type="stmt"/>
        <line num="139" count="2" type="stmt"/>
        <line num="140" count="0" type="stmt"/>
        <line num="144" count="0" type="stmt"/>
        <line num="145" count="0" type="stmt"/>
        <line num="146" count="0" type="stmt"/>
        <line num="147" count="0" type="stmt"/>
        <line num="148" count="0" type="stmt"/>
      </file>
      <file name="AdminInbox.vue" path="C:\xampp\htdocs\Ynov\av2-linked-up\src\components\admin\AdminInbox.vue">
        <metrics statements="8" coveredstatements="7" conditionals="0" coveredconditionals="0" methods="4" coveredmethods="3"/>
        <line num="7" count="1" type="stmt"/>
        <line num="8" count="1" type="stmt"/>
        <line num="9" count="1" type="stmt"/>
        <line num="18" count="1" type="stmt"/>
        <line num="25" count="5" type="stmt"/>
        <line num="30" count="7" type="stmt"/>
        <line num="33" count="7" type="stmt"/>
        <line num="36" count="0" type="stmt"/>
      </file>
      <file name="AdminNav.vue" path="C:\xampp\htdocs\Ynov\av2-linked-up\src\components\admin\AdminNav.vue">
        <metrics statements="5" coveredstatements="5" conditionals="2" coveredconditionals="2" methods="2" coveredmethods="2"/>
        <line num="27" count="2" type="stmt"/>
        <line num="30" count="4" type="stmt"/>
        <line num="41" count="3" type="stmt"/>
        <line num="42" count="3" type="cond" truecount="2" falsecount="0"/>
        <line num="43" count="2" type="stmt"/>
      </file>
      <file name="AdminProfile.vue" path="C:\xampp\htdocs\Ynov\av2-linked-up\src\components\admin\AdminProfile.vue">
        <metrics statements="9" coveredstatements="8" conditionals="0" coveredconditionals="0" methods="4" coveredmethods="3"/>
        <line num="8" count="1" type="stmt"/>
        <line num="9" count="1" type="stmt"/>
        <line num="10" count="1" type="stmt"/>
        <line num="11" count="1" type="stmt"/>
        <line num="20" count="1" type="stmt"/>
        <line num="28" count="6" type="stmt"/>
        <line num="33" count="8" type="stmt"/>
        <line num="36" count="8" type="stmt"/>
        <line num="39" count="0" type="stmt"/>
      </file>
      <file name="AdminProjects.vue" path="C:\xampp\htdocs\Ynov\av2-linked-up\src\components\admin\AdminProjects.vue">
        <metrics statements="6" coveredstatements="6" conditionals="0" coveredconditionals="0" methods="3" coveredmethods="3"/>
        <line num="7" count="1" type="stmt"/>
        <line num="8" count="1" type="stmt"/>
        <line num="16" count="1" type="stmt"/>
        <line num="23" count="5" type="stmt"/>
        <line num="28" count="7" type="stmt"/>
        <line num="29" count="7" type="stmt"/>
      </file>
      <file name="EventUpdate.vue" path="C:\xampp\htdocs\Ynov\av2-linked-up\src\components\admin\EventUpdate.vue">
        <metrics statements="6" coveredstatements="5" conditionals="0" coveredconditionals="0" methods="4" coveredmethods="3"/>
        <line num="15" count="3" type="stmt"/>
        <line num="23" count="3" type="stmt"/>
        <line num="27" count="3" type="stmt"/>
        <line num="32" count="6" type="stmt"/>
        <line num="35" count="6" type="stmt"/>
        <line num="38" count="0" type="stmt"/>
      </file>
      <file name="GalleryItem.vue" path="C:\xampp\htdocs\Ynov\av2-linked-up\src\components\admin\GalleryItem.vue">
        <metrics statements="2" coveredstatements="2" conditionals="0" coveredconditionals="0" methods="1" coveredmethods="1"/>
        <line num="19" count="2" type="stmt"/>
        <line num="24" count="1" type="stmt"/>
      </file>
      <file name="MessageDetails.vue" path="C:\xampp\htdocs\Ynov\av2-linked-up\src\components\admin\MessageDetails.vue">
        <metrics statements="18" coveredstatements="16" conditionals="0" coveredconditionals="0" methods="12" coveredmethods="10"/>
        <line num="34" count="1" type="stmt"/>
        <line num="44" count="1" type="stmt"/>
        <line num="47" count="5" type="stmt"/>
        <line num="54" count="7" type="stmt"/>
        <line num="57" count="7" type="stmt"/>
        <line num="60" count="0" type="stmt"/>
        <line num="63" count="7" type="stmt"/>
        <line num="67" count="2" type="stmt"/>
        <line num="68" count="2" type="stmt"/>
        <line num="72" count="2" type="stmt"/>
        <line num="75" count="2" type="stmt"/>
        <line num="78" count="2" type="stmt"/>
        <line num="81" count="0" type="stmt"/>
        <line num="85" count="9" type="stmt"/>
        <line num="88" count="9" type="stmt"/>
        <line num="91" count="9" type="stmt"/>
        <line num="92" count="9" type="stmt"/>
        <line num="95" count="9" type="stmt"/>
      </file>
      <file name="PreviewItem.vue" path="C:\xampp\htdocs\Ynov\av2-linked-up\src\components\admin\PreviewItem.vue">
        <metrics statements="2" coveredstatements="2" conditionals="0" coveredconditionals="0" methods="1" coveredmethods="1"/>
        <line num="19" count="2" type="stmt"/>
        <line num="23" count="1" type="stmt"/>
      </file>
      <file name="ProjectDetails.vue" path="C:\xampp\htdocs\Ynov\av2-linked-up\src\components\admin\ProjectDetails.vue">
        <metrics statements="13" coveredstatements="8" conditionals="2" coveredconditionals="0" methods="7" coveredmethods="5"/>
        <line num="66" count="1" type="stmt"/>
        <line num="77" count="1" type="stmt"/>
        <line num="80" count="3" type="stmt"/>
        <line num="98" count="5" type="stmt"/>
        <line num="99" count="5" type="stmt"/>
        <line num="102" count="5" type="stmt"/>
        <line num="105" count="5" type="cond" truecount="0" falsecount="2"/>
        <line num="106" count="0" type="stmt"/>
        <line num="110" count="5" type="stmt"/>
        <line num="115" count="0" type="stmt"/>
        <line num="119" count="0" type="stmt"/>
        <line num="122" count="0" type="stmt"/>
        <line num="126" count="0" type="stmt"/>
      </file>
      <file name="ProjectItem.vue" path="C:\xampp\htdocs\Ynov\av2-linked-up\src\components\admin\ProjectItem.vue">
        <metrics statements="7" coveredstatements="5" conditionals="0" coveredconditionals="0" methods="5" coveredmethods="3"/>
        <line num="30" count="4" type="stmt"/>
        <line num="40" count="4" type="stmt"/>
        <line num="44" count="3" type="stmt"/>
        <line num="50" count="0" type="stmt"/>
        <line num="54" count="6" type="stmt"/>
        <line num="57" count="6" type="stmt"/>
        <line num="60" count="0" type="stmt"/>
      </file>
      <file name="ProjectStatus.vue" path="C:\xampp\htdocs\Ynov\av2-linked-up\src\components\admin\ProjectStatus.vue">
        <metrics statements="1" coveredstatements="1" conditionals="0" coveredconditionals="0" methods="0" coveredmethods="0"/>
        <line num="13" count="3" type="stmt"/>
      </file>
      <file name="Sidenav.vue" path="C:\xampp\htdocs\Ynov\av2-linked-up\src\components\admin\Sidenav.vue">
        <metrics statements="6" coveredstatements="5" conditionals="0" coveredconditionals="0" methods="4" coveredmethods="3"/>
        <line num="106" count="2" type="stmt"/>
        <line num="113" count="2" type="stmt"/>
        <line num="116" count="3" type="stmt"/>
        <line num="121" count="5" type="stmt"/>
        <line num="124" count="5" type="stmt"/>
        <line num="127" count="0" type="stmt"/>
      </file>
    </package>
    <package name="src.components.app">
      <metrics statements="12" coveredstatements="9" conditionals="8" coveredconditionals="4" methods="6" coveredmethods="4"/>
      <file name="Button.vue" path="C:\xampp\htdocs\Ynov\av2-linked-up\src\components\app\Button.vue">
        <metrics statements="1" coveredstatements="1" conditionals="0" coveredconditionals="0" methods="0" coveredmethods="0"/>
        <line num="13" count="17" type="stmt"/>
      </file>
      <file name="Modal.vue" path="C:\xampp\htdocs\Ynov\av2-linked-up\src\components\app\Modal.vue">
        <metrics statements="10" coveredstatements="7" conditionals="8" coveredconditionals="4" methods="6" coveredmethods="4"/>
        <line num="27" count="3" type="stmt"/>
        <line num="41" count="16" type="cond" truecount="4" falsecount="0"/>
        <line num="42" count="7" type="stmt"/>
        <line num="44" count="9" type="stmt"/>
        <line num="51" count="3" type="stmt"/>
        <line num="54" count="0" type="cond" truecount="0" falsecount="4"/>
        <line num="55" count="0" type="stmt"/>
        <line num="59" count="0" type="stmt"/>
        <line num="63" count="16" type="stmt"/>
        <line num="66" count="1" type="stmt"/>
      </file>
      <file name="Title.vue" path="C:\xampp\htdocs\Ynov\av2-linked-up\src\components\app\Title.vue">
        <metrics statements="1" coveredstatements="1" conditionals="0" coveredconditionals="0" methods="0" coveredmethods="0"/>
        <line num="14" count="20" type="stmt"/>
      </file>
    </package>
    <package name="src.components.artists">
      <metrics statements="64" coveredstatements="48" conditionals="4" coveredconditionals="2" methods="32" coveredmethods="24"/>
      <file name="ArtistDashboard.vue" path="C:\xampp\htdocs\Ynov\av2-linked-up\src\components\artists\ArtistDashboard.vue">
        <metrics statements="33" coveredstatements="22" conditionals="4" coveredconditionals="2" methods="16" coveredmethods="11"/>
        <line num="118" count="2" type="stmt"/>
        <line num="135" count="2" type="stmt"/>
        <line num="138" count="6" type="stmt"/>
        <line num="158" count="7" type="stmt"/>
        <line num="161" count="7" type="stmt"/>
        <line num="164" count="7" type="stmt"/>
        <line num="166" count="7" type="stmt"/>
        <line num="170" count="1" type="stmt"/>
        <line num="171" count="1" type="stmt"/>
        <line num="173" count="1" type="cond" truecount="2" falsecount="2"/>
        <line num="174" count="0" type="stmt"/>
        <line num="175" count="0" type="stmt"/>
        <line num="176" count="0" type="stmt"/>
        <line num="178" count="1" type="stmt"/>
        <line num="179" count="1" type="stmt"/>
        <line num="183" count="1" type="stmt"/>
        <line num="186" count="1" type="stmt"/>
        <line num="187" count="1" type="stmt"/>
        <line num="190" count="0" type="stmt"/>
        <line num="194" count="1" type="stmt"/>
        <line num="204" count="1" type="stmt"/>
        <line num="207" count="1" type="stmt"/>
        <line num="208" count="1" type="stmt"/>
        <line num="211" count="0" type="stmt"/>
        <line num="215" count="2" type="stmt"/>
        <line num="216" count="2" type="stmt"/>
        <line num="217" count="2" type="stmt"/>
        <line num="218" count="0" type="stmt"/>
        <line num="222" count="0" type="stmt"/>
        <line num="223" count="0" type="stmt"/>
        <line num="224" count="0" type="stmt"/>
        <line num="225" count="0" type="stmt"/>
        <line num="226" count="0" type="stmt"/>
      </file>
      <file name="ArtistEvents.vue" path="C:\xampp\htdocs\Ynov\av2-linked-up\src\components\artists\ArtistEvents.vue">
        <metrics statements="10" coveredstatements="8" conditionals="0" coveredconditionals="0" methods="4" coveredmethods="4"/>
        <line num="29" count="2" type="stmt"/>
        <line num="30" count="2" type="stmt"/>
        <line num="36" count="2" type="stmt"/>
        <line num="42" count="3" type="stmt"/>
        <line num="48" count="5" type="stmt"/>
        <line num="51" count="5" type="stmt"/>
        <line num="52" count="5" type="stmt"/>
        <line num="53" count="0" type="stmt"/>
        <line num="54" count="0" type="stmt"/>
        <line num="57" count="5" type="stmt"/>
      </file>
      <file name="ArtistInbox.vue" path="C:\xampp\htdocs\Ynov\av2-linked-up\src\components\artists\ArtistInbox.vue">
        <metrics statements="6" coveredstatements="5" conditionals="0" coveredconditionals="0" methods="4" coveredmethods="3"/>
        <line num="14" count="2" type="stmt"/>
        <line num="21" count="2" type="stmt"/>
        <line num="24" count="4" type="stmt"/>
        <line num="29" count="6" type="stmt"/>
        <line num="32" count="6" type="stmt"/>
        <line num="35" count="0" type="stmt"/>
      </file>
      <file name="ArtistItem.vue" path="C:\xampp\htdocs\Ynov\av2-linked-up\src\components\artists\ArtistItem.vue">
        <metrics statements="1" coveredstatements="1" conditionals="0" coveredconditionals="0" methods="0" coveredmethods="0"/>
        <line num="26" count="6" type="stmt"/>
      </file>
      <file name="ArtistList.vue" path="C:\xampp\htdocs\Ynov\av2-linked-up\src\components\artists\ArtistList.vue">
        <metrics statements="7" coveredstatements="6" conditionals="0" coveredconditionals="0" methods="4" coveredmethods="3"/>
        <line num="16" count="2" type="stmt"/>
        <line num="17" count="2" type="stmt"/>
        <line num="19" count="2" type="stmt"/>
        <line num="25" count="3" type="stmt"/>
        <line num="30" count="5" type="stmt"/>
        <line num="33" count="5" type="stmt"/>
        <line num="35" count="0" type="stmt"/>
      </file>
      <file name="ArtistProjects.vue" path="C:\xampp\htdocs\Ynov\av2-linked-up\src\components\artists\ArtistProjects.vue">
        <metrics statements="7" coveredstatements="6" conditionals="0" coveredconditionals="0" methods="4" coveredmethods="3"/>
        <line num="26" count="2" type="stmt"/>
        <line num="27" count="2" type="stmt"/>
        <line num="35" count="2" type="stmt"/>
        <line num="41" count="3" type="stmt"/>
        <line num="46" count="5" type="stmt"/>
        <line num="49" count="5" type="stmt"/>
        <line num="52" count="0" type="stmt"/>
      </file>
    </package>
    <package name="src.components.auth">
      <metrics statements="45" coveredstatements="30" conditionals="0" coveredconditionals="0" methods="15" coveredmethods="12"/>
      <file name="BookingForm.vue" path="C:\xampp\htdocs\Ynov\av2-linked-up\src\components\auth\BookingForm.vue">
        <metrics statements="9" coveredstatements="6" conditionals="0" coveredconditionals="0" methods="4" coveredmethods="3"/>
        <line num="27" count="2" type="stmt"/>
        <line num="36" count="2" type="stmt"/>
        <line num="39" count="3" type="stmt"/>
        <line num="46" count="2" type="stmt"/>
        <line num="50" count="2" type="stmt"/>
        <line num="53" count="2" type="stmt"/>
        <line num="56" count="0" type="stmt"/>
        <line num="57" count="0" type="stmt"/>
        <line num="58" count="0" type="stmt"/>
      </file>
      <file name="LoginForm.vue" path="C:\xampp\htdocs\Ynov\av2-linked-up\src\components\auth\LoginForm.vue">
        <metrics statements="10" coveredstatements="7" conditionals="0" coveredconditionals="0" methods="2" coveredmethods="2"/>
        <line num="42" count="2" type="stmt"/>
        <line num="53" count="2" type="stmt"/>
        <line num="55" count="6" type="stmt"/>
        <line num="70" count="3" type="stmt"/>
        <line num="74" count="3" type="stmt"/>
        <line num="75" count="3" type="stmt"/>
        <line num="77" count="0" type="stmt"/>
        <line num="78" count="0" type="stmt"/>
        <line num="79" count="0" type="stmt"/>
        <line num="81" count="3" type="stmt"/>
      </file>
      <file name="ParticipationForm.vue" path="C:\xampp\htdocs\Ynov\av2-linked-up\src\components\auth\ParticipationForm.vue">
        <metrics statements="8" coveredstatements="5" conditionals="0" coveredconditionals="0" methods="3" coveredmethods="2"/>
        <line num="27" count="2" type="stmt"/>
        <line num="36" count="2" type="stmt"/>
        <line num="39" count="3" type="stmt"/>
        <line num="46" count="2" type="stmt"/>
        <line num="50" count="2" type="stmt"/>
        <line num="56" count="0" type="stmt"/>
        <line num="57" count="0" type="stmt"/>
        <line num="58" count="0" type="stmt"/>
      </file>
      <file name="RegisterForm.vue" path="C:\xampp\htdocs\Ynov\av2-linked-up\src\components\auth\RegisterForm.vue">
        <metrics statements="10" coveredstatements="7" conditionals="0" coveredconditionals="0" methods="2" coveredmethods="2"/>
        <line num="57" count="2" type="stmt"/>
        <line num="70" count="2" type="stmt"/>
        <line num="73" count="6" type="stmt"/>
        <line num="90" count="3" type="stmt"/>
        <line num="96" count="3" type="stmt"/>
        <line num="97" count="3" type="stmt"/>
        <line num="99" count="0" type="stmt"/>
        <line num="100" count="0" type="stmt"/>
        <line num="101" count="0" type="stmt"/>
        <line num="103" count="3" type="stmt"/>
      </file>
      <file name="ResetForm.vue" path="C:\xampp\htdocs\Ynov\av2-linked-up\src\components\auth\ResetForm.vue">
        <metrics statements="8" coveredstatements="5" conditionals="0" coveredconditionals="0" methods="4" coveredmethods="3"/>
        <line num="27" count="2" type="stmt"/>
        <line num="36" count="2" type="stmt"/>
        <line num="38" count="6" type="stmt"/>
        <line num="45" count="3" type="stmt"/>
        <line num="48" count="3" type="stmt"/>
        <line num="51" count="0" type="stmt"/>
        <line num="52" count="0" type="stmt"/>
        <line num="53" count="0" type="stmt"/>
      </file>
    </package>
    <package name="src.components.clients">
      <metrics statements="55" coveredstatements="41" conditionals="4" coveredconditionals="2" methods="28" coveredmethods="20"/>
      <file name="ClientDashboard.vue" path="C:\xampp\htdocs\Ynov\av2-linked-up\src\components\clients\ClientDashboard.vue">
        <metrics statements="33" coveredstatements="22" conditionals="4" coveredconditionals="2" methods="16" coveredmethods="11"/>
        <line num="85" count="2" type="stmt"/>
        <line num="102" count="2" type="stmt"/>
        <line num="105" count="6" type="stmt"/>
        <line num="122" count="8" type="stmt"/>
        <line num="125" count="8" type="stmt"/>
        <line num="128" count="8" type="stmt"/>
        <line num="130" count="8" type="stmt"/>
        <line num="134" count="1" type="stmt"/>
        <line num="135" count="1" type="stmt"/>
        <line num="137" count="1" type="cond" truecount="2" falsecount="2"/>
        <line num="138" count="0" type="stmt"/>
        <line num="139" count="0" type="stmt"/>
        <line num="140" count="0" type="stmt"/>
        <line num="142" count="1" type="stmt"/>
        <line num="143" count="1" type="stmt"/>
        <line num="147" count="1" type="stmt"/>
        <line num="150" count="1" type="stmt"/>
        <line num="151" count="1" type="stmt"/>
        <line num="154" count="0" type="stmt"/>
        <line num="158" count="1" type="stmt"/>
        <line num="165" count="1" type="stmt"/>
        <line num="168" count="1" type="stmt"/>
        <line num="169" count="1" type="stmt"/>
        <line num="172" count="0" type="stmt"/>
        <line num="176" count="2" type="stmt"/>
        <line num="177" count="2" type="stmt"/>
        <line num="178" count="2" type="stmt"/>
        <line num="179" count="0" type="stmt"/>
        <line num="183" count="0" type="stmt"/>
        <line num="184" count="0" type="stmt"/>
        <line num="185" count="0" type="stmt"/>
        <line num="186" count="0" type="stmt"/>
        <line num="187" count="0" type="stmt"/>
      </file>
      <file name="ClientEvents.vue" path="C:\xampp\htdocs\Ynov\av2-linked-up\src\components\clients\ClientEvents.vue">
        <metrics statements="8" coveredstatements="7" conditionals="0" coveredconditionals="0" methods="4" coveredmethods="3"/>
        <line num="17" count="2" type="stmt"/>
        <line num="18" count="2" type="stmt"/>
        <line num="24" count="2" type="stmt"/>
        <line num="30" count="3" type="stmt"/>
        <line num="35" count="5" type="stmt"/>
        <line num="38" count="5" type="stmt"/>
        <line num="39" count="5" type="stmt"/>
        <line num="42" count="0" type="stmt"/>
      </file>
      <file name="ClientInbox.vue" path="C:\xampp\htdocs\Ynov\av2-linked-up\src\components\clients\ClientInbox.vue">
        <metrics statements="6" coveredstatements="5" conditionals="0" coveredconditionals="0" methods="4" coveredmethods="3"/>
        <line num="14" count="2" type="stmt"/>
        <line num="21" count="2" type="stmt"/>
        <line num="24" count="4" type="stmt"/>
        <line num="29" count="6" type="stmt"/>
        <line num="32" count="6" type="stmt"/>
        <line num="35" count="0" type="stmt"/>
      </file>
      <file name="ClientProjects.vue" path="C:\xampp\htdocs\Ynov\av2-linked-up\src\components\clients\ClientProjects.vue">
        <metrics statements="8" coveredstatements="7" conditionals="0" coveredconditionals="0" methods="4" coveredmethods="3"/>
        <line num="11" count="2" type="stmt"/>
        <line num="12" count="2" type="stmt"/>
        <line num="13" count="2" type="stmt"/>
        <line num="21" count="2" type="stmt"/>
        <line num="28" count="3" type="stmt"/>
        <line num="33" count="5" type="stmt"/>
        <line num="36" count="5" type="stmt"/>
        <line num="39" count="0" type="stmt"/>
      </file>
    </package>
    <package name="src.components.home">
      <metrics statements="29" coveredstatements="17" conditionals="2" coveredconditionals="1" methods="18" coveredmethods="9"/>
      <file name="Categories.vue" path="C:\xampp\htdocs\Ynov\av2-linked-up\src\components\home\Categories.vue">
        <metrics statements="5" coveredstatements="4" conditionals="0" coveredconditionals="0" methods="3" coveredmethods="2"/>
        <line num="40" count="2" type="stmt"/>
        <line num="48" count="2" type="stmt"/>
        <line num="58" count="3" type="stmt"/>
        <line num="60" count="3" type="stmt"/>
        <line num="61" count="0" type="stmt"/>
      </file>
      <file name="Geoloc.vue" path="C:\xampp\htdocs\Ynov\av2-linked-up\src\components\home\Geoloc.vue">
        <metrics statements="24" coveredstatements="13" conditionals="2" coveredconditionals="1" methods="15" coveredmethods="7"/>
        <line num="26" count="2" type="stmt"/>
        <line num="39" count="2" type="stmt"/>
        <line num="41" count="5" type="stmt"/>
        <line num="51" count="2" type="stmt"/>
        <line num="54" count="2" type="stmt"/>
        <line num="55" count="2" type="stmt"/>
        <line num="56" count="0" type="stmt"/>
        <line num="59" count="0" type="stmt"/>
        <line num="61" count="2" type="stmt"/>
        <line num="70" count="0" type="stmt"/>
        <line num="78" count="2" type="stmt"/>
        <line num="80" count="2" type="stmt"/>
        <line num="81" count="2" type="stmt"/>
        <line num="84" count="0" type="stmt"/>
        <line num="85" count="0" type="stmt"/>
        <line num="86" count="0" type="stmt"/>
        <line num="87" count="0" type="stmt"/>
        <line num="96" count="2" type="cond" truecount="1" falsecount="1"/>
        <line num="97" count="0" type="stmt"/>
        <line num="98" count="0" type="stmt"/>
        <line num="99" count="0" type="stmt"/>
        <line num="101" count="2" type="stmt"/>
        <line num="102" count="0" type="stmt"/>
        <line num="103" count="2" type="stmt"/>
      </file>
    </package>
    <package name="src.components.nav">
      <metrics statements="13" coveredstatements="12" conditionals="2" coveredconditionals="1" methods="6" coveredmethods="6"/>
      <file name="Brand.vue" path="C:\xampp\htdocs\Ynov\av2-linked-up\src\components\nav\Brand.vue">
        <metrics statements="1" coveredstatements="1" conditionals="0" coveredconditionals="0" methods="0" coveredmethods="0"/>
        <line num="11" count="3" type="stmt"/>
      </file>
      <file name="Footer.vue" path="C:\xampp\htdocs\Ynov\av2-linked-up\src\components\nav\Footer.vue">
        <metrics statements="4" coveredstatements="4" conditionals="0" coveredconditionals="0" methods="3" coveredmethods="3"/>
        <line num="31" count="2" type="stmt"/>
        <line num="34" count="2" type="stmt"/>
        <line num="39" count="2" type="stmt"/>
        <line num="48" count="2" type="stmt"/>
      </file>
      <file name="Navbar.vue" path="C:\xampp\htdocs\Ynov\av2-linked-up\src\components\nav\Navbar.vue">
        <metrics statements="8" coveredstatements="7" conditionals="2" coveredconditionals="1" methods="3" coveredmethods="3"/>
        <line num="55" count="2" type="stmt"/>
        <line num="56" count="2" type="stmt"/>
        <line num="67" count="2" type="stmt"/>
        <line num="74" count="13" type="stmt"/>
        <line num="78" count="13" type="stmt"/>
        <line num="89" count="3" type="stmt"/>
        <line num="90" count="3" type="cond" truecount="1" falsecount="1"/>
        <line num="91" count="0" type="stmt"/>
      </file>
    </package>
    <package name="src.components.organizers">
      <metrics statements="122" coveredstatements="82" conditionals="12" coveredconditionals="6" methods="61" coveredmethods="40"/>
      <file name="EventDetails.vue" path="C:\xampp\htdocs\Ynov\av2-linked-up\src\components\organizers\EventDetails.vue">
        <metrics statements="33" coveredstatements="19" conditionals="4" coveredconditionals="2" methods="16" coveredmethods="9"/>
        <line num="81" count="1" type="stmt"/>
        <line num="98" count="1" type="stmt"/>
        <line num="101" count="6" type="stmt"/>
        <line num="118" count="8" type="stmt"/>
        <line num="121" count="8" type="stmt"/>
        <line num="124" count="8" type="stmt"/>
        <line num="126" count="8" type="stmt"/>
        <line num="130" count="1" type="stmt"/>
        <line num="131" count="1" type="stmt"/>
        <line num="133" count="1" type="cond" truecount="2" falsecount="2"/>
        <line num="134" count="0" type="stmt"/>
        <line num="135" count="0" type="stmt"/>
        <line num="136" count="0" type="stmt"/>
        <line num="138" count="1" type="stmt"/>
        <line num="139" count="1" type="stmt"/>
        <line num="143" count="0" type="stmt"/>
        <line num="149" count="0" type="stmt"/>
        <line num="150" count="0" type="stmt"/>
        <line num="153" count="0" type="stmt"/>
        <line num="157" count="1" type="stmt"/>
        <line num="165" count="1" type="stmt"/>
        <line num="168" count="1" type="stmt"/>
        <line num="169" count="1" type="stmt"/>
        <line num="172" count="0" type="stmt"/>
        <line num="176" count="1" type="stmt"/>
        <line num="177" count="1" type="stmt"/>
        <line num="178" count="1" type="stmt"/>
        <line num="179" count="0" type="stmt"/>
        <line num="183" count="0" type="stmt"/>
        <line num="184" count="0" type="stmt"/>
        <line num="185" count="0" type="stmt"/>
        <line num="186" count="0" type="stmt"/>
        <line num="187" count="0" type="stmt"/>
      </file>
      <file name="EventItem.vue" path="C:\xampp\htdocs\Ynov\av2-linked-up\src\components\organizers\EventItem.vue">
        <metrics statements="1" coveredstatements="1" conditionals="0" coveredconditionals="0" methods="0" coveredmethods="0"/>
        <line num="25" count="6" type="stmt"/>
      </file>
      <file name="EventList.vue" path="C:\xampp\htdocs\Ynov\av2-linked-up\src\components\organizers\EventList.vue">
        <metrics statements="7" coveredstatements="6" conditionals="0" coveredconditionals="0" methods="4" coveredmethods="3"/>
        <line num="16" count="2" type="stmt"/>
        <line num="17" count="2" type="stmt"/>
        <line num="25" count="2" type="stmt"/>
        <line num="31" count="3" type="stmt"/>
        <line num="36" count="5" type="stmt"/>
        <line num="39" count="5" type="stmt"/>
        <line num="42" count="0" type="stmt"/>
      </file>
      <file name="ManageArtists.vue" path="C:\xampp\htdocs\Ynov\av2-linked-up\src\components\organizers\ManageArtists.vue">
        <metrics statements="6" coveredstatements="5" conditionals="0" coveredconditionals="0" methods="4" coveredmethods="3"/>
        <line num="14" count="1" type="stmt"/>
        <line num="22" count="1" type="stmt"/>
        <line num="25" count="3" type="stmt"/>
        <line num="30" count="5" type="stmt"/>
        <line num="33" count="5" type="stmt"/>
        <line num="36" count="0" type="stmt"/>
      </file>
      <file name="ManageAttendees.vue" path="C:\xampp\htdocs\Ynov\av2-linked-up\src\components\organizers\ManageAttendees.vue">
        <metrics statements="6" coveredstatements="5" conditionals="0" coveredconditionals="0" methods="4" coveredmethods="3"/>
        <line num="11" count="1" type="stmt"/>
        <line num="19" count="1" type="stmt"/>
        <line num="22" count="3" type="stmt"/>
        <line num="28" count="5" type="stmt"/>
        <line num="31" count="5" type="stmt"/>
        <line num="34" count="0" type="stmt"/>
      </file>
      <file name="NewEvent.vue" path="C:\xampp\htdocs\Ynov\av2-linked-up\src\components\organizers\NewEvent.vue">
        <metrics statements="29" coveredstatements="18" conditionals="4" coveredconditionals="2" methods="13" coveredmethods="8"/>
        <line num="87" count="1" type="stmt"/>
        <line num="103" count="1" type="stmt"/>
        <line num="106" count="5" type="stmt"/>
        <line num="124" count="1" type="stmt"/>
        <line num="125" count="1" type="stmt"/>
        <line num="127" count="1" type="cond" truecount="2" falsecount="2"/>
        <line num="128" count="0" type="stmt"/>
        <line num="129" count="0" type="stmt"/>
        <line num="130" count="0" type="stmt"/>
        <line num="132" count="1" type="stmt"/>
        <line num="133" count="1" type="stmt"/>
        <line num="137" count="1" type="stmt"/>
        <line num="140" count="1" type="stmt"/>
        <line num="141" count="1" type="stmt"/>
        <line num="144" count="0" type="stmt"/>
        <line num="148" count="1" type="stmt"/>
        <line num="155" count="1" type="stmt"/>
        <line num="158" count="1" type="stmt"/>
        <line num="161" count="1" type="stmt"/>
        <line num="164" count="0" type="stmt"/>
        <line num="168" count="2" type="stmt"/>
        <line num="169" count="2" type="stmt"/>
        <line num="170" count="2" type="stmt"/>
        <line num="171" count="0" type="stmt"/>
        <line num="175" count="0" type="stmt"/>
        <line num="176" count="0" type="stmt"/>
        <line num="177" count="0" type="stmt"/>
        <line num="178" count="0" type="stmt"/>
        <line num="179" count="0" type="stmt"/>
      </file>
      <file name="OrgaDashboard.vue" path="C:\xampp\htdocs\Ynov\av2-linked-up\src\components\organizers\OrgaDashboard.vue">
        <metrics statements="33" coveredstatements="22" conditionals="4" coveredconditionals="2" methods="16" coveredmethods="11"/>
        <line num="69" count="2" type="stmt"/>
        <line num="86" count="2" type="stmt"/>
        <line num="89" count="5" type="stmt"/>
        <line num="104" count="6" type="stmt"/>
        <line num="107" count="6" type="stmt"/>
        <line num="110" count="6" type="stmt"/>
        <line num="112" count="6" type="stmt"/>
        <line num="116" count="1" type="stmt"/>
        <line num="117" count="1" type="stmt"/>
        <line num="119" count="1" type="cond" truecount="2" falsecount="2"/>
        <line num="120" count="0" type="stmt"/>
        <line num="121" count="0" type="stmt"/>
        <line num="122" count="0" type="stmt"/>
        <line num="124" count="1" type="stmt"/>
        <line num="125" count="1" type="stmt"/>
        <line num="129" count="1" type="stmt"/>
        <line num="132" count="1" type="stmt"/>
        <line num="133" count="1" type="stmt"/>
        <line num="136" count="0" type="stmt"/>
        <line num="140" count="1" type="stmt"/>
        <line num="145" count="1" type="stmt"/>
        <line num="148" count="1" type="stmt"/>
        <line num="149" count="1" type="stmt"/>
        <line num="152" count="0" type="stmt"/>
        <line num="156" count="2" type="stmt"/>
        <line num="157" count="2" type="stmt"/>
        <line num="158" count="2" type="stmt"/>
        <line num="159" count="0" type="stmt"/>
        <line num="163" count="0" type="stmt"/>
        <line num="164" count="0" type="stmt"/>
        <line num="165" count="0" type="stmt"/>
        <line num="166" count="0" type="stmt"/>
        <line num="167" count="0" type="stmt"/>
      </file>
      <file name="OrgaEvents.vue" path="C:\xampp\htdocs\Ynov\av2-linked-up\src\components\organizers\OrgaEvents.vue">
        <metrics statements="7" coveredstatements="6" conditionals="0" coveredconditionals="0" methods="4" coveredmethods="3"/>
        <line num="24" count="2" type="stmt"/>
        <line num="25" count="2" type="stmt"/>
        <line num="32" count="2" type="stmt"/>
        <line num="38" count="3" type="stmt"/>
        <line num="43" count="5" type="stmt"/>
        <line num="46" count="5" type="stmt"/>
        <line num="49" count="0" type="stmt"/>
      </file>
    </package>
    <package name="src.views">
      <metrics statements="80" coveredstatements="69" conditionals="2" coveredconditionals="2" methods="35" coveredmethods="24"/>
      <file name="Admin.vue" path="C:\xampp\htdocs\Ynov\av2-linked-up\src\views\Admin.vue">
        <metrics statements="2" coveredstatements="2" conditionals="0" coveredconditionals="0" methods="0" coveredmethods="0"/>
        <line num="15" count="1" type="stmt"/>
        <line num="21" count="1" type="stmt"/>
      </file>
      <file name="ArtistContact.vue" path="C:\xampp\htdocs\Ynov\av2-linked-up\src\views\ArtistContact.vue">
        <metrics statements="10" coveredstatements="9" conditionals="0" coveredconditionals="0" methods="5" coveredmethods="4"/>
        <line num="32" count="1" type="stmt"/>
        <line num="34" count="1" type="stmt"/>
        <line num="37" count="5" type="stmt"/>
        <line num="45" count="7" type="stmt"/>
        <line num="46" count="7" type="stmt"/>
        <line num="47" count="7" type="stmt"/>
        <line num="51" count="2" type="stmt"/>
        <line num="57" count="2" type="stmt"/>
        <line num="60" count="2" type="stmt"/>
        <line num="62" count="0" type="stmt"/>
      </file>
      <file name="ArtistProfile.vue" path="C:\xampp\htdocs\Ynov\av2-linked-up\src\views\ArtistProfile.vue">
        <metrics statements="18" coveredstatements="16" conditionals="2" coveredconditionals="2" methods="9" coveredmethods="7"/>
        <line num="59" count="1" type="stmt"/>
        <line num="69" count="1" type="stmt"/>
        <line num="72" count="9" type="stmt"/>
        <line num="91" count="15" type="stmt"/>
        <line num="94" count="15" type="stmt"/>
        <line num="95" count="15" type="stmt"/>
        <line num="97" count="15" type="stmt"/>
        <line num="99" count="15" type="stmt"/>
        <line num="102" count="15" type="stmt"/>
        <line num="104" count="0" type="stmt"/>
        <line num="106" count="15" type="stmt"/>
        <line num="109" count="15" type="stmt"/>
        <line num="111" count="0" type="stmt"/>
        <line num="115" count="2" type="stmt"/>
        <line num="116" count="2" type="stmt"/>
        <line num="117" count="2" type="cond" truecount="2" falsecount="0"/>
        <line num="118" count="1" type="stmt"/>
        <line num="120" count="1" type="stmt"/>
      </file>
      <file name="Artists.vue" path="C:\xampp\htdocs\Ynov\av2-linked-up\src\views\Artists.vue">
        <metrics statements="2" coveredstatements="2" conditionals="0" coveredconditionals="0" methods="0" coveredmethods="0"/>
        <line num="11" count="1" type="stmt"/>
        <line num="18" count="1" type="stmt"/>
      </file>
      <file name="Booking.vue" path="C:\xampp\htdocs\Ynov\av2-linked-up\src\views\Booking.vue">
        <metrics statements="3" coveredstatements="2" conditionals="0" coveredconditionals="0" methods="1" coveredmethods="0"/>
        <line num="10" count="1" type="stmt"/>
        <line num="17" count="1" type="stmt"/>
        <line num="24" count="0" type="stmt"/>
      </file>
      <file name="Categories.vue" path="C:\xampp\htdocs\Ynov\av2-linked-up\src\views\Categories.vue">
        <metrics statements="2" coveredstatements="2" conditionals="0" coveredconditionals="0" methods="0" coveredmethods="0"/>
        <line num="8" count="1" type="stmt"/>
        <line num="15" count="1" type="stmt"/>
      </file>
      <file name="CategoriesResults.vue" path="C:\xampp\htdocs\Ynov\av2-linked-up\src\views\CategoriesResults.vue">
        <metrics statements="4" coveredstatements="4" conditionals="0" coveredconditionals="0" methods="2" coveredmethods="2"/>
        <line num="24" count="1" type="stmt"/>
        <line num="33" count="1" type="stmt"/>
        <line num="39" count="3" type="stmt"/>
        <line num="44" count="3" type="stmt"/>
      </file>
      <file name="ClientProfile.vue" path="C:\xampp\htdocs\Ynov\av2-linked-up\src\views\ClientProfile.vue">
        <metrics statements="6" coveredstatements="5" conditionals="0" coveredconditionals="0" methods="4" coveredmethods="3"/>
        <line num="25" count="1" type="stmt"/>
        <line num="34" count="1" type="stmt"/>
        <line num="37" count="3" type="stmt"/>
        <line num="49" count="5" type="stmt"/>
        <line num="52" count="5" type="stmt"/>
        <line num="54" count="0" type="stmt"/>
      </file>
      <file name="Conventions.vue" path="C:\xampp\htdocs\Ynov\av2-linked-up\src\views\Conventions.vue">
        <metrics statements="2" coveredstatements="2" conditionals="0" coveredconditionals="0" methods="0" coveredmethods="0"/>
        <line num="11" count="1" type="stmt"/>
        <line num="17" count="1" type="stmt"/>
      </file>
      <file name="Event.vue" path="C:\xampp\htdocs\Ynov\av2-linked-up\src\views\Event.vue">
        <metrics statements="16" coveredstatements="11" conditionals="0" coveredconditionals="0" methods="10" coveredmethods="5"/>
        <line num="57" count="1" type="stmt"/>
        <line num="58" count="1" type="stmt"/>
        <line num="71" count="1" type="stmt"/>
        <line num="77" count="7" type="stmt"/>
        <line num="94" count="13" type="stmt"/>
        <line num="97" count="13" type="stmt"/>
        <line num="99" count="0" type="stmt"/>
        <line num="101" count="13" type="stmt"/>
        <line num="104" count="13" type="stmt"/>
        <line num="107" count="0" type="stmt"/>
        <line num="110" count="13" type="stmt"/>
        <line num="113" count="13" type="stmt"/>
        <line num="114" count="13" type="stmt"/>
        <line num="117" count="0" type="stmt"/>
        <line num="122" count="0" type="stmt"/>
        <line num="128" count="0" type="stmt"/>
      </file>
      <file name="GeoResults.vue" path="C:\xampp\htdocs\Ynov\av2-linked-up\src\views\GeoResults.vue">
        <metrics statements="4" coveredstatements="4" conditionals="0" coveredconditionals="0" methods="2" coveredmethods="2"/>
        <line num="24" count="1" type="stmt"/>
        <line num="33" count="1" type="stmt"/>
        <line num="39" count="3" type="stmt"/>
        <line num="44" count="3" type="stmt"/>
      </file>
      <file name="Home.vue" path="C:\xampp\htdocs\Ynov\av2-linked-up\src\views\Home.vue">
        <metrics statements="2" coveredstatements="2" conditionals="0" coveredconditionals="0" methods="0" coveredmethods="0"/>
        <line num="16" count="1" type="stmt"/>
        <line num="24" count="1" type="stmt"/>
      </file>
      <file name="Login.vue" path="C:\xampp\htdocs\Ynov\av2-linked-up\src\views\Login.vue">
        <metrics statements="4" coveredstatements="4" conditionals="0" coveredconditionals="0" methods="1" coveredmethods="1"/>
        <line num="29" count="1" type="stmt"/>
        <line num="30" count="1" type="stmt"/>
        <line num="39" count="1" type="stmt"/>
        <line num="46" count="4" type="stmt"/>
      </file>
      <file name="Participation.vue" path="C:\xampp\htdocs\Ynov\av2-linked-up\src\views\Participation.vue">
        <metrics statements="3" coveredstatements="2" conditionals="0" coveredconditionals="0" methods="1" coveredmethods="0"/>
        <line num="10" count="1" type="stmt"/>
        <line num="17" count="1" type="stmt"/>
        <line num="24" count="0" type="stmt"/>
      </file>
      <file name="ResetPassword.vue" path="C:\xampp\htdocs\Ynov\av2-linked-up\src\views\ResetPassword.vue">
        <metrics statements="2" coveredstatements="2" conditionals="0" coveredconditionals="0" methods="0" coveredmethods="0"/>
        <line num="10" count="1" type="stmt"/>
        <line num="17" count="1" type="stmt"/>
      </file>
    </package>
  </project>
</coverage>
