TN:
SF:C:\xampp\htdocs\Ynov\av2-linked-up\src\App.vue
FN:45,(anonymous_0)
FN:51,(anonymous_1)
FN:58,(anonymous_2)
FN:62,(anonymous_3)
FNF:4
FNH:4
FNDA:5,(anonymous_0)
FNDA:5,(anonymous_1)
FNDA:6,(anonymous_2)
FNDA:1,(anonymous_3)
DA:24,1
DA:25,1
DA:26,1
DA:38,1
DA:46,5
DA:52,5
DA:53,4
DA:55,1
DA:59,6
DA:63,1
LF:10
LH:10
BRDA:52,0,0,4
BRDA:52,0,1,1
BRF:2
BRH:2
end_of_record
TN:
SF:C:\xampp\htdocs\Ynov\av2-linked-up\src\components\admin\AdminEvents.vue
FN:27,(anonymous_0)
FN:32,(anonymous_1)
FN:35,(anonymous_2)
FN:38,(anonymous_3)
FNF:4
FNH:3
FNDA:6,(anonymous_0)
FNDA:8,(anonymous_1)
FNDA:8,(anonymous_2)
FNDA:0,(anonymous_3)
DA:8,1
DA:9,1
DA:10,1
DA:11,1
DA:20,1
DA:28,6
DA:33,8
DA:36,8
DA:39,0
LF:9
LH:8
BRF:0
BRH:0
end_of_record
TN:
SF:C:\xampp\htdocs\Ynov\av2-linked-up\src\components\admin\AdminGallery.vue
FN:79,(anonymous_0)
FN:88,(anonymous_1)
FN:90,(anonymous_2)
FN:93,(anonymous_3)
FN:98,(anonymous_4)
FN:111,(anonymous_5)
FN:119,(anonymous_6)
FN:124,(anonymous_7)
FN:129,(anonymous_8)
FN:133,(anonymous_9)
FN:136,(anonymous_10)
FN:139,(anonymous_11)
FN:143,(anonymous_12)
FN:147,(anonymous_13)
FNF:14
FNH:8
FNDA:8,(anonymous_0)
FNDA:10,(anonymous_1)
FNDA:10,(anonymous_2)
FNDA:0,(anonymous_3)
FNDA:1,(anonymous_4)
FNDA:1,(anonymous_5)
FNDA:1,(anonymous_6)
FNDA:1,(anonymous_7)
FNDA:0,(anonymous_8)
FNDA:0,(anonymous_9)
FNDA:2,(anonymous_10)
FNDA:0,(anonymous_11)
FNDA:0,(anonymous_12)
FNDA:0,(anonymous_13)
DA:56,1
DA:57,1
DA:58,1
DA:73,1
DA:80,8
DA:89,10
DA:91,10
DA:94,0
DA:99,1
DA:100,1
DA:101,1
DA:102,1
DA:103,1
DA:104,0
DA:105,0
DA:106,0
DA:108,0
DA:112,1
DA:113,1
DA:114,0
DA:115,0
DA:120,1
DA:121,1
DA:122,1
DA:125,1
DA:126,1
DA:127,1
DA:130,0
DA:131,0
DA:134,0
DA:137,2
DA:138,2
DA:139,2
DA:140,0
DA:144,0
DA:145,0
DA:146,0
DA:147,0
DA:148,0
LF:39
LH:23
BRDA:103,0,0,0
BRDA:103,0,1,1
BRDA:114,1,0,0
BRDA:114,1,1,0
BRF:4
BRH:1
end_of_record
TN:
SF:C:\xampp\htdocs\Ynov\av2-linked-up\src\components\admin\AdminInbox.vue
FN:24,(anonymous_0)
FN:29,(anonymous_1)
FN:32,(anonymous_2)
FN:35,(anonymous_3)
FNF:4
FNH:3
FNDA:5,(anonymous_0)
FNDA:7,(anonymous_1)
FNDA:7,(anonymous_2)
FNDA:0,(anonymous_3)
DA:7,1
DA:8,1
DA:9,1
DA:18,1
DA:25,5
DA:30,7
DA:33,7
DA:36,0
LF:8
LH:7
BRF:0
BRH:0
end_of_record
TN:
SF:C:\xampp\htdocs\Ynov\av2-linked-up\src\components\admin\AdminNav.vue
FN:29,(anonymous_0)
FN:40,(anonymous_1)
FNF:2
FNH:2
FNDA:4,(anonymous_0)
FNDA:3,(anonymous_1)
DA:27,2
DA:30,4
DA:41,3
DA:42,3
DA:43,2
LF:5
LH:5
BRDA:42,0,0,2
BRDA:42,0,1,1
BRF:2
BRH:2
end_of_record
TN:
SF:C:\xampp\htdocs\Ynov\av2-linked-up\src\components\admin\AdminProfile.vue
FN:27,(anonymous_0)
FN:32,(anonymous_1)
FN:35,(anonymous_2)
FN:38,(anonymous_3)
FNF:4
FNH:3
FNDA:6,(anonymous_0)
FNDA:8,(anonymous_1)
FNDA:8,(anonymous_2)
FNDA:0,(anonymous_3)
DA:8,1
DA:9,1
DA:10,1
DA:11,1
DA:20,1
DA:28,6
DA:33,8
DA:36,8
DA:39,0
LF:9
LH:8
BRF:0
BRH:0
end_of_record
TN:
SF:C:\xampp\htdocs\Ynov\av2-linked-up\src\components\admin\AdminProjects.vue
FN:22,(anonymous_0)
FN:27,(anonymous_1)
FN:28,(anonymous_2)
FNF:3
FNH:3
FNDA:5,(anonymous_0)
FNDA:7,(anonymous_1)
FNDA:7,(anonymous_2)
DA:7,1
DA:8,1
DA:16,1
DA:23,5
DA:28,7
DA:29,7
LF:6
LH:6
BRF:0
BRH:0
end_of_record
TN:
SF:C:\xampp\htdocs\Ynov\av2-linked-up\src\components\admin\EventUpdate.vue
FN:26,(anonymous_0)
FN:31,(anonymous_1)
FN:34,(anonymous_2)
FN:37,(anonymous_3)
FNF:4
FNH:3
FNDA:3,(anonymous_0)
FNDA:6,(anonymous_1)
FNDA:6,(anonymous_2)
FNDA:0,(anonymous_3)
DA:15,3
DA:23,3
DA:27,3
DA:32,6
DA:35,6
DA:38,0
LF:6
LH:5
BRF:0
BRH:0
end_of_record
TN:
SF:C:\xampp\htdocs\Ynov\av2-linked-up\src\components\admin\GalleryItem.vue
FN:23,(anonymous_0)
FNF:1
FNH:1
FNDA:1,(anonymous_0)
DA:19,2
DA:24,1
LF:2
LH:2
BRF:0
BRH:0
end_of_record
TN:
SF:C:\xampp\htdocs\Ynov\av2-linked-up\src\components\admin\MessageDetails.vue
FN:46,(anonymous_0)
FN:53,(anonymous_1)
FN:56,(anonymous_2)
FN:59,(anonymous_3)
FN:66,(anonymous_4)
FN:74,(anonymous_5)
FN:77,(anonymous_6)
FN:80,(anonymous_7)
FN:84,(anonymous_8)
FN:87,(anonymous_9)
FN:90,(anonymous_10)
FN:94,(anonymous_11)
FNF:12
FNH:10
FNDA:5,(anonymous_0)
FNDA:7,(anonymous_1)
FNDA:7,(anonymous_2)
FNDA:0,(anonymous_3)
FNDA:2,(anonymous_4)
FNDA:2,(anonymous_5)
FNDA:2,(anonymous_6)
FNDA:0,(anonymous_7)
FNDA:9,(anonymous_8)
FNDA:9,(anonymous_9)
FNDA:9,(anonymous_10)
FNDA:9,(anonymous_11)
DA:34,1
DA:44,1
DA:47,5
DA:54,7
DA:57,7
DA:60,0
DA:63,7
DA:67,2
DA:68,2
DA:72,2
DA:75,2
DA:78,2
DA:81,0
DA:85,9
DA:88,9
DA:91,9
DA:92,9
DA:95,9
LF:18
LH:16
BRF:0
BRH:0
end_of_record
TN:
SF:C:\xampp\htdocs\Ynov\av2-linked-up\src\components\admin\PreviewItem.vue
FN:22,(anonymous_0)
FNF:1
FNH:1
FNDA:1,(anonymous_0)
DA:19,2
DA:23,1
LF:2
LH:2
BRF:0
BRH:0
end_of_record
TN:
SF:C:\xampp\htdocs\Ynov\av2-linked-up\src\components\admin\ProjectDetails.vue
FN:79,(anonymous_0)
FN:97,(anonymous_1)
FN:101,(anonymous_2)
FN:104,(anonymous_3)
FN:109,(anonymous_4)
FN:114,(anonymous_5)
FN:121,(anonymous_6)
FNF:7
FNH:5
FNDA:3,(anonymous_0)
FNDA:5,(anonymous_1)
FNDA:5,(anonymous_2)
FNDA:5,(anonymous_3)
FNDA:5,(anonymous_4)
FNDA:0,(anonymous_5)
FNDA:0,(anonymous_6)
DA:66,1
DA:77,1
DA:80,3
DA:98,5
DA:99,5
DA:102,5
DA:105,5
DA:106,0
DA:110,5
DA:115,0
DA:119,0
DA:122,0
DA:126,0
LF:13
LH:8
BRDA:105,0,0,0
BRDA:105,0,1,0
BRF:2
BRH:0
end_of_record
TN:
SF:C:\xampp\htdocs\Ynov\av2-linked-up\src\components\admin\ProjectItem.vue
FN:43,(anonymous_0)
FN:49,(anonymous_1)
FN:53,(anonymous_2)
FN:56,(anonymous_3)
FN:59,(anonymous_4)
FNF:5
FNH:3
FNDA:3,(anonymous_0)
FNDA:0,(anonymous_1)
FNDA:6,(anonymous_2)
FNDA:6,(anonymous_3)
FNDA:0,(anonymous_4)
DA:30,4
DA:40,4
DA:44,3
DA:50,0
DA:54,6
DA:57,6
DA:60,0
LF:7
LH:5
BRF:0
BRH:0
end_of_record
TN:
SF:C:\xampp\htdocs\Ynov\av2-linked-up\src\components\admin\ProjectStatus.vue
FNF:0
FNH:0
DA:13,3
LF:1
LH:1
BRF:0
BRH:0
end_of_record
TN:
SF:C:\xampp\htdocs\Ynov\av2-linked-up\src\components\admin\Sidenav.vue
FN:115,(anonymous_0)
FN:120,(anonymous_1)
FN:123,(anonymous_2)
FN:126,(anonymous_3)
FNF:4
FNH:3
FNDA:3,(anonymous_0)
FNDA:5,(anonymous_1)
FNDA:5,(anonymous_2)
FNDA:0,(anonymous_3)
DA:106,2
DA:113,2
DA:116,3
DA:121,5
DA:124,5
DA:127,0
LF:6
LH:5
BRF:0
BRH:0
end_of_record
TN:
SF:C:\xampp\htdocs\Ynov\av2-linked-up\src\components\app\Button.vue
FNF:0
FNH:0
DA:13,17
LF:1
LH:1
BRF:0
BRH:0
end_of_record
TN:
SF:C:\xampp\htdocs\Ynov\av2-linked-up\src\components\app\Modal.vue
FN:40,(anonymous_0)
FN:50,(anonymous_1)
FN:53,(anonymous_2)
FN:58,(anonymous_3)
FN:62,(anonymous_4)
FN:65,(anonymous_5)
FNF:6
FNH:4
FNDA:16,(anonymous_0)
FNDA:3,(anonymous_1)
FNDA:0,(anonymous_2)
FNDA:0,(anonymous_3)
FNDA:16,(anonymous_4)
FNDA:1,(anonymous_5)
DA:27,3
DA:41,16
DA:42,7
DA:44,9
DA:51,3
DA:54,0
DA:55,0
DA:59,0
DA:63,16
DA:66,1
LF:10
LH:7
BRDA:41,0,0,7
BRDA:41,0,1,9
BRDA:41,1,0,16
BRDA:41,1,1,7
BRDA:54,2,0,0
BRDA:54,2,1,0
BRDA:54,3,0,0
BRDA:54,3,1,0
BRF:8
BRH:4
end_of_record
TN:
SF:C:\xampp\htdocs\Ynov\av2-linked-up\src\components\app\Title.vue
FNF:0
FNH:0
DA:14,18
LF:1
LH:1
BRF:0
BRH:0
end_of_record
TN:
SF:C:\xampp\htdocs\Ynov\av2-linked-up\src\components\artists\ArtistDashboard.vue
FN:137,(anonymous_0)
FN:157,(anonymous_1)
FN:160,(anonymous_2)
FN:163,(anonymous_3)
FN:166,(anonymous_4)
FN:169,(anonymous_5)
FN:182,(anonymous_6)
FN:185,(anonymous_7)
FN:189,(anonymous_8)
FN:193,(anonymous_9)
FN:206,(anonymous_10)
FN:210,(anonymous_11)
FN:214,(anonymous_12)
FN:217,(anonymous_13)
FN:221,(anonymous_14)
FN:225,(anonymous_15)
FNF:16
FNH:11
FNDA:6,(anonymous_0)
FNDA:7,(anonymous_1)
FNDA:7,(anonymous_2)
FNDA:7,(anonymous_3)
FNDA:7,(anonymous_4)
FNDA:1,(anonymous_5)
FNDA:1,(anonymous_6)
FNDA:1,(anonymous_7)
FNDA:0,(anonymous_8)
FNDA:1,(anonymous_9)
FNDA:1,(anonymous_10)
FNDA:0,(anonymous_11)
FNDA:2,(anonymous_12)
FNDA:0,(anonymous_13)
FNDA:0,(anonymous_14)
FNDA:0,(anonymous_15)
DA:118,2
DA:135,2
DA:138,6
DA:158,7
DA:161,7
DA:164,7
DA:166,7
DA:170,1
DA:171,1
DA:173,1
DA:174,0
DA:175,0
DA:176,0
DA:178,1
DA:179,1
DA:183,1
DA:186,1
DA:187,1
DA:190,0
DA:194,1
DA:204,1
DA:207,1
DA:208,1
DA:211,0
DA:215,2
DA:216,2
DA:217,2
DA:218,0
DA:222,0
DA:223,0
DA:224,0
DA:225,0
DA:226,0
LF:33
LH:22
BRDA:173,0,0,0
BRDA:173,0,1,1
BRDA:173,1,0,1
BRDA:173,1,1,0
BRF:4
BRH:2
end_of_record
TN:
SF:C:\xampp\htdocs\Ynov\av2-linked-up\src\components\artists\ArtistEvents.vue
FN:12,(anonymous_0)
FNF:1
FNH:1
FNDA:2,(anonymous_0)
DA:10,2
DA:13,2
LF:2
LH:2
BRF:0
BRH:0
end_of_record
TN:
SF:C:\xampp\htdocs\Ynov\av2-linked-up\src\components\artists\ArtistInbox.vue
FN:23,(anonymous_0)
FN:28,(anonymous_1)
FN:31,(anonymous_2)
FN:34,(anonymous_3)
FNF:4
FNH:3
FNDA:4,(anonymous_0)
FNDA:6,(anonymous_1)
FNDA:6,(anonymous_2)
FNDA:0,(anonymous_3)
DA:14,2
DA:21,2
DA:24,4
DA:29,6
DA:32,6
DA:35,0
LF:6
LH:5
BRF:0
BRH:0
end_of_record
TN:
SF:C:\xampp\htdocs\Ynov\av2-linked-up\src\components\artists\ArtistItem.vue
FNF:0
FNH:0
DA:26,6
LF:1
LH:1
BRF:0
BRH:0
end_of_record
TN:
SF:C:\xampp\htdocs\Ynov\av2-linked-up\src\components\artists\ArtistList.vue
FN:24,(anonymous_0)
FN:29,(anonymous_1)
FN:32,(anonymous_2)
FN:35,(anonymous_3)
FNF:4
FNH:3
FNDA:3,(anonymous_0)
FNDA:5,(anonymous_1)
FNDA:5,(anonymous_2)
FNDA:0,(anonymous_3)
DA:16,2
DA:17,2
DA:19,2
DA:25,3
DA:30,5
DA:33,5
DA:35,0
LF:7
LH:6
BRF:0
BRH:0
end_of_record
TN:
SF:C:\xampp\htdocs\Ynov\av2-linked-up\src\components\artists\ArtistProjects.vue
FN:40,(anonymous_0)
FN:45,(anonymous_1)
FN:48,(anonymous_2)
FN:51,(anonymous_3)
FNF:4
FNH:3
FNDA:3,(anonymous_0)
FNDA:5,(anonymous_1)
FNDA:5,(anonymous_2)
FNDA:0,(anonymous_3)
DA:26,2
DA:27,2
DA:35,2
DA:41,3
DA:46,5
DA:49,5
DA:52,0
LF:7
LH:6
BRF:0
BRH:0
end_of_record
TN:
SF:C:\xampp\htdocs\Ynov\av2-linked-up\src\components\auth\BookingForm.vue
FN:38,(anonymous_0)
FN:45,(anonymous_1)
FN:52,(anonymous_2)
FN:55,(anonymous_3)
FNF:4
FNH:3
FNDA:3,(anonymous_0)
FNDA:2,(anonymous_1)
FNDA:2,(anonymous_2)
FNDA:0,(anonymous_3)
DA:27,2
DA:36,2
DA:39,3
DA:46,2
DA:50,2
DA:53,2
DA:56,0
DA:57,0
DA:58,0
LF:9
LH:6
BRF:0
BRH:0
end_of_record
TN:
SF:C:\xampp\htdocs\Ynov\av2-linked-up\src\components\auth\LoginForm.vue
FN:54,(anonymous_0)
FN:69,(anonymous_1)
FNF:2
FNH:2
FNDA:6,(anonymous_0)
FNDA:3,(anonymous_1)
DA:42,2
DA:53,2
DA:55,6
DA:70,3
DA:74,3
DA:75,3
DA:77,0
DA:78,0
DA:79,0
DA:81,3
LF:10
LH:7
BRF:0
BRH:0
end_of_record
TN:
SF:C:\xampp\htdocs\Ynov\av2-linked-up\src\components\auth\ParticipationForm.vue
FN:38,(anonymous_0)
FN:45,(anonymous_1)
FN:52,(anonymous_2)
FN:55,(anonymous_3)
FNF:4
FNH:3
FNDA:3,(anonymous_0)
FNDA:2,(anonymous_1)
FNDA:2,(anonymous_2)
FNDA:0,(anonymous_3)
DA:27,2
DA:36,2
DA:39,3
DA:46,2
DA:50,2
DA:53,2
DA:56,0
DA:57,0
DA:58,0
LF:9
LH:6
BRF:0
BRH:0
end_of_record
TN:
SF:C:\xampp\htdocs\Ynov\av2-linked-up\src\components\auth\RegisterForm.vue
FN:72,(anonymous_0)
FN:89,(anonymous_1)
FNF:2
FNH:2
FNDA:6,(anonymous_0)
FNDA:3,(anonymous_1)
DA:57,2
DA:70,2
DA:73,6
DA:90,3
DA:96,3
DA:97,3
DA:99,0
DA:100,0
DA:101,0
DA:103,3
LF:10
LH:7
BRF:0
BRH:0
end_of_record
TN:
SF:C:\xampp\htdocs\Ynov\av2-linked-up\src\components\auth\ResetForm.vue
FN:37,(anonymous_0)
FN:44,(anonymous_1)
FN:47,(anonymous_2)
FN:50,(anonymous_3)
FNF:4
FNH:3
FNDA:6,(anonymous_0)
FNDA:3,(anonymous_1)
FNDA:3,(anonymous_2)
FNDA:0,(anonymous_3)
DA:27,2
DA:36,2
DA:38,6
DA:45,3
DA:48,3
DA:51,0
DA:52,0
DA:53,0
LF:8
LH:5
BRF:0
BRH:0
end_of_record
TN:
SF:C:\xampp\htdocs\Ynov\av2-linked-up\src\components\clients\ClientDashboard.vue
FN:104,(anonymous_0)
FN:121,(anonymous_1)
FN:124,(anonymous_2)
FN:127,(anonymous_3)
FN:130,(anonymous_4)
FN:133,(anonymous_5)
FN:146,(anonymous_6)
FN:149,(anonymous_7)
FN:153,(anonymous_8)
FN:157,(anonymous_9)
FN:167,(anonymous_10)
FN:171,(anonymous_11)
FN:175,(anonymous_12)
FN:178,(anonymous_13)
FN:182,(anonymous_14)
FN:186,(anonymous_15)
FNF:16
FNH:11
FNDA:6,(anonymous_0)
FNDA:8,(anonymous_1)
FNDA:8,(anonymous_2)
FNDA:8,(anonymous_3)
FNDA:8,(anonymous_4)
FNDA:1,(anonymous_5)
FNDA:1,(anonymous_6)
FNDA:1,(anonymous_7)
FNDA:0,(anonymous_8)
FNDA:1,(anonymous_9)
FNDA:1,(anonymous_10)
FNDA:0,(anonymous_11)
FNDA:2,(anonymous_12)
FNDA:0,(anonymous_13)
FNDA:0,(anonymous_14)
FNDA:0,(anonymous_15)
DA:85,2
DA:102,2
DA:105,6
DA:122,8
DA:125,8
DA:128,8
DA:130,8
DA:134,1
DA:135,1
DA:137,1
DA:138,0
DA:139,0
DA:140,0
DA:142,1
DA:143,1
DA:147,1
DA:150,1
DA:151,1
DA:154,0
DA:158,1
DA:165,1
DA:168,1
DA:169,1
DA:172,0
DA:176,2
DA:177,2
DA:178,2
DA:179,0
DA:183,0
DA:184,0
DA:185,0
DA:186,0
DA:187,0
LF:33
LH:22
BRDA:137,0,0,0
BRDA:137,0,1,1
BRDA:137,1,0,1
BRDA:137,1,1,0
BRF:4
BRH:2
end_of_record
TN:
SF:C:\xampp\htdocs\Ynov\av2-linked-up\src\components\clients\ClientEvents.vue
FN:12,(anonymous_0)
FNF:1
FNH:1
FNDA:2,(anonymous_0)
DA:10,2
DA:13,2
LF:2
LH:2
BRF:0
BRH:0
end_of_record
TN:
SF:C:\xampp\htdocs\Ynov\av2-linked-up\src\components\clients\ClientInbox.vue
FN:23,(anonymous_0)
FN:28,(anonymous_1)
FN:31,(anonymous_2)
FN:34,(anonymous_3)
FNF:4
FNH:3
FNDA:4,(anonymous_0)
FNDA:6,(anonymous_1)
FNDA:6,(anonymous_2)
FNDA:0,(anonymous_3)
DA:14,2
DA:21,2
DA:24,4
DA:29,6
DA:32,6
DA:35,0
LF:6
LH:5
BRF:0
BRH:0
end_of_record
TN:
SF:C:\xampp\htdocs\Ynov\av2-linked-up\src\components\clients\ClientProjects.vue
FN:27,(anonymous_0)
FN:32,(anonymous_1)
FN:35,(anonymous_2)
FN:38,(anonymous_3)
FNF:4
FNH:3
FNDA:3,(anonymous_0)
FNDA:5,(anonymous_1)
FNDA:5,(anonymous_2)
FNDA:0,(anonymous_3)
DA:11,2
DA:12,2
DA:13,2
DA:21,2
DA:28,3
DA:33,5
DA:36,5
DA:39,0
LF:8
LH:7
BRF:0
BRH:0
end_of_record
TN:
SF:C:\xampp\htdocs\Ynov\av2-linked-up\src\components\home\Categories.vue
FN:57,(anonymous_0)
FN:60,(anonymous_1)
FN:61,(anonymous_2)
FNF:3
FNH:2
FNDA:3,(anonymous_0)
FNDA:3,(anonymous_1)
FNDA:0,(anonymous_2)
DA:40,2
DA:48,2
DA:58,3
DA:60,3
DA:61,0
LF:5
LH:4
BRF:0
BRH:0
end_of_record
TN:
SF:C:\xampp\htdocs\Ynov\av2-linked-up\src\components\home\Geoloc.vue
FN:39,(anonymous_0)
FN:49,(anonymous_1)
FN:51,(anonymous_2)
FN:56,(anonymous_3)
FN:59,(anonymous_4)
FN:67,(anonymous_5)
FN:75,(anonymous_6)
FN:82,(anonymous_7)
FN:83,(anonymous_8)
FN:84,(anonymous_9)
FN:93,(anonymous_10)
FN:96,(anonymous_11)
FN:97,(anonymous_12)
FN:100,(anonymous_13)
FN:101,(anonymous_14)
FNF:15
FNH:7
FNDA:5,(anonymous_0)
FNDA:2,(anonymous_1)
FNDA:2,(anonymous_2)
FNDA:0,(anonymous_3)
FNDA:2,(anonymous_4)
FNDA:0,(anonymous_5)
FNDA:2,(anonymous_6)
FNDA:0,(anonymous_7)
FNDA:0,(anonymous_8)
FNDA:0,(anonymous_9)
FNDA:2,(anonymous_10)
FNDA:0,(anonymous_11)
FNDA:0,(anonymous_12)
FNDA:0,(anonymous_13)
FNDA:2,(anonymous_14)
DA:25,2
DA:38,2
DA:40,5
DA:50,2
DA:52,2
DA:53,2
DA:54,0
DA:57,0
DA:59,2
DA:68,0
DA:76,2
DA:78,2
DA:79,2
DA:82,0
DA:83,0
DA:84,0
DA:85,0
DA:94,2
DA:95,0
DA:96,0
DA:97,0
DA:99,2
DA:100,0
DA:101,2
LF:24
LH:13
BRDA:94,0,0,0
BRDA:94,0,1,2
BRF:2
BRH:1
end_of_record
TN:
SF:C:\xampp\htdocs\Ynov\av2-linked-up\src\components\nav\Brand.vue
FNF:0
FNH:0
DA:13,3
LF:1
LH:1
BRF:0
BRH:0
end_of_record
TN:
SF:C:\xampp\htdocs\Ynov\av2-linked-up\src\components\nav\Footer.vue
FN:30,(anonymous_0)
FN:35,(anonymous_1)
FN:44,(anonymous_2)
FNF:3
FNH:3
FNDA:2,(anonymous_0)
FNDA:2,(anonymous_1)
FNDA:2,(anonymous_2)
DA:28,2
DA:31,2
DA:36,2
DA:45,2
LF:4
LH:4
BRF:0
BRH:0
end_of_record
TN:
SF:C:\xampp\htdocs\Ynov\av2-linked-up\src\components\nav\Navbar.vue
FN:72,(anonymous_0)
FN:75,(anonymous_1)
FN:86,(anonymous_2)
FNF:3
FNH:3
FNDA:13,(anonymous_0)
FNDA:13,(anonymous_1)
FNDA:3,(anonymous_2)
DA:53,2
DA:54,2
DA:65,2
DA:72,13
DA:76,13
DA:87,3
DA:88,3
DA:89,0
LF:8
LH:7
BRDA:88,0,0,0
BRDA:88,0,1,3
BRF:2
BRH:1
end_of_record
TN:
SF:C:\xampp\htdocs\Ynov\av2-linked-up\src\components\organizers\EventDetails.vue
FN:100,(anonymous_0)
FN:117,(anonymous_1)
FN:120,(anonymous_2)
FN:123,(anonymous_3)
FN:126,(anonymous_4)
FN:129,(anonymous_5)
FN:142,(anonymous_6)
FN:148,(anonymous_7)
FN:152,(anonymous_8)
FN:156,(anonymous_9)
FN:167,(anonymous_10)
FN:171,(anonymous_11)
FN:175,(anonymous_12)
FN:178,(anonymous_13)
FN:182,(anonymous_14)
FN:186,(anonymous_15)
FNF:16
FNH:9
FNDA:6,(anonymous_0)
FNDA:8,(anonymous_1)
FNDA:8,(anonymous_2)
FNDA:8,(anonymous_3)
FNDA:8,(anonymous_4)
FNDA:1,(anonymous_5)
FNDA:0,(anonymous_6)
FNDA:0,(anonymous_7)
FNDA:0,(anonymous_8)
FNDA:1,(anonymous_9)
FNDA:1,(anonymous_10)
FNDA:0,(anonymous_11)
FNDA:1,(anonymous_12)
FNDA:0,(anonymous_13)
FNDA:0,(anonymous_14)
FNDA:0,(anonymous_15)
DA:81,1
DA:98,1
DA:101,6
DA:118,8
DA:121,8
DA:124,8
DA:126,8
DA:130,1
DA:131,1
DA:133,1
DA:134,0
DA:135,0
DA:136,0
DA:138,1
DA:139,1
DA:143,0
DA:149,0
DA:150,0
DA:153,0
DA:157,1
DA:165,1
DA:168,1
DA:169,1
DA:172,0
DA:176,1
DA:177,1
DA:178,1
DA:179,0
DA:183,0
DA:184,0
DA:185,0
DA:186,0
DA:187,0
LF:33
LH:19
BRDA:133,0,0,0
BRDA:133,0,1,1
BRDA:133,1,0,1
BRDA:133,1,1,0
BRF:4
BRH:2
end_of_record
TN:
SF:C:\xampp\htdocs\Ynov\av2-linked-up\src\components\organizers\EventItem.vue
FNF:0
FNH:0
DA:25,3
LF:1
LH:1
BRF:0
BRH:0
end_of_record
TN:
SF:C:\xampp\htdocs\Ynov\av2-linked-up\src\components\organizers\EventList.vue
FN:30,(anonymous_0)
FN:35,(anonymous_1)
FN:38,(anonymous_2)
FN:41,(anonymous_3)
FNF:4
FNH:3
FNDA:3,(anonymous_0)
FNDA:5,(anonymous_1)
FNDA:5,(anonymous_2)
FNDA:0,(anonymous_3)
DA:16,2
DA:17,2
DA:25,2
DA:31,3
DA:36,5
DA:39,5
DA:42,0
LF:7
LH:6
BRF:0
BRH:0
end_of_record
TN:
SF:C:\xampp\htdocs\Ynov\av2-linked-up\src\components\organizers\ManageArtists.vue
FN:23,(anonymous_0)
FN:28,(anonymous_1)
FN:31,(anonymous_2)
FN:34,(anonymous_3)
FNF:4
FNH:3
FNDA:3,(anonymous_0)
FNDA:5,(anonymous_1)
FNDA:5,(anonymous_2)
FNDA:0,(anonymous_3)
DA:13,1
DA:21,1
DA:24,3
DA:29,5
DA:32,5
DA:35,0
LF:6
LH:5
BRF:0
BRH:0
end_of_record
TN:
SF:C:\xampp\htdocs\Ynov\av2-linked-up\src\components\organizers\ManageAttendees.vue
FN:21,(anonymous_0)
FN:27,(anonymous_1)
FN:30,(anonymous_2)
FN:33,(anonymous_3)
FNF:4
FNH:3
FNDA:3,(anonymous_0)
FNDA:5,(anonymous_1)
FNDA:5,(anonymous_2)
FNDA:0,(anonymous_3)
DA:11,1
DA:19,1
DA:22,3
DA:28,5
DA:31,5
DA:34,0
LF:6
LH:5
BRF:0
BRH:0
end_of_record
TN:
SF:C:\xampp\htdocs\Ynov\av2-linked-up\src\components\organizers\NewEvent.vue
FN:105,(anonymous_0)
FN:123,(anonymous_1)
FN:136,(anonymous_2)
FN:139,(anonymous_3)
FN:143,(anonymous_4)
FN:147,(anonymous_5)
FN:157,(anonymous_6)
FN:160,(anonymous_7)
FN:163,(anonymous_8)
FN:167,(anonymous_9)
FN:170,(anonymous_10)
FN:174,(anonymous_11)
FN:178,(anonymous_12)
FNF:13
FNH:8
FNDA:5,(anonymous_0)
FNDA:1,(anonymous_1)
FNDA:1,(anonymous_2)
FNDA:1,(anonymous_3)
FNDA:0,(anonymous_4)
FNDA:1,(anonymous_5)
FNDA:1,(anonymous_6)
FNDA:1,(anonymous_7)
FNDA:0,(anonymous_8)
FNDA:2,(anonymous_9)
FNDA:0,(anonymous_10)
FNDA:0,(anonymous_11)
FNDA:0,(anonymous_12)
DA:87,1
DA:103,1
DA:106,5
DA:124,1
DA:125,1
DA:127,1
DA:128,0
DA:129,0
DA:130,0
DA:132,1
DA:133,1
DA:137,1
DA:140,1
DA:141,1
DA:144,0
DA:148,1
DA:155,1
DA:158,1
DA:161,1
DA:164,0
DA:168,2
DA:169,2
DA:170,2
DA:171,0
DA:175,0
DA:176,0
DA:177,0
DA:178,0
DA:179,0
LF:29
LH:18
BRDA:127,0,0,0
BRDA:127,0,1,1
BRDA:127,1,0,1
BRDA:127,1,1,0
BRF:4
BRH:2
end_of_record
TN:
SF:C:\xampp\htdocs\Ynov\av2-linked-up\src\components\organizers\OrgaDashboard.vue
FN:88,(anonymous_0)
FN:103,(anonymous_1)
FN:106,(anonymous_2)
FN:109,(anonymous_3)
FN:112,(anonymous_4)
FN:115,(anonymous_5)
FN:128,(anonymous_6)
FN:131,(anonymous_7)
FN:135,(anonymous_8)
FN:139,(anonymous_9)
FN:147,(anonymous_10)
FN:151,(anonymous_11)
FN:155,(anonymous_12)
FN:158,(anonymous_13)
FN:162,(anonymous_14)
FN:166,(anonymous_15)
FNF:16
FNH:11
FNDA:5,(anonymous_0)
FNDA:6,(anonymous_1)
FNDA:6,(anonymous_2)
FNDA:6,(anonymous_3)
FNDA:6,(anonymous_4)
FNDA:1,(anonymous_5)
FNDA:1,(anonymous_6)
FNDA:1,(anonymous_7)
FNDA:0,(anonymous_8)
FNDA:1,(anonymous_9)
FNDA:1,(anonymous_10)
FNDA:0,(anonymous_11)
FNDA:2,(anonymous_12)
FNDA:0,(anonymous_13)
FNDA:0,(anonymous_14)
FNDA:0,(anonymous_15)
DA:69,2
DA:86,2
DA:89,5
DA:104,6
DA:107,6
DA:110,6
DA:112,6
DA:116,1
DA:117,1
DA:119,1
DA:120,0
DA:121,0
DA:122,0
DA:124,1
DA:125,1
DA:129,1
DA:132,1
DA:133,1
DA:136,0
DA:140,1
DA:145,1
DA:148,1
DA:149,1
DA:152,0
DA:156,2
DA:157,2
DA:158,2
DA:159,0
DA:163,0
DA:164,0
DA:165,0
DA:166,0
DA:167,0
LF:33
LH:22
BRDA:119,0,0,0
BRDA:119,0,1,1
BRDA:119,1,0,1
BRDA:119,1,1,0
BRF:4
BRH:2
end_of_record
TN:
SF:C:\xampp\htdocs\Ynov\av2-linked-up\src\components\organizers\OrgaEvents.vue
FN:37,(anonymous_0)
FN:42,(anonymous_1)
FN:45,(anonymous_2)
FN:48,(anonymous_3)
FNF:4
FNH:3
FNDA:3,(anonymous_0)
FNDA:5,(anonymous_1)
FNDA:5,(anonymous_2)
FNDA:0,(anonymous_3)
DA:24,2
DA:25,2
DA:32,2
DA:38,3
DA:43,5
DA:46,5
DA:49,0
LF:7
LH:6
BRF:0
BRH:0
end_of_record
TN:
SF:C:\xampp\htdocs\Ynov\av2-linked-up\src\views\Admin.vue
FNF:0
FNH:0
DA:15,1
DA:21,1
LF:2
LH:2
BRF:0
BRH:0
end_of_record
TN:
SF:C:\xampp\htdocs\Ynov\av2-linked-up\src\views\ArtistContact.vue
FN:36,(anonymous_0)
FN:44,(anonymous_1)
FN:50,(anonymous_2)
FN:59,(anonymous_3)
FN:62,(anonymous_4)
FNF:5
FNH:4
FNDA:5,(anonymous_0)
FNDA:7,(anonymous_1)
FNDA:2,(anonymous_2)
FNDA:2,(anonymous_3)
FNDA:0,(anonymous_4)
DA:32,1
DA:34,1
DA:37,5
DA:45,7
DA:46,7
DA:47,7
DA:51,2
DA:57,2
DA:60,2
DA:62,0
LF:10
LH:9
BRF:0
BRH:0
end_of_record
TN:
SF:C:\xampp\htdocs\Ynov\av2-linked-up\src\views\ArtistProfile.vue
FN:71,(anonymous_0)
FN:90,(anonymous_1)
FN:93,(anonymous_2)
FN:97,(anonymous_3)
FN:101,(anonymous_4)
FN:104,(anonymous_5)
FN:108,(anonymous_6)
FN:111,(anonymous_7)
FN:114,(anonymous_8)
FNF:9
FNH:7
FNDA:9,(anonymous_0)
FNDA:15,(anonymous_1)
FNDA:15,(anonymous_2)
FNDA:15,(anonymous_3)
FNDA:15,(anonymous_4)
FNDA:0,(anonymous_5)
FNDA:15,(anonymous_6)
FNDA:0,(anonymous_7)
FNDA:2,(anonymous_8)
DA:59,1
DA:69,1
DA:72,9
DA:91,15
DA:94,15
DA:95,15
DA:97,15
DA:99,15
DA:102,15
DA:104,0
DA:106,15
DA:109,15
DA:111,0
DA:115,2
DA:116,2
DA:117,2
DA:118,1
DA:120,1
LF:18
LH:16
BRDA:117,0,0,1
BRDA:117,0,1,1
BRF:2
BRH:2
end_of_record
TN:
SF:C:\xampp\htdocs\Ynov\av2-linked-up\src\views\Artists.vue
FNF:0
FNH:0
DA:11,1
DA:18,1
LF:2
LH:2
BRF:0
BRH:0
end_of_record
TN:
SF:C:\xampp\htdocs\Ynov\av2-linked-up\src\views\Booking.vue
FN:23,(anonymous_0)
FNF:1
FNH:0
FNDA:0,(anonymous_0)
DA:10,1
DA:17,1
DA:24,0
LF:3
LH:2
BRF:0
BRH:0
end_of_record
TN:
SF:C:\xampp\htdocs\Ynov\av2-linked-up\src\views\Categories.vue
FNF:0
FNH:0
DA:8,1
DA:15,1
LF:2
LH:2
BRF:0
BRH:0
end_of_record
TN:
SF:C:\xampp\htdocs\Ynov\av2-linked-up\src\views\CategoriesResults.vue
FN:38,(anonymous_0)
FN:43,(anonymous_1)
FNF:2
FNH:2
FNDA:3,(anonymous_0)
FNDA:3,(anonymous_1)
DA:24,1
DA:33,1
DA:39,3
DA:44,3
LF:4
LH:4
BRF:0
BRH:0
end_of_record
TN:
SF:C:\xampp\htdocs\Ynov\av2-linked-up\src\views\ClientProfile.vue
FN:36,(anonymous_0)
FN:48,(anonymous_1)
FN:51,(anonymous_2)
FN:54,(anonymous_3)
FNF:4
FNH:3
FNDA:3,(anonymous_0)
FNDA:5,(anonymous_1)
FNDA:5,(anonymous_2)
FNDA:0,(anonymous_3)
DA:25,1
DA:34,1
DA:37,3
DA:49,5
DA:52,5
DA:54,0
LF:6
LH:5
BRF:0
BRH:0
end_of_record
TN:
SF:C:\xampp\htdocs\Ynov\av2-linked-up\src\views\Conventions.vue
FNF:0
FNH:0
DA:11,1
DA:17,1
LF:2
LH:2
BRF:0
BRH:0
end_of_record
TN:
SF:C:\xampp\htdocs\Ynov\av2-linked-up\src\views\Event.vue
FN:74,(anonymous_0)
FN:91,(anonymous_1)
FN:94,(anonymous_2)
FN:97,(anonymous_3)
FN:101,(anonymous_4)
FN:104,(anonymous_5)
FN:110,(anonymous_6)
FN:114,(anonymous_7)
FN:119,(anonymous_8)
FN:125,(anonymous_9)
FNF:10
FNH:5
FNDA:7,(anonymous_0)
FNDA:13,(anonymous_1)
FNDA:13,(anonymous_2)
FNDA:0,(anonymous_3)
FNDA:13,(anonymous_4)
FNDA:0,(anonymous_5)
FNDA:13,(anonymous_6)
FNDA:0,(anonymous_7)
FNDA:0,(anonymous_8)
FNDA:0,(anonymous_9)
DA:55,1
DA:56,1
DA:69,1
DA:75,7
DA:92,13
DA:95,13
DA:97,0
DA:99,13
DA:102,13
DA:105,0
DA:108,13
DA:111,13
DA:112,13
DA:115,0
DA:120,0
DA:126,0
LF:16
LH:11
BRF:0
BRH:0
end_of_record
TN:
SF:C:\xampp\htdocs\Ynov\av2-linked-up\src\views\GeoResults.vue
FN:38,(anonymous_0)
FN:43,(anonymous_1)
FNF:2
FNH:2
FNDA:3,(anonymous_0)
FNDA:3,(anonymous_1)
DA:24,1
DA:33,1
DA:39,3
DA:44,3
LF:4
LH:4
BRF:0
BRH:0
end_of_record
TN:
SF:C:\xampp\htdocs\Ynov\av2-linked-up\src\views\Home.vue
FNF:0
FNH:0
DA:10,1
DA:18,1
LF:2
LH:2
BRF:0
BRH:0
end_of_record
TN:
SF:C:\xampp\htdocs\Ynov\av2-linked-up\src\views\Login.vue
FN:45,(anonymous_0)
FNF:1
FNH:1
FNDA:4,(anonymous_0)
DA:29,1
DA:30,1
DA:39,1
DA:46,4
LF:4
LH:4
BRF:0
BRH:0
end_of_record
TN:
SF:C:\xampp\htdocs\Ynov\av2-linked-up\src\views\Participation.vue
FN:23,(anonymous_0)
FNF:1
FNH:0
FNDA:0,(anonymous_0)
DA:10,1
DA:17,1
DA:24,0
LF:3
LH:2
BRF:0
BRH:0
end_of_record
TN:
SF:C:\xampp\htdocs\Ynov\av2-linked-up\src\views\ResetPassword.vue
FNF:0
FNH:0
DA:10,1
DA:17,1
LF:2
LH:2
BRF:0
BRH:0
end_of_record
