{"C:\\xampp\\htdocs\\Ynov\\av2-linked-up\\vue.config.js": {"path":"C:\\xampp\\htdocs\\Ynov\\av2-linked-up\\vue.config.js","statementMap":{"0":{"start":{"line":4,"column":0},"end":{"line":25,"column":4}},"1":{"start":{"line":6,"column":6},"end":{"line":9,"column":9}},"2":{"start":{"line":7,"column":8},"end":{"line":7,"column":36}},"3":{"start":{"line":8,"column":8},"end":{"line":8,"column":20}}},"fnMap":{"0":{"name":"(anonymous_0)","decl":{"start":{"line":5,"column":18},"end":{"line":5,"column":19}},"loc":{"start":{"line":5,"column":30},"end":{"line":10,"column":5}},"line":5},"1":{"name":"(anonymous_1)","decl":{"start":{"line":6,"column":32},"end":{"line":6,"column":33}},"loc":{"start":{"line":6,"column":42},"end":{"line":9,"column":7}},"line":6}},"branchMap":{},"s":{"0":7,"1":7,"2":7,"3":7},"f":{"0":7,"1":7},"b":{},"_coverageSchema":"1a1c01bbd47fc00a2c39e90264f33305004495a9","hash":"20b7c896d6af9e513faa98356164c30184cb0b20","contentHash":"eb81df72c388554a403c4c17b15c8ebc3b83957e00a14a19d325ac93f5105936"}
,"C:\\xampp\\htdocs\\Ynov\\av2-linked-up\\src\\App.vue": {"path":"C:\\xampp\\htdocs\\Ynov\\av2-linked-up\\src\\App.vue","statementMap":{"0":{"start":{"line":45,"column":4},"end":{"line":47,"column":null}},"1":{"start":{"line":51,"column":6},"end":{"line":53,"column":null}},"2":{"start":{"line":52,"column":8},"end":{"line":52,"column":null}},"3":{"start":{"line":54,"column":6},"end":{"line":54,"column":null}},"4":{"start":{"line":58,"column":4},"end":{"line":58,"column":null}},"5":{"start":{"line":62,"column":6},"end":{"line":62,"column":null}}},"fnMap":{"0":{"name":"(anonymous_0)","decl":{"start":{"line":44,"column":2},"end":{"line":44,"column":3}},"loc":{"start":{"line":44,"column":9},"end":{"line":48,"column":3}}},"1":{"name":"(anonymous_1)","decl":{"start":{"line":50,"column":4},"end":{"line":50,"column":5}},"loc":{"start":{"line":50,"column":19},"end":{"line":55,"column":5}}},"2":{"name":"(anonymous_2)","decl":{"start":{"line":57,"column":2},"end":{"line":57,"column":3}},"loc":{"start":{"line":57,"column":12},"end":{"line":59,"column":3}}},"3":{"name":"(anonymous_3)","decl":{"start":{"line":61,"column":4},"end":{"line":61,"column":5}},"loc":{"start":{"line":61,"column":13},"end":{"line":63,"column":5}}}},"branchMap":{"0":{"loc":{"start":{"line":51,"column":6},"end":{"line":53,"column":null}},"type":"if","locations":[{"start":{"line":51,"column":6},"end":{"line":53,"column":null}}]}},"s":{"0":140,"1":700,"2":224,"3":483,"4":168,"5":35,"6":null,"7":null,"8":null,"9":null},"f":{"0":168,"1":728,"2":175,"3":7},"b":{"0":[245]}}
,"C:\\xampp\\htdocs\\Ynov\\av2-linked-up\\src\\main.js": {"path":"C:\\xampp\\htdocs\\Ynov\\av2-linked-up\\src\\main.js","statementMap":{"0":{"start":{"line":14,"column":0},"end":{"line":34,"column":3}},"1":{"start":{"line":15,"column":2},"end":{"line":33,"column":3}},"2":{"start":{"line":16,"column":4},"end":{"line":16,"column":25}},"3":{"start":{"line":17,"column":4},"end":{"line":28,"column":7}},"4":{"start":{"line":29,"column":4},"end":{"line":29,"column":19}},"5":{"start":{"line":30,"column":4},"end":{"line":30,"column":20}},"6":{"start":{"line":31,"column":4},"end":{"line":31,"column":30}},"7":{"start":{"line":32,"column":4},"end":{"line":32,"column":22}}},"fnMap":{"0":{"name":"(anonymous_0)","decl":{"start":{"line":14,"column":24},"end":{"line":14,"column":25}},"loc":{"start":{"line":14,"column":30},"end":{"line":34,"column":1}},"line":14}},"branchMap":{"0":{"loc":{"start":{"line":15,"column":2},"end":{"line":33,"column":3}},"type":"if","locations":[{"start":{"line":15,"column":2},"end":{"line":33,"column":3}},{"start":{},"end":{}}],"line":15}},"s":{"0":133,"1":252,"2":133,"3":133,"4":133,"5":133,"6":133,"7":133},"f":{"0":252},"b":{"0":[133,119]},"_coverageSchema":"1a1c01bbd47fc00a2c39e90264f33305004495a9","hash":"ead1996aa98eb1ec05a990ae89e72791a1b600dd"}
,"C:\\xampp\\htdocs\\Ynov\\av2-linked-up\\src\\registerServiceWorker.js": {"path":"C:\\xampp\\htdocs\\Ynov\\av2-linked-up\\src\\registerServiceWorker.js","statementMap":{"0":{"start":{"line":5,"column":0},"end":{"line":32,"column":1}},"1":{"start":{"line":6,"column":2},"end":{"line":31,"column":4}},"2":{"start":{"line":8,"column":6},"end":{"line":11,"column":7}},"3":{"start":{"line":14,"column":6},"end":{"line":14,"column":56}},"4":{"start":{"line":17,"column":6},"end":{"line":17,"column":61}},"5":{"start":{"line":20,"column":6},"end":{"line":20,"column":48}},"6":{"start":{"line":23,"column":6},"end":{"line":23,"column":62}},"7":{"start":{"line":26,"column":6},"end":{"line":26,"column":82}},"8":{"start":{"line":29,"column":6},"end":{"line":29,"column":71}}},"fnMap":{"0":{"name":"(anonymous_0)","decl":{"start":{"line":7,"column":4},"end":{"line":7,"column":5}},"loc":{"start":{"line":7,"column":13},"end":{"line":12,"column":5}},"line":7},"1":{"name":"(anonymous_1)","decl":{"start":{"line":13,"column":4},"end":{"line":13,"column":5}},"loc":{"start":{"line":13,"column":18},"end":{"line":15,"column":5}},"line":13},"2":{"name":"(anonymous_2)","decl":{"start":{"line":16,"column":4},"end":{"line":16,"column":5}},"loc":{"start":{"line":16,"column":14},"end":{"line":18,"column":5}},"line":16},"3":{"name":"(anonymous_3)","decl":{"start":{"line":19,"column":4},"end":{"line":19,"column":5}},"loc":{"start":{"line":19,"column":19},"end":{"line":21,"column":5}},"line":19},"4":{"name":"(anonymous_4)","decl":{"start":{"line":22,"column":4},"end":{"line":22,"column":5}},"loc":{"start":{"line":22,"column":15},"end":{"line":24,"column":5}},"line":22},"5":{"name":"(anonymous_5)","decl":{"start":{"line":25,"column":4},"end":{"line":25,"column":5}},"loc":{"start":{"line":25,"column":15},"end":{"line":27,"column":5}},"line":25},"6":{"name":"(anonymous_6)","decl":{"start":{"line":28,"column":4},"end":{"line":28,"column":5}},"loc":{"start":{"line":28,"column":18},"end":{"line":30,"column":5}},"line":28}},"branchMap":{"0":{"loc":{"start":{"line":5,"column":0},"end":{"line":32,"column":1}},"type":"if","locations":[{"start":{"line":5,"column":0},"end":{"line":32,"column":1}},{"start":{},"end":{}}],"line":5}},"s":{"0":133,"1":0,"2":0,"3":0,"4":0,"5":0,"6":0,"7":0,"8":0},"f":{"0":0,"1":0,"2":0,"3":0,"4":0,"5":0,"6":0},"b":{"0":[0,133]},"_coverageSchema":"1a1c01bbd47fc00a2c39e90264f33305004495a9","hash":"00eefe9f3a1348b2a829cd95ec8007308d53f9f4"}
,"C:\\xampp\\htdocs\\Ynov\\av2-linked-up\\src\\components\\admin\\AdminEvents.vue": {"path":"C:\\xampp\\htdocs\\Ynov\\av2-linked-up\\src\\components\\admin\\AdminEvents.vue","statementMap":{"0":{"start":{"line":23,"column":4},"end":{"line":25,"column":null}},"1":{"start":{"line":28,"column":4},"end":{"line":30,"column":null}},"2":{"start":{"line":29,"column":6},"end":{"line":29,"column":null}}},"fnMap":{"0":{"name":"(anonymous_0)","decl":{"start":{"line":22,"column":2},"end":{"line":22,"column":3}},"loc":{"start":{"line":22,"column":9},"end":{"line":26,"column":3}}},"1":{"name":"(anonymous_1)","decl":{"start":{"line":27,"column":2},"end":{"line":27,"column":3}},"loc":{"start":{"line":27,"column":18},"end":{"line":31,"column":3}}},"2":{"name":"(anonymous_2)","decl":{"start":{"line":28,"column":51},"end":{"line":28,"column":52}},"loc":{"start":{"line":28,"column":57},"end":{"line":30,"column":5}}}},"branchMap":{},"s":{"0":21,"1":21,"2":21,"3":null,"4":null,"5":null,"6":null,"7":null,"8":null},"f":{"0":56,"1":70,"2":70,"3":null},"b":{}}
,"C:\\xampp\\htdocs\\Ynov\\av2-linked-up\\src\\components\\admin\\AdminGallery.vue": {"path":"C:\\xampp\\htdocs\\Ynov\\av2-linked-up\\src\\components\\admin\\AdminGallery.vue","statementMap":{"0":{"start":{"line":80,"column":4},"end":{"line":86,"column":null}},"1":{"start":{"line":89,"column":4},"end":{"line":96,"column":null}},"2":{"start":{"line":91,"column":22},"end":{"line":91,"column":55}},"3":{"start":{"line":92,"column":6},"end":{"line":92,"column":null}},"4":{"start":{"line":95,"column":6},"end":{"line":95,"column":null}},"5":{"start":{"line":100,"column":6},"end":{"line":100,"column":null}},"6":{"start":{"line":101,"column":20},"end":{"line":101,"column":39}},"7":{"start":{"line":102,"column":6},"end":{"line":102,"column":null}},"8":{"start":{"line":103,"column":23},"end":{"line":103,"column":25}},"9":{"start":{"line":104,"column":6},"end":{"line":110,"column":null}},"10":{"start":{"line":105,"column":8},"end":{"line":108,"column":null}},"11":{"start":{"line":105,"column":21},"end":{"line":105,"column":22}},"12":{"start":{"line":106,"column":29},"end":{"line":106,"column":63}},"13":{"start":{"line":107,"column":10},"end":{"line":107,"column":null}},"14":{"start":{"line":109,"column":8},"end":{"line":109,"column":null}},"15":{"start":{"line":113,"column":23},"end":{"line":113,"column":34}},"16":{"start":{"line":114,"column":6},"end":{"line":118,"column":null}},"17":{"start":{"line":115,"column":8},"end":{"line":117,"column":null}},"18":{"start":{"line":116,"column":10},"end":{"line":116,"column":null}},"19":{"start":{"line":121,"column":6},"end":{"line":121,"column":null}},"20":{"start":{"line":122,"column":6},"end":{"line":122,"column":null}},"21":{"start":{"line":123,"column":6},"end":{"line":123,"column":null}},"22":{"start":{"line":126,"column":6},"end":{"line":126,"column":null}},"23":{"start":{"line":127,"column":6},"end":{"line":127,"column":null}},"24":{"start":{"line":128,"column":6},"end":{"line":128,"column":null}},"25":{"start":{"line":131,"column":6},"end":{"line":131,"column":null}},"26":{"start":{"line":132,"column":6},"end":{"line":132,"column":null}},"27":{"start":{"line":135,"column":6},"end":{"line":135,"column":null}},"28":{"start":{"line":138,"column":6},"end":{"line":138,"column":null}},"29":{"start":{"line":139,"column":6},"end":{"line":139,"column":null}},"30":{"start":{"line":140,"column":6},"end":{"line":142,"column":null}},"31":{"start":{"line":141,"column":8},"end":{"line":141,"column":null}},"32":{"start":{"line":145,"column":6},"end":{"line":145,"column":null}},"33":{"start":{"line":146,"column":6},"end":{"line":146,"column":null}},"34":{"start":{"line":147,"column":6},"end":{"line":147,"column":null}},"35":{"start":{"line":148,"column":6},"end":{"line":150,"column":null}},"36":{"start":{"line":149,"column":8},"end":{"line":149,"column":null}}},"fnMap":{"0":{"name":"(anonymous_0)","decl":{"start":{"line":79,"column":2},"end":{"line":79,"column":3}},"loc":{"start":{"line":79,"column":9},"end":{"line":87,"column":3}}},"1":{"name":"(anonymous_1)","decl":{"start":{"line":88,"column":2},"end":{"line":88,"column":3}},"loc":{"start":{"line":88,"column":18},"end":{"line":97,"column":3}}},"2":{"name":"(anonymous_2)","decl":{"start":{"line":90,"column":10},"end":{"line":90,"column":11}},"loc":{"start":{"line":90,"column":16},"end":{"line":93,"column":5}}},"3":{"name":"(anonymous_3)","decl":{"start":{"line":94,"column":11},"end":{"line":94,"column":12}},"loc":{"start":{"line":94,"column":20},"end":{"line":96,"column":5}}},"4":{"name":"(anonymous_4)","decl":{"start":{"line":99,"column":4},"end":{"line":99,"column":5}},"loc":{"start":{"line":99,"column":25},"end":{"line":111,"column":5}}},"5":{"name":"(anonymous_5)","decl":{"start":{"line":112,"column":4},"end":{"line":112,"column":5}},"loc":{"start":{"line":112,"column":17},"end":{"line":119,"column":5}}},"6":{"name":"(anonymous_6)","decl":{"start":{"line":120,"column":4},"end":{"line":120,"column":5}},"loc":{"start":{"line":120,"column":29},"end":{"line":124,"column":5}}},"7":{"name":"(anonymous_7)","decl":{"start":{"line":125,"column":4},"end":{"line":125,"column":5}},"loc":{"start":{"line":125,"column":32},"end":{"line":129,"column":5}}},"8":{"name":"(anonymous_8)","decl":{"start":{"line":130,"column":4},"end":{"line":130,"column":5}},"loc":{"start":{"line":130,"column":17},"end":{"line":133,"column":5}}},"9":{"name":"(anonymous_9)","decl":{"start":{"line":134,"column":4},"end":{"line":134,"column":5}},"loc":{"start":{"line":134,"column":21},"end":{"line":136,"column":5}}},"10":{"name":"(anonymous_10)","decl":{"start":{"line":137,"column":4},"end":{"line":137,"column":5}},"loc":{"start":{"line":137,"column":18},"end":{"line":143,"column":5}}},"11":{"name":"(anonymous_11)","decl":{"start":{"line":140,"column":17},"end":{"line":140,"column":18}},"loc":{"start":{"line":140,"column":23},"end":{"line":142,"column":7}}},"12":{"name":"(anonymous_12)","decl":{"start":{"line":144,"column":4},"end":{"line":144,"column":5}},"loc":{"start":{"line":144,"column":19},"end":{"line":151,"column":5}}},"13":{"name":"(anonymous_13)","decl":{"start":{"line":148,"column":17},"end":{"line":148,"column":18}},"loc":{"start":{"line":148,"column":23},"end":{"line":150,"column":7}}}},"branchMap":{"0":{"loc":{"start":{"line":104,"column":6},"end":{"line":110,"column":null}},"type":"if","locations":[{"start":{"line":104,"column":6},"end":{"line":110,"column":null}}]},"1":{"loc":{"start":{"line":115,"column":8},"end":{"line":117,"column":null}},"type":"if","locations":[{"start":{"line":115,"column":8},"end":{"line":117,"column":null}}]}},"s":{"0":35,"1":35,"2":35,"3":35,"4":56,"5":84,"6":84,"7":14,"8":21,"9":21,"10":21,"11":21,"12":21,"13":14,"14":14,"15":14,"16":14,"17":0,"18":7,"19":7,"20":0,"21":0,"22":21,"23":7,"24":7,"25":21,"26":21,"27":7,"28":0,"29":0,"30":0,"31":14,"32":14,"33":14,"34":0,"35":0,"36":0,"37":null,"38":null,"39":null},"f":{"0":84,"1":98,"2":98,"3":0,"4":21,"5":21,"6":7,"7":21,"8":14,"9":0,"10":14,"11":0,"12":0,"13":0},"b":{"0":[14],"1":[0]}}
,"C:\\xampp\\htdocs\\Ynov\\av2-linked-up\\src\\components\\admin\\AdminInbox.vue": {"path":"C:\\xampp\\htdocs\\Ynov\\av2-linked-up\\src\\components\\admin\\AdminInbox.vue","statementMap":{"0":{"start":{"line":23,"column":4},"end":{"line":25,"column":null}},"1":{"start":{"line":28,"column":4},"end":{"line":30,"column":null}},"2":{"start":{"line":29,"column":6},"end":{"line":29,"column":null}}},"fnMap":{"0":{"name":"(anonymous_0)","decl":{"start":{"line":22,"column":2},"end":{"line":22,"column":3}},"loc":{"start":{"line":22,"column":9},"end":{"line":26,"column":3}}},"1":{"name":"(anonymous_1)","decl":{"start":{"line":27,"column":2},"end":{"line":27,"column":3}},"loc":{"start":{"line":27,"column":18},"end":{"line":31,"column":3}}},"2":{"name":"(anonymous_2)","decl":{"start":{"line":28,"column":51},"end":{"line":28,"column":52}},"loc":{"start":{"line":28,"column":57},"end":{"line":30,"column":5}}}},"branchMap":{},"s":{"0":35,"1":35,"2":35,"3":null,"4":null,"5":null,"6":null,"7":null},"f":{"0":63,"1":77,"2":77,"3":null},"b":{}}
,"C:\\xampp\\htdocs\\Ynov\\av2-linked-up\\src\\components\\admin\\AdminNav.vue": {"path":"C:\\xampp\\htdocs\\Ynov\\av2-linked-up\\src\\components\\admin\\AdminNav.vue","statementMap":{"0":{"start":{"line":30,"column":4},"end":{"line":32,"column":null}},"1":{"start":{"line":41,"column":6},"end":{"line":41,"column":null}},"2":{"start":{"line":42,"column":6},"end":{"line":44,"column":null}},"3":{"start":{"line":43,"column":8},"end":{"line":43,"column":null}}},"fnMap":{"0":{"name":"(anonymous_0)","decl":{"start":{"line":29,"column":2},"end":{"line":29,"column":3}},"loc":{"start":{"line":29,"column":9},"end":{"line":33,"column":3}}},"1":{"name":"(anonymous_1)","decl":{"start":{"line":40,"column":4},"end":{"line":40,"column":5}},"loc":{"start":{"line":40,"column":13},"end":{"line":45,"column":5}}}},"branchMap":{"0":{"loc":{"start":{"line":42,"column":6},"end":{"line":44,"column":null}},"type":"if","locations":[{"start":{"line":42,"column":6},"end":{"line":44,"column":null}}]}},"s":{"0":91,"1":91,"2":84,"3":84,"4":null},"f":{"0":105,"1":84},"b":{"0":[77]}}
,"C:\\xampp\\htdocs\\Ynov\\av2-linked-up\\src\\components\\admin\\AdminProfile.vue": {"path":"C:\\xampp\\htdocs\\Ynov\\av2-linked-up\\src\\components\\admin\\AdminProfile.vue","statementMap":{"0":{"start":{"line":23,"column":4},"end":{"line":25,"column":null}},"1":{"start":{"line":28,"column":4},"end":{"line":30,"column":null}},"2":{"start":{"line":29,"column":6},"end":{"line":29,"column":null}}},"fnMap":{"0":{"name":"(anonymous_0)","decl":{"start":{"line":22,"column":2},"end":{"line":22,"column":3}},"loc":{"start":{"line":22,"column":9},"end":{"line":26,"column":3}}},"1":{"name":"(anonymous_1)","decl":{"start":{"line":27,"column":2},"end":{"line":27,"column":3}},"loc":{"start":{"line":27,"column":18},"end":{"line":31,"column":3}}},"2":{"name":"(anonymous_2)","decl":{"start":{"line":28,"column":51},"end":{"line":28,"column":52}},"loc":{"start":{"line":28,"column":57},"end":{"line":30,"column":5}}}},"branchMap":{},"s":{"0":112,"1":112,"2":105,"3":null,"4":null,"5":null,"6":null,"7":null,"8":null},"f":{"0":147,"1":161,"2":154,"3":null},"b":{}}
,"C:\\xampp\\htdocs\\Ynov\\av2-linked-up\\src\\components\\admin\\AdminProjects.vue": {"path":"C:\\xampp\\htdocs\\Ynov\\av2-linked-up\\src\\components\\admin\\AdminProjects.vue","statementMap":{"0":{"start":{"line":23,"column":4},"end":{"line":25,"column":null}},"1":{"start":{"line":28,"column":4},"end":{"line":30,"column":null}},"2":{"start":{"line":29,"column":6},"end":{"line":29,"column":null}}},"fnMap":{"0":{"name":"(anonymous_0)","decl":{"start":{"line":22,"column":2},"end":{"line":22,"column":3}},"loc":{"start":{"line":22,"column":9},"end":{"line":26,"column":3}}},"1":{"name":"(anonymous_1)","decl":{"start":{"line":27,"column":2},"end":{"line":27,"column":3}},"loc":{"start":{"line":27,"column":18},"end":{"line":31,"column":3}}},"2":{"name":"(anonymous_2)","decl":{"start":{"line":28,"column":51},"end":{"line":28,"column":52}},"loc":{"start":{"line":28,"column":57},"end":{"line":30,"column":5}}}},"branchMap":{},"s":{"0":35,"1":35,"2":35,"3":null,"4":null,"5":null},"f":{"0":63,"1":77,"2":77},"b":{}}
,"C:\\xampp\\htdocs\\Ynov\\av2-linked-up\\src\\components\\admin\\EventItem.vue": {"path":"C:\\xampp\\htdocs\\Ynov\\av2-linked-up\\src\\components\\admin\\EventItem.vue","statementMap":{"0":{"start":{"line":18,"column":0},"end":{"line":18,"column":null}},"1":{"start":{"line":26,"column":15},"end":{"line":26,"column":null}},"2":{"start":{"line":30,"column":4},"end":{"line":30,"column":11}},"3":{"start":{"line":35,"column":4},"end":{"line":35,"column":9}},"4":{"start":{"line":38,"column":8},"end":{"line":38,"column":13}},"5":{"start":{"line":41,"column":8},"end":{"line":41,"column":14}}},"fnMap":{"0":{"name":"(anonymous_0)","decl":{"start":{"line":29,"column":2},"end":{"line":29,"column":6}},"loc":{"start":{"line":29,"column":9},"end":{"line":33,"column":null}}},"1":{"name":"(anonymous_1)","decl":{"start":{"line":34,"column":2},"end":{"line":34,"column":9}},"loc":{"start":{"line":34,"column":12},"end":{"line":43,"column":null}}},"2":{"name":"(anonymous_2)","decl":{"start":{"line":37,"column":12},"end":{"line":37,"column":18}},"loc":{"start":{"line":37,"column":18},"end":{"line":39,"column":null}}},"3":{"name":"(anonymous_3)","decl":{"start":{"line":40,"column":14},"end":{"line":40,"column":22}},"loc":{"start":{"line":40,"column":22},"end":{"line":42,"column":null}}}},"branchMap":{},"s":{"0":18,"1":18,"2":18,"3":36,"4":36,"5":0},"f":{"0":18,"1":36,"2":36,"3":0},"b":{}}
,"C:\\xampp\\htdocs\\Ynov\\av2-linked-up\\src\\components\\admin\\EventUpdate.vue": {"path":"C:\\xampp\\htdocs\\Ynov\\av2-linked-up\\src\\components\\admin\\EventUpdate.vue","statementMap":{"0":{"start":{"line":15,"column":0},"end":{"line":15,"column":null}},"1":{"start":{"line":23,"column":15},"end":{"line":23,"column":null}},"2":{"start":{"line":27,"column":4},"end":{"line":27,"column":11}},"3":{"start":{"line":32,"column":4},"end":{"line":32,"column":9}},"4":{"start":{"line":35,"column":8},"end":{"line":35,"column":13}},"5":{"start":{"line":38,"column":8},"end":{"line":38,"column":14}}},"fnMap":{"0":{"name":"(anonymous_0)","decl":{"start":{"line":26,"column":2},"end":{"line":26,"column":6}},"loc":{"start":{"line":26,"column":9},"end":{"line":30,"column":null}}},"1":{"name":"(anonymous_1)","decl":{"start":{"line":31,"column":2},"end":{"line":31,"column":9}},"loc":{"start":{"line":31,"column":12},"end":{"line":40,"column":null}}},"2":{"name":"(anonymous_2)","decl":{"start":{"line":34,"column":12},"end":{"line":34,"column":18}},"loc":{"start":{"line":34,"column":18},"end":{"line":36,"column":null}}},"3":{"name":"(anonymous_3)","decl":{"start":{"line":37,"column":14},"end":{"line":37,"column":22}},"loc":{"start":{"line":37,"column":22},"end":{"line":39,"column":null}}}},"branchMap":{},"s":{"0":3,"1":3,"2":3,"3":6,"4":6,"5":0},"f":{"0":3,"1":6,"2":6,"3":0},"b":{}}
,"C:\\xampp\\htdocs\\Ynov\\av2-linked-up\\src\\components\\admin\\GalleryItem.vue": {"path":"C:\\xampp\\htdocs\\Ynov\\av2-linked-up\\src\\components\\admin\\GalleryItem.vue","statementMap":{"0":{"start":{"line":24,"column":6},"end":{"line":24,"column":null}}},"fnMap":{"0":{"name":"(anonymous_0)","decl":{"start":{"line":23,"column":4},"end":{"line":23,"column":5}},"loc":{"start":{"line":23,"column":16},"end":{"line":25,"column":null}}}},"branchMap":{},"s":{"0":28,"1":null},"f":{"0":21},"b":{}}
,"C:\\xampp\\htdocs\\Ynov\\av2-linked-up\\src\\components\\admin\\MessageDetails.vue": {"path":"C:\\xampp\\htdocs\\Ynov\\av2-linked-up\\src\\components\\admin\\MessageDetails.vue","statementMap":{"0":{"start":{"line":47,"column":4},"end":{"line":51,"column":null}},"1":{"start":{"line":54,"column":4},"end":{"line":61,"column":null}},"2":{"start":{"line":57,"column":8},"end":{"line":57,"column":null}},"3":{"start":{"line":60,"column":8},"end":{"line":60,"column":null}},"4":{"start":{"line":63,"column":4},"end":{"line":63,"column":null}},"5":{"start":{"line":67,"column":24},"end":{"line":67,"column":45}},"6":{"start":{"line":68,"column":22},"end":{"line":71,"column":7}},"7":{"start":{"line":72,"column":6},"end":{"line":82,"column":null}},"8":{"start":{"line":75,"column":10},"end":{"line":75,"column":null}},"9":{"start":{"line":78,"column":10},"end":{"line":78,"column":null}},"10":{"start":{"line":81,"column":10},"end":{"line":81,"column":null}},"11":{"start":{"line":85,"column":6},"end":{"line":96,"column":null}},"12":{"start":{"line":88,"column":10},"end":{"line":88,"column":null}},"13":{"start":{"line":91,"column":26},"end":{"line":91,"column":64}},"14":{"start":{"line":92,"column":10},"end":{"line":92,"column":null}},"15":{"start":{"line":95,"column":10},"end":{"line":95,"column":null}}},"fnMap":{"0":{"name":"(anonymous_0)","decl":{"start":{"line":46,"column":2},"end":{"line":46,"column":3}},"loc":{"start":{"line":46,"column":9},"end":{"line":52,"column":3}}},"1":{"name":"(anonymous_1)","decl":{"start":{"line":53,"column":2},"end":{"line":53,"column":3}},"loc":{"start":{"line":53,"column":12},"end":{"line":64,"column":3}}},"2":{"name":"(anonymous_2)","decl":{"start":{"line":56,"column":12},"end":{"line":56,"column":13}},"loc":{"start":{"line":56,"column":18},"end":{"line":58,"column":7}}},"3":{"name":"(anonymous_3)","decl":{"start":{"line":59,"column":13},"end":{"line":59,"column":14}},"loc":{"start":{"line":59,"column":22},"end":{"line":61,"column":7}}},"4":{"name":"(anonymous_4)","decl":{"start":{"line":66,"column":4},"end":{"line":66,"column":5}},"loc":{"start":{"line":66,"column":18},"end":{"line":83,"column":5}}},"5":{"name":"(anonymous_5)","decl":{"start":{"line":74,"column":14},"end":{"line":74,"column":15}},"loc":{"start":{"line":74,"column":20},"end":{"line":76,"column":9}}},"6":{"name":"(anonymous_6)","decl":{"start":{"line":77,"column":14},"end":{"line":77,"column":15}},"loc":{"start":{"line":77,"column":20},"end":{"line":79,"column":9}}},"7":{"name":"(anonymous_7)","decl":{"start":{"line":80,"column":15},"end":{"line":80,"column":16}},"loc":{"start":{"line":80,"column":24},"end":{"line":82,"column":9}}},"8":{"name":"(anonymous_8)","decl":{"start":{"line":84,"column":4},"end":{"line":84,"column":5}},"loc":{"start":{"line":84,"column":18},"end":{"line":97,"column":5}}},"9":{"name":"(anonymous_9)","decl":{"start":{"line":87,"column":14},"end":{"line":87,"column":15}},"loc":{"start":{"line":87,"column":20},"end":{"line":89,"column":9}}},"10":{"name":"(anonymous_10)","decl":{"start":{"line":90,"column":14},"end":{"line":90,"column":15}},"loc":{"start":{"line":90,"column":20},"end":{"line":93,"column":9}}},"11":{"name":"(anonymous_11)","decl":{"start":{"line":94,"column":15},"end":{"line":94,"column":16}},"loc":{"start":{"line":94,"column":24},"end":{"line":96,"column":9}}}},"branchMap":{},"s":{"0":21,"1":21,"2":49,"3":49,"4":63,"5":14,"6":63,"7":28,"8":28,"9":28,"10":14,"11":42,"12":28,"13":91,"14":91,"15":63,"16":null,"17":null},"f":{"0":49,"1":63,"2":63,"3":0,"4":28,"5":28,"6":28,"7":0,"8":91,"9":91,"10":91,"11":63},"b":{}}
,"C:\\xampp\\htdocs\\Ynov\\av2-linked-up\\src\\components\\admin\\PreviewItem.vue": {"path":"C:\\xampp\\htdocs\\Ynov\\av2-linked-up\\src\\components\\admin\\PreviewItem.vue","statementMap":{"0":{"start":{"line":23,"column":10},"end":{"line":23,"column":null}}},"fnMap":{"0":{"name":"(anonymous_0)","decl":{"start":{"line":22,"column":6},"end":{"line":22,"column":7}},"loc":{"start":{"line":22,"column":22},"end":{"line":24,"column":null}}}},"branchMap":{},"s":{"0":14,"1":null},"f":{"0":7},"b":{}}
,"C:\\xampp\\htdocs\\Ynov\\av2-linked-up\\src\\components\\admin\\ProjectDetails.vue": {"path":"C:\\xampp\\htdocs\\Ynov\\av2-linked-up\\src\\components\\admin\\ProjectDetails.vue","statementMap":{"0":{"start":{"line":80,"column":4},"end":{"line":95,"column":null}},"1":{"start":{"line":98,"column":4},"end":{"line":98,"column":null}},"2":{"start":{"line":99,"column":4},"end":{"line":99,"column":null}},"3":{"start":{"line":100,"column":4},"end":{"line":100,"column":null}},"4":{"start":{"line":101,"column":4},"end":{"line":101,"column":null}},"5":{"start":{"line":102,"column":4},"end":{"line":102,"column":null}},"6":{"start":{"line":106,"column":19},"end":{"line":109,"column":7}},"7":{"start":{"line":110,"column":6},"end":{"line":110,"column":null}},"8":{"start":{"line":113,"column":19},"end":{"line":113,"column":41}},"9":{"start":{"line":114,"column":6},"end":{"line":114,"column":null}},"10":{"start":{"line":117,"column":22},"end":{"line":120,"column":7}},"11":{"start":{"line":121,"column":6},"end":{"line":121,"column":null}}},"fnMap":{"0":{"name":"(anonymous_0)","decl":{"start":{"line":79,"column":2},"end":{"line":79,"column":3}},"loc":{"start":{"line":79,"column":9},"end":{"line":96,"column":3}}},"1":{"name":"(anonymous_1)","decl":{"start":{"line":97,"column":2},"end":{"line":97,"column":3}},"loc":{"start":{"line":97,"column":18},"end":{"line":103,"column":3}}},"2":{"name":"(anonymous_2)","decl":{"start":{"line":105,"column":4},"end":{"line":105,"column":5}},"loc":{"start":{"line":105,"column":19},"end":{"line":111,"column":5}}},"3":{"name":"(anonymous_3)","decl":{"start":{"line":112,"column":4},"end":{"line":112,"column":5}},"loc":{"start":{"line":112,"column":17},"end":{"line":115,"column":5}}},"4":{"name":"(anonymous_4)","decl":{"start":{"line":116,"column":4},"end":{"line":116,"column":5}},"loc":{"start":{"line":116,"column":29},"end":{"line":122,"column":5}}}},"branchMap":{},"s":{"0":7,"1":7,"2":21,"3":35,"4":35,"5":35,"6":35,"7":0,"8":35,"9":0,"10":0,"11":0,"12":null},"f":{"0":21,"1":35,"2":35,"3":35,"4":35,"5":null,"6":null},"b":{"0":[0,0]}}
,"C:\\xampp\\htdocs\\Ynov\\av2-linked-up\\src\\components\\admin\\ProjectItem.vue": {"path":"C:\\xampp\\htdocs\\Ynov\\av2-linked-up\\src\\components\\admin\\ProjectItem.vue","statementMap":{"0":{"start":{"line":40,"column":4},"end":{"line":43,"column":null}},"1":{"start":{"line":47,"column":6},"end":{"line":47,"column":null}},"2":{"start":{"line":51,"column":4},"end":{"line":51,"column":null}},"3":{"start":{"line":55,"column":6},"end":{"line":57,"column":null}},"4":{"start":{"line":56,"column":8},"end":{"line":56,"column":null}}},"fnMap":{"0":{"name":"(anonymous_0)","decl":{"start":{"line":39,"column":2},"end":{"line":39,"column":3}},"loc":{"start":{"line":39,"column":9},"end":{"line":44,"column":3}}},"1":{"name":"(anonymous_1)","decl":{"start":{"line":46,"column":4},"end":{"line":46,"column":5}},"loc":{"start":{"line":46,"column":13},"end":{"line":48,"column":5}}},"2":{"name":"(anonymous_2)","decl":{"start":{"line":50,"column":2},"end":{"line":50,"column":3}},"loc":{"start":{"line":50,"column":12},"end":{"line":52,"column":3}}},"3":{"name":"(anonymous_3)","decl":{"start":{"line":54,"column":4},"end":{"line":54,"column":5}},"loc":{"start":{"line":54,"column":24},"end":{"line":58,"column":5}}},"4":{"name":"(anonymous_4)","decl":{"start":{"line":55,"column":53},"end":{"line":55,"column":54}},"loc":{"start":{"line":55,"column":59},"end":{"line":57,"column":7}}}},"branchMap":{},"s":{"0":28,"1":28,"2":21,"3":0,"4":42,"5":null,"6":null},"f":{"0":21,"1":0,"2":42,"3":42,"4":0},"b":{}}
,"C:\\xampp\\htdocs\\Ynov\\av2-linked-up\\src\\components\\admin\\ProjectStatus.vue": {"path":"C:\\xampp\\htdocs\\Ynov\\av2-linked-up\\src\\components\\admin\\ProjectStatus.vue","statementMap":{"0":{"start":{"line":13,"column":15},"end":{"line":13,"column":null}}},"fnMap":{},"branchMap":{},"s":{"0":21},"f":{},"b":{}}
,"C:\\xampp\\htdocs\\Ynov\\av2-linked-up\\src\\components\\admin\\Sidenav.vue": {"path":"C:\\xampp\\htdocs\\Ynov\\av2-linked-up\\src\\components\\admin\\Sidenav.vue","statementMap":{"0":{"start":{"line":88,"column":4},"end":{"line":90,"column":null}},"1":{"start":{"line":93,"column":4},"end":{"line":95,"column":null}},"2":{"start":{"line":94,"column":6},"end":{"line":94,"column":null}}},"fnMap":{"0":{"name":"(anonymous_0)","decl":{"start":{"line":87,"column":2},"end":{"line":87,"column":3}},"loc":{"start":{"line":87,"column":9},"end":{"line":91,"column":3}}},"1":{"name":"(anonymous_1)","decl":{"start":{"line":92,"column":2},"end":{"line":92,"column":3}},"loc":{"start":{"line":92,"column":18},"end":{"line":96,"column":3}}},"2":{"name":"(anonymous_2)","decl":{"start":{"line":93,"column":51},"end":{"line":93,"column":52}},"loc":{"start":{"line":93,"column":57},"end":{"line":95,"column":5}}}},"branchMap":{},"s":{"0":91,"1":98,"2":105,"3":null},"f":{"0":98,"1":112,"2":105},"b":{}}
,"C:\\xampp\\htdocs\\Ynov\\av2-linked-up\\src\\components\\app\\Button.vue": {"path":"C:\\xampp\\htdocs\\Ynov\\av2-linked-up\\src\\components\\app\\Button.vue","statementMap":{"0":{"start":{"line":13,"column":15},"end":{"line":13,"column":null}}},"fnMap":{},"branchMap":{},"s":{"0":86},"f":{},"b":{}}
,"C:\\xampp\\htdocs\\Ynov\\av2-linked-up\\src\\components\\app\\Modal.vue": {"path":"C:\\xampp\\htdocs\\Ynov\\av2-linked-up\\src\\components\\app\\Modal.vue","statementMap":{"0":{"start":{"line":41,"column":8},"end":{"line":45,"column":null}},"1":{"start":{"line":42,"column":10},"end":{"line":42,"column":null}},"2":{"start":{"line":44,"column":10},"end":{"line":44,"column":null}},"3":{"start":{"line":51,"column":6},"end":{"line":51,"column":null}},"4":{"start":{"line":54,"column":6},"end":{"line":56,"column":null}},"5":{"start":{"line":55,"column":8},"end":{"line":55,"column":null}},"6":{"start":{"line":59,"column":6},"end":{"line":59,"column":null}},"7":{"start":{"line":63,"column":4},"end":{"line":63,"column":null}},"8":{"start":{"line":66,"column":4},"end":{"line":66,"column":null}}},"fnMap":{"0":{"name":"(anonymous_0)","decl":{"start":{"line":40,"column":6},"end":{"line":40,"column":7}},"loc":{"start":{"line":40,"column":22},"end":{"line":46,"column":7}}},"1":{"name":"(anonymous_1)","decl":{"start":{"line":50,"column":4},"end":{"line":50,"column":5}},"loc":{"start":{"line":50,"column":12},"end":{"line":52,"column":5}}},"2":{"name":"(anonymous_2)","decl":{"start":{"line":53,"column":4},"end":{"line":53,"column":5}},"loc":{"start":{"line":53,"column":15},"end":{"line":57,"column":5}}},"3":{"name":"(anonymous_3)","decl":{"start":{"line":58,"column":4},"end":{"line":58,"column":5}},"loc":{"start":{"line":58,"column":18},"end":{"line":60,"column":5}}},"4":{"name":"(anonymous_4)","decl":{"start":{"line":62,"column":2},"end":{"line":62,"column":3}},"loc":{"start":{"line":62,"column":12},"end":{"line":64,"column":3}}},"5":{"name":"(anonymous_5)","decl":{"start":{"line":65,"column":2},"end":{"line":65,"column":3}},"loc":{"start":{"line":65,"column":14},"end":{"line":67,"column":3}}}},"branchMap":{"0":{"loc":{"start":{"line":41,"column":8},"end":{"line":45,"column":null}},"type":"if","locations":[{"start":{"line":41,"column":8},"end":{"line":45,"column":null}},{"start":{"line":43,"column":15},"end":{"line":45,"column":null}}]},"1":{"loc":{"start":{"line":41,"column":12},"end":{"line":41,"column":38}},"type":"binary-expr","locations":[{"start":{"line":41,"column":12},"end":{"line":41,"column":19}},{"start":{"line":41,"column":22},"end":{"line":41,"column":38}}]},"2":{"loc":{"start":{"line":54,"column":6},"end":{"line":56,"column":null}},"type":"if","locations":[{"start":{"line":54,"column":6},"end":{"line":56,"column":null}}]},"3":{"loc":{"start":{"line":54,"column":10},"end":{"line":54,"column":42}},"type":"binary-expr","locations":[{"start":{"line":54,"column":10},"end":{"line":54,"column":30}},{"start":{"line":54,"column":33},"end":{"line":54,"column":42}}]}},"s":{"0":210,"1":126,"2":224,"3":63,"4":1540,"5":0,"6":0,"7":175,"8":126,"9":null},"f":{"0":301,"1":21,"2":1519,"3":0,"4":287,"5":21},"b":{"0":[63,238],"1":[301,63],"2":[0],"3":[1519,0]}}
,"C:\\xampp\\htdocs\\Ynov\\av2-linked-up\\src\\components\\app\\Title.vue": {"path":"C:\\xampp\\htdocs\\Ynov\\av2-linked-up\\src\\components\\app\\Title.vue","statementMap":{"0":{"start":{"line":14,"column":15},"end":{"line":14,"column":null}}},"fnMap":{},"branchMap":{},"s":{"0":87},"f":{},"b":{}}
,"C:\\xampp\\htdocs\\Ynov\\av2-linked-up\\src\\components\\artists\\ArtistDashboard.vue": {"path":"C:\\xampp\\htdocs\\Ynov\\av2-linked-up\\src\\components\\artists\\ArtistDashboard.vue","statementMap":{"0":{"start":{"line":137,"column":4},"end":{"line":154,"column":null}},"1":{"start":{"line":157,"column":4},"end":{"line":165,"column":null}},"2":{"start":{"line":160,"column":8},"end":{"line":160,"column":null}},"3":{"start":{"line":163,"column":8},"end":{"line":163,"column":null}},"4":{"start":{"line":165,"column":22},"end":{"line":165,"column":50}},"5":{"start":{"line":169,"column":19},"end":{"line":169,"column":41}},"6":{"start":{"line":170,"column":20},"end":{"line":170,"column":47}},"7":{"start":{"line":172,"column":6},"end":{"line":179,"column":null}},"8":{"start":{"line":173,"column":8},"end":{"line":173,"column":null}},"9":{"start":{"line":174,"column":8},"end":{"line":174,"column":null}},"10":{"start":{"line":175,"column":8},"end":{"line":175,"column":null}},"11":{"start":{"line":177,"column":8},"end":{"line":177,"column":null}},"12":{"start":{"line":178,"column":8},"end":{"line":178,"column":null}},"13":{"start":{"line":182,"column":6},"end":{"line":190,"column":null}},"14":{"start":{"line":185,"column":10},"end":{"line":185,"column":null}},"15":{"start":{"line":186,"column":10},"end":{"line":186,"column":null}},"16":{"start":{"line":189,"column":10},"end":{"line":189,"column":null}},"17":{"start":{"line":193,"column":26},"end":{"line":202,"column":7}},"18":{"start":{"line":203,"column":6},"end":{"line":211,"column":null}},"19":{"start":{"line":206,"column":10},"end":{"line":206,"column":null}},"20":{"start":{"line":207,"column":10},"end":{"line":207,"column":null}},"21":{"start":{"line":210,"column":10},"end":{"line":210,"column":null}},"22":{"start":{"line":214,"column":6},"end":{"line":214,"column":null}},"23":{"start":{"line":215,"column":6},"end":{"line":215,"column":null}},"24":{"start":{"line":216,"column":6},"end":{"line":218,"column":null}},"25":{"start":{"line":217,"column":8},"end":{"line":217,"column":null}},"26":{"start":{"line":221,"column":6},"end":{"line":221,"column":null}},"27":{"start":{"line":222,"column":6},"end":{"line":222,"column":null}},"28":{"start":{"line":223,"column":6},"end":{"line":223,"column":null}},"29":{"start":{"line":224,"column":6},"end":{"line":226,"column":null}},"30":{"start":{"line":225,"column":8},"end":{"line":225,"column":null}}},"fnMap":{"0":{"name":"(anonymous_0)","decl":{"start":{"line":136,"column":2},"end":{"line":136,"column":3}},"loc":{"start":{"line":136,"column":9},"end":{"line":155,"column":3}}},"1":{"name":"(anonymous_1)","decl":{"start":{"line":156,"column":2},"end":{"line":156,"column":3}},"loc":{"start":{"line":156,"column":18},"end":{"line":166,"column":3}}},"2":{"name":"(anonymous_2)","decl":{"start":{"line":159,"column":12},"end":{"line":159,"column":13}},"loc":{"start":{"line":159,"column":18},"end":{"line":161,"column":7}}},"3":{"name":"(anonymous_3)","decl":{"start":{"line":162,"column":12},"end":{"line":162,"column":13}},"loc":{"start":{"line":162,"column":18},"end":{"line":164,"column":7}}},"4":{"name":"(anonymous_4)","decl":{"start":{"line":165,"column":13},"end":{"line":165,"column":14}},"loc":{"start":{"line":165,"column":22},"end":{"line":165,"column":50}}},"5":{"name":"(anonymous_5)","decl":{"start":{"line":168,"column":4},"end":{"line":168,"column":5}},"loc":{"start":{"line":168,"column":28},"end":{"line":180,"column":5}}},"6":{"name":"(anonymous_6)","decl":{"start":{"line":181,"column":4},"end":{"line":181,"column":5}},"loc":{"start":{"line":181,"column":25},"end":{"line":191,"column":5}}},"7":{"name":"(anonymous_7)","decl":{"start":{"line":184,"column":14},"end":{"line":184,"column":15}},"loc":{"start":{"line":184,"column":20},"end":{"line":187,"column":9}}},"8":{"name":"(anonymous_8)","decl":{"start":{"line":188,"column":15},"end":{"line":188,"column":16}},"loc":{"start":{"line":188,"column":24},"end":{"line":190,"column":9}}},"9":{"name":"(anonymous_9)","decl":{"start":{"line":192,"column":4},"end":{"line":192,"column":5}},"loc":{"start":{"line":192,"column":29},"end":{"line":212,"column":5}}},"10":{"name":"(anonymous_10)","decl":{"start":{"line":205,"column":14},"end":{"line":205,"column":15}},"loc":{"start":{"line":205,"column":20},"end":{"line":208,"column":9}}},"11":{"name":"(anonymous_11)","decl":{"start":{"line":209,"column":15},"end":{"line":209,"column":16}},"loc":{"start":{"line":209,"column":24},"end":{"line":211,"column":9}}},"12":{"name":"(anonymous_12)","decl":{"start":{"line":213,"column":4},"end":{"line":213,"column":5}},"loc":{"start":{"line":213,"column":18},"end":{"line":219,"column":5}}},"13":{"name":"(anonymous_13)","decl":{"start":{"line":216,"column":17},"end":{"line":216,"column":18}},"loc":{"start":{"line":216,"column":23},"end":{"line":218,"column":7}}},"14":{"name":"(anonymous_14)","decl":{"start":{"line":220,"column":4},"end":{"line":220,"column":5}},"loc":{"start":{"line":220,"column":19},"end":{"line":227,"column":5}}},"15":{"name":"(anonymous_15)","decl":{"start":{"line":224,"column":17},"end":{"line":224,"column":18}},"loc":{"start":{"line":224,"column":23},"end":{"line":226,"column":7}}}},"branchMap":{"0":{"loc":{"start":{"line":172,"column":6},"end":{"line":179,"column":null}},"type":"if","locations":[{"start":{"line":172,"column":6},"end":{"line":179,"column":null}},{"start":{"line":176,"column":13},"end":{"line":179,"column":null}}]},"1":{"loc":{"start":{"line":172,"column":10},"end":{"line":172,"column":43}},"type":"binary-expr","locations":[{"start":{"line":172,"column":10},"end":{"line":172,"column":15}},{"start":{"line":172,"column":18},"end":{"line":172,"column":43}}]}},"s":{"0":77,"1":77,"2":98,"3":105,"4":49,"5":56,"6":56,"7":14,"8":14,"9":14,"10":7,"11":0,"12":0,"13":14,"14":14,"15":14,"16":7,"17":7,"18":0,"19":7,"20":7,"21":7,"22":14,"23":7,"24":21,"25":14,"26":14,"27":0,"28":0,"29":0,"30":0,"31":null,"32":null},"f":{"0":105,"1":112,"2":105,"3":105,"4":49,"5":14,"6":14,"7":14,"8":0,"9":7,"10":7,"11":0,"12":21,"13":0,"14":0,"15":0},"b":{"0":[7,7],"1":[14,7]}}
,"C:\\xampp\\htdocs\\Ynov\\av2-linked-up\\src\\components\\artists\\ArtistEvents.vue": {"path":"C:\\xampp\\htdocs\\Ynov\\av2-linked-up\\src\\components\\artists\\ArtistEvents.vue","statementMap":{"0":{"start":{"line":16,"column":4},"end":{"line":16,"column":null}}},"fnMap":{"0":{"name":"(anonymous_0)","decl":{"start":{"line":15,"column":2},"end":{"line":15,"column":3}},"loc":{"start":{"line":15,"column":9},"end":{"line":17,"column":3}}}},"branchMap":{},"s":{"0":14,"1":null},"f":{"0":14},"b":{}}
,"C:\\xampp\\htdocs\\Ynov\\av2-linked-up\\src\\components\\artists\\ArtistInbox.vue": {"path":"C:\\xampp\\htdocs\\Ynov\\av2-linked-up\\src\\components\\artists\\ArtistInbox.vue","statementMap":{"0":{"start":{"line":24,"column":4},"end":{"line":26,"column":null}},"1":{"start":{"line":29,"column":4},"end":{"line":36,"column":null}},"2":{"start":{"line":32,"column":8},"end":{"line":32,"column":null}},"3":{"start":{"line":35,"column":8},"end":{"line":35,"column":null}}},"fnMap":{"0":{"name":"(anonymous_0)","decl":{"start":{"line":23,"column":2},"end":{"line":23,"column":3}},"loc":{"start":{"line":23,"column":9},"end":{"line":27,"column":3}}},"1":{"name":"(anonymous_1)","decl":{"start":{"line":28,"column":2},"end":{"line":28,"column":3}},"loc":{"start":{"line":28,"column":12},"end":{"line":37,"column":3}}},"2":{"name":"(anonymous_2)","decl":{"start":{"line":31,"column":12},"end":{"line":31,"column":13}},"loc":{"start":{"line":31,"column":18},"end":{"line":33,"column":7}}},"3":{"name":"(anonymous_3)","decl":{"start":{"line":34,"column":13},"end":{"line":34,"column":14}},"loc":{"start":{"line":34,"column":22},"end":{"line":36,"column":7}}}},"branchMap":{},"s":{"0":14,"1":14,"2":28,"3":42,"4":null,"5":null},"f":{"0":28,"1":42,"2":42,"3":0},"b":{}}
,"C:\\xampp\\htdocs\\Ynov\\av2-linked-up\\src\\components\\artists\\ArtistItem.vue": {"path":"C:\\xampp\\htdocs\\Ynov\\av2-linked-up\\src\\components\\artists\\ArtistItem.vue","statementMap":{"0":{"start":{"line":26,"column":15},"end":{"line":26,"column":null}}},"fnMap":{},"branchMap":{},"s":{"0":35},"f":{},"b":{}}
,"C:\\xampp\\htdocs\\Ynov\\av2-linked-up\\src\\components\\artists\\ArtistList.vue": {"path":"C:\\xampp\\htdocs\\Ynov\\av2-linked-up\\src\\components\\artists\\ArtistList.vue","statementMap":{"0":{"start":{"line":31,"column":4},"end":{"line":33,"column":null}},"1":{"start":{"line":43,"column":4},"end":{"line":48,"column":null}},"2":{"start":{"line":46,"column":8},"end":{"line":46,"column":null}},"3":{"start":{"line":48,"column":22},"end":{"line":48,"column":50}}},"fnMap":{"0":{"name":"(anonymous_0)","decl":{"start":{"line":30,"column":2},"end":{"line":30,"column":3}},"loc":{"start":{"line":30,"column":9},"end":{"line":34,"column":3}}},"1":{"name":"(anonymous_1)","decl":{"start":{"line":42,"column":2},"end":{"line":42,"column":3}},"loc":{"start":{"line":42,"column":18},"end":{"line":49,"column":3}}},"2":{"name":"(anonymous_2)","decl":{"start":{"line":45,"column":12},"end":{"line":45,"column":13}},"loc":{"start":{"line":45,"column":18},"end":{"line":47,"column":7}}},"3":{"name":"(anonymous_3)","decl":{"start":{"line":48,"column":13},"end":{"line":48,"column":14}},"loc":{"start":{"line":48,"column":22},"end":{"line":48,"column":50}}}},"branchMap":{},"s":{"0":28,"1":28,"2":28,"3":15,"4":null,"5":null,"6":null},"f":{"0":29,"1":37,"2":37,"3":0},"b":{}}
,"C:\\xampp\\htdocs\\Ynov\\av2-linked-up\\src\\components\\artists\\ArtistProjects.vue": {"path":"C:\\xampp\\htdocs\\Ynov\\av2-linked-up\\src\\components\\artists\\ArtistProjects.vue","statementMap":{"0":{"start":{"line":27,"column":4},"end":{"line":29,"column":null}},"1":{"start":{"line":32,"column":4},"end":{"line":39,"column":null}},"2":{"start":{"line":35,"column":8},"end":{"line":35,"column":null}},"3":{"start":{"line":38,"column":8},"end":{"line":38,"column":null}}},"fnMap":{"0":{"name":"(anonymous_0)","decl":{"start":{"line":26,"column":2},"end":{"line":26,"column":3}},"loc":{"start":{"line":26,"column":9},"end":{"line":30,"column":3}}},"1":{"name":"(anonymous_1)","decl":{"start":{"line":31,"column":2},"end":{"line":31,"column":3}},"loc":{"start":{"line":31,"column":12},"end":{"line":40,"column":3}}},"2":{"name":"(anonymous_2)","decl":{"start":{"line":34,"column":12},"end":{"line":34,"column":13}},"loc":{"start":{"line":34,"column":18},"end":{"line":36,"column":7}}},"3":{"name":"(anonymous_3)","decl":{"start":{"line":37,"column":13},"end":{"line":37,"column":14}},"loc":{"start":{"line":37,"column":22},"end":{"line":39,"column":7}}}},"branchMap":{},"s":{"0":14,"1":14,"2":14,"3":21,"4":null,"5":null,"6":null},"f":{"0":21,"1":35,"2":35,"3":0},"b":{}}
,"C:\\xampp\\htdocs\\Ynov\\av2-linked-up\\src\\components\\auth\\LoginForm.vue": {"path":"C:\\xampp\\htdocs\\Ynov\\av2-linked-up\\src\\components\\auth\\LoginForm.vue","statementMap":{"0":{"start":{"line":47,"column":4},"end":{"line":51,"column":null}},"1":{"start":{"line":62,"column":23},"end":{"line":65,"column":7}},"2":{"start":{"line":66,"column":6},"end":{"line":72,"column":null}},"3":{"start":{"line":67,"column":8},"end":{"line":67,"column":null}},"4":{"start":{"line":69,"column":8},"end":{"line":69,"column":null}},"5":{"start":{"line":70,"column":8},"end":{"line":70,"column":null}},"6":{"start":{"line":71,"column":8},"end":{"line":71,"column":null}},"7":{"start":{"line":73,"column":6},"end":{"line":73,"column":null}}},"fnMap":{"0":{"name":"(anonymous_0)","decl":{"start":{"line":46,"column":2},"end":{"line":46,"column":3}},"loc":{"start":{"line":46,"column":9},"end":{"line":52,"column":3}}},"1":{"name":"(anonymous_1)","decl":{"start":{"line":61,"column":4},"end":{"line":61,"column":5}},"loc":{"start":{"line":61,"column":18},"end":{"line":74,"column":5}}}},"branchMap":{},"s":{"0":70,"1":56,"2":84,"3":63,"4":21,"5":21,"6":0,"7":42,"8":null,"9":null},"f":{"0":98,"1":63},"b":{}}
,"C:\\xampp\\htdocs\\Ynov\\av2-linked-up\\src\\components\\auth\\RegisterForm.vue": {"path":"C:\\xampp\\htdocs\\Ynov\\av2-linked-up\\src\\components\\auth\\RegisterForm.vue","statementMap":{"0":{"start":{"line":69,"column":4},"end":{"line":75,"column":null}},"1":{"start":{"line":86,"column":23},"end":{"line":91,"column":7}},"2":{"start":{"line":92,"column":6},"end":{"line":98,"column":null}},"3":{"start":{"line":93,"column":8},"end":{"line":93,"column":null}},"4":{"start":{"line":95,"column":8},"end":{"line":95,"column":null}},"5":{"start":{"line":96,"column":8},"end":{"line":96,"column":null}},"6":{"start":{"line":97,"column":8},"end":{"line":97,"column":null}},"7":{"start":{"line":99,"column":6},"end":{"line":99,"column":null}}},"fnMap":{"0":{"name":"(anonymous_0)","decl":{"start":{"line":68,"column":2},"end":{"line":68,"column":3}},"loc":{"start":{"line":68,"column":9},"end":{"line":76,"column":3}}},"1":{"name":"(anonymous_1)","decl":{"start":{"line":85,"column":4},"end":{"line":85,"column":5}},"loc":{"start":{"line":85,"column":21},"end":{"line":100,"column":5}}}},"branchMap":{},"s":{"0":28,"1":21,"2":49,"3":28,"4":21,"5":21,"6":0,"7":7,"8":null,"9":null},"f":{"0":56,"1":28},"b":{}}
,"C:\\xampp\\htdocs\\Ynov\\av2-linked-up\\src\\components\\clients\\ClientDashboard.vue": {"path":"C:\\xampp\\htdocs\\Ynov\\av2-linked-up\\src\\components\\clients\\ClientDashboard.vue","statementMap":{"0":{"start":{"line":104,"column":4},"end":{"line":118,"column":null}},"1":{"start":{"line":121,"column":4},"end":{"line":129,"column":null}},"2":{"start":{"line":124,"column":8},"end":{"line":124,"column":null}},"3":{"start":{"line":127,"column":8},"end":{"line":127,"column":null}},"4":{"start":{"line":129,"column":22},"end":{"line":129,"column":50}},"5":{"start":{"line":133,"column":19},"end":{"line":133,"column":41}},"6":{"start":{"line":134,"column":20},"end":{"line":134,"column":47}},"7":{"start":{"line":136,"column":6},"end":{"line":143,"column":null}},"8":{"start":{"line":137,"column":8},"end":{"line":137,"column":null}},"9":{"start":{"line":138,"column":8},"end":{"line":138,"column":null}},"10":{"start":{"line":139,"column":8},"end":{"line":139,"column":null}},"11":{"start":{"line":141,"column":8},"end":{"line":141,"column":null}},"12":{"start":{"line":142,"column":8},"end":{"line":142,"column":null}},"13":{"start":{"line":146,"column":6},"end":{"line":154,"column":null}},"14":{"start":{"line":149,"column":10},"end":{"line":149,"column":null}},"15":{"start":{"line":150,"column":10},"end":{"line":150,"column":null}},"16":{"start":{"line":153,"column":10},"end":{"line":153,"column":null}},"17":{"start":{"line":157,"column":26},"end":{"line":163,"column":7}},"18":{"start":{"line":164,"column":6},"end":{"line":172,"column":null}},"19":{"start":{"line":167,"column":10},"end":{"line":167,"column":null}},"20":{"start":{"line":168,"column":10},"end":{"line":168,"column":null}},"21":{"start":{"line":171,"column":10},"end":{"line":171,"column":null}},"22":{"start":{"line":175,"column":6},"end":{"line":175,"column":null}},"23":{"start":{"line":176,"column":6},"end":{"line":176,"column":null}},"24":{"start":{"line":177,"column":6},"end":{"line":179,"column":null}},"25":{"start":{"line":178,"column":8},"end":{"line":178,"column":null}},"26":{"start":{"line":182,"column":6},"end":{"line":182,"column":null}},"27":{"start":{"line":183,"column":6},"end":{"line":183,"column":null}},"28":{"start":{"line":184,"column":6},"end":{"line":184,"column":null}},"29":{"start":{"line":185,"column":6},"end":{"line":187,"column":null}},"30":{"start":{"line":186,"column":8},"end":{"line":186,"column":null}}},"fnMap":{"0":{"name":"(anonymous_0)","decl":{"start":{"line":103,"column":2},"end":{"line":103,"column":3}},"loc":{"start":{"line":103,"column":9},"end":{"line":119,"column":3}}},"1":{"name":"(anonymous_1)","decl":{"start":{"line":120,"column":2},"end":{"line":120,"column":3}},"loc":{"start":{"line":120,"column":18},"end":{"line":130,"column":3}}},"2":{"name":"(anonymous_2)","decl":{"start":{"line":123,"column":12},"end":{"line":123,"column":13}},"loc":{"start":{"line":123,"column":18},"end":{"line":125,"column":7}}},"3":{"name":"(anonymous_3)","decl":{"start":{"line":126,"column":12},"end":{"line":126,"column":13}},"loc":{"start":{"line":126,"column":18},"end":{"line":128,"column":7}}},"4":{"name":"(anonymous_4)","decl":{"start":{"line":129,"column":13},"end":{"line":129,"column":14}},"loc":{"start":{"line":129,"column":22},"end":{"line":129,"column":50}}},"5":{"name":"(anonymous_5)","decl":{"start":{"line":132,"column":4},"end":{"line":132,"column":5}},"loc":{"start":{"line":132,"column":28},"end":{"line":144,"column":5}}},"6":{"name":"(anonymous_6)","decl":{"start":{"line":145,"column":4},"end":{"line":145,"column":5}},"loc":{"start":{"line":145,"column":25},"end":{"line":155,"column":5}}},"7":{"name":"(anonymous_7)","decl":{"start":{"line":148,"column":14},"end":{"line":148,"column":15}},"loc":{"start":{"line":148,"column":20},"end":{"line":151,"column":9}}},"8":{"name":"(anonymous_8)","decl":{"start":{"line":152,"column":15},"end":{"line":152,"column":16}},"loc":{"start":{"line":152,"column":24},"end":{"line":154,"column":9}}},"9":{"name":"(anonymous_9)","decl":{"start":{"line":156,"column":4},"end":{"line":156,"column":5}},"loc":{"start":{"line":156,"column":29},"end":{"line":173,"column":5}}},"10":{"name":"(anonymous_10)","decl":{"start":{"line":166,"column":14},"end":{"line":166,"column":15}},"loc":{"start":{"line":166,"column":20},"end":{"line":169,"column":9}}},"11":{"name":"(anonymous_11)","decl":{"start":{"line":170,"column":15},"end":{"line":170,"column":16}},"loc":{"start":{"line":170,"column":24},"end":{"line":172,"column":9}}},"12":{"name":"(anonymous_12)","decl":{"start":{"line":174,"column":4},"end":{"line":174,"column":5}},"loc":{"start":{"line":174,"column":18},"end":{"line":180,"column":5}}},"13":{"name":"(anonymous_13)","decl":{"start":{"line":177,"column":17},"end":{"line":177,"column":18}},"loc":{"start":{"line":177,"column":23},"end":{"line":179,"column":7}}},"14":{"name":"(anonymous_14)","decl":{"start":{"line":181,"column":4},"end":{"line":181,"column":5}},"loc":{"start":{"line":181,"column":19},"end":{"line":188,"column":5}}},"15":{"name":"(anonymous_15)","decl":{"start":{"line":185,"column":17},"end":{"line":185,"column":18}},"loc":{"start":{"line":185,"column":23},"end":{"line":187,"column":7}}}},"branchMap":{"0":{"loc":{"start":{"line":136,"column":6},"end":{"line":143,"column":null}},"type":"if","locations":[{"start":{"line":136,"column":6},"end":{"line":143,"column":null}},{"start":{"line":140,"column":13},"end":{"line":143,"column":null}}]},"1":{"loc":{"start":{"line":136,"column":10},"end":{"line":136,"column":43}},"type":"binary-expr","locations":[{"start":{"line":136,"column":10},"end":{"line":136,"column":15}},{"start":{"line":136,"column":18},"end":{"line":136,"column":43}}]}},"s":{"0":21,"1":21,"2":49,"3":63,"4":56,"5":63,"6":63,"7":14,"8":14,"9":14,"10":7,"11":0,"12":0,"13":14,"14":14,"15":14,"16":7,"17":7,"18":0,"19":7,"20":7,"21":7,"22":14,"23":7,"24":21,"25":14,"26":14,"27":0,"28":0,"29":0,"30":0,"31":null,"32":null},"f":{"0":49,"1":63,"2":63,"3":63,"4":56,"5":14,"6":14,"7":14,"8":0,"9":7,"10":7,"11":0,"12":21,"13":0,"14":0,"15":0},"b":{"0":[7,7],"1":[14,7]}}
,"C:\\xampp\\htdocs\\Ynov\\av2-linked-up\\src\\components\\clients\\ClientEvents.vue": {"path":"C:\\xampp\\htdocs\\Ynov\\av2-linked-up\\src\\components\\clients\\ClientEvents.vue","statementMap":{"0":{"start":{"line":16,"column":4},"end":{"line":16,"column":null}}},"fnMap":{"0":{"name":"(anonymous_0)","decl":{"start":{"line":15,"column":2},"end":{"line":15,"column":3}},"loc":{"start":{"line":15,"column":9},"end":{"line":17,"column":3}}}},"branchMap":{},"s":{"0":14,"1":null},"f":{"0":14},"b":{}}
,"C:\\xampp\\htdocs\\Ynov\\av2-linked-up\\src\\components\\clients\\ClientInbox.vue": {"path":"C:\\xampp\\htdocs\\Ynov\\av2-linked-up\\src\\components\\clients\\ClientInbox.vue","statementMap":{"0":{"start":{"line":24,"column":4},"end":{"line":26,"column":null}},"1":{"start":{"line":29,"column":4},"end":{"line":36,"column":null}},"2":{"start":{"line":32,"column":8},"end":{"line":32,"column":null}},"3":{"start":{"line":35,"column":8},"end":{"line":35,"column":null}}},"fnMap":{"0":{"name":"(anonymous_0)","decl":{"start":{"line":23,"column":2},"end":{"line":23,"column":3}},"loc":{"start":{"line":23,"column":9},"end":{"line":27,"column":3}}},"1":{"name":"(anonymous_1)","decl":{"start":{"line":28,"column":2},"end":{"line":28,"column":3}},"loc":{"start":{"line":28,"column":12},"end":{"line":37,"column":3}}},"2":{"name":"(anonymous_2)","decl":{"start":{"line":31,"column":12},"end":{"line":31,"column":13}},"loc":{"start":{"line":31,"column":18},"end":{"line":33,"column":7}}},"3":{"name":"(anonymous_3)","decl":{"start":{"line":34,"column":13},"end":{"line":34,"column":14}},"loc":{"start":{"line":34,"column":22},"end":{"line":36,"column":7}}}},"branchMap":{},"s":{"0":28,"1":28,"2":42,"3":42,"4":null,"5":null},"f":{"0":42,"1":56,"2":56,"3":0},"b":{}}
,"C:\\xampp\\htdocs\\Ynov\\av2-linked-up\\src\\components\\clients\\ClientProjects.vue": {"path":"C:\\xampp\\htdocs\\Ynov\\av2-linked-up\\src\\components\\clients\\ClientProjects.vue","statementMap":{"0":{"start":{"line":29,"column":4},"end":{"line":31,"column":null}},"1":{"start":{"line":34,"column":4},"end":{"line":41,"column":null}},"2":{"start":{"line":37,"column":8},"end":{"line":37,"column":null}},"3":{"start":{"line":40,"column":8},"end":{"line":40,"column":null}}},"fnMap":{"0":{"name":"(anonymous_0)","decl":{"start":{"line":28,"column":2},"end":{"line":28,"column":3}},"loc":{"start":{"line":28,"column":9},"end":{"line":32,"column":3}}},"1":{"name":"(anonymous_1)","decl":{"start":{"line":33,"column":2},"end":{"line":33,"column":3}},"loc":{"start":{"line":33,"column":12},"end":{"line":42,"column":3}}},"2":{"name":"(anonymous_2)","decl":{"start":{"line":36,"column":12},"end":{"line":36,"column":13}},"loc":{"start":{"line":36,"column":18},"end":{"line":38,"column":7}}},"3":{"name":"(anonymous_3)","decl":{"start":{"line":39,"column":13},"end":{"line":39,"column":14}},"loc":{"start":{"line":39,"column":22},"end":{"line":41,"column":7}}}},"branchMap":{},"s":{"0":28,"1":28,"2":21,"3":14,"4":null,"5":null,"6":null,"7":null},"f":{"0":35,"1":49,"2":42,"3":0},"b":{}}
,"C:\\xampp\\htdocs\\Ynov\\av2-linked-up\\src\\components\\home\\Categories.vue": {"path":"C:\\xampp\\htdocs\\Ynov\\av2-linked-up\\src\\components\\home\\Categories.vue","statementMap":{"0":{"start":{"line":58,"column":6},"end":{"line":61,"column":null}},"1":{"start":{"line":60,"column":20},"end":{"line":60,"column":68}},"2":{"start":{"line":61,"column":24},"end":{"line":61,"column":52}}},"fnMap":{"0":{"name":"(anonymous_0)","decl":{"start":{"line":57,"column":4},"end":{"line":57,"column":5}},"loc":{"start":{"line":57,"column":28},"end":{"line":62,"column":5}}},"1":{"name":"(anonymous_1)","decl":{"start":{"line":60,"column":14},"end":{"line":60,"column":15}},"loc":{"start":{"line":60,"column":20},"end":{"line":60,"column":68}}},"2":{"name":"(anonymous_2)","decl":{"start":{"line":61,"column":15},"end":{"line":61,"column":16}},"loc":{"start":{"line":61,"column":24},"end":{"line":61,"column":52}}}},"branchMap":{},"s":{"0":28,"1":28,"2":21,"3":null,"4":null},"f":{"0":35,"1":35,"2":0},"b":{}}
,"C:\\xampp\\htdocs\\Ynov\\av2-linked-up\\src\\components\\home\\Geoloc.vue": {"path":"C:\\xampp\\htdocs\\Ynov\\av2-linked-up\\src\\components\\home\\Geoloc.vue","statementMap":{"0":{"start":{"line":43,"column":4},"end":{"line":53,"column":null}},"1":{"start":{"line":63,"column":6},"end":{"line":70,"column":null}},"2":{"start":{"line":64,"column":8},"end":{"line":67,"column":null}},"3":{"start":{"line":68,"column":8},"end":{"line":68,"column":null}},"4":{"start":{"line":69,"column":8},"end":{"line":69,"column":null}},"5":{"start":{"line":81,"column":6},"end":{"line":86,"column":null}},"6":{"start":{"line":84,"column":23},"end":{"line":84,"column":33}},"7":{"start":{"line":85,"column":25},"end":{"line":85,"column":40}},"8":{"start":{"line":86,"column":24},"end":{"line":86,"column":52}},"9":{"start":{"line":88,"column":18},"end":{"line":88,"column":50}},"10":{"start":{"line":89,"column":6},"end":{"line":89,"column":null}},"11":{"start":{"line":90,"column":18},"end":{"line":90,"column":32}},"12":{"start":{"line":91,"column":6},"end":{"line":91,"column":null}},"13":{"start":{"line":92,"column":6},"end":{"line":92,"column":null}},"14":{"start":{"line":101,"column":6},"end":{"line":101,"column":null}},"15":{"start":{"line":109,"column":6},"end":{"line":109,"column":null}},"16":{"start":{"line":111,"column":19},"end":{"line":111,"column":46}},"17":{"start":{"line":112,"column":6},"end":{"line":117,"column":null}},"18":{"start":{"line":115,"column":23},"end":{"line":115,"column":33}},"19":{"start":{"line":116,"column":25},"end":{"line":116,"column":56}},"20":{"start":{"line":117,"column":24},"end":{"line":117,"column":52}},"21":{"start":{"line":118,"column":6},"end":{"line":118,"column":null}},"22":{"start":{"line":127,"column":6},"end":{"line":135,"column":null}},"23":{"start":{"line":128,"column":8},"end":{"line":130,"column":null}},"24":{"start":{"line":129,"column":22},"end":{"line":129,"column":63}},"25":{"start":{"line":130,"column":26},"end":{"line":130,"column":54}},"26":{"start":{"line":132,"column":8},"end":{"line":134,"column":null}},"27":{"start":{"line":133,"column":22},"end":{"line":133,"column":63}},"28":{"start":{"line":134,"column":26},"end":{"line":134,"column":54}}},"fnMap":{"0":{"name":"(anonymous_0)","decl":{"start":{"line":42,"column":2},"end":{"line":42,"column":3}},"loc":{"start":{"line":42,"column":9},"end":{"line":54,"column":3}}},"1":{"name":"(anonymous_1)","decl":{"start":{"line":62,"column":4},"end":{"line":62,"column":5}},"loc":{"start":{"line":62,"column":16},"end":{"line":71,"column":5}}},"2":{"name":"(anonymous_2)","decl":{"start":{"line":63,"column":47},"end":{"line":63,"column":48}},"loc":{"start":{"line":63,"column":61},"end":{"line":70,"column":7}}},"3":{"name":"(anonymous_3)","decl":{"start":{"line":79,"column":4},"end":{"line":79,"column":5}},"loc":{"start":{"line":79,"column":28},"end":{"line":93,"column":5}}},"4":{"name":"(anonymous_4)","decl":{"start":{"line":84,"column":14},"end":{"line":84,"column":15}},"loc":{"start":{"line":84,"column":23},"end":{"line":84,"column":33}}},"5":{"name":"(anonymous_5)","decl":{"start":{"line":85,"column":14},"end":{"line":85,"column":15}},"loc":{"start":{"line":85,"column":25},"end":{"line":85,"column":40}}},"6":{"name":"(anonymous_6)","decl":{"start":{"line":86,"column":15},"end":{"line":86,"column":16}},"loc":{"start":{"line":86,"column":24},"end":{"line":86,"column":52}}},"7":{"name":"(anonymous_7)","decl":{"start":{"line":100,"column":4},"end":{"line":100,"column":5}},"loc":{"start":{"line":100,"column":27},"end":{"line":102,"column":5}}},"8":{"name":"(anonymous_8)","decl":{"start":{"line":108,"column":4},"end":{"line":108,"column":5}},"loc":{"start":{"line":108,"column":25},"end":{"line":119,"column":5}}},"9":{"name":"(anonymous_9)","decl":{"start":{"line":115,"column":14},"end":{"line":115,"column":15}},"loc":{"start":{"line":115,"column":23},"end":{"line":115,"column":33}}},"10":{"name":"(anonymous_10)","decl":{"start":{"line":116,"column":14},"end":{"line":116,"column":15}},"loc":{"start":{"line":116,"column":25},"end":{"line":116,"column":56}}},"11":{"name":"(anonymous_11)","decl":{"start":{"line":117,"column":15},"end":{"line":117,"column":16}},"loc":{"start":{"line":117,"column":24},"end":{"line":117,"column":52}}},"12":{"name":"(anonymous_12)","decl":{"start":{"line":126,"column":4},"end":{"line":126,"column":5}},"loc":{"start":{"line":126,"column":19},"end":{"line":136,"column":5}}},"13":{"name":"(anonymous_13)","decl":{"start":{"line":129,"column":16},"end":{"line":129,"column":17}},"loc":{"start":{"line":129,"column":22},"end":{"line":129,"column":63}}},"14":{"name":"(anonymous_14)","decl":{"start":{"line":130,"column":17},"end":{"line":130,"column":18}},"loc":{"start":{"line":130,"column":26},"end":{"line":130,"column":54}}},"15":{"name":"(anonymous_15)","decl":{"start":{"line":133,"column":16},"end":{"line":133,"column":17}},"loc":{"start":{"line":133,"column":22},"end":{"line":133,"column":63}}},"16":{"name":"(anonymous_16)","decl":{"start":{"line":134,"column":17},"end":{"line":134,"column":18}},"loc":{"start":{"line":134,"column":26},"end":{"line":134,"column":54}}}},"branchMap":{"0":{"loc":{"start":{"line":127,"column":6},"end":{"line":135,"column":null}},"type":"if","locations":[{"start":{"line":127,"column":6},"end":{"line":135,"column":null}},{"start":{"line":131,"column":13},"end":{"line":135,"column":null}}]}},"s":{"0":182,"1":14,"2":35,"3":14,"4":14,"5":14,"6":0,"7":0,"8":14,"9":0,"10":14,"11":14,"12":14,"13":0,"14":0,"15":14,"16":14,"17":28,"18":14,"19":14,"20":0,"21":28,"22":14,"23":14,"24":0,"25":0,"26":2,"27":2,"28":0},"f":{"0":203,"1":14,"2":14,"3":0,"4":14,"5":0,"6":14,"7":0,"8":14,"9":14,"10":28,"11":0,"12":14,"13":0,"14":14,"15":2,"16":0},"b":{"0":[0,28]}}
,"C:\\xampp\\htdocs\\Ynov\\av2-linked-up\\src\\components\\nav\\Brand.vue": {"path":"C:\\xampp\\htdocs\\Ynov\\av2-linked-up\\src\\components\\nav\\Brand.vue","statementMap":{"0":{"start":{"line":13,"column":15},"end":{"line":13,"column":null}}},"fnMap":{},"branchMap":{},"s":{"0":21},"f":{},"b":{}}
,"C:\\xampp\\htdocs\\Ynov\\av2-linked-up\\src\\components\\nav\\Footer.vue": {"path":"C:\\xampp\\htdocs\\Ynov\\av2-linked-up\\src\\components\\nav\\Footer.vue","statementMap":{"0":{"start":{"line":31,"column":4},"end":{"line":33,"column":null}},"1":{"start":{"line":36,"column":4},"end":{"line":36,"column":null}},"2":{"start":{"line":45,"column":6},"end":{"line":45,"column":null}}},"fnMap":{"0":{"name":"(anonymous_0)","decl":{"start":{"line":30,"column":2},"end":{"line":30,"column":3}},"loc":{"start":{"line":30,"column":9},"end":{"line":34,"column":3}}},"1":{"name":"(anonymous_1)","decl":{"start":{"line":35,"column":2},"end":{"line":35,"column":3}},"loc":{"start":{"line":35,"column":12},"end":{"line":37,"column":3}}},"2":{"name":"(anonymous_2)","decl":{"start":{"line":44,"column":4},"end":{"line":44,"column":5}},"loc":{"start":{"line":44,"column":14},"end":{"line":46,"column":5}}}},"branchMap":{},"s":{"0":147,"1":147,"2":147,"3":null},"f":{"0":147,"1":147,"2":147},"b":{}}
,"C:\\xampp\\htdocs\\Ynov\\av2-linked-up\\src\\components\\nav\\Navbar.vue": {"path":"C:\\xampp\\htdocs\\Ynov\\av2-linked-up\\src\\components\\nav\\Navbar.vue","statementMap":{"0":{"start":{"line":72,"column":31},"end":{"line":72,"column":54}},"1":{"start":{"line":76,"column":4},"end":{"line":78,"column":null}},"2":{"start":{"line":87,"column":6},"end":{"line":87,"column":null}},"3":{"start":{"line":88,"column":6},"end":{"line":90,"column":null}},"4":{"start":{"line":89,"column":8},"end":{"line":89,"column":null}}},"fnMap":{"0":{"name":"(anonymous_0)","decl":{"start":{"line":72,"column":20},"end":{"line":72,"column":21}},"loc":{"start":{"line":72,"column":31},"end":{"line":72,"column":54}}},"1":{"name":"(anonymous_1)","decl":{"start":{"line":75,"column":2},"end":{"line":75,"column":3}},"loc":{"start":{"line":75,"column":9},"end":{"line":79,"column":3}}},"2":{"name":"(anonymous_2)","decl":{"start":{"line":86,"column":4},"end":{"line":86,"column":5}},"loc":{"start":{"line":86,"column":13},"end":{"line":91,"column":5}}}},"branchMap":{"0":{"loc":{"start":{"line":88,"column":6},"end":{"line":90,"column":null}},"type":"if","locations":[{"start":{"line":88,"column":6},"end":{"line":90,"column":null}}]}},"s":{"0":329,"1":210,"2":21,"3":98,"4":91,"5":null,"6":null,"7":null},"f":{"0":406,"1":287,"2":28},"b":{"0":[0]}}
,"C:\\xampp\\htdocs\\Ynov\\av2-linked-up\\src\\components\\organizers\\EventDetails.vue": {"path":"C:\\xampp\\htdocs\\Ynov\\av2-linked-up\\src\\components\\organizers\\EventDetails.vue","statementMap":{"0":{"start":{"line":81,"column":0},"end":{"line":81,"column":null}},"1":{"start":{"line":98,"column":15},"end":{"line":98,"column":null}},"2":{"start":{"line":101,"column":4},"end":{"line":101,"column":11}},"3":{"start":{"line":118,"column":4},"end":{"line":118,"column":9}},"4":{"start":{"line":121,"column":8},"end":{"line":121,"column":13}},"5":{"start":{"line":124,"column":8},"end":{"line":124,"column":13}},"6":{"start":{"line":126,"column":22},"end":{"line":126,"column":28}},"7":{"start":{"line":130,"column":19},"end":{"line":130,"column":25}},"8":{"start":{"line":131,"column":20},"end":{"line":131,"column":21}},"9":{"start":{"line":133,"column":6},"end":{"line":140,"column":null}},"10":{"start":{"line":134,"column":8},"end":{"line":134,"column":13}},"11":{"start":{"line":135,"column":8},"end":{"line":135,"column":13}},"12":{"start":{"line":136,"column":8},"end":{"line":136,"column":13}},"13":{"start":{"line":138,"column":8},"end":{"line":138,"column":13}},"14":{"start":{"line":139,"column":8},"end":{"line":139,"column":13}},"15":{"start":{"line":143,"column":6},"end":{"line":143,"column":11}},"16":{"start":{"line":149,"column":10},"end":{"line":149,"column":15}},"17":{"start":{"line":150,"column":10},"end":{"line":150,"column":16}},"18":{"start":{"line":153,"column":10},"end":{"line":153,"column":15}},"19":{"start":{"line":157,"column":24},"end":{"line":157,"column":null}},"20":{"start":{"line":165,"column":6},"end":{"line":165,"column":11}},"21":{"start":{"line":168,"column":10},"end":{"line":168,"column":15}},"22":{"start":{"line":169,"column":10},"end":{"line":169,"column":16}},"23":{"start":{"line":172,"column":10},"end":{"line":172,"column":15}},"24":{"start":{"line":176,"column":6},"end":{"line":176,"column":11}},"25":{"start":{"line":177,"column":6},"end":{"line":177,"column":11}},"26":{"start":{"line":178,"column":6},"end":{"line":178,"column":16}},"27":{"start":{"line":179,"column":8},"end":{"line":179,"column":13}},"28":{"start":{"line":183,"column":6},"end":{"line":183,"column":11}},"29":{"start":{"line":184,"column":6},"end":{"line":184,"column":11}},"30":{"start":{"line":185,"column":6},"end":{"line":185,"column":12}},"31":{"start":{"line":186,"column":6},"end":{"line":186,"column":16}},"32":{"start":{"line":187,"column":8},"end":{"line":187,"column":13}}},"fnMap":{"0":{"name":"(anonymous_0)","decl":{"start":{"line":100,"column":2},"end":{"line":100,"column":6}},"loc":{"start":{"line":100,"column":9},"end":{"line":116,"column":null}}},"1":{"name":"(anonymous_1)","decl":{"start":{"line":117,"column":2},"end":{"line":117,"column":9}},"loc":{"start":{"line":117,"column":12},"end":{"line":127,"column":null}}},"2":{"name":"(anonymous_2)","decl":{"start":{"line":120,"column":12},"end":{"line":120,"column":18}},"loc":{"start":{"line":120,"column":18},"end":{"line":122,"column":null}}},"3":{"name":"(anonymous_3)","decl":{"start":{"line":123,"column":12},"end":{"line":123,"column":18}},"loc":{"start":{"line":123,"column":18},"end":{"line":125,"column":null}}},"4":{"name":"(anonymous_4)","decl":{"start":{"line":126,"column":14},"end":{"line":126,"column":22}},"loc":{"start":{"line":126,"column":22},"end":{"line":126,"column":28}}},"5":{"name":"(anonymous_5)","decl":{"start":{"line":129,"column":4},"end":{"line":129,"column":19}},"loc":{"start":{"line":129,"column":28},"end":{"line":141,"column":null}}},"6":{"name":"(anonymous_6)","decl":{"start":{"line":142,"column":4},"end":{"line":142,"column":21}},"loc":{"start":{"line":142,"column":24},"end":{"line":155,"column":null}}},"7":{"name":"(anonymous_7)","decl":{"start":{"line":148,"column":14},"end":{"line":148,"column":20}},"loc":{"start":{"line":148,"column":20},"end":{"line":151,"column":null}}},"8":{"name":"(anonymous_8)","decl":{"start":{"line":152,"column":16},"end":{"line":152,"column":24}},"loc":{"start":{"line":152,"column":24},"end":{"line":154,"column":null}}},"9":{"name":"(anonymous_9)","decl":{"start":{"line":156,"column":4},"end":{"line":156,"column":19}},"loc":{"start":{"line":156,"column":22},"end":{"line":174,"column":null}}},"10":{"name":"(anonymous_10)","decl":{"start":{"line":167,"column":14},"end":{"line":167,"column":20}},"loc":{"start":{"line":167,"column":20},"end":{"line":170,"column":null}}},"11":{"name":"(anonymous_11)","decl":{"start":{"line":171,"column":16},"end":{"line":171,"column":24}},"loc":{"start":{"line":171,"column":24},"end":{"line":173,"column":null}}},"12":{"name":"(anonymous_12)","decl":{"start":{"line":175,"column":4},"end":{"line":175,"column":15}},"loc":{"start":{"line":175,"column":18},"end":{"line":181,"column":null}}},"13":{"name":"(anonymous_13)","decl":{"start":{"line":178,"column":17},"end":{"line":178,"column":23}},"loc":{"start":{"line":178,"column":23},"end":{"line":180,"column":9}}},"14":{"name":"(anonymous_14)","decl":{"start":{"line":182,"column":4},"end":{"line":182,"column":13}},"loc":{"start":{"line":182,"column":19},"end":{"line":189,"column":null}}},"15":{"name":"(anonymous_15)","decl":{"start":{"line":186,"column":17},"end":{"line":186,"column":23}},"loc":{"start":{"line":186,"column":23},"end":{"line":188,"column":9}}}},"branchMap":{"0":{"loc":{"start":{"line":133,"column":6},"end":{"line":140,"column":null}},"type":"if","locations":[{"start":{"line":133,"column":6},"end":{"line":140,"column":null}},{"start":{"line":133,"column":6},"end":{"line":140,"column":null}}]},"1":{"loc":{"start":{"line":133,"column":10},"end":{"line":133,"column":14}},"type":"binary-expr","locations":[{"start":{"line":133,"column":10},"end":{"line":133,"column":14}},{"start":{"line":133,"column":18},"end":{"line":133,"column":23}}]}},"s":{"0":1,"1":1,"2":6,"3":8,"4":8,"5":8,"6":8,"7":1,"8":1,"9":1,"10":0,"11":0,"12":0,"13":1,"14":1,"15":0,"16":0,"17":0,"18":0,"19":1,"20":1,"21":1,"22":1,"23":0,"24":1,"25":1,"26":1,"27":0,"28":0,"29":0,"30":0,"31":0,"32":0},"f":{"0":6,"1":8,"2":8,"3":8,"4":8,"5":1,"6":0,"7":0,"8":0,"9":1,"10":1,"11":0,"12":1,"13":0,"14":0,"15":0},"b":{"0":[0,1],"1":[1,0]}}
,"C:\\xampp\\htdocs\\Ynov\\av2-linked-up\\src\\components\\organizers\\EventItem.vue": {"path":"C:\\xampp\\htdocs\\Ynov\\av2-linked-up\\src\\components\\organizers\\EventItem.vue","statementMap":{"0":{"start":{"line":25,"column":15},"end":{"line":25,"column":null}}},"fnMap":{},"branchMap":{},"s":{"0":3},"f":{},"b":{}}
,"C:\\xampp\\htdocs\\Ynov\\av2-linked-up\\src\\components\\organizers\\EventList.vue": {"path":"C:\\xampp\\htdocs\\Ynov\\av2-linked-up\\src\\components\\organizers\\EventList.vue","statementMap":{"0":{"start":{"line":16,"column":0},"end":{"line":16,"column":null}},"1":{"start":{"line":17,"column":0},"end":{"line":17,"column":null}},"2":{"start":{"line":25,"column":15},"end":{"line":25,"column":null}},"3":{"start":{"line":31,"column":4},"end":{"line":31,"column":11}},"4":{"start":{"line":36,"column":4},"end":{"line":36,"column":9}},"5":{"start":{"line":39,"column":8},"end":{"line":39,"column":13}},"6":{"start":{"line":42,"column":8},"end":{"line":42,"column":14}}},"fnMap":{"0":{"name":"(anonymous_0)","decl":{"start":{"line":30,"column":2},"end":{"line":30,"column":6}},"loc":{"start":{"line":30,"column":9},"end":{"line":34,"column":null}}},"1":{"name":"(anonymous_1)","decl":{"start":{"line":35,"column":2},"end":{"line":35,"column":9}},"loc":{"start":{"line":35,"column":12},"end":{"line":44,"column":null}}},"2":{"name":"(anonymous_2)","decl":{"start":{"line":38,"column":12},"end":{"line":38,"column":18}},"loc":{"start":{"line":38,"column":18},"end":{"line":40,"column":null}}},"3":{"name":"(anonymous_3)","decl":{"start":{"line":41,"column":14},"end":{"line":41,"column":22}},"loc":{"start":{"line":41,"column":22},"end":{"line":43,"column":null}}}},"branchMap":{},"s":{"0":2,"1":2,"2":2,"3":3,"4":5,"5":5,"6":0},"f":{"0":3,"1":5,"2":5,"3":0},"b":{}}
,"C:\\xampp\\htdocs\\Ynov\\av2-linked-up\\src\\components\\organizers\\NewEvent.vue": {"path":"C:\\xampp\\htdocs\\Ynov\\av2-linked-up\\src\\components\\organizers\\NewEvent.vue","statementMap":{"0":{"start":{"line":87,"column":0},"end":{"line":87,"column":null}},"1":{"start":{"line":103,"column":15},"end":{"line":103,"column":null}},"2":{"start":{"line":106,"column":4},"end":{"line":106,"column":11}},"3":{"start":{"line":124,"column":19},"end":{"line":124,"column":25}},"4":{"start":{"line":125,"column":20},"end":{"line":125,"column":21}},"5":{"start":{"line":127,"column":6},"end":{"line":134,"column":null}},"6":{"start":{"line":128,"column":8},"end":{"line":128,"column":13}},"7":{"start":{"line":129,"column":8},"end":{"line":129,"column":13}},"8":{"start":{"line":130,"column":8},"end":{"line":130,"column":13}},"9":{"start":{"line":132,"column":8},"end":{"line":132,"column":13}},"10":{"start":{"line":133,"column":8},"end":{"line":133,"column":13}},"11":{"start":{"line":137,"column":6},"end":{"line":137,"column":11}},"12":{"start":{"line":140,"column":10},"end":{"line":140,"column":15}},"13":{"start":{"line":141,"column":10},"end":{"line":141,"column":16}},"14":{"start":{"line":144,"column":10},"end":{"line":144,"column":15}},"15":{"start":{"line":148,"column":24},"end":{"line":148,"column":null}},"16":{"start":{"line":155,"column":6},"end":{"line":155,"column":11}},"17":{"start":{"line":158,"column":10},"end":{"line":158,"column":15}},"18":{"start":{"line":161,"column":12},"end":{"line":161,"column":17}},"19":{"start":{"line":164,"column":10},"end":{"line":164,"column":15}},"20":{"start":{"line":168,"column":6},"end":{"line":168,"column":11}},"21":{"start":{"line":169,"column":6},"end":{"line":169,"column":11}},"22":{"start":{"line":170,"column":6},"end":{"line":170,"column":16}},"23":{"start":{"line":171,"column":8},"end":{"line":171,"column":13}},"24":{"start":{"line":175,"column":6},"end":{"line":175,"column":11}},"25":{"start":{"line":176,"column":6},"end":{"line":176,"column":11}},"26":{"start":{"line":177,"column":6},"end":{"line":177,"column":12}},"27":{"start":{"line":178,"column":6},"end":{"line":178,"column":16}},"28":{"start":{"line":179,"column":8},"end":{"line":179,"column":13}}},"fnMap":{"0":{"name":"(anonymous_0)","decl":{"start":{"line":105,"column":2},"end":{"line":105,"column":6}},"loc":{"start":{"line":105,"column":9},"end":{"line":121,"column":null}}},"1":{"name":"(anonymous_1)","decl":{"start":{"line":123,"column":4},"end":{"line":123,"column":19}},"loc":{"start":{"line":123,"column":28},"end":{"line":135,"column":null}}},"2":{"name":"(anonymous_2)","decl":{"start":{"line":136,"column":4},"end":{"line":136,"column":21}},"loc":{"start":{"line":136,"column":24},"end":{"line":146,"column":null}}},"3":{"name":"(anonymous_3)","decl":{"start":{"line":139,"column":14},"end":{"line":139,"column":20}},"loc":{"start":{"line":139,"column":20},"end":{"line":142,"column":null}}},"4":{"name":"(anonymous_4)","decl":{"start":{"line":143,"column":16},"end":{"line":143,"column":24}},"loc":{"start":{"line":143,"column":24},"end":{"line":145,"column":null}}},"5":{"name":"(anonymous_5)","decl":{"start":{"line":147,"column":4},"end":{"line":147,"column":15}},"loc":{"start":{"line":147,"column":18},"end":{"line":166,"column":null}}},"6":{"name":"(anonymous_6)","decl":{"start":{"line":157,"column":14},"end":{"line":157,"column":20}},"loc":{"start":{"line":157,"column":20},"end":{"line":159,"column":null}}},"7":{"name":"(anonymous_7)","decl":{"start":{"line":160,"column":14},"end":{"line":160,"column":20}},"loc":{"start":{"line":160,"column":20},"end":{"line":162,"column":null}}},"8":{"name":"(anonymous_8)","decl":{"start":{"line":163,"column":16},"end":{"line":163,"column":24}},"loc":{"start":{"line":163,"column":24},"end":{"line":165,"column":null}}},"9":{"name":"(anonymous_9)","decl":{"start":{"line":167,"column":4},"end":{"line":167,"column":15}},"loc":{"start":{"line":167,"column":18},"end":{"line":173,"column":null}}},"10":{"name":"(anonymous_10)","decl":{"start":{"line":170,"column":17},"end":{"line":170,"column":23}},"loc":{"start":{"line":170,"column":23},"end":{"line":172,"column":9}}},"11":{"name":"(anonymous_11)","decl":{"start":{"line":174,"column":4},"end":{"line":174,"column":13}},"loc":{"start":{"line":174,"column":19},"end":{"line":181,"column":null}}},"12":{"name":"(anonymous_12)","decl":{"start":{"line":178,"column":17},"end":{"line":178,"column":23}},"loc":{"start":{"line":178,"column":23},"end":{"line":180,"column":9}}}},"branchMap":{"0":{"loc":{"start":{"line":127,"column":6},"end":{"line":134,"column":null}},"type":"if","locations":[{"start":{"line":127,"column":6},"end":{"line":134,"column":null}},{"start":{"line":127,"column":6},"end":{"line":134,"column":null}}]},"1":{"loc":{"start":{"line":127,"column":10},"end":{"line":127,"column":14}},"type":"binary-expr","locations":[{"start":{"line":127,"column":10},"end":{"line":127,"column":14}},{"start":{"line":127,"column":18},"end":{"line":127,"column":23}}]}},"s":{"0":1,"1":1,"2":5,"3":1,"4":1,"5":1,"6":0,"7":0,"8":0,"9":1,"10":1,"11":1,"12":1,"13":1,"14":0,"15":1,"16":1,"17":1,"18":1,"19":0,"20":2,"21":2,"22":2,"23":0,"24":0,"25":0,"26":0,"27":0,"28":0},"f":{"0":5,"1":1,"2":1,"3":1,"4":0,"5":1,"6":1,"7":1,"8":0,"9":2,"10":0,"11":0,"12":0},"b":{"0":[0,1],"1":[1,0]}}
[...]
av2-linked-up\\src\\store\\modules\\search.js": {"path":"C:\\xampp\\htdocs\\Ynov\\av2-linked-up\\src\\store\\modules\\search.js","statementMap":{"0":{"start":{"line":27,"column":6},"end":{"line":27,"column":30}},"1":{"start":{"line":30,"column":6},"end":{"line":30,"column":36}},"2":{"start":{"line":48,"column":19},"end":{"line":48,"column":78}},"3":{"start":{"line":49,"column":22},"end":{"line":49,"column":24}},"4":{"start":{"line":50,"column":6},"end":{"line":55,"column":9}},"5":{"start":{"line":50,"column":28},"end":{"line":55,"column":7}},"6":{"start":{"line":56,"column":6},"end":{"line":56,"column":43}},"7":{"start":{"line":66,"column":19},"end":{"line":66,"column":76}},"8":{"start":{"line":67,"column":22},"end":{"line":67,"column":24}},"9":{"start":{"line":68,"column":6},"end":{"line":73,"column":9}},"10":{"start":{"line":68,"column":28},"end":{"line":73,"column":7}},"11":{"start":{"line":74,"column":6},"end":{"line":74,"column":42}}},"fnMap":{"0":{"name":"(anonymous_0)","decl":{"start":{"line":26,"column":4},"end":{"line":26,"column":5}},"loc":{"start":{"line":26,"column":38},"end":{"line":28,"column":5}},"line":26},"1":{"name":"(anonymous_1)","decl":{"start":{"line":29,"column":4},"end":{"line":29,"column":5}},"loc":{"start":{"line":29,"column":37},"end":{"line":31,"column":5}},"line":29},"2":{"name":"(anonymous_2)","decl":{"start":{"line":47,"column":4},"end":{"line":47,"column":5}},"loc":{"start":{"line":47,"column":49},"end":{"line":57,"column":5}},"line":47},"3":{"name":"(anonymous_3)","decl":{"start":{"line":50,"column":19},"end":{"line":50,"column":20}},"loc":{"start":{"line":50,"column":28},"end":{"line":55,"column":7}},"line":50},"4":{"name":"(anonymous_4)","decl":{"start":{"line":65,"column":4},"end":{"line":65,"column":5}},"loc":{"start":{"line":65,"column":48},"end":{"line":75,"column":5}},"line":65},"5":{"name":"(anonymous_5)","decl":{"start":{"line":68,"column":19},"end":{"line":68,"column":20}},"loc":{"start":{"line":68,"column":28},"end":{"line":73,"column":7}},"line":68}},"branchMap":{},"s":{"0":14,"1":14,"2":14,"3":14,"4":14,"5":14,"6":14,"7":14,"8":14,"9":14,"10":42,"11":14},"f":{"0":14,"1":14,"2":14,"3":14,"4":14,"5":42},"b":{},"_coverageSchema":"1a1c01bbd47fc00a2c39e90264f33305004495a9","hash":"3e51c218ff6b515d6135ef0abc3ea45cfa54b606"}
,"C:\\xampp\\htdocs\\Ynov\\av2-linked-up\\src\\store\\modules\\thumbnail.js": {"path":"C:\\xampp\\htdocs\\Ynov\\av2-linked-up\\src\\store\\modules\\thumbnail.js","statementMap":{"0":{"start":{"line":35,"column":6},"end":{"line":35,"column":38}},"1":{"start":{"line":38,"column":6},"end":{"line":38,"column":38}},"2":{"start":{"line":56,"column":19},"end":{"line":56,"column":39}},"3":{"start":{"line":57,"column":19},"end":{"line":57,"column":26}},"4":{"start":{"line":58,"column":25},"end":{"line":58,"column":38}},"5":{"start":{"line":59,"column":25},"end":{"line":59,"column":73}},"6":{"start":{"line":61,"column":19},"end":{"line":61,"column":45}},"7":{"start":{"line":62,"column":19},"end":{"line":62,"column":50}},"8":{"start":{"line":63,"column":6},"end":{"line":71,"column":7}},"9":{"start":{"line":64,"column":8},"end":{"line":66,"column":11}},"10":{"start":{"line":67,"column":8},"end":{"line":67,"column":43}},"11":{"start":{"line":69,"column":8},"end":{"line":69,"column":37}},"12":{"start":{"line":70,"column":8},"end":{"line":70,"column":15}},"13":{"start":{"line":81,"column":19},"end":{"line":81,"column":39}},"14":{"start":{"line":82,"column":19},"end":{"line":82,"column":26}},"15":{"start":{"line":83,"column":25},"end":{"line":83,"column":38}},"16":{"start":{"line":84,"column":25},"end":{"line":84,"column":73}},"17":{"start":{"line":86,"column":19},"end":{"line":86,"column":45}},"18":{"start":{"line":87,"column":19},"end":{"line":87,"column":50}},"19":{"start":{"line":88,"column":6},"end":{"line":96,"column":7}},"20":{"start":{"line":89,"column":8},"end":{"line":91,"column":11}},"21":{"start":{"line":92,"column":8},"end":{"line":92,"column":43}},"22":{"start":{"line":94,"column":8},"end":{"line":94,"column":37}},"23":{"start":{"line":95,"column":8},"end":{"line":95,"column":15}},"24":{"start":{"line":106,"column":6},"end":{"line":106,"column":35}},"25":{"start":{"line":109,"column":6},"end":{"line":109,"column":35}}},"fnMap":{"0":{"name":"(anonymous_0)","decl":{"start":{"line":34,"column":4},"end":{"line":34,"column":5}},"loc":{"start":{"line":34,"column":39},"end":{"line":36,"column":5}},"line":34},"1":{"name":"(anonymous_1)","decl":{"start":{"line":37,"column":4},"end":{"line":37,"column":5}},"loc":{"start":{"line":37,"column":39},"end":{"line":39,"column":5}},"line":37},"2":{"name":"(anonymous_2)","decl":{"start":{"line":55,"column":4},"end":{"line":55,"column":5}},"loc":{"start":{"line":55,"column":50},"end":{"line":72,"column":5}},"line":55},"3":{"name":"(anonymous_3)","decl":{"start":{"line":80,"column":4},"end":{"line":80,"column":5}},"loc":{"start":{"line":80,"column":50},"end":{"line":97,"column":5}},"line":80},"4":{"name":"(anonymous_4)","decl":{"start":{"line":105,"column":4},"end":{"line":105,"column":5}},"loc":{"start":{"line":105,"column":30},"end":{"line":107,"column":5}},"line":105},"5":{"name":"(anonymous_5)","decl":{"start":{"line":108,"column":4},"end":{"line":108,"column":5}},"loc":{"start":{"line":108,"column":30},"end":{"line":110,"column":5}},"line":108}},"branchMap":{},"s":{"0":0,"1":7,"2":7,"3":7,"4":7,"5":7,"6":7,"7":7,"8":7,"9":7,"10":0,"11":7,"12":7,"13":7,"14":7,"15":7,"16":7,"17":7,"18":7,"19":7,"20":7,"21":7,"22":0,"23":0,"24":0,"25":0},"f":{"0":0,"1":7,"2":7,"3":7,"4":0,"5":0},"b":{},"_coverageSchema":"1a1c01bbd47fc00a2c39e90264f33305004495a9","hash":"042ad81e503d4e74f3cb2095d4527e5a605d737d"}
,"C:\\xampp\\htdocs\\Ynov\\av2-linked-up\\src\\utils\\firebase.js": {"path":"C:\\xampp\\htdocs\\Ynov\\av2-linked-up\\src\\utils\\firebase.js","statementMap":{"0":{"start":{"line":13,"column":23},"end":{"line":21,"column":1}},"1":{"start":{"line":23,"column":0},"end":{"line":23,"column":39}},"2":{"start":{"line":25,"column":13},"end":{"line":25,"column":28}},"3":{"start":{"line":26,"column":11},"end":{"line":26,"column":31}},"4":{"start":{"line":27,"column":16},"end":{"line":27,"column":34}},"5":{"start":{"line":28,"column":18},"end":{"line":28,"column":38}},"6":{"start":{"line":30,"column":24},"end":{"line":30,"column":46}},"7":{"start":{"line":31,"column":26},"end":{"line":31,"column":50}},"8":{"start":{"line":32,"column":26},"end":{"line":32,"column":50}},"9":{"start":{"line":33,"column":29},"end":{"line":33,"column":56}},"10":{"start":{"line":34,"column":28},"end":{"line":34,"column":54}},"11":{"start":{"line":35,"column":27},"end":{"line":35,"column":52}},"12":{"start":{"line":36,"column":27},"end":{"line":36,"column":52}}},"fnMap":{},"branchMap":{},"s":{"0":133,"1":133,"2":133,"3":133,"4":133,"5":133,"6":133,"7":133,"8":133,"9":133,"10":133,"11":133,"12":133},"f":{},"b":{},"_coverageSchema":"1a1c01bbd47fc00a2c39e90264f33305004495a9","hash":"22da54d8df015652d2635112728907d5a188baec"}
,"C:\\xampp\\htdocs\\Ynov\\av2-linked-up\\src\\utils\\globals.js": {"path":"C:\\xampp\\htdocs\\Ynov\\av2-linked-up\\src\\utils\\globals.js","statementMap":{"0":{"start":{"line":11,"column":27},"end":{"line":15,"column":5}},"1":{"start":{"line":17,"column":4},"end":{"line":27,"column":7}},"2":{"start":{"line":18,"column":30},"end":{"line":18,"column":54}},"3":{"start":{"line":19,"column":28},"end":{"line":21,"column":7}},"4":{"start":{"line":23,"column":6},"end":{"line":26,"column":8}}},"fnMap":{"0":{"name":"(anonymous_0)","decl":{"start":{"line":10,"column":2},"end":{"line":10,"column":3}},"loc":{"start":{"line":10,"column":15},"end":{"line":28,"column":3}},"line":10},"1":{"name":"(anonymous_1)","decl":{"start":{"line":17,"column":34},"end":{"line":17,"column":35}},"loc":{"start":{"line":17,"column":48},"end":{"line":27,"column":5}},"line":17}},"branchMap":{"0":{"loc":{"start":{"line":25,"column":8},"end":{"line":25,"column":50}},"type":"binary-expr","locations":[{"start":{"line":25,"column":8},"end":{"line":25,"column":31}},{"start":{"line":25,"column":35},"end":{"line":25,"column":50}}],"line":25}},"s":{"0":133,"1":133,"2":399,"3":399,"4":399},"f":{"0":133,"1":399},"b":{"0":[399,0]},"_coverageSchema":"1a1c01bbd47fc00a2c39e90264f33305004495a9","hash":"133e09e76423b4b941e2507052f4be7a6e34e3d4"}
,"C:\\xampp\\htdocs\\Ynov\\av2-linked-up\\src\\utils\\styles.js": {"path":"C:\\xampp\\htdocs\\Ynov\\av2-linked-up\\src\\utils\\styles.js","statementMap":{},"fnMap":{},"branchMap":{},"s":{},"f":{},"b":{},"_coverageSchema":"1a1c01bbd47fc00a2c39e90264f33305004495a9","hash":"3f89af537ee1f5ef12eb4e69db14c6f33e5555fc"}
,"C:\\xampp\\htdocs\\Ynov\\av2-linked-up\\src\\views\\Admin.vue": {"path":"C:\\xampp\\htdocs\\Ynov\\av2-linked-up\\src\\views\\Admin.vue","statementMap":{"0":{"start":{"line":15,"column":0},"end":{"line":15,"column":null}},"1":{"start":{"line":21,"column":15},"end":{"line":21,"column":null}}},"fnMap":{},"branchMap":{},"s":{"0":7,"1":7},"f":{},"b":{}}
,"C:\\xampp\\htdocs\\Ynov\\av2-linked-up\\src\\views\\ArtistContact.vue": {"path":"C:\\xampp\\htdocs\\Ynov\\av2-linked-up\\src\\views\\ArtistContact.vue","statementMap":{"0":{"start":{"line":37,"column":4},"end":{"line":42,"column":null}},"1":{"start":{"line":45,"column":4},"end":{"line":45,"column":null}},"2":{"start":{"line":46,"column":4},"end":{"line":46,"column":null}},"3":{"start":{"line":47,"column":4},"end":{"line":47,"column":null}},"4":{"start":{"line":51,"column":22},"end":{"line":56,"column":7}},"5":{"start":{"line":57,"column":6},"end":{"line":62,"column":null}},"6":{"start":{"line":60,"column":10},"end":{"line":60,"column":null}},"7":{"start":{"line":62,"column":24},"end":{"line":62,"column":52}}},"fnMap":{"0":{"name":"(anonymous_0)","decl":{"start":{"line":36,"column":2},"end":{"line":36,"column":3}},"loc":{"start":{"line":36,"column":9},"end":{"line":43,"column":3}}},"1":{"name":"(anonymous_1)","decl":{"start":{"line":44,"column":2},"end":{"line":44,"column":3}},"loc":{"start":{"line":44,"column":12},"end":{"line":48,"column":3}}},"2":{"name":"(anonymous_2)","decl":{"start":{"line":50,"column":4},"end":{"line":50,"column":5}},"loc":{"start":{"line":50,"column":19},"end":{"line":63,"column":5}}},"3":{"name":"(anonymous_3)","decl":{"start":{"line":59,"column":14},"end":{"line":59,"column":15}},"loc":{"start":{"line":59,"column":20},"end":{"line":61,"column":9}}},"4":{"name":"(anonymous_4)","decl":{"start":{"line":62,"column":15},"end":{"line":62,"column":16}},"loc":{"start":{"line":62,"column":24},"end":{"line":62,"column":52}}}},"branchMap":{},"s":{"0":7,"1":7,"2":35,"3":49,"4":49,"5":49,"6":14,"7":14,"8":null,"9":null},"f":{"0":35,"1":49,"2":14,"3":14,"4":0},"b":{}}
,"C:\\xampp\\htdocs\\Ynov\\av2-linked-up\\src\\views\\ArtistProfile.vue": {"path":"C:\\xampp\\htdocs\\Ynov\\av2-linked-up\\src\\views\\ArtistProfile.vue","statementMap":{"0":{"start":{"line":72,"column":4},"end":{"line":88,"column":null}},"1":{"start":{"line":91,"column":4},"end":{"line":97,"column":null}},"2":{"start":{"line":94,"column":8},"end":{"line":94,"column":null}},"3":{"start":{"line":95,"column":8},"end":{"line":95,"column":null}},"4":{"start":{"line":97,"column":22},"end":{"line":97,"column":50}},"5":{"start":{"line":99,"column":4},"end":{"line":104,"column":null}},"6":{"start":{"line":102,"column":8},"end":{"line":102,"column":null}},"7":{"start":{"line":104,"column":22},"end":{"line":104,"column":50}},"8":{"start":{"line":106,"column":4},"end":{"line":111,"column":null}},"9":{"start":{"line":109,"column":8},"end":{"line":109,"column":null}},"10":{"start":{"line":111,"column":22},"end":{"line":111,"column":50}},"11":{"start":{"line":115,"column":17},"end":{"line":115,"column":38}},"12":{"start":{"line":116,"column":21},"end":{"line":116,"column":30}},"13":{"start":{"line":117,"column":6},"end":{"line":121,"column":null}},"14":{"start":{"line":118,"column":8},"end":{"line":118,"column":null}},"15":{"start":{"line":120,"column":8},"end":{"line":120,"column":null}}},"fnMap":{"0":{"name":"(anonymous_0)","decl":{"start":{"line":71,"column":2},"end":{"line":71,"column":3}},"loc":{"start":{"line":71,"column":9},"end":{"line":89,"column":3}}},"1":{"name":"(anonymous_1)","decl":{"start":{"line":90,"column":2},"end":{"line":90,"column":3}},"loc":{"start":{"line":90,"column":18},"end":{"line":112,"column":3}}},"2":{"name":"(anonymous_2)","decl":{"start":{"line":93,"column":12},"end":{"line":93,"column":13}},"loc":{"start":{"line":93,"column":18},"end":{"line":96,"column":7}}},"3":{"name":"(anonymous_3)","decl":{"start":{"line":97,"column":13},"end":{"line":97,"column":14}},"loc":{"start":{"line":97,"column":22},"end":{"line":97,"column":50}}},"4":{"name":"(anonymous_4)","decl":{"start":{"line":101,"column":12},"end":{"line":101,"column":13}},"loc":{"start":{"line":101,"column":18},"end":{"line":103,"column":7}}},"5":{"name":"(anonymous_5)","decl":{"start":{"line":104,"column":13},"end":{"line":104,"column":14}},"loc":{"start":{"line":104,"column":22},"end":{"line":104,"column":50}}},"6":{"name":"(anonymous_6)","decl":{"start":{"line":108,"column":12},"end":{"line":108,"column":13}},"loc":{"start":{"line":108,"column":18},"end":{"line":110,"column":7}}},"7":{"name":"(anonymous_7)","decl":{"start":{"line":111,"column":13},"end":{"line":111,"column":14}},"loc":{"start":{"line":111,"column":22},"end":{"line":111,"column":50}}},"8":{"name":"(anonymous_8)","decl":{"start":{"line":114,"column":4},"end":{"line":114,"column":5}},"loc":{"start":{"line":114,"column":20},"end":{"line":122,"column":5}}}},"branchMap":{"0":{"loc":{"start":{"line":117,"column":6},"end":{"line":121,"column":null}},"type":"if","locations":[{"start":{"line":117,"column":6},"end":{"line":121,"column":null}},{"start":{"line":119,"column":13},"end":{"line":121,"column":null}}]}},"s":{"0":49,"1":49,"2":105,"3":147,"4":105,"5":147,"6":133,"7":105,"8":133,"9":28,"10":105,"11":119,"12":14,"13":28,"14":14,"15":28,"16":null,"17":null},"f":{"0":105,"1":147,"2":147,"3":105,"4":133,"5":0,"6":133,"7":0,"8":28},"b":{"0":[7,21]}}
,"C:\\xampp\\htdocs\\Ynov\\av2-linked-up\\src\\views\\Artists.vue": {"path":"C:\\xampp\\htdocs\\Ynov\\av2-linked-up\\src\\views\\Artists.vue","statementMap":{"0":{"start":{"line":11,"column":0},"end":{"line":11,"column":null}},"1":{"start":{"line":18,"column":15},"end":{"line":18,"column":null}}},"fnMap":{},"branchMap":{},"s":{"0":7,"1":7},"f":{},"b":{}}
,"C:\\xampp\\htdocs\\Ynov\\av2-linked-up\\src\\views\\Categories.vue": {"path":"C:\\xampp\\htdocs\\Ynov\\av2-linked-up\\src\\views\\Categories.vue","statementMap":{"0":{"start":{"line":8,"column":0},"end":{"line":8,"column":null}},"1":{"start":{"line":15,"column":15},"end":{"line":15,"column":null}}},"fnMap":{},"branchMap":{},"s":{"0":7,"1":7},"f":{},"b":{}}
,"C:\\xampp\\htdocs\\Ynov\\av2-linked-up\\src\\views\\CategoriesResults.vue": {"path":"C:\\xampp\\htdocs\\Ynov\\av2-linked-up\\src\\views\\CategoriesResults.vue","statementMap":{"0":{"start":{"line":39,"column":4},"end":{"line":41,"column":null}},"1":{"start":{"line":44,"column":4},"end":{"line":44,"column":null}}},"fnMap":{"0":{"name":"(anonymous_0)","decl":{"start":{"line":38,"column":2},"end":{"line":38,"column":3}},"loc":{"start":{"line":38,"column":9},"end":{"line":42,"column":3}}},"1":{"name":"(anonymous_1)","decl":{"start":{"line":43,"column":2},"end":{"line":43,"column":3}},"loc":{"start":{"line":43,"column":12},"end":{"line":45,"column":3}}}},"branchMap":{},"s":{"0":21,"1":21,"2":null,"3":null},"f":{"0":35,"1":35},"b":{}}
,"C:\\xampp\\htdocs\\Ynov\\av2-linked-up\\src\\views\\ClientProfile.vue": {"path":"C:\\xampp\\htdocs\\Ynov\\av2-linked-up\\src\\views\\ClientProfile.vue","statementMap":{"0":{"start":{"line":37,"column":4},"end":{"line":46,"column":null}},"1":{"start":{"line":49,"column":4},"end":{"line":54,"column":null}},"2":{"start":{"line":52,"column":8},"end":{"line":52,"column":null}},"3":{"start":{"line":54,"column":22},"end":{"line":54,"column":50}}},"fnMap":{"0":{"name":"(anonymous_0)","decl":{"start":{"line":36,"column":2},"end":{"line":36,"column":3}},"loc":{"start":{"line":36,"column":9},"end":{"line":47,"column":3}}},"1":{"name":"(anonymous_1)","decl":{"start":{"line":48,"column":2},"end":{"line":48,"column":3}},"loc":{"start":{"line":48,"column":18},"end":{"line":55,"column":3}}},"2":{"name":"(anonymous_2)","decl":{"start":{"line":51,"column":12},"end":{"line":51,"column":13}},"loc":{"start":{"line":51,"column":18},"end":{"line":53,"column":7}}},"3":{"name":"(anonymous_3)","decl":{"start":{"line":54,"column":13},"end":{"line":54,"column":14}},"loc":{"start":{"line":54,"column":22},"end":{"line":54,"column":50}}}},"branchMap":{},"s":{"0":7,"1":7,"2":21,"3":35,"4":null,"5":null},"f":{"0":21,"1":35,"2":35,"3":0},"b":{}}
,"C:\\xampp\\htdocs\\Ynov\\av2-linked-up\\src\\views\\Conventions.vue": {"path":"C:\\xampp\\htdocs\\Ynov\\av2-linked-up\\src\\views\\Conventions.vue","statementMap":{"0":{"start":{"line":11,"column":0},"end":{"line":11,"column":null}},"1":{"start":{"line":17,"column":15},"end":{"line":17,"column":null}}},"fnMap":{},"branchMap":{},"s":{"0":7,"1":1},"f":{},"b":{}}
,"C:\\xampp\\htdocs\\Ynov\\av2-linked-up\\src\\views\\Event.vue": {"path":"C:\\xampp\\htdocs\\Ynov\\av2-linked-up\\src\\views\\Event.vue","statementMap":{"0":{"start":{"line":29,"column":0},"end":{"line":29,"column":null}},"1":{"start":{"line":37,"column":15},"end":{"line":37,"column":null}},"2":{"start":{"line":40,"column":4},"end":{"line":40,"column":11}},"3":{"start":{"line":53,"column":4},"end":{"line":53,"column":9}},"4":{"start":{"line":56,"column":8},"end":{"line":56,"column":13}},"5":{"start":{"line":58,"column":22},"end":{"line":58,"column":28}}},"fnMap":{"0":{"name":"(anonymous_0)","decl":{"start":{"line":39,"column":2},"end":{"line":39,"column":6}},"loc":{"start":{"line":39,"column":9},"end":{"line":51,"column":null}}},"1":{"name":"(anonymous_1)","decl":{"start":{"line":52,"column":2},"end":{"line":52,"column":9}},"loc":{"start":{"line":52,"column":12},"end":{"line":59,"column":null}}},"2":{"name":"(anonymous_2)","decl":{"start":{"line":55,"column":12},"end":{"line":55,"column":18}},"loc":{"start":{"line":55,"column":18},"end":{"line":57,"column":null}}},"3":{"name":"(anonymous_3)","decl":{"start":{"line":58,"column":14},"end":{"line":58,"column":22}},"loc":{"start":{"line":58,"column":22},"end":{"line":58,"column":28}}}},"branchMap":{},"s":{"0":1,"1":1,"2":3,"3":5,"4":5,"5":0},"f":{"0":3,"1":5,"2":5,"3":0},"b":{}}
,"C:\\xampp\\htdocs\\Ynov\\av2-linked-up\\src\\views\\GeoResults.vue": {"path":"C:\\xampp\\htdocs\\Ynov\\av2-linked-up\\src\\views\\GeoResults.vue","statementMap":{"0":{"start":{"line":39,"column":4},"end":{"line":41,"column":null}},"1":{"start":{"line":44,"column":4},"end":{"line":44,"column":null}}},"fnMap":{"0":{"name":"(anonymous_0)","decl":{"start":{"line":38,"column":2},"end":{"line":38,"column":3}},"loc":{"start":{"line":38,"column":9},"end":{"line":42,"column":3}}},"1":{"name":"(anonymous_1)","decl":{"start":{"line":43,"column":2},"end":{"line":43,"column":3}},"loc":{"start":{"line":43,"column":12},"end":{"line":45,"column":3}}}},"branchMap":{},"s":{"0":21,"1":21,"2":null,"3":null},"f":{"0":35,"1":35},"b":{}}
,"C:\\xampp\\htdocs\\Ynov\\av2-linked-up\\src\\views\\Home.vue": {"path":"C:\\xampp\\htdocs\\Ynov\\av2-linked-up\\src\\views\\Home.vue","statementMap":{"0":{"start":{"line":10,"column":0},"end":{"line":10,"column":null}},"1":{"start":{"line":18,"column":15},"end":{"line":18,"column":null}}},"fnMap":{},"branchMap":{},"s":{"0":7,"1":7},"f":{},"b":{}}
,"C:\\xampp\\htdocs\\Ynov\\av2-linked-up\\src\\views\\Login.vue": {"path":"C:\\xampp\\htdocs\\Ynov\\av2-linked-up\\src\\views\\Login.vue","statementMap":{"0":{"start":{"line":36,"column":4},"end":{"line":38,"column":null}}},"fnMap":{"0":{"name":"(anonymous_0)","decl":{"start":{"line":35,"column":2},"end":{"line":35,"column":3}},"loc":{"start":{"line":35,"column":9},"end":{"line":39,"column":3}}}},"branchMap":{},"s":{"0":56,"1":null,"2":null,"3":null},"f":{"0":77},"b":{}}
}
