{"C:\\xampp\\htdocs\\Ynov\\av2-linked-up\\vue.config.js": {"path":"C:\\xampp\\htdocs\\Ynov\\av2-linked-up\\vue.config.js","statementMap":{"0":{"start":{"line":4,"column":0},"end":{"line":25,"column":4}},"1":{"start":{"line":6,"column":6},"end":{"line":9,"column":9}},"2":{"start":{"line":7,"column":8},"end":{"line":7,"column":36}},"3":{"start":{"line":8,"column":8},"end":{"line":8,"column":20}}},"fnMap":{"0":{"name":"(anonymous_0)","decl":{"start":{"line":5,"column":18},"end":{"line":5,"column":19}},"loc":{"start":{"line":5,"column":30},"end":{"line":10,"column":5}},"line":5},"1":{"name":"(anonymous_1)","decl":{"start":{"line":6,"column":32},"end":{"line":6,"column":33}},"loc":{"start":{"line":6,"column":42},"end":{"line":9,"column":7}},"line":6}},"branchMap":{},"s":{"0":9,"1":9,"2":9,"3":9},"f":{"0":9,"1":9},"b":{},"_coverageSchema":"1a1c01bbd47fc00a2c39e90264f33305004495a9","hash":"20b7c896d6af9e513faa98356164c30184cb0b20","contentHash":"eb81df72c388554a403c4c17b15c8ebc3b83957e00a14a19d325ac93f5105936"}
,"C:\\xampp\\htdocs\\Ynov\\av2-linked-up\\src\\App.vue": {"path":"C:\\xampp\\htdocs\\Ynov\\av2-linked-up\\src\\App.vue","statementMap":{"0":{"start":{"line":23,"column":0},"end":{"line":23,"column":null}},"1":{"start":{"line":24,"column":0},"end":{"line":24,"column":null}},"2":{"start":{"line":25,"column":0},"end":{"line":25,"column":null}},"3":{"start":{"line":37,"column":15},"end":{"line":37,"column":null}},"4":{"start":{"line":45,"column":4},"end":{"line":45,"column":11}},"5":{"start":{"line":51,"column":6},"end":{"line":53,"column":null}},"6":{"start":{"line":52,"column":8},"end":{"line":52,"column":15}},"7":{"start":{"line":54,"column":6},"end":{"line":54,"column":13}},"8":{"start":{"line":58,"column":4},"end":{"line":58,"column":9}},"9":{"start":{"line":62,"column":6},"end":{"line":62,"column":11}}},"fnMap":{"0":{"name":"(anonymous_0)","decl":{"start":{"line":44,"column":2},"end":{"line":44,"column":6}},"loc":{"start":{"line":44,"column":9},"end":{"line":48,"column":null}}},"1":{"name":"(anonymous_1)","decl":{"start":{"line":50,"column":4},"end":{"line":50,"column":16}},"loc":{"start":{"line":50,"column":19},"end":{"line":55,"column":null}}},"2":{"name":"(anonymous_2)","decl":{"start":{"line":57,"column":2},"end":{"line":57,"column":9}},"loc":{"start":{"line":57,"column":12},"end":{"line":59,"column":null}}},"3":{"name":"(anonymous_3)","decl":{"start":{"line":61,"column":4},"end":{"line":61,"column":10}},"loc":{"start":{"line":61,"column":13},"end":{"line":63,"column":null}}}},"branchMap":{"0":{"loc":{"start":{"line":51,"column":6},"end":{"line":53,"column":null}},"type":"if","locations":[{"start":{"line":51,"column":6},"end":{"line":53,"column":null}},{"start":{"line":51,"column":6},"end":{"line":53,"column":null}}]}},"s":{"0":138,"1":640,"2":168,"3":480,"4":170,"5":40,"6":4,"7":1,"8":6,"9":1},"f":{"0":170,"1":672,"2":178,"3":8},"b":{"0":[192,null]}}
,"C:\\xampp\\htdocs\\Ynov\\av2-linked-up\\src\\main.js": {"path":"C:\\xampp\\htdocs\\Ynov\\av2-linked-up\\src\\main.js","statementMap":{"0":{"start":{"line":14,"column":0},"end":{"line":34,"column":3}},"1":{"start":{"line":15,"column":2},"end":{"line":33,"column":3}},"2":{"start":{"line":16,"column":4},"end":{"line":16,"column":25}},"3":{"start":{"line":17,"column":4},"end":{"line":28,"column":7}},"4":{"start":{"line":29,"column":4},"end":{"line":29,"column":19}},"5":{"start":{"line":30,"column":4},"end":{"line":30,"column":20}},"6":{"start":{"line":31,"column":4},"end":{"line":31,"column":30}},"7":{"start":{"line":32,"column":4},"end":{"line":32,"column":22}}},"fnMap":{"0":{"name":"(anonymous_0)","decl":{"start":{"line":14,"column":24},"end":{"line":14,"column":25}},"loc":{"start":{"line":14,"column":30},"end":{"line":34,"column":1}},"line":14}},"branchMap":{"0":{"loc":{"start":{"line":15,"column":2},"end":{"line":33,"column":3}},"type":"if","locations":[{"start":{"line":15,"column":2},"end":{"line":33,"column":3}},{"start":{},"end":{}}],"line":15}},"s":{"0":147,"1":268,"2":147,"3":147,"4":147,"5":147,"6":147,"7":147},"f":{"0":268},"b":{"0":[147,121]},"_coverageSchema":"1a1c01bbd47fc00a2c39e90264f33305004495a9","hash":"ead1996aa98eb1ec05a990ae89e72791a1b600dd"}
,"C:\\xampp\\htdocs\\Ynov\\av2-linked-up\\src\\registerServiceWorker.js": {"path":"C:\\xampp\\htdocs\\Ynov\\av2-linked-up\\src\\registerServiceWorker.js","statementMap":{"0":{"start":{"line":5,"column":0},"end":{"line":32,"column":1}},"1":{"start":{"line":6,"column":2},"end":{"line":31,"column":4}},"2":{"start":{"line":8,"column":6},"end":{"line":11,"column":7}},"3":{"start":{"line":14,"column":6},"end":{"line":14,"column":56}},"4":{"start":{"line":17,"column":6},"end":{"line":17,"column":61}},"5":{"start":{"line":20,"column":6},"end":{"line":20,"column":48}},"6":{"start":{"line":23,"column":6},"end":{"line":23,"column":62}},"7":{"start":{"line":26,"column":6},"end":{"line":26,"column":82}},"8":{"start":{"line":29,"column":6},"end":{"line":29,"column":71}}},"fnMap":{"0":{"name":"(anonymous_0)","decl":{"start":{"line":7,"column":4},"end":{"line":7,"column":5}},"loc":{"start":{"line":7,"column":13},"end":{"line":12,"column":5}},"line":7},"1":{"name":"(anonymous_1)","decl":{"start":{"line":13,"column":4},"end":{"line":13,"column":5}},"loc":{"start":{"line":13,"column":18},"end":{"line":15,"column":5}},"line":13},"2":{"name":"(anonymous_2)","decl":{"start":{"line":16,"column":4},"end":{"line":16,"column":5}},"loc":{"start":{"line":16,"column":14},"end":{"line":18,"column":5}},"line":16},"3":{"name":"(anonymous_3)","decl":{"start":{"line":19,"column":4},"end":{"line":19,"column":5}},"loc":{"start":{"line":19,"column":19},"end":{"line":21,"column":5}},"line":19},"4":{"name":"(anonymous_4)","decl":{"start":{"line":22,"column":4},"end":{"line":22,"column":5}},"loc":{"start":{"line":22,"column":15},"end":{"line":24,"column":5}},"line":22},"5":{"name":"(anonymous_5)","decl":{"start":{"line":25,"column":4},"end":{"line":25,"column":5}},"loc":{"start":{"line":25,"column":15},"end":{"line":27,"column":5}},"line":25},"6":{"name":"(anonymous_6)","decl":{"start":{"line":28,"column":4},"end":{"line":28,"column":5}},"loc":{"start":{"line":28,"column":18},"end":{"line":30,"column":5}},"line":28}},"branchMap":{"0":{"loc":{"start":{"line":5,"column":0},"end":{"line":32,"column":1}},"type":"if","locations":[{"start":{"line":5,"column":0},"end":{"line":32,"column":1}},{"start":{"line":5,"column":0},"end":{"line":32,"column":1}}],"line":5}},"s":{"0":75,"1":0,"2":0,"3":0,"4":0,"5":0,"6":0,"7":0,"8":0},"f":{"0":0,"1":0,"2":0,"3":0,"4":0,"5":0,"6":0},"b":{"0":[0,75]},"hash":"e3792d3aa431b7cd2b4c92328ea7614512f5ba34"}
,"C:\\xampp\\htdocs\\Ynov\\av2-linked-up\\src\\components\\admin\\AdminEvents.vue": {"path":"C:\\xampp\\htdocs\\Ynov\\av2-linked-up\\src\\components\\admin\\AdminEvents.vue","statementMap":{"0":{"start":{"line":7,"column":0},"end":{"line":7,"column":null}},"1":{"start":{"line":8,"column":0},"end":{"line":8,"column":null}},"2":{"start":{"line":16,"column":15},"end":{"line":16,"column":null}},"3":{"start":{"line":23,"column":4},"end":{"line":23,"column":11}},"4":{"start":{"line":28,"column":4},"end":{"line":28,"column":10}},"5":{"start":{"line":29,"column":6},"end":{"line":29,"column":11}}},"fnMap":{"0":{"name":"(anonymous_0)","decl":{"start":{"line":22,"column":2},"end":{"line":22,"column":6}},"loc":{"start":{"line":22,"column":9},"end":{"line":26,"column":null}}},"1":{"name":"(anonymous_1)","decl":{"start":{"line":27,"column":2},"end":{"line":27,"column":8}},"loc":{"start":{"line":27,"column":18},"end":{"line":31,"column":null}}},"2":{"name":"(anonymous_2)","decl":{"start":{"line":28,"column":51},"end":{"line":28,"column":57}},"loc":{"start":{"line":28,"column":57},"end":{"line":30,"column":null}}}},"branchMap":{},"s":{"0":14,"1":14,"2":14,"3":5,"4":7,"5":7},"f":{"0":46,"1":62,"2":62},"b":{}}
,"C:\\xampp\\htdocs\\Ynov\\av2-linked-up\\src\\components\\admin\\AdminGallery.vue": {"path":"C:\\xampp\\htdocs\\Ynov\\av2-linked-up\\src\\components\\admin\\AdminGallery.vue","statementMap":{"0":{"start":{"line":56,"column":0},"end":{"line":56,"column":null}},"1":{"start":{"line":57,"column":0},"end":{"line":57,"column":null}},"2":{"start":{"line":58,"column":0},"end":{"line":58,"column":null}},"3":{"start":{"line":73,"column":15},"end":{"line":73,"column":null}},"4":{"start":{"line":80,"column":4},"end":{"line":80,"column":11}},"5":{"start":{"line":89,"column":4},"end":{"line":89,"column":10}},"6":{"start":{"line":91,"column":22},"end":{"line":91,"column":null}},"7":{"start":{"line":92,"column":6},"end":{"line":92,"column":11}},"8":{"start":{"line":95,"column":6},"end":{"line":95,"column":12}},"9":{"start":{"line":100,"column":6},"end":{"line":100,"column":11}},"10":{"start":{"line":101,"column":20},"end":{"line":101,"column":null}},"11":{"start":{"line":102,"column":6},"end":{"line":102,"column":11}},"12":{"start":{"line":103,"column":23},"end":{"line":103,"column":null}},"13":{"start":{"line":104,"column":6},"end":{"line":110,"column":null}},"14":{"start":{"line":105,"column":8},"end":{"line":108,"column":null}},"15":{"start":{"line":105,"column":21},"end":{"line":105,"column":24}},"16":{"start":{"line":106,"column":29},"end":{"line":106,"column":32}},"17":{"start":{"line":107,"column":10},"end":{"line":107,"column":18}},"18":{"start":{"line":109,"column":8},"end":{"line":109,"column":13}},"19":{"start":{"line":113,"column":23},"end":{"line":113,"column":null}},"20":{"start":{"line":114,"column":6},"end":{"line":118,"column":null}},"21":{"start":{"line":115,"column":8},"end":{"line":117,"column":null}},"22":{"start":{"line":116,"column":10},"end":{"line":116,"column":13}},"23":{"start":{"line":121,"column":6},"end":{"line":121,"column":12}},"24":{"start":{"line":122,"column":6},"end":{"line":122,"column":11}},"25":{"start":{"line":123,"column":6},"end":{"line":123,"column":12}},"26":{"start":{"line":126,"column":6},"end":{"line":126,"column":12}},"27":{"start":{"line":127,"column":6},"end":{"line":127,"column":11}},"28":{"start":{"line":128,"column":6},"end":{"line":128,"column":12}},"29":{"start":{"line":131,"column":6},"end":{"line":131,"column":11}},"30":{"start":{"line":132,"column":6},"end":{"line":132,"column":11}},"31":{"start":{"line":135,"column":6},"end":{"line":135,"column":11}},"32":{"start":{"line":138,"column":6},"end":{"line":138,"column":11}},"33":{"start":{"line":139,"column":6},"end":{"line":139,"column":11}},"34":{"start":{"line":140,"column":6},"end":{"line":140,"column":16}},"35":{"start":{"line":141,"column":8},"end":{"line":141,"column":13}},"36":{"start":{"line":145,"column":6},"end":{"line":145,"column":11}},"37":{"start":{"line":146,"column":6},"end":{"line":146,"column":11}},"38":{"start":{"line":147,"column":6},"end":{"line":147,"column":12}},"39":{"start":{"line":148,"column":6},"end":{"line":148,"column":16}},"40":{"start":{"line":149,"column":8},"end":{"line":149,"column":13}}},"fnMap":{"0":{"name":"(anonymous_0)","decl":{"start":{"line":79,"column":2},"end":{"line":79,"column":6}},"loc":{"start":{"line":79,"column":9},"end":{"line":87,"column":null}}},"1":{"name":"(anonymous_1)","decl":{"start":{"line":88,"column":2},"end":{"line":88,"column":8}},"loc":{"start":{"line":88,"column":18},"end":{"line":97,"column":null}}},"2":{"name":"(anonymous_2)","decl":{"start":{"line":90,"column":10},"end":{"line":90,"column":16}},"loc":{"start":{"line":90,"column":16},"end":{"line":93,"column":null}}},"3":{"name":"(anonymous_3)","decl":{"start":{"line":94,"column":12},"end":{"line":94,"column":20}},"loc":{"start":{"line":94,"column":20},"end":{"line":96,"column":null}}},"4":{"name":"(anonymous_4)","decl":{"start":{"line":99,"column":4},"end":{"line":99,"column":16}},"loc":{"start":{"line":99,"column":25},"end":{"line":111,"column":null}}},"5":{"name":"(anonymous_5)","decl":{"start":{"line":112,"column":4},"end":{"line":112,"column":14}},"loc":{"start":{"line":112,"column":17},"end":{"line":119,"column":null}}},"6":{"name":"(anonymous_6)","decl":{"start":{"line":120,"column":4},"end":{"line":120,"column":10}},"loc":{"start":{"line":120,"column":29},"end":{"line":124,"column":null}}},"7":{"name":"(anonymous_7)","decl":{"start":{"line":125,"column":4},"end":{"line":125,"column":10}},"loc":{"start":{"line":125,"column":32},"end":{"line":129,"column":null}}},"8":{"name":"(anonymous_8)","decl":{"start":{"line":130,"column":4},"end":{"line":130,"column":13}},"loc":{"start":{"line":130,"column":17},"end":{"line":133,"column":null}}},"9":{"name":"(anonymous_9)","decl":{"start":{"line":134,"column":4},"end":{"line":134,"column":17}},"loc":{"start":{"line":134,"column":21},"end":{"line":136,"column":null}}},"10":{"name":"(anonymous_10)","decl":{"start":{"line":137,"column":4},"end":{"line":137,"column":15}},"loc":{"start":{"line":137,"column":18},"end":{"line":143,"column":null}}},"11":{"name":"(anonymous_11)","decl":{"start":{"line":140,"column":17},"end":{"line":140,"column":23}},"loc":{"start":{"line":140,"column":23},"end":{"line":142,"column":9}}},"12":{"name":"(anonymous_12)","decl":{"start":{"line":144,"column":4},"end":{"line":144,"column":13}},"loc":{"start":{"line":144,"column":19},"end":{"line":151,"column":null}}},"13":{"name":"(anonymous_13)","decl":{"start":{"line":148,"column":17},"end":{"line":148,"column":23}},"loc":{"start":{"line":148,"column":23},"end":{"line":150,"column":9}}}},"branchMap":{"0":{"loc":{"start":{"line":104,"column":6},"end":{"line":110,"column":null}},"type":"if","locations":[{"start":{"line":104,"column":6},"end":{"line":110,"column":null}},{"start":{"line":104,"column":6},"end":{"line":110,"column":null}}]},"1":{"loc":{"start":{"line":115,"column":8},"end":{"line":117,"column":null}},"type":"if","locations":[{"start":{"line":115,"column":8},"end":{"line":117,"column":null}},{"start":{"line":115,"column":8},"end":{"line":117,"column":null}}]}},"s":{"0":35,"1":35,"2":35,"3":35,"4":24,"5":36,"6":12,"7":12,"8":12,"9":12,"10":12,"11":12,"12":12,"13":12,"14":12,"15":12,"16":12,"17":0,"18":0,"19":0,"20":0,"21":0,"22":12,"23":0,"24":0,"25":15,"26":15,"27":0,"28":0,"29":0,"30":0,"31":0,"32":0,"33":0,"34":0,"35":0,"36":0,"37":0,"38":0,"39":0,"40":0},"f":{"0":51,"1":51,"2":27,"3":0,"4":12,"5":12,"6":0,"7":12,"8":15,"9":0,"10":0,"11":0,"12":0,"13":0},"b":{"0":[12,null],"1":[0,null]}}
,"C:\\xampp\\htdocs\\Ynov\\av2-linked-up\\src\\components\\admin\\AdminInbox.vue": {"path":"C:\\xampp\\htdocs\\Ynov\\av2-linked-up\\src\\components\\admin\\AdminInbox.vue","statementMap":{"0":{"start":{"line":7,"column":0},"end":{"line":7,"column":null}},"1":{"start":{"line":8,"column":0},"end":{"line":8,"column":null}},"2":{"start":{"line":16,"column":15},"end":{"line":16,"column":null}},"3":{"start":{"line":23,"column":4},"end":{"line":23,"column":11}},"4":{"start":{"line":28,"column":4},"end":{"line":28,"column":10}},"5":{"start":{"line":29,"column":6},"end":{"line":29,"column":11}}},"fnMap":{"0":{"name":"(anonymous_0)","decl":{"start":{"line":22,"column":2},"end":{"line":22,"column":6}},"loc":{"start":{"line":22,"column":9},"end":{"line":26,"column":null}}},"1":{"name":"(anonymous_1)","decl":{"start":{"line":27,"column":2},"end":{"line":27,"column":8}},"loc":{"start":{"line":27,"column":18},"end":{"line":31,"column":null}}},"2":{"name":"(anonymous_2)","decl":{"start":{"line":28,"column":51},"end":{"line":28,"column":57}},"loc":{"start":{"line":28,"column":57},"end":{"line":30,"column":null}}}},"branchMap":{},"s":{"0":24,"1":24,"2":24,"3":5,"4":7,"5":7},"f":{"0":56,"1":72,"2":72},"b":{}}
,"C:\\xampp\\htdocs\\Ynov\\av2-linked-up\\src\\components\\admin\\AdminNav.vue": {"path":"C:\\xampp\\htdocs\\Ynov\\av2-linked-up\\src\\components\\admin\\AdminNav.vue","statementMap":{"0":{"start":{"line":27,"column":15},"end":{"line":27,"column":null}},"1":{"start":{"line":30,"column":4},"end":{"line":30,"column":11}},"2":{"start":{"line":41,"column":6},"end":{"line":41,"column":11}},"3":{"start":{"line":42,"column":6},"end":{"line":44,"column":null}},"4":{"start":{"line":43,"column":8},"end":{"line":43,"column":13}}},"fnMap":{"0":{"name":"(anonymous_0)","decl":{"start":{"line":29,"column":2},"end":{"line":29,"column":6}},"loc":{"start":{"line":29,"column":9},"end":{"line":33,"column":null}}},"1":{"name":"(anonymous_1)","decl":{"start":{"line":40,"column":4},"end":{"line":40,"column":10}},"loc":{"start":{"line":40,"column":13},"end":{"line":45,"column":null}}}},"branchMap":{"0":{"loc":{"start":{"line":42,"column":6},"end":{"line":44,"column":null}},"type":"if","locations":[{"start":{"line":42,"column":6},"end":{"line":44,"column":null}},{"start":{"line":42,"column":6},"end":{"line":44,"column":null}}]}},"s":{"0":82,"1":90,"2":82,"3":82,"4":2},"f":{"0":98,"1":82},"b":{"0":[74,null]}}
,"C:\\xampp\\htdocs\\Ynov\\av2-linked-up\\src\\components\\admin\\AdminProfile.vue": {"path":"C:\\xampp\\htdocs\\Ynov\\av2-linked-up\\src\\components\\admin\\AdminProfile.vue","statementMap":{"0":{"start":{"line":7,"column":0},"end":{"line":7,"column":null}},"1":{"start":{"line":8,"column":0},"end":{"line":8,"column":null}},"2":{"start":{"line":16,"column":15},"end":{"line":16,"column":null}},"3":{"start":{"line":23,"column":4},"end":{"line":23,"column":11}},"4":{"start":{"line":28,"column":4},"end":{"line":28,"column":10}},"5":{"start":{"line":29,"column":6},"end":{"line":29,"column":11}}},"fnMap":{"0":{"name":"(anonymous_0)","decl":{"start":{"line":22,"column":2},"end":{"line":22,"column":6}},"loc":{"start":{"line":22,"column":9},"end":{"line":26,"column":null}}},"1":{"name":"(anonymous_1)","decl":{"start":{"line":27,"column":2},"end":{"line":27,"column":8}},"loc":{"start":{"line":27,"column":18},"end":{"line":31,"column":null}}},"2":{"name":"(anonymous_2)","decl":{"start":{"line":28,"column":51},"end":{"line":28,"column":57}},"loc":{"start":{"line":28,"column":57},"end":{"line":30,"column":null}}}},"branchMap":{},"s":{"0":95,"1":95,"2":88,"3":5,"4":7,"5":7},"f":{"0":127,"1":143,"2":136},"b":{}}
,"C:\\xampp\\htdocs\\Ynov\\av2-linked-up\\src\\components\\admin\\AdminProjects.vue": {"path":"C:\\xampp\\htdocs\\Ynov\\av2-linked-up\\src\\components\\admin\\AdminProjects.vue","statementMap":{"0":{"start":{"line":7,"column":0},"end":{"line":7,"column":null}},"1":{"start":{"line":8,"column":0},"end":{"line":8,"column":null}},"2":{"start":{"line":16,"column":15},"end":{"line":16,"column":null}},"3":{"start":{"line":23,"column":4},"end":{"line":23,"column":11}},"4":{"start":{"line":28,"column":4},"end":{"line":28,"column":10}},"5":{"start":{"line":29,"column":6},"end":{"line":29,"column":11}}},"fnMap":{"0":{"name":"(anonymous_0)","decl":{"start":{"line":22,"column":2},"end":{"line":22,"column":6}},"loc":{"start":{"line":22,"column":9},"end":{"line":26,"column":null}}},"1":{"name":"(anonymous_1)","decl":{"start":{"line":27,"column":2},"end":{"line":27,"column":8}},"loc":{"start":{"line":27,"column":18},"end":{"line":31,"column":null}}},"2":{"name":"(anonymous_2)","decl":{"start":{"line":28,"column":51},"end":{"line":28,"column":57}},"loc":{"start":{"line":28,"column":57},"end":{"line":30,"column":null}}}},"branchMap":{},"s":{"0":22,"1":22,"2":22,"3":5,"4":7,"5":7},"f":{"0":54,"1":70,"2":70},"b":{}}
,"C:\\xampp\\htdocs\\Ynov\\av2-linked-up\\src\\components\\admin\\GalleryItem.vue": {"path":"C:\\xampp\\htdocs\\Ynov\\av2-linked-up\\src\\components\\admin\\GalleryItem.vue","statementMap":{"0":{"start":{"line":19,"column":15},"end":{"line":19,"column":null}},"1":{"start":{"line":24,"column":6},"end":{"line":24,"column":11}}},"fnMap":{"0":{"name":"(anonymous_0)","decl":{"start":{"line":23,"column":4},"end":{"line":23,"column":13}},"loc":{"start":{"line":23,"column":16},"end":{"line":25,"column":null}}}},"branchMap":{},"s":{"0":31,"1":1},"f":{"0":23},"b":{}}
,"C:\\xampp\\htdocs\\Ynov\\av2-linked-up\\src\\components\\admin\\MessageDetails.vue": {"path":"C:\\xampp\\htdocs\\Ynov\\av2-linked-up\\src\\components\\admin\\MessageDetails.vue","statementMap":{"0":{"start":{"line":34,"column":0},"end":{"line":34,"column":null}},"1":{"start":{"line":44,"column":15},"end":{"line":44,"column":null}},"2":{"start":{"line":47,"column":4},"end":{"line":47,"column":11}},"3":{"start":{"line":54,"column":4},"end":{"line":54,"column":9}},"4":{"start":{"line":57,"column":8},"end":{"line":57,"column":13}},"5":{"start":{"line":60,"column":8},"end":{"line":60,"column":14}},"6":{"start":{"line":63,"column":4},"end":{"line":63,"column":9}},"7":{"start":{"line":67,"column":24},"end":{"line":67,"column":null}},"8":{"start":{"line":68,"column":22},"end":{"line":68,"column":null}},"9":{"start":{"line":72,"column":6},"end":{"line":72,"column":11}},"10":{"start":{"line":75,"column":10},"end":{"line":75,"column":15}},"11":{"start":{"line":78,"column":10},"end":{"line":78,"column":15}},"12":{"start":{"line":81,"column":10},"end":{"line":81,"column":16}},"13":{"start":{"line":85,"column":6},"end":{"line":85,"column":11}},"14":{"start":{"line":88,"column":10},"end":{"line":88,"column":15}},"15":{"start":{"line":91,"column":26},"end":{"line":91,"column":34}},"16":{"start":{"line":92,"column":10},"end":{"line":92,"column":17}},"17":{"start":{"line":95,"column":10},"end":{"line":95,"column":16}}},"fnMap":{"0":{"name":"(anonymous_0)","decl":{"start":{"line":46,"column":2},"end":{"line":46,"column":6}},"loc":{"start":{"line":46,"column":9},"end":{"line":52,"column":null}}},"1":{"name":"(anonymous_1)","decl":{"start":{"line":53,"column":2},"end":{"line":53,"column":9}},"loc":{"start":{"line":53,"column":12},"end":{"line":64,"column":null}}},"2":{"name":"(anonymous_2)","decl":{"start":{"line":56,"column":12},"end":{"line":56,"column":18}},"loc":{"start":{"line":56,"column":18},"end":{"line":58,"column":null}}},"3":{"name":"(anonymous_3)","decl":{"start":{"line":59,"column":14},"end":{"line":59,"column":22}},"loc":{"start":{"line":59,"column":22},"end":{"line":61,"column":null}}},"4":{"name":"(anonymous_4)","decl":{"start":{"line":66,"column":4},"end":{"line":66,"column":15}},"loc":{"start":{"line":66,"column":18},"end":{"line":83,"column":null}}},"5":{"name":"(anonymous_5)","decl":{"start":{"line":74,"column":14},"end":{"line":74,"column":20}},"loc":{"start":{"line":74,"column":20},"end":{"line":76,"column":null}}},"6":{"name":"(anonymous_6)","decl":{"start":{"line":77,"column":14},"end":{"line":77,"column":20}},"loc":{"start":{"line":77,"column":20},"end":{"line":79,"column":null}}},"7":{"name":"(anonymous_7)","decl":{"start":{"line":80,"column":16},"end":{"line":80,"column":24}},"loc":{"start":{"line":80,"column":24},"end":{"line":82,"column":null}}},"8":{"name":"(anonymous_8)","decl":{"start":{"line":84,"column":4},"end":{"line":84,"column":15}},"loc":{"start":{"line":84,"column":18},"end":{"line":97,"column":null}}},"9":{"name":"(anonymous_9)","decl":{"start":{"line":87,"column":14},"end":{"line":87,"column":20}},"loc":{"start":{"line":87,"column":20},"end":{"line":89,"column":null}}},"10":{"name":"(anonymous_10)","decl":{"start":{"line":90,"column":14},"end":{"line":90,"column":20}},"loc":{"start":{"line":90,"column":20},"end":{"line":93,"column":null}}},"11":{"name":"(anonymous_11)","decl":{"start":{"line":94,"column":16},"end":{"line":94,"column":24}},"loc":{"start":{"line":94,"column":24},"end":{"line":96,"column":null}}}},"branchMap":{},"s":{"0":18,"1":18,"2":50,"3":56,"4":66,"5":10,"6":66,"7":26,"8":24,"9":24,"10":16,"11":34,"12":18,"13":90,"14":90,"15":72,"16":9,"17":9},"f":{"0":50,"1":66,"2":66,"3":0,"4":26,"5":24,"6":24,"7":0,"8":90,"9":90,"10":90,"11":72},"b":{}}
,"C:\\xampp\\htdocs\\Ynov\\av2-linked-up\\src\\components\\admin\\PreviewItem.vue": {"path":"C:\\xampp\\htdocs\\Ynov\\av2-linked-up\\src\\components\\admin\\PreviewItem.vue","statementMap":{"0":{"start":{"line":19,"column":15},"end":{"line":19,"column":null}},"1":{"start":{"line":23,"column":10},"end":{"line":23,"column":15}}},"fnMap":{"0":{"name":"(anonymous_0)","decl":{"start":{"line":22,"column":6},"end":{"line":22,"column":19}},"loc":{"start":{"line":22,"column":22},"end":{"line":24,"column":null}}}},"branchMap":{},"s":{"0":16,"1":1},"f":{"0":8},"b":{}}
,"C:\\xampp\\htdocs\\Ynov\\av2-linked-up\\src\\components\\admin\\ProjectDetails.vue": {"path":"C:\\xampp\\htdocs\\Ynov\\av2-linked-up\\src\\components\\admin\\ProjectDetails.vue","statementMap":{"0":{"start":{"line":66,"column":0},"end":{"line":66,"column":null}},"1":{"start":{"line":77,"column":15},"end":{"line":77,"column":null}},"2":{"start":{"line":80,"column":4},"end":{"line":80,"column":11}},"3":{"start":{"line":98,"column":4},"end":{"line":98,"column":9}},"4":{"start":{"line":99,"column":4},"end":{"line":99,"column":9}},"5":{"start":{"line":102,"column":8},"end":{"line":102,"column":13}},"6":{"start":{"line":105,"column":8},"end":{"line":107,"column":null}},"7":{"start":{"line":106,"column":10},"end":{"line":106,"column":15}},"8":{"start":{"line":110,"column":8},"end":{"line":110,"column":14}},"9":{"start":{"line":115,"column":19},"end":{"line":115,"column":null}},"10":{"start":{"line":119,"column":6},"end":{"line":119,"column":11}},"11":{"start":{"line":122,"column":22},"end":{"line":122,"column":null}},"12":{"start":{"line":126,"column":6},"end":{"line":126,"column":11}}},"fnMap":{"0":{"name":"(anonymous_0)","decl":{"start":{"line":79,"column":2},"end":{"line":79,"column":6}},"loc":{"start":{"line":79,"column":9},"end":{"line":96,"column":null}}},"1":{"name":"(anonymous_1)","decl":{"start":{"line":97,"column":2},"end":{"line":97,"column":9}},"loc":{"start":{"line":97,"column":12},"end":{"line":112,"column":null}}},"2":{"name":"(anonymous_2)","decl":{"start":{"line":101,"column":12},"end":{"line":101,"column":18}},"loc":{"start":{"line":101,"column":18},"end":{"line":103,"column":null}}},"3":{"name":"(anonymous_3)","decl":{"start":{"line":104,"column":12},"end":{"line":104,"column":18}},"loc":{"start":{"line":104,"column":18},"end":{"line":108,"column":null}}},"4":{"name":"(anonymous_4)","decl":{"start":{"line":109,"column":14},"end":{"line":109,"column":22}},"loc":{"start":{"line":109,"column":22},"end":{"line":111,"column":null}}},"5":{"name":"(anonymous_5)","decl":{"start":{"line":114,"column":4},"end":{"line":114,"column":16}},"loc":{"start":{"line":114,"column":19},"end":{"line":120,"column":null}}},"6":{"name":"(anonymous_6)","decl":{"start":{"line":121,"column":4},"end":{"line":121,"column":20}},"loc":{"start":{"line":121,"column":29},"end":{"line":127,"column":null}}}},"branchMap":{"0":{"loc":{"start":{"line":105,"column":8},"end":{"line":107,"column":null}},"type":"if","locations":[{"start":{"line":105,"column":8},"end":{"line":107,"column":null}},{"start":{"line":105,"column":8},"end":{"line":107,"column":null}}]}},"s":{"0":8,"1":8,"2":36,"3":52,"4":10,"5":10,"6":10,"7":0,"8":22,"9":12,"10":0,"11":0,"12":0,"13":null},"f":{"0":36,"1":52,"2":22,"3":10,"4":10,"5":0,"6":0},"b":{"0":[0,0]}}
,"C:\\xampp\\htdocs\\Ynov\\av2-linked-up\\src\\components\\admin\\ProjectItem.vue": {"path":"C:\\xampp\\htdocs\\Ynov\\av2-linked-up\\src\\components\\admin\\ProjectItem.vue","statementMap":{"0":{"start":{"line":36,"column":15},"end":{"line":36,"column":null}},"1":{"start":{"line":40,"column":4},"end":{"line":40,"column":11}},"2":{"start":{"line":47,"column":6},"end":{"line":47,"column":13}},"3":{"start":{"line":51,"column":4},"end":{"line":51,"column":9}},"4":{"start":{"line":55,"column":6},"end":{"line":55,"column":12}},"5":{"start":{"line":56,"column":8},"end":{"line":56,"column":13}}},"fnMap":{"0":{"name":"(anonymous_0)","decl":{"start":{"line":39,"column":2},"end":{"line":39,"column":6}},"loc":{"start":{"line":39,"column":9},"end":{"line":44,"column":null}}},"1":{"name":"(anonymous_1)","decl":{"start":{"line":46,"column":4},"end":{"line":46,"column":10}},"loc":{"start":{"line":46,"column":13},"end":{"line":48,"column":null}}},"2":{"name":"(anonymous_2)","decl":{"start":{"line":50,"column":2},"end":{"line":50,"column":9}},"loc":{"start":{"line":50,"column":12},"end":{"line":52,"column":null}}},"3":{"name":"(anonymous_3)","decl":{"start":{"line":54,"column":4},"end":{"line":54,"column":10}},"loc":{"start":{"line":54,"column":24},"end":{"line":58,"column":null}}},"4":{"name":"(anonymous_4)","decl":{"start":{"line":55,"column":53},"end":{"line":55,"column":59}},"loc":{"start":{"line":55,"column":59},"end":{"line":57,"column":null}}}},"branchMap":{},"s":{"0":8,"1":0,"2":0,"3":0,"4":0,"5":0},"f":{"0":0,"1":0,"2":0,"3":0,"4":0},"b":{}}
,"C:\\xampp\\htdocs\\Ynov\\av2-linked-up\\src\\components\\admin\\Sidenav.vue": {"path":"C:\\xampp\\htdocs\\Ynov\\av2-linked-up\\src\\components\\admin\\Sidenav.vue","statementMap":{"0":{"start":{"line":85,"column":15},"end":{"line":85,"column":null}},"1":{"start":{"line":88,"column":4},"end":{"line":88,"column":11}},"2":{"start":{"line":93,"column":4},"end":{"line":93,"column":10}},"3":{"start":{"line":94,"column":6},"end":{"line":94,"column":11}}},"fnMap":{"0":{"name":"(anonymous_0)","decl":{"start":{"line":87,"column":2},"end":{"line":87,"column":6}},"loc":{"start":{"line":87,"column":9},"end":{"line":91,"column":null}}},"1":{"name":"(anonymous_1)","decl":{"start":{"line":92,"column":2},"end":{"line":92,"column":8}},"loc":{"start":{"line":92,"column":18},"end":{"line":96,"column":null}}},"2":{"name":"(anonymous_2)","decl":{"start":{"line":93,"column":51},"end":{"line":93,"column":57}},"loc":{"start":{"line":93,"column":57},"end":{"line":95,"column":null}}}},"branchMap":{},"s":{"0":82,"1":90,"2":99,"3":5},"f":{"0":90,"1":106,"2":99},"b":{}}
,"C:\\xampp\\htdocs\\Ynov\\av2-linked-up\\src\\components\\app\\Button.vue": {"path":"C:\\xampp\\htdocs\\Ynov\\av2-linked-up\\src\\components\\app\\Button.vue","statementMap":{"0":{"start":{"line":13,"column":15},"end":{"line":13,"column":null}}},"fnMap":{},"branchMap":{},"s":{"0":64},"f":{},"b":{}}
,"C:\\xampp\\htdocs\\Ynov\\av2-linked-up\\src\\components\\app\\Modal.vue": {"path":"C:\\xampp\\htdocs\\Ynov\\av2-linked-up\\src\\components\\app\\Modal.vue","statementMap":{"0":{"start":{"line":27,"column":15},"end":{"line":27,"column":null}},"1":{"start":{"line":41,"column":8},"end":{"line":45,"column":null}},"2":{"start":{"line":42,"column":10},"end":{"line":42,"column":18}},"3":{"start":{"line":44,"column":10},"end":{"line":44,"column":18}},"4":{"start":{"line":51,"column":6},"end":{"line":51,"column":11}},"5":{"start":{"line":54,"column":6},"end":{"line":56,"column":null}},"6":{"start":{"line":55,"column":8},"end":{"line":55,"column":13}},"7":{"start":{"line":59,"column":6},"end":{"line":59,"column":11}},"8":{"start":{"line":63,"column":4},"end":{"line":63,"column":12}},"9":{"start":{"line":66,"column":4},"end":{"line":66,"column":12}}},"fnMap":{"0":{"name":"(anonymous_0)","decl":{"start":{"line":40,"column":6},"end":{"line":40,"column":13}},"loc":{"start":{"line":40,"column":22},"end":{"line":46,"column":null}}},"1":{"name":"(anonymous_1)","decl":{"start":{"line":50,"column":4},"end":{"line":50,"column":9}},"loc":{"start":{"line":50,"column":12},"end":{"line":52,"column":null}}},"2":{"name":"(anonymous_2)","decl":{"start":{"line":53,"column":4},"end":{"line":53,"column":11}},"loc":{"start":{"line":53,"column":15},"end":{"line":57,"column":null}}},"3":{"name":"(anonymous_3)","decl":{"start":{"line":58,"column":4},"end":{"line":58,"column":15}},"loc":{"start":{"line":58,"column":18},"end":{"line":60,"column":null}}},"4":{"name":"(anonymous_4)","decl":{"start":{"line":62,"column":2},"end":{"line":62,"column":9}},"loc":{"start":{"line":62,"column":12},"end":{"line":64,"column":null}}},"5":{"name":"(anonymous_5)","decl":{"start":{"line":65,"column":2},"end":{"line":65,"column":11}},"loc":{"start":{"line":65,"column":14},"end":{"line":67,"column":null}}}},"branchMap":{"0":{"loc":{"start":{"line":41,"column":8},"end":{"line":45,"column":null}},"type":"if","locations":[{"start":{"line":41,"column":8},"end":{"line":45,"column":null}},{"start":{"line":41,"column":8},"end":{"line":45,"column":null}}]},"1":{"loc":{"start":{"line":41,"column":12},"end":{"line":41,"column":18}},"type":"binary-expr","locations":[{"start":{"line":41,"column":12},"end":{"line":41,"column":18}},{"start":{"line":41,"column":22},"end":{"line":41,"column":40}}]},"2":{"loc":{"start":{"line":54,"column":6},"end":{"line":56,"column":null}},"type":"if","locations":[{"start":{"line":54,"column":6},"end":{"line":56,"column":null}},{"start":{"line":54,"column":6},"end":{"line":56,"column":null}}]},"3":{"loc":{"start":{"line":54,"column":10},"end":{"line":54,"column":33}},"type":"binary-expr","locations":[{"start":{"line":54,"column":10},"end":{"line":54,"column":33}},{"start":{"line":54,"column":33},"end":{"line":54,"column":44}}]}},"s":{"0":208,"1":134,"2":234,"3":72,"4":1451,"5":0,"6":0,"7":178,"8":134,"9":1},"f":{"0":312,"1":24,"2":1427,"3":0,"4":306,"5":14},"b":{"0":[62,250],"1":[312,62],"2":[0,null],"3":[1427,0]}}
,"C:\\xampp\\htdocs\\Ynov\\av2-linked-up\\src\\components\\app\\Title.vue": {"path":"C:\\xampp\\htdocs\\Ynov\\av2-linked-up\\src\\components\\app\\Title.vue","statementMap":{"0":{"start":{"line":14,"column":15},"end":{"line":14,"column":null}}},"fnMap":{},"branchMap":{},"s":{"0":88},"f":{},"b":{}}
,"C:\\xampp\\htdocs\\Ynov\\av2-linked-up\\src\\components\\artists\\ArtistDashboard.vue": {"path":"C:\\xampp\\htdocs\\Ynov\\av2-linked-up\\src\\components\\artists\\ArtistDashboard.vue","statementMap":{"0":{"start":{"line":117,"column":0},"end":{"line":117,"column":null}},"1":{"start":{"line":134,"column":15},"end":{"line":134,"column":null}},"2":{"start":{"line":137,"column":4},"end":{"line":137,"column":11}},"3":{"start":{"line":157,"column":4},"end":{"line":157,"column":10}},"4":{"start":{"line":160,"column":8},"end":{"line":160,"column":13}},"5":{"start":{"line":163,"column":8},"end":{"line":163,"column":13}},"6":{"start":{"line":165,"column":22},"end":{"line":165,"column":28}},"7":{"start":{"line":169,"column":19},"end":{"line":169,"column":25}},"8":{"start":{"line":170,"column":20},"end":{"line":170,"column":21}},"9":{"start":{"line":172,"column":6},"end":{"line":179,"column":null}},"10":{"start":{"line":173,"column":8},"end":{"line":173,"column":13}},"11":{"start":{"line":174,"column":8},"end":{"line":174,"column":13}},"12":{"start":{"line":175,"column":8},"end":{"line":175,"column":13}},"13":{"start":{"line":177,"column":8},"end":{"line":177,"column":13}},"14":{"start":{"line":178,"column":8},"end":{"line":178,"column":13}},"15":{"start":{"line":182,"column":6},"end":{"line":182,"column":11}},"16":{"start":{"line":185,"column":10},"end":{"line":185,"column":15}},"17":{"start":{"line":186,"column":10},"end":{"line":186,"column":16}},"18":{"start":{"line":189,"column":10},"end":{"line":189,"column":15}},"19":{"start":{"line":193,"column":26},"end":{"line":193,"column":null}},"20":{"start":{"line":203,"column":6},"end":{"line":203,"column":12}},"21":{"start":{"line":206,"column":10},"end":{"line":206,"column":15}},"22":{"start":{"line":207,"column":10},"end":{"line":207,"column":16}},"23":{"start":{"line":210,"column":10},"end":{"line":210,"column":15}},"24":{"start":{"line":214,"column":6},"end":{"line":214,"column":11}},"25":{"start":{"line":215,"column":6},"end":{"line":215,"column":11}},"26":{"start":{"line":216,"column":6},"end":{"line":216,"column":16}},"27":{"start":{"line":217,"column":8},"end":{"line":217,"column":13}},"28":{"start":{"line":221,"column":6},"end":{"line":221,"column":11}},"29":{"start":{"line":222,"column":6},"end":{"line":222,"column":11}},"30":{"start":{"line":223,"column":6},"end":{"line":223,"column":12}},"31":{"start":{"line":224,"column":6},"end":{"line":224,"column":16}},"32":{"start":{"line":225,"column":8},"end":{"line":225,"column":13}}},"fnMap":{"0":{"name":"(anonymous_0)","decl":{"start":{"line":136,"column":2},"end":{"line":136,"column":6}},"loc":{"start":{"line":136,"column":9},"end":{"line":155,"column":null}}},"1":{"name":"(anonymous_1)","decl":{"start":{"line":156,"column":2},"end":{"line":156,"column":8}},"loc":{"start":{"line":156,"column":18},"end":{"line":166,"column":null}}},"2":{"name":"(anonymous_2)","decl":{"start":{"line":159,"column":12},"end":{"line":159,"column":18}},"loc":{"start":{"line":159,"column":18},"end":{"line":161,"column":null}}},"3":{"name":"(anonymous_3)","decl":{"start":{"line":162,"column":12},"end":{"line":162,"column":18}},"loc":{"start":{"line":162,"column":18},"end":{"line":164,"column":null}}},"4":{"name":"(anonymous_4)","decl":{"start":{"line":165,"column":14},"end":{"line":165,"column":22}},"loc":{"start":{"line":165,"column":22},"end":{"line":165,"column":28}}},"5":{"name":"(anonymous_5)","decl":{"start":{"line":168,"column":4},"end":{"line":168,"column":19}},"loc":{"start":{"line":168,"column":28},"end":{"line":180,"column":null}}},"6":{"name":"(anonymous_6)","decl":{"start":{"line":181,"column":4},"end":{"line":181,"column":22}},"loc":{"start":{"line":181,"column":25},"end":{"line":191,"column":null}}},"7":{"name":"(anonymous_7)","decl":{"start":{"line":184,"column":14},"end":{"line":184,"column":20}},"loc":{"start":{"line":184,"column":20},"end":{"line":187,"column":null}}},"8":{"name":"(anonymous_8)","decl":{"start":{"line":188,"column":16},"end":{"line":188,"column":24}},"loc":{"start":{"line":188,"column":24},"end":{"line":190,"column":null}}},"9":{"name":"(anonymous_9)","decl":{"start":{"line":192,"column":4},"end":{"line":192,"column":10}},"loc":{"start":{"line":192,"column":29},"end":{"line":212,"column":null}}},"10":{"name":"(anonymous_10)","decl":{"start":{"line":205,"column":14},"end":{"line":205,"column":20}},"loc":{"start":{"line":205,"column":20},"end":{"line":208,"column":null}}},"11":{"name":"(anonymous_11)","decl":{"start":{"line":209,"column":16},"end":{"line":209,"column":24}},"loc":{"start":{"line":209,"column":24},"end":{"line":211,"column":null}}},"12":{"name":"(anonymous_12)","decl":{"start":{"line":213,"column":4},"end":{"line":213,"column":15}},"loc":{"start":{"line":213,"column":18},"end":{"line":219,"column":null}}},"13":{"name":"(anonymous_13)","decl":{"start":{"line":216,"column":17},"end":{"line":216,"column":23}},"loc":{"start":{"line":216,"column":23},"end":{"line":218,"column":9}}},"14":{"name":"(anonymous_14)","decl":{"start":{"line":220,"column":4},"end":{"line":220,"column":13}},"loc":{"start":{"line":220,"column":19},"end":{"line":227,"column":null}}},"15":{"name":"(anonymous_15)","decl":{"start":{"line":224,"column":17},"end":{"line":224,"column":23}},"loc":{"start":{"line":224,"column":23},"end":{"line":226,"column":9}}}},"branchMap":{"0":{"loc":{"start":{"line":172,"column":6},"end":{"line":179,"column":null}},"type":"if","locations":[{"start":{"line":172,"column":6},"end":{"line":179,"column":null}},{"start":{"line":172,"column":6},"end":{"line":179,"column":null}}]},"1":{"loc":{"start":{"line":172,"column":10},"end":{"line":172,"column":14}},"type":"binary-expr","locations":[{"start":{"line":172,"column":10},"end":{"line":172,"column":14}},{"start":{"line":172,"column":18},"end":{"line":172,"column":23}}]}},"s":{"0":73,"1":73,"2":91,"3":99,"4":48,"5":51,"6":3,"7":3,"8":3,"9":3,"10":3,"11":0,"12":0,"13":3,"14":3,"15":11,"16":8,"17":8,"18":0,"19":8,"20":8,"21":8,"22":11,"23":3,"24":19,"25":16,"26":16,"27":0,"28":0,"29":0,"30":0,"31":0,"32":0},"f":{"0":97,"1":105,"2":99,"3":99,"4":0,"5":3,"6":11,"7":11,"8":0,"9":8,"10":8,"11":0,"12":19,"13":0,"14":0,"15":0},"b":{"0":[3,0],"1":[3,3]}}
,"C:\\xampp\\htdocs\\Ynov\\av2-linked-up\\src\\components\\artists\\ArtistEvents.vue": {"path":"C:\\xampp\\htdocs\\Ynov\\av2-linked-up\\src\\components\\artists\\ArtistEvents.vue","statementMap":{"0":{"start":{"line":13,"column":15},"end":{"line":13,"column":null}},"1":{"start":{"line":16,"column":4},"end":{"line":16,"column":11}}},"fnMap":{"0":{"name":"(anonymous_0)","decl":{"start":{"line":15,"column":2},"end":{"line":15,"column":6}},"loc":{"start":{"line":15,"column":9},"end":{"line":17,"column":null}}}},"branchMap":{},"s":{"0":16,"1":2},"f":{"0":16},"b":{}}
,"C:\\xampp\\htdocs\\Ynov\\av2-linked-up\\src\\components\\artists\\ArtistInbox.vue": {"path":"C:\\xampp\\htdocs\\Ynov\\av2-linked-up\\src\\components\\artists\\ArtistInbox.vue","statementMap":{"0":{"start":{"line":14,"column":0},"end":{"line":14,"column":null}},"1":{"start":{"line":21,"column":15},"end":{"line":21,"column":null}},"2":{"start":{"line":24,"column":4},"end":{"line":24,"column":11}},"3":{"start":{"line":29,"column":4},"end":{"line":29,"column":9}},"4":{"start":{"line":32,"column":8},"end":{"line":32,"column":13}},"5":{"start":{"line":35,"column":8},"end":{"line":35,"column":14}}},"fnMap":{"0":{"name":"(anonymous_0)","decl":{"start":{"line":23,"column":2},"end":{"line":23,"column":6}},"loc":{"start":{"line":23,"column":9},"end":{"line":27,"column":null}}},"1":{"name":"(anonymous_1)","decl":{"start":{"line":28,"column":2},"end":{"line":28,"column":9}},"loc":{"start":{"line":28,"column":12},"end":{"line":37,"column":null}}},"2":{"name":"(anonymous_2)","decl":{"start":{"line":31,"column":12},"end":{"line":31,"column":18}},"loc":{"start":{"line":31,"column":18},"end":{"line":33,"column":null}}},"3":{"name":"(anonymous_3)","decl":{"start":{"line":34,"column":14},"end":{"line":34,"column":22}},"loc":{"start":{"line":34,"column":22},"end":{"line":36,"column":null}}}},"branchMap":{},"s":{"0":16,"1":16,"2":32,"3":48,"4":6,"5":0},"f":{"0":32,"1":48,"2":48,"3":0},"b":{}}
,"C:\\xampp\\htdocs\\Ynov\\av2-linked-up\\src\\components\\artists\\ArtistItem.vue": {"path":"C:\\xampp\\htdocs\\Ynov\\av2-linked-up\\src\\components\\artists\\ArtistItem.vue","statementMap":{"0":{"start":{"line":26,"column":15},"end":{"line":26,"column":null}}},"fnMap":{},"branchMap":{},"s":{"0":40},"f":{},"b":{}}
,"C:\\xampp\\htdocs\\Ynov\\av2-linked-up\\src\\components\\artists\\ArtistList.vue": {"path":"C:\\xampp\\htdocs\\Ynov\\av2-linked-up\\src\\components\\artists\\ArtistList.vue","statementMap":{"0":{"start":{"line":16,"column":0},"end":{"line":16,"column":null}},"1":{"start":{"line":17,"column":0},"end":{"line":17,"column":null}},"2":{"start":{"line":25,"column":15},"end":{"line":25,"column":null}},"3":{"start":{"line":31,"column":4},"end":{"line":31,"column":11}},"4":{"start":{"line":43,"column":4},"end":{"line":43,"column":10}},"5":{"start":{"line":46,"column":8},"end":{"line":46,"column":13}},"6":{"start":{"line":48,"column":22},"end":{"line":48,"column":28}}},"fnMap":{"0":{"name":"(anonymous_0)","decl":{"start":{"line":30,"column":2},"end":{"line":30,"column":6}},"loc":{"start":{"line":30,"column":9},"end":{"line":34,"column":null}}},"1":{"name":"(anonymous_1)","decl":{"start":{"line":42,"column":2},"end":{"line":42,"column":8}},"loc":{"start":{"line":42,"column":18},"end":{"line":49,"column":null}}},"2":{"name":"(anonymous_2)","decl":{"start":{"line":45,"column":12},"end":{"line":45,"column":18}},"loc":{"start":{"line":45,"column":18},"end":{"line":47,"column":null}}},"3":{"name":"(anonymous_3)","decl":{"start":{"line":48,"column":14},"end":{"line":48,"column":22}},"loc":{"start":{"line":48,"column":22},"end":{"line":48,"column":28}}}},"branchMap":{},"s":{"0":30,"1":30,"2":30,"3":16,"4":3,"5":3,"6":0},"f":{"0":30,"1":38,"2":38,"3":0},"b":{}}
,"C:\\xampp\\htdocs\\Ynov\\av2-linked-up\\src\\components\\artists\\ArtistProjects.vue": {"path":"C:\\xampp\\htdocs\\Ynov\\av2-linked-up\\src\\components\\artists\\ArtistProjects.vue","statementMap":{"0":{"start":{"line":12,"column":0},"end":{"line":12,"column":null}},"1":{"start":{"line":13,"column":0},"end":{"line":13,"column":null}},"2":{"start":{"line":21,"column":15},"end":{"line":21,"column":null}},"3":{"start":{"line":27,"column":4},"end":{"line":27,"column":11}},"4":{"start":{"line":32,"column":4},"end":{"line":32,"column":9}},"5":{"start":{"line":35,"column":8},"end":{"line":35,"column":13}},"6":{"start":{"line":38,"column":8},"end":{"line":38,"column":14}}},"fnMap":{"0":{"name":"(anonymous_0)","decl":{"start":{"line":26,"column":2},"end":{"line":26,"column":6}},"loc":{"start":{"line":26,"column":9},"end":{"line":30,"column":null}}},"1":{"name":"(anonymous_1)","decl":{"start":{"line":31,"column":2},"end":{"line":31,"column":9}},"loc":{"start":{"line":31,"column":12},"end":{"line":40,"column":null}}},"2":{"name":"(anonymous_2)","decl":{"start":{"line":34,"column":12},"end":{"line":34,"column":18}},"loc":{"start":{"line":34,"column":18},"end":{"line":36,"column":null}}},"3":{"name":"(anonymous_3)","decl":{"start":{"line":37,"column":14},"end":{"line":37,"column":22}},"loc":{"start":{"line":37,"column":22},"end":{"line":39,"column":null}}}},"branchMap":{},"s":{"0":8,"1":8,"2":8,"3":0,"4":0,"5":0,"6":0},"f":{"0":0,"1":0,"2":0,"3":0},"b":{}}
,"C:\\xampp\\htdocs\\Ynov\\av2-linked-up\\src\\components\\auth\\LoginForm.vue": {"path":"C:\\xampp\\htdocs\\Ynov\\av2-linked-up\\src\\components\\auth\\LoginForm.vue","statementMap":{"0":{"start":{"line":34,"column":0},"end":{"line":34,"column":null}},"1":{"start":{"line":45,"column":15},"end":{"line":45,"column":null}},"2":{"start":{"line":47,"column":4},"end":{"line":47,"column":11}},"3":{"start":{"line":62,"column":23},"end":{"line":62,"column":null}},"4":{"start":{"line":66,"column":6},"end":{"line":72,"column":null}},"5":{"start":{"line":67,"column":8},"end":{"line":67,"column":14}},"6":{"start":{"line":69,"column":8},"end":{"line":69,"column":13}},"7":{"start":{"line":70,"column":8},"end":{"line":70,"column":14}},"8":{"start":{"line":71,"column":8},"end":{"line":71,"column":null}},"9":{"start":{"line":73,"column":6},"end":{"line":73,"column":11}}},"fnMap":{"0":{"name":"(anonymous_0)","decl":{"start":{"line":46,"column":2},"end":{"line":46,"column":6}},"loc":{"start":{"line":46,"column":9},"end":{"line":52,"column":null}}},"1":{"name":"(anonymous_1)","decl":{"start":{"line":61,"column":4},"end":{"line":61,"column":10}},"loc":{"start":{"line":61,"column":18},"end":{"line":74,"column":null}}}},"branchMap":{},"s":{"0":77,"1":59,"2":91,"3":67,"4":24,"5":24,"6":0,"7":43,"8":0,"9":3},"f":{"0":109,"1":67},"b":{}}
,"C:\\xampp\\htdocs\\Ynov\\av2-linked-up\\src\\components\\auth\\RegisterForm.vue": {"path":"C:\\xampp\\htdocs\\Ynov\\av2-linked-up\\src\\components\\auth\\RegisterForm.vue","statementMap":{"0":{"start":{"line":53,"column":0},"end":{"line":53,"column":null}},"1":{"start":{"line":66,"column":15},"end":{"line":66,"column":null}},"2":{"start":{"line":69,"column":4},"end":{"line":69,"column":11}},"3":{"start":{"line":86,"column":23},"end":{"line":86,"column":null}},"4":{"start":{"line":92,"column":6},"end":{"line":98,"column":null}},"5":{"start":{"line":93,"column":8},"end":{"line":93,"column":14}},"6":{"start":{"line":95,"column":8},"end":{"line":95,"column":13}},"7":{"start":{"line":96,"column":8},"end":{"line":96,"column":14}},"8":{"start":{"line":97,"column":8},"end":{"line":97,"column":null}},"9":{"start":{"line":99,"column":6},"end":{"line":99,"column":11}}},"fnMap":{"0":{"name":"(anonymous_0)","decl":{"start":{"line":68,"column":2},"end":{"line":68,"column":6}},"loc":{"start":{"line":68,"column":9},"end":{"line":76,"column":null}}},"1":{"name":"(anonymous_1)","decl":{"start":{"line":85,"column":4},"end":{"line":85,"column":10}},"loc":{"start":{"line":85,"column":21},"end":{"line":100,"column":null}}}},"branchMap":{},"s":{"0":34,"1":23,"2":55,"3":31,"4":24,"5":24,"6":0,"7":7,"8":0,"9":3},"f":{"0":66,"1":31},"b":{}}
,"C:\\xampp\\htdocs\\Ynov\\av2-linked-up\\src\\components\\clients\\ClientDashboard.vue": {"path":"C:\\xampp\\htdocs\\Ynov\\av2-linked-up\\src\\components\\clients\\ClientDashboard.vue","statementMap":{"0":{"start":{"line":84,"column":0},"end":{"line":84,"column":null}},"1":{"start":{"line":101,"column":15},"end":{"line":101,"column":null}},"2":{"start":{"line":104,"column":4},"end":{"line":104,"column":11}},"3":{"start":{"line":121,"column":4},"end":{"line":121,"column":10}},"4":{"start":{"line":124,"column":8},"end":{"line":124,"column":13}},"5":{"start":{"line":127,"column":8},"end":{"line":127,"column":13}},"6":{"start":{"line":129,"column":22},"end":{"line":129,"column":28}},"7":{"start":{"line":133,"column":19},"end":{"line":133,"column":25}},"8":{"start":{"line":134,"column":20},"end":{"line":134,"column":21}},"9":{"start":{"line":136,"column":6},"end":{"line":143,"column":null}},"10":{"start":{"line":137,"column":8},"end":{"line":137,"column":13}},"11":{"start":{"line":138,"column":8},"end":{"line":138,"column":13}},"12":{"start":{"line":139,"column":8},"end":{"line":139,"column":13}},"13":{"start":{"line":141,"column":8},"end":{"line":141,"column":13}},"14":{"start":{"line":142,"column":8},"end":{"line":142,"column":13}},"15":{"start":{"line":146,"column":6},"end":{"line":146,"column":11}},"16":{"start":{"line":149,"column":10},"end":{"line":149,"column":15}},"17":{"start":{"line":150,"column":10},"end":{"line":150,"column":16}},"18":{"start":{"line":153,"column":10},"end":{"line":153,"column":15}},"19":{"start":{"line":157,"column":26},"end":{"line":157,"column":null}},"20":{"start":{"line":164,"column":6},"end":{"line":164,"column":12}},"21":{"start":{"line":167,"column":10},"end":{"line":167,"column":15}},"22":{"start":{"line":168,"column":10},"end":{"line":168,"column":16}},"23":{"start":{"line":171,"column":10},"end":{"line":171,"column":15}},"24":{"start":{"line":175,"column":6},"end":{"line":175,"column":11}},"25":{"start":{"line":176,"column":6},"end":{"line":176,"column":11}},"26":{"start":{"line":177,"column":6},"end":{"line":177,"column":16}},"27":{"start":{"line":178,"column":8},"end":{"line":178,"column":13}},"28":{"start":{"line":182,"column":6},"end":{"line":182,"column":11}},"29":{"start":{"line":183,"column":6},"end":{"line":183,"column":11}},"30":{"start":{"line":184,"column":6},"end":{"line":184,"column":12}},"31":{"start":{"line":185,"column":6},"end":{"line":185,"column":16}},"32":{"start":{"line":186,"column":8},"end":{"line":186,"column":13}}},"fnMap":{"0":{"name":"(anonymous_0)","decl":{"start":{"line":103,"column":2},"end":{"line":103,"column":6}},"loc":{"start":{"line":103,"column":9},"end":{"line":119,"column":null}}},"1":{"name":"(anonymous_1)","decl":{"start":{"line":120,"column":2},"end":{"line":120,"column":8}},"loc":{"start":{"line":120,"column":18},"end":{"line":130,"column":null}}},"2":{"name":"(anonymous_2)","decl":{"start":{"line":123,"column":12},"end":{"line":123,"column":18}},"loc":{"start":{"line":123,"column":18},"end":{"line":125,"column":null}}},"3":{"name":"(anonymous_3)","decl":{"start":{"line":126,"column":12},"end":{"line":126,"column":18}},"loc":{"start":{"line":126,"column":18},"end":{"line":128,"column":null}}},"4":{"name":"(anonymous_4)","decl":{"start":{"line":129,"column":14},"end":{"line":129,"column":22}},"loc":{"start":{"line":129,"column":22},"end":{"line":129,"column":28}}},"5":{"name":"(anonymous_5)","decl":{"start":{"line":132,"column":4},"end":{"line":132,"column":19}},"loc":{"start":{"line":132,"column":28},"end":{"line":144,"column":null}}},"6":{"name":"(anonymous_6)","decl":{"start":{"line":145,"column":4},"end":{"line":145,"column":22}},"loc":{"start":{"line":145,"column":25},"end":{"line":155,"column":null}}},"7":{"name":"(anonymous_7)","decl":{"start":{"line":148,"column":14},"end":{"line":148,"column":20}},"loc":{"start":{"line":148,"column":20},"end":{"line":151,"column":null}}},"8":{"name":"(anonymous_8)","decl":{"start":{"line":152,"column":16},"end":{"line":152,"column":24}},"loc":{"start":{"line":152,"column":24},"end":{"line":154,"column":null}}},"9":{"name":"(anonymous_9)","decl":{"start":{"line":156,"column":4},"end":{"line":156,"column":10}},"loc":{"start":{"line":156,"column":29},"end":{"line":173,"column":null}}},"10":{"name":"(anonymous_10)","decl":{"start":{"line":166,"column":14},"end":{"line":166,"column":20}},"loc":{"start":{"line":166,"column":20},"end":{"line":169,"column":null}}},"11":{"name":"(anonymous_11)","decl":{"start":{"line":170,"column":16},"end":{"line":170,"column":24}},"loc":{"start":{"line":170,"column":24},"end":{"line":172,"column":null}}},"12":{"name":"(anonymous_12)","decl":{"start":{"line":174,"column":4},"end":{"line":174,"column":15}},"loc":{"start":{"line":174,"column":18},"end":{"line":180,"column":null}}},"13":{"name":"(anonymous_13)","decl":{"start":{"line":177,"column":17},"end":{"line":177,"column":23}},"loc":{"start":{"line":177,"column":23},"end":{"line":179,"column":9}}},"14":{"name":"(anonymous_14)","decl":{"start":{"line":181,"column":4},"end":{"line":181,"column":13}},"loc":{"start":{"line":181,"column":19},"end":{"line":188,"column":null}}},"15":{"name":"(anonymous_15)","decl":{"start":{"line":185,"column":17},"end":{"line":185,"column":23}},"loc":{"start":{"line":185,"column":23},"end":{"line":187,"column":9}}}},"branchMap":{"0":{"loc":{"start":{"line":136,"column":6},"end":{"line":143,"column":null}},"type":"if","locations":[{"start":{"line":136,"column":6},"end":{"line":143,"column":null}},{"start":{"line":136,"column":6},"end":{"line":143,"column":null}}]},"1":{"loc":{"start":{"line":136,"column":10},"end":{"line":136,"column":14}},"type":"binary-expr","locations":[{"start":{"line":136,"column":10},"end":{"line":136,"column":14}},{"start":{"line":136,"column":18},"end":{"line":136,"column":23}}]}},"s":{"0":21,"1":21,"2":37,"3":45,"4":40,"5":5,"6":45,"7":5,"8":5,"9":5,"10":5,"11":0,"12":0,"13":5,"14":5,"15":13,"16":8,"17":8,"18":0,"19":8,"20":8,"21":8,"22":13,"23":5,"24":21,"25":16,"26":16,"27":0,"28":0,"29":0,"30":0,"31":0,"32":0},"f":{"0":37,"1":45,"2":45,"3":5,"4":40,"5":5,"6":13,"7":13,"8":0,"9":8,"10":8,"11":0,"12":21,"13":0,"14":0,"15":0},"b":{"0":[5,0],"1":[5,5]}}
,"C:\\xampp\\htdocs\\Ynov\\av2-linked-up\\src\\components\\clients\\ClientEvents.vue": {"path":"C:\\xampp\\htdocs\\Ynov\\av2-linked-up\\src\\components\\clients\\ClientEvents.vue","statementMap":{"0":{"start":{"line":13,"column":15},"end":{"line":13,"column":null}},"1":{"start":{"line":16,"column":4},"end":{"line":16,"column":11}}},"fnMap":{"0":{"name":"(anonymous_0)","decl":{"start":{"line":15,"column":2},"end":{"line":15,"column":6}},"loc":{"start":{"line":15,"column":9},"end":{"line":17,"column":null}}}},"branchMap":{},"s":{"0":16,"1":2},"f":{"0":16},"b":{}}
,"C:\\xampp\\htdocs\\Ynov\\av2-linked-up\\src\\components\\clients\\ClientInbox.vue": {"path":"C:\\xampp\\htdocs\\Ynov\\av2-linked-up\\src\\components\\clients\\ClientInbox.vue","statementMap":{"0":{"start":{"line":14,"column":0},"end":{"line":14,"column":null}},"1":{"start":{"line":21,"column":15},"end":{"line":21,"column":null}},"2":{"start":{"line":24,"column":4},"end":{"line":24,"column":11}},"3":{"start":{"line":29,"column":4},"end":{"line":29,"column":9}},"4":{"start":{"line":32,"column":8},"end":{"line":32,"column":13}},"5":{"start":{"line":35,"column":8},"end":{"line":35,"column":14}}},"fnMap":{"0":{"name":"(anonymous_0)","decl":{"start":{"line":23,"column":2},"end":{"line":23,"column":6}},"loc":{"start":{"line":23,"column":9},"end":{"line":27,"column":null}}},"1":{"name":"(anonymous_1)","decl":{"start":{"line":28,"column":2},"end":{"line":28,"column":9}},"loc":{"start":{"line":28,"column":12},"end":{"line":37,"column":null}}},"2":{"name":"(anonymous_2)","decl":{"start":{"line":31,"column":12},"end":{"line":31,"column":18}},"loc":{"start":{"line":31,"column":18},"end":{"line":33,"column":null}}},"3":{"name":"(anonymous_3)","decl":{"start":{"line":34,"column":14},"end":{"line":34,"column":22}},"loc":{"start":{"line":34,"column":22},"end":{"line":36,"column":null}}}},"branchMap":{},"s":{"0":26,"1":26,"2":42,"3":48,"4":6,"5":0},"f":{"0":42,"1":58,"2":58,"3":0},"b":{}}
,"C:\\xampp\\htdocs\\Ynov\\av2-linked-up\\src\\components\\clients\\ClientProjects.vue": {"path":"C:\\xampp\\htdocs\\Ynov\\av2-linked-up\\src\\components\\clients\\ClientProjects.vue","statementMap":{"0":{"start":{"line":14,"column":0},"end":{"line":14,"column":null}},"1":{"start":{"line":15,"column":0},"end":{"line":15,"column":null}},"2":{"start":{"line":23,"column":15},"end":{"line":23,"column":null}},"3":{"start":{"line":29,"column":4},"end":{"line":29,"column":11}},"4":{"start":{"line":34,"column":4},"end":{"line":34,"column":9}},"5":{"start":{"line":37,"column":8},"end":{"line":37,"column":13}},"6":{"start":{"line":40,"column":8},"end":{"line":40,"column":14}}},"fnMap":{"0":{"name":"(anonymous_0)","decl":{"start":{"line":28,"column":2},"end":{"line":28,"column":6}},"loc":{"start":{"line":28,"column":9},"end":{"line":32,"column":null}}},"1":{"name":"(anonymous_1)","decl":{"start":{"line":33,"column":2},"end":{"line":33,"column":9}},"loc":{"start":{"line":33,"column":12},"end":{"line":42,"column":null}}},"2":{"name":"(anonymous_2)","decl":{"start":{"line":36,"column":12},"end":{"line":36,"column":18}},"loc":{"start":{"line":36,"column":18},"end":{"line":38,"column":null}}},"3":{"name":"(anonymous_3)","decl":{"start":{"line":39,"column":14},"end":{"line":39,"column":22}},"loc":{"start":{"line":39,"column":22},"end":{"line":41,"column":null}}}},"branchMap":{},"s":{"0":16,"1":16,"2":12,"3":0,"4":0,"5":0,"6":0},"f":{"0":8,"1":8,"2":4,"3":0},"b":{}}
,"C:\\xampp\\htdocs\\Ynov\\av2-linked-up\\src\\components\\home\\Categories.vue": {"path":"C:\\xampp\\htdocs\\Ynov\\av2-linked-up\\src\\components\\home\\Categories.vue","statementMap":{"0":{"start":{"line":40,"column":0},"end":{"line":40,"column":null}},"1":{"start":{"line":48,"column":15},"end":{"line":48,"column":null}},"2":{"start":{"line":58,"column":6},"end":{"line":58,"column":12}},"3":{"start":{"line":60,"column":20},"end":{"line":60,"column":25}},"4":{"start":{"line":61,"column":24},"end":{"line":61,"column":30}}},"fnMap":{"0":{"name":"(anonymous_0)","decl":{"start":{"line":57,"column":4},"end":{"line":57,"column":10}},"loc":{"start":{"line":57,"column":28},"end":{"line":62,"column":null}}},"1":{"name":"(anonymous_1)","decl":{"start":{"line":60,"column":14},"end":{"line":60,"column":20}},"loc":{"start":{"line":60,"column":20},"end":{"line":60,"column":25}}},"2":{"name":"(anonymous_2)","decl":{"start":{"line":61,"column":16},"end":{"line":61,"column":24}},"loc":{"start":{"line":61,"column":24},"end":{"line":61,"column":30}}}},"branchMap":{},"s":{"0":40,"1":40,"2":24,"3":3,"4":0},"f":{"0":44,"1":44,"2":0},"b":{}}
,"C:\\xampp\\htdocs\\Ynov\\av2-linked-up\\src\\components\\home\\Geoloc.vue": {"path":"C:\\xampp\\htdocs\\Ynov\\av2-linked-up\\src\\components\\home\\Geoloc.vue","statementMap":{"0":{"start":{"line":25,"column":0},"end":{"line":25,"column":null}},"1":{"start":{"line":38,"column":15},"end":{"line":38,"column":null}},"2":{"start":{"line":40,"column":4},"end":{"line":40,"column":11}},"3":{"start":{"line":50,"column":6},"end":{"line":50,"column":11}},"4":{"start":{"line":52,"column":21},"end":{"line":52,"column":null}},"5":{"start":{"line":53,"column":8},"end":{"line":53,"column":13}},"6":{"start":{"line":54,"column":8},"end":{"line":54,"column":13}},"7":{"start":{"line":57,"column":8},"end":{"line":57,"column":13}},"8":{"start":{"line":59,"column":22},"end":{"line":59,"column":28}},"9":{"start":{"line":68,"column":6},"end":{"line":68,"column":12}},"10":{"start":{"line":76,"column":6},"end":{"line":76,"column":11}},"11":{"start":{"line":78,"column":19},"end":{"line":78,"column":24}},"12":{"start":{"line":79,"column":6},"end":{"line":79,"column":12}},"13":{"start":{"line":82,"column":23},"end":{"line":82,"column":26}},"14":{"start":{"line":83,"column":25},"end":{"line":83,"column":null}},"15":{"start":{"line":84,"column":24},"end":{"line":84,"column":30}},"16":{"start":{"line":85,"column":6},"end":{"line":85,"column":12}},"17":{"start":{"line":94,"column":6},"end":{"line":102,"column":null}},"18":{"start":{"line":95,"column":8},"end":{"line":95,"column":13}},"19":{"start":{"line":96,"column":22},"end":{"line":96,"column":27}},"20":{"start":{"line":97,"column":26},"end":{"line":97,"column":32}},"21":{"start":{"line":99,"column":8},"end":{"line":99,"column":13}},"22":{"start":{"line":100,"column":22},"end":{"line":100,"column":27}},"23":{"start":{"line":101,"column":26},"end":{"line":101,"column":32}}},"fnMap":{"0":{"name":"(anonymous_0)","decl":{"start":{"line":39,"column":2},"end":{"line":39,"column":6}},"loc":{"start":{"line":39,"column":9},"end":{"line":47,"column":null}}},"1":{"name":"(anonymous_1)","decl":{"start":{"line":49,"column":4},"end":{"line":49,"column":13}},"loc":{"start":{"line":49,"column":16},"end":{"line":60,"column":null}}},"2":{"name":"(anonymous_2)","decl":{"start":{"line":51,"column":12},"end":{"line":51,"column":18}},"loc":{"start":{"line":51,"column":18},"end":{"line":55,"column":null}}},"3":{"name":"(anonymous_3)","decl":{"start":{"line":56,"column":12},"end":{"line":56,"column":18}},"loc":{"start":{"line":56,"column":18},"end":{"line":58,"column":null}}},"4":{"name":"(anonymous_4)","decl":{"start":{"line":59,"column":14},"end":{"line":59,"column":22}},"loc":{"start":{"line":59,"column":22},"end":{"line":59,"column":28}}},"5":{"name":"(anonymous_5)","decl":{"start":{"line":67,"column":4},"end":{"line":67,"column":10}},"loc":{"start":{"line":67,"column":27},"end":{"line":69,"column":null}}},"6":{"name":"(anonymous_6)","decl":{"start":{"line":75,"column":4},"end":{"line":75,"column":10}},"loc":{"start":{"line":75,"column":25},"end":{"line":86,"column":null}}},"7":{"name":"(anonymous_7)","decl":{"start":{"line":82,"column":15},"end":{"line":82,"column":23}},"loc":{"start":{"line":82,"column":23},"end":{"line":82,"column":26}}},"8":{"name":"(anonymous_8)","decl":{"start":{"line":83,"column":15},"end":{"line":83,"column":25}},"loc":{"start":{"line":83,"column":25},"end":{"line":83,"column":null}}},"9":{"name":"(anonymous_9)","decl":{"start":{"line":84,"column":16},"end":{"line":84,"column":24}},"loc":{"start":{"line":84,"column":24},"end":{"line":84,"column":30}}},"10":{"name":"(anonymous_10)","decl":{"start":{"line":93,"column":4},"end":{"line":93,"column":16}},"loc":{"start":{"line":93,"column":19},"end":{"line":103,"column":null}}},"11":{"name":"(anonymous_11)","decl":{"start":{"line":96,"column":16},"end":{"line":96,"column":22}},"loc":{"start":{"line":96,"column":22},"end":{"line":96,"column":27}}},"12":{"name":"(anonymous_12)","decl":{"start":{"line":97,"column":18},"end":{"line":97,"column":26}},"loc":{"start":{"line":97,"column":26},"end":{"line":97,"column":32}}},"13":{"name":"(anonymous_13)","decl":{"start":{"line":100,"column":16},"end":{"line":100,"column":22}},"loc":{"start":{"line":100,"column":22},"end":{"line":100,"column":27}}},"14":{"name":"(anonymous_14)","decl":{"start":{"line":101,"column":18},"end":{"line":101,"column":26}},"loc":{"start":{"line":101,"column":26},"end":{"line":101,"column":32}}}},"branchMap":{"0":{"loc":{"start":{"line":94,"column":6},"end":{"line":102,"column":null}},"type":"if","locations":[{"start":{"line":94,"column":6},"end":{"line":102,"column":null}},{"start":{"line":94,"column":6},"end":{"line":102,"column":null}}]}},"s":{"0":186,"1":16,"2":22,"3":4,"4":4,"5":4,"6":0,"7":0,"8":4,"9":0,"10":4,"11":4,"12":4,"13":0,"14":0,"15":14,"16":14,"17":24,"18":20,"19":20,"20":0,"21":18,"22":14,"23":4,"24":null,"25":null,"26":null,"27":null,"28":null,"29":null,"30":null},"f":{"0":192,"1":4,"2":4,"3":0,"4":4,"5":0,"6":4,"7":0,"8":20,"9":14,"10":18,"11":0,"12":20,"13":0,"14":4,"15":null,"16":null},"b":{"0":[0,24]}}
,"C:\\xampp\\htdocs\\Ynov\\av2-linked-up\\src\\components\\nav\\Brand.vue": {"path":"C:\\xampp\\htdocs\\Ynov\\av2-linked-up\\src\\components\\nav\\Brand.vue","statementMap":{"0":{"start":{"line":13,"column":15},"end":{"line":13,"column":null}}},"fnMap":{},"branchMap":{},"s":{"0":24},"f":{},"b":{}}
,"C:\\xampp\\htdocs\\Ynov\\av2-linked-up\\src\\components\\nav\\Footer.vue": {"path":"C:\\xampp\\htdocs\\Ynov\\av2-linked-up\\src\\components\\nav\\Footer.vue","statementMap":{"0":{"start":{"line":28,"column":15},"end":{"line":28,"column":null}},"1":{"start":{"line":31,"column":4},"end":{"line":31,"column":11}},"2":{"start":{"line":36,"column":4},"end":{"line":36,"column":9}},"3":{"start":{"line":45,"column":6},"end":{"line":45,"column":11}}},"fnMap":{"0":{"name":"(anonymous_0)","decl":{"start":{"line":30,"column":2},"end":{"line":30,"column":6}},"loc":{"start":{"line":30,"column":9},"end":{"line":34,"column":null}}},"1":{"name":"(anonymous_1)","decl":{"start":{"line":35,"column":2},"end":{"line":35,"column":9}},"loc":{"start":{"line":35,"column":12},"end":{"line":37,"column":null}}},"2":{"name":"(anonymous_2)","decl":{"start":{"line":44,"column":4},"end":{"line":44,"column":11}},"loc":{"start":{"line":44,"column":14},"end":{"line":46,"column":null}}}},"branchMap":{},"s":{"0":146,"1":146,"2":146,"3":2},"f":{"0":146,"1":146,"2":146},"b":{}}
,"C:\\xampp\\htdocs\\Ynov\\av2-linked-up\\src\\components\\nav\\Navbar.vue": {"path":"C:\\xampp\\htdocs\\Ynov\\av2-linked-up\\src\\components\\nav\\Navbar.vue","statementMap":{"0":{"start":{"line":53,"column":0},"end":{"line":53,"column":null}},"1":{"start":{"line":54,"column":0},"end":{"line":54,"column":null}},"2":{"start":{"line":65,"column":15},"end":{"line":65,"column":null}},"3":{"start":{"line":72,"column":31},"end":{"line":72,"column":null}},"4":{"start":{"line":76,"column":4},"end":{"line":76,"column":11}},"5":{"start":{"line":87,"column":6},"end":{"line":87,"column":11}},"6":{"start":{"line":88,"column":6},"end":{"line":90,"column":null}},"7":{"start":{"line":89,"column":8},"end":{"line":89,"column":13}}},"fnMap":{"0":{"name":"(anonymous_0)","decl":{"start":{"line":72,"column":21},"end":{"line":72,"column":31}},"loc":{"start":{"line":72,"column":31},"end":{"line":72,"column":null}}},"1":{"name":"(anonymous_1)","decl":{"start":{"line":75,"column":2},"end":{"line":75,"column":6}},"loc":{"start":{"line":75,"column":9},"end":{"line":79,"column":null}}},"2":{"name":"(anonymous_2)","decl":{"start":{"line":86,"column":4},"end":{"line":86,"column":10}},"loc":{"start":{"line":86,"column":13},"end":{"line":91,"column":null}}}},"branchMap":{"0":{"loc":{"start":{"line":88,"column":6},"end":{"line":90,"column":null}},"type":"if","locations":[{"start":{"line":88,"column":6},"end":{"line":90,"column":null}},{"start":{"line":88,"column":6},"end":{"line":90,"column":null}}]}},"s":{"0":315,"1":204,"2":19,"3":83,"4":80,"5":0,"6":0,"7":0},"f":{"0":379,"1":268,"2":3},"b":{"0":[0,null]}}
,"C:\\xampp\\htdocs\\Ynov\\av2-linked-up\\src\\router\\index.js": {"path":"C:\\xampp\\htdocs\\Ynov\\av2-linked-up\\src\\router\\index.js","statementMap":{"0":{"start":{"line":22,"column":15},"end":{"line":122,"column":1}},"1":{"start":{"line":124,"column":15},"end":{"line":127,"column":2}},"2":{"start":{"line":129,"column":0},"end":{"line":139,"column":3}},"3":{"start":{"line":130,"column":2},"end":{"line":133,"column":3}},"4":{"start":{"line":130,"column":35},"end":{"line":130,"column":59}},"5":{"start":{"line":131,"column":4},"end":{"line":131,"column":11}},"6":{"start":{"line":132,"column":4},"end":{"line":132,"column":11}},"7":{"start":{"line":134,"column":2},"end":{"line":138,"column":3}},"8":{"start":{"line":135,"column":4},"end":{"line":135,"column":11}},"9":{"start":{"line":137,"column":4},"end":{"line":137,"column":27}}},"fnMap":{"0":{"name":"(anonymous_0)","decl":{"start":{"line":129,"column":18},"end":{"line":129,"column":19}},"loc":{"start":{"line":129,"column":38},"end":{"line":139,"column":1}},"line":129},"1":{"name":"(anonymous_1)","decl":{"start":{"line":130,"column":23},"end":{"line":130,"column":24}},"loc":{"start":{"line":130,"column":35},"end":{"line":130,"column":59}},"line":130}},"branchMap":{"0":{"loc":{"start":{"line":130,"column":2},"end":{"line":133,"column":3}},"type":"if","locations":[{"start":{"line":130,"column":2},"end":{"line":133,"column":3}},{"start":{},"end":{}}],"line":130},"1":{"loc":{"start":{"line":134,"column":2},"end":{"line":138,"column":3}},"type":"if","locations":[{"start":{"line":134,"column":2},"end":{"line":138,"column":3}},{"start":{"line":136,"column":9},"end":{"line":138,"column":3}}],"line":134}},"s":{"0":147,"1":147,"2":147,"3":556,"4":556,"5":387,"6":387,"7":169,"8":169,"9":0},"f":{"0":556,"1":556},"b":{"0":[387,169],"1":[169,0]},"_coverageSchema":"1a1c01bbd47fc00a2c39e90264f33305004495a9","hash":"ee05630eeeafd55fd3134308a22bf56211fd76f7"}
,"C:\\xampp\\htdocs\\Ynov\\av2-linked-up\\src\\store\\index.js": {"path":"C:\\xampp\\htdocs\\Ynov\\av2-linked-up\\src\\store\\index.js","statementMap":{},"fnMap":{},"branchMap":{},"s":{},"f":{},"b":{},"_coverageSchema":"1a1c01bbd47fc00a2c39e90264f33305004495a9","hash":"2aaa65587ecbabb4c0733de1dba4cc9ab7cc7808"}
,"C:\\xampp\\htdocs\\Ynov\\av2-linked-up\\src\\store\\modules\\artistProfile.js": {"path":"C:\\xampp\\htdocs\\Ynov\\av2-linked-up\\src\\store\\modules\\artistProfile.js","statementMap":{"0":{"start":{"line":30,"column":6},"end":{"line":30,"column":36}},"1":{"start":{"line":33,"column":6},"end":{"line":33,"column":30}},"2":{"start":{"line":52,"column":19},"end":{"line":52,"column":39}},"3":{"start":{"line":53,"column":18},"end":{"line":53,"column":45}},"4":{"start":{"line":55,"column":6},"end":{"line":71,"column":7}},"5":{"start":{"line":56,"column":8},"end":{"line":67,"column":11}},"6":{"start":{"line":69,"column":8},"end":{"line":69,"column":37}},"7":{"start":{"line":70,"column":8},"end":{"line":70,"column":15}},"8":{"start":{"line":80,"column":19},"end":{"line":80,"column":39}},"9":{"start":{"line":82,"column":6},"end":{"line":91,"column":7}},"10":{"start":{"line":83,"column":20},"end":{"line":83,"column":59}},"11":{"start":{"line":84,"column":8},"end":{"line":86,"column":9}},"12":{"start":{"line":85,"column":10},"end":{"line":85,"column":17}},"13":{"start":{"line":87,"column":8},"end":{"line":87,"column":47}},"14":{"start":{"line":89,"column":8},"end":{"line":89,"column":37}},"15":{"start":{"line":90,"column":8},"end":{"line":90,"column":15}},"16":{"start":{"line":100,"column":19},"end":{"line":100,"column":26}},"17":{"start":{"line":101,"column":6},"end":{"line":110,"column":7}},"18":{"start":{"line":102,"column":20},"end":{"line":102,"column":59}},"19":{"start":{"line":103,"column":8},"end":{"line":105,"column":9}},"20":{"start":{"line":104,"column":10},"end":{"line":104,"column":17}},"21":{"start":{"line":106,"column":8},"end":{"line":106,"column":47}},"22":{"start":{"line":108,"column":8},"end":{"line":108,"column":37}},"23":{"start":{"line":109,"column":8},"end":{"line":109,"column":15}},"24":{"start":{"line":118,"column":6},"end":{"line":131,"column":7}},"25":{"start":{"line":119,"column":21},"end":{"line":119,"column":50}},"26":{"start":{"line":120,"column":24},"end":{"line":120,"column":26}},"27":{"start":{"line":121,"column":8},"end":{"line":126,"column":11}},"28":{"start":{"line":121,"column":30},"end":{"line":126,"column":9}},"29":{"start":{"line":127,"column":8},"end":{"line":127,"column":41}},"30":{"start":{"line":129,"column":8},"end":{"line":129,"column":37}},"31":{"start":{"line":130,"column":8},"end":{"line":130,"column":15}},"32":{"start":{"line":142,"column":6},"end":{"line":142,"column":33}},"33":{"start":{"line":145,"column":6},"end":{"line":145,"column":27}}},"fnMap":{"0":{"name":"(anonymous_0)","decl":{"start":{"line":29,"column":4},"end":{"line":29,"column":5}},"loc":{"start":{"line":29,"column":37},"end":{"line":31,"column":5}},"line":29},"1":{"name":"(anonymous_1)","decl":{"start":{"line":32,"column":4},"end":{"line":32,"column":5}},"loc":{"start":{"line":32,"column":34},"end":{"line":34,"column":5}},"line":32},"2":{"name":"(anonymous_2)","decl":{"start":{"line":51,"column":4},"end":{"line":51,"column":5}},"loc":{"start":{"line":51,"column":39},"end":{"line":72,"column":5}},"line":51},"3":{"name":"(anonymous_3)","decl":{"start":{"line":79,"column":4},"end":{"line":79,"column":5}},"loc":{"start":{"line":79,"column":39},"end":{"line":92,"column":5}},"line":79},"4":{"name":"(anonymous_4)","decl":{"start":{"line":99,"column":4},"end":{"line":99,"column":5}},"loc":{"start":{"line":99,"column":45},"end":{"line":111,"column":5}},"line":99},"5":{"name":"(anonymous_5)","decl":{"start":{"line":117,"column":4},"end":{"line":117,"column":5}},"loc":{"start":{"line":117,"column":36},"end":{"line":132,"column":5}},"line":117},"6":{"name":"(anonymous_6)","decl":{"start":{"line":121,"column":21},"end":{"line":121,"column":22}},"loc":{"start":{"line":121,"column":30},"end":{"line":126,"column":9}},"line":121},"7":{"name":"(anonymous_7)","decl":{"start":{"line":141,"column":4},"end":{"line":141,"column":5}},"loc":{"start":{"line":141,"column":28},"end":{"line":143,"column":5}},"line":141},"8":{"name":"(anonymous_8)","decl":{"start":{"line":144,"column":4},"end":{"line":144,"column":5}},"loc":{"start":{"line":144,"column":25},"end":{"line":146,"column":5}},"line":144}},"branchMap":{"0":{"loc":{"start":{"line":84,"column":8},"end":{"line":86,"column":9}},"type":"if","locations":[{"start":{"line":84,"column":8},"end":{"line":86,"column":9}},{"start":{},"end":{}}],"line":84},"1":{"loc":{"start":{"line":103,"column":8},"end":{"line":105,"column":9}},"type":"if","locations":[{"start":{"line":103,"column":8},"end":{"line":105,"column":9}},{"start":{},"end":{}}],"line":103}},"s":{"0":64,"1":16,"2":0,"3":0,"4":0,"5":0,"6":0,"7":0,"8":61,"9":61,"10":59,"11":47,"12":39,"13":32,"14":32,"15":32,"16":24,"17":56,"18":32,"19":32,"20":8,"21":62,"22":8,"23":32,"24":16,"25":8,"26":8,"27":8,"28":32,"29":8,"30":0,"31":0,"32":24,"33":8},"f":{"0":64,"1":16,"2":0,"3":61,"4":56,"5":16,"6":70,"7":56,"8":16},"b":{"0":[47,8],"1":[0,56]},"_coverageSchema":"1a1c01bbd47fc00a2c39e90264f33305004495a9","hash":"a4269adca75ea0c71bb78004dd63a451e97a1408"}
,"C:\\xampp\\htdocs\\Ynov\\av2-linked-up\\src\\store\\modules\\auth.js": {"path":"C:\\xampp\\htdocs\\Ynov\\av2-linked-up\\src\\store\\modules\\auth.js","statementMap":{"0":{"start":{"line":32,"column":6},"end":{"line":32,"column":47}},"1":{"start":{"line":35,"column":6},"end":{"line":35,"column":31}},"2":{"start":{"line":38,"column":6},"end":{"line":38,"column":34}},"3":{"start":{"line":59,"column":23},"end":{"line":62,"column":7}},"4":{"start":{"line":64,"column":6},"end":{"line":68,"column":7}},"5":{"start":{"line":65,"column":8},"end":{"line":67,"column":11}},"6":{"start":{"line":70,"column":6},"end":{"line":74,"column":7}},"7":{"start":{"line":71,"column":8},"end":{"line":73,"column":11}},"8":{"start":{"line":76,"column":6},"end":{"line":80,"column":7}},"9":{"start":{"line":77,"column":8},"end":{"line":79,"column":11}},"10":{"start":{"line":82,"column":6},"end":{"line":86,"column":9}},"11":{"start":{"line":88,"column":6},"end":{"line":90,"column":9}},"12":{"start":{"line":92,"column":6},"end":{"line":92,"column":27}},"13":{"start":{"line":102,"column":6},"end":{"line":102,"column":77}},"14":{"start":{"line":104,"column":6},"end":{"line":104,"column":27}},"15":{"start":{"line":112,"column":19},"end":{"line":112,"column":35}},"16":{"start":{"line":114,"column":6},"end":{"line":116,"column":7}},"17":{"start":{"line":115,"column":8},"end":{"line":115,"column":29}},"18":{"start":{"line":125,"column":6},"end":{"line":125,"column":27}},"19":{"start":{"line":127,"column":6},"end":{"line":127,"column":27}},"20":{"start":{"line":136,"column":19},"end":{"line":136,"column":35}},"21":{"start":{"line":138,"column":6},"end":{"line":142,"column":7}},"22":{"start":{"line":139,"column":25},"end":{"line":139,"column":66}},"23":{"start":{"line":140,"column":21},"end":{"line":140,"column":41}},"24":{"start":{"line":141,"column":8},"end":{"line":141,"column":36}},"25":{"start":{"line":145,"column":19},"end":{"line":145,"column":39}},"26":{"start":{"line":146,"column":6},"end":{"line":146,"column":37}},"27":{"start":{"line":156,"column":6},"end":{"line":156,"column":28}},"28":{"start":{"line":159,"column":6},"end":{"line":159,"column":31}}},"fnMap":{"0":{"name":"(anonymous_0)","decl":{"start":{"line":31,"column":4},"end":{"line":31,"column":5}},"loc":{"start":{"line":31,"column":22},"end":{"line":33,"column":5}},"line":31},"1":{"name":"(anonymous_1)","decl":{"start":{"line":34,"column":4},"end":{"line":34,"column":5}},"loc":{"start":{"line":34,"column":32},"end":{"line":36,"column":5}},"line":34},"2":{"name":"(anonymous_2)","decl":{"start":{"line":37,"column":4},"end":{"line":37,"column":5}},"loc":{"start":{"line":37,"column":35},"end":{"line":39,"column":5}},"line":37},"3":{"name":"(anonymous_3)","decl":{"start":{"line":58,"column":4},"end":{"line":58,"column":5}},"loc":{"start":{"line":58,"column":40},"end":{"line":93,"column":5}},"line":58},"4":{"name":"(anonymous_4)","decl":{"start":{"line":101,"column":4},"end":{"line":101,"column":5}},"loc":{"start":{"line":101,"column":37},"end":{"line":105,"column":5}},"line":101},"5":{"name":"(anonymous_5)","decl":{"start":{"line":111,"column":4},"end":{"line":111,"column":5}},"loc":{"start":{"line":111,"column":26},"end":{"line":117,"column":5}},"line":111},"6":{"name":"(anonymous_6)","decl":{"start":{"line":124,"column":4},"end":{"line":124,"column":5}},"loc":{"start":{"line":124,"column":29},"end":{"line":128,"column":5}},"line":124},"7":{"name":"(anonymous_7)","decl":{"start":{"line":135,"column":4},"end":{"line":135,"column":5}},"loc":{"start":{"line":135,"column":34},"end":{"line":143,"column":5}},"line":135},"8":{"name":"(anonymous_8)","decl":{"start":{"line":144,"column":4},"end":{"line":144,"column":5}},"loc":{"start":{"line":144,"column":31},"end":{"line":147,"column":5}},"line":144},"9":{"name":"(anonymous_9)","decl":{"start":{"line":155,"column":4},"end":{"line":155,"column":5}},"loc":{"start":{"line":155,"column":23},"end":{"line":157,"column":5}},"line":155},"10":{"name":"(anonymous_10)","decl":{"start":{"line":158,"column":4},"end":{"line":158,"column":5}},"loc":{"start":{"line":158,"column":26},"end":{"line":160,"column":5}},"line":158}},"branchMap":{"0":{"loc":{"start":{"line":64,"column":6},"end":{"line":68,"column":7}},"type":"if","locations":[{"start":{"line":64,"column":6},"end":{"line":68,"column":7}},{"start":{},"end":{}}],"line":64},"1":{"loc":{"start":{"line":70,"column":6},"end":{"line":74,"column":7}},"type":"if","locations":[{"start":{"line":70,"column":6},"end":{"line":74,"column":7}},{"start":{},"end":{}}],"line":70},"2":{"loc":{"start":{"line":76,"column":6},"end":{"line":80,"column":7}},"type":"if","locations":[{"start":{"line":76,"column":6},"end":{"line":80,"column":7}},{"start":{},"end":{}}],"line":76},"3":{"loc":{"start":{"line":114,"column":6},"end":{"line":116,"column":7}},"type":"if","locations":[{"start":{"line":114,"column":6},"end":{"line":116,"column":7}},{"start":{},"end":{}}],"line":114},"4":{"loc":{"start":{"line":138,"column":6},"end":{"line":142,"column":7}},"type":"if","locations":[{"start":{"line":138,"column":6},"end":{"line":142,"column":7}},{"start":{},"end":{}}],"line":138}},"s":{"0":154,"1":185,"2":10,"3":8,"4":8,"5":8,"6":8,"7":0,"8":8,"9":0,"10":8,"11":8,"12":8,"13":54,"14":54,"15":147,"16":147,"17":19,"18":66,"19":66,"20":228,"21":228,"22":201,"23":185,"24":185,"25":10,"26":10,"27":212,"28":10},"f":{"0":154,"1":185,"2":10,"3":8,"4":54,"5":147,"6":66,"7":228,"8":10,"9":212,"10":10},"b":{"0":[8,0],"1":[0,8],"2":[0,8],"3":[19,128],"4":[201,27]},"_coverageSchema":"1a1c01bbd47fc00a2c39e90264f33305004495a9","hash":"7ef011438ad9db1e391e4fdb3680f561b24710ae"}
[...]
,"C:\\xampp\\htdocs\\Ynov\\av2-linked-up\\src\\store\\modules\\search.js": {"path":"C:\\xampp\\htdocs\\Ynov\\av2-linked-up\\src\\store\\modules\\search.js","statementMap":{"0":{"start":{"line":27,"column":6},"end":{"line":27,"column":30}},"1":{"start":{"line":30,"column":6},"end":{"line":30,"column":36}},"2":{"start":{"line":48,"column":19},"end":{"line":48,"column":78}},"3":{"start":{"line":49,"column":22},"end":{"line":49,"column":24}},"4":{"start":{"line":50,"column":6},"end":{"line":55,"column":9}},"5":{"start":{"line":50,"column":28},"end":{"line":55,"column":7}},"6":{"start":{"line":56,"column":6},"end":{"line":56,"column":43}},"7":{"start":{"line":66,"column":19},"end":{"line":66,"column":76}},"8":{"start":{"line":67,"column":22},"end":{"line":67,"column":24}},"9":{"start":{"line":68,"column":6},"end":{"line":73,"column":9}},"10":{"start":{"line":68,"column":28},"end":{"line":73,"column":7}},"11":{"start":{"line":74,"column":6},"end":{"line":74,"column":42}}},"fnMap":{"0":{"name":"(anonymous_0)","decl":{"start":{"line":26,"column":4},"end":{"line":26,"column":5}},"loc":{"start":{"line":26,"column":38},"end":{"line":28,"column":5}},"line":26},"1":{"name":"(anonymous_1)","decl":{"start":{"line":29,"column":4},"end":{"line":29,"column":5}},"loc":{"start":{"line":29,"column":37},"end":{"line":31,"column":5}},"line":29},"2":{"name":"(anonymous_2)","decl":{"start":{"line":47,"column":4},"end":{"line":47,"column":5}},"loc":{"start":{"line":47,"column":49},"end":{"line":57,"column":5}},"line":47},"3":{"name":"(anonymous_3)","decl":{"start":{"line":50,"column":19},"end":{"line":50,"column":20}},"loc":{"start":{"line":50,"column":28},"end":{"line":55,"column":7}},"line":50},"4":{"name":"(anonymous_4)","decl":{"start":{"line":65,"column":4},"end":{"line":65,"column":5}},"loc":{"start":{"line":65,"column":48},"end":{"line":75,"column":5}},"line":65},"5":{"name":"(anonymous_5)","decl":{"start":{"line":68,"column":19},"end":{"line":68,"column":20}},"loc":{"start":{"line":68,"column":28},"end":{"line":73,"column":7}},"line":68}},"branchMap":{},"s":{"0":24,"1":16,"2":24,"3":24,"4":24,"5":24,"6":24,"7":16,"8":16,"9":16,"10":48,"11":16},"f":{"0":24,"1":16,"2":24,"3":24,"4":16,"5":48},"b":{},"_coverageSchema":"1a1c01bbd47fc00a2c39e90264f33305004495a9","hash":"3e51c218ff6b515d6135ef0abc3ea45cfa54b606"}
,"C:\\xampp\\htdocs\\Ynov\\av2-linked-up\\src\\store\\modules\\thumbnail.js": {"path":"C:\\xampp\\htdocs\\Ynov\\av2-linked-up\\src\\store\\modules\\thumbnail.js","statementMap":{"0":{"start":{"line":35,"column":6},"end":{"line":35,"column":38}},"1":{"start":{"line":38,"column":6},"end":{"line":38,"column":38}},"2":{"start":{"line":56,"column":19},"end":{"line":56,"column":39}},"3":{"start":{"line":57,"column":19},"end":{"line":57,"column":26}},"4":{"start":{"line":58,"column":25},"end":{"line":58,"column":38}},"5":{"start":{"line":59,"column":25},"end":{"line":59,"column":73}},"6":{"start":{"line":61,"column":19},"end":{"line":61,"column":45}},"7":{"start":{"line":62,"column":19},"end":{"line":62,"column":50}},"8":{"start":{"line":63,"column":6},"end":{"line":71,"column":7}},"9":{"start":{"line":64,"column":8},"end":{"line":66,"column":11}},"10":{"start":{"line":67,"column":8},"end":{"line":67,"column":43}},"11":{"start":{"line":69,"column":8},"end":{"line":69,"column":37}},"12":{"start":{"line":70,"column":8},"end":{"line":70,"column":15}},"13":{"start":{"line":81,"column":19},"end":{"line":81,"column":39}},"14":{"start":{"line":82,"column":19},"end":{"line":82,"column":26}},"15":{"start":{"line":83,"column":25},"end":{"line":83,"column":38}},"16":{"start":{"line":84,"column":25},"end":{"line":84,"column":73}},"17":{"start":{"line":86,"column":19},"end":{"line":86,"column":45}},"18":{"start":{"line":87,"column":19},"end":{"line":87,"column":50}},"19":{"start":{"line":88,"column":6},"end":{"line":96,"column":7}},"20":{"start":{"line":89,"column":8},"end":{"line":91,"column":11}},"21":{"start":{"line":92,"column":8},"end":{"line":92,"column":43}},"22":{"start":{"line":94,"column":8},"end":{"line":94,"column":37}},"23":{"start":{"line":95,"column":8},"end":{"line":95,"column":15}},"24":{"start":{"line":106,"column":6},"end":{"line":106,"column":35}},"25":{"start":{"line":109,"column":6},"end":{"line":109,"column":35}}},"fnMap":{"0":{"name":"(anonymous_0)","decl":{"start":{"line":34,"column":4},"end":{"line":34,"column":5}},"loc":{"start":{"line":34,"column":39},"end":{"line":36,"column":5}},"line":34},"1":{"name":"(anonymous_1)","decl":{"start":{"line":37,"column":4},"end":{"line":37,"column":5}},"loc":{"start":{"line":37,"column":39},"end":{"line":39,"column":5}},"line":37},"2":{"name":"(anonymous_2)","decl":{"start":{"line":55,"column":4},"end":{"line":55,"column":5}},"loc":{"start":{"line":55,"column":50},"end":{"line":72,"column":5}},"line":55},"3":{"name":"(anonymous_3)","decl":{"start":{"line":80,"column":4},"end":{"line":80,"column":5}},"loc":{"start":{"line":80,"column":50},"end":{"line":97,"column":5}},"line":80},"4":{"name":"(anonymous_4)","decl":{"start":{"line":105,"column":4},"end":{"line":105,"column":5}},"loc":{"start":{"line":105,"column":30},"end":{"line":107,"column":5}},"line":105},"5":{"name":"(anonymous_5)","decl":{"start":{"line":108,"column":4},"end":{"line":108,"column":5}},"loc":{"start":{"line":108,"column":30},"end":{"line":110,"column":5}},"line":108}},"branchMap":{},"s":{"0":0,"1":5,"2":3,"3":3,"4":3,"5":3,"6":3,"7":3,"8":3,"9":3,"10":0,"11":3,"12":3,"13":5,"14":5,"15":5,"16":5,"17":5,"18":5,"19":5,"20":5,"21":5,"22":0,"23":0,"24":0,"25":0},"f":{"0":0,"1":5,"2":3,"3":5,"4":0,"5":0},"b":{},"_coverageSchema":"1a1c01bbd47fc00a2c39e90264f33305004495a9","hash":"042ad81e503d4e74f3cb2095d4527e5a605d737d"}
,"C:\\xampp\\htdocs\\Ynov\\av2-linked-up\\src\\utils\\firebase.js": {"path":"C:\\xampp\\htdocs\\Ynov\\av2-linked-up\\src\\utils\\firebase.js","statementMap":{"0":{"start":{"line":13,"column":23},"end":{"line":21,"column":1}},"1":{"start":{"line":23,"column":0},"end":{"line":23,"column":39}},"2":{"start":{"line":25,"column":13},"end":{"line":25,"column":28}},"3":{"start":{"line":26,"column":11},"end":{"line":26,"column":31}},"4":{"start":{"line":27,"column":16},"end":{"line":27,"column":34}},"5":{"start":{"line":28,"column":18},"end":{"line":28,"column":38}},"6":{"start":{"line":30,"column":24},"end":{"line":30,"column":46}},"7":{"start":{"line":31,"column":26},"end":{"line":31,"column":50}},"8":{"start":{"line":32,"column":26},"end":{"line":32,"column":50}},"9":{"start":{"line":33,"column":29},"end":{"line":33,"column":56}},"10":{"start":{"line":34,"column":28},"end":{"line":34,"column":54}},"11":{"start":{"line":35,"column":27},"end":{"line":35,"column":52}},"12":{"start":{"line":36,"column":27},"end":{"line":36,"column":52}}},"fnMap":{},"branchMap":{},"s":{"0":147,"1":147,"2":147,"3":147,"4":147,"5":147,"6":147,"7":147,"8":147,"9":147,"10":147,"11":147,"12":147},"f":{},"b":{},"_coverageSchema":"1a1c01bbd47fc00a2c39e90264f33305004495a9","hash":"22da54d8df015652d2635112728907d5a188baec"}
,"C:\\xampp\\htdocs\\Ynov\\av2-linked-up\\src\\utils\\globals.js": {"path":"C:\\xampp\\htdocs\\Ynov\\av2-linked-up\\src\\utils\\globals.js","statementMap":{"0":{"start":{"line":11,"column":27},"end":{"line":15,"column":5}},"1":{"start":{"line":17,"column":4},"end":{"line":27,"column":7}},"2":{"start":{"line":18,"column":30},"end":{"line":18,"column":54}},"3":{"start":{"line":19,"column":28},"end":{"line":21,"column":7}},"4":{"start":{"line":23,"column":6},"end":{"line":26,"column":8}}},"fnMap":{"0":{"name":"(anonymous_0)","decl":{"start":{"line":10,"column":2},"end":{"line":10,"column":3}},"loc":{"start":{"line":10,"column":15},"end":{"line":28,"column":3}},"line":10},"1":{"name":"(anonymous_1)","decl":{"start":{"line":17,"column":34},"end":{"line":17,"column":35}},"loc":{"start":{"line":17,"column":48},"end":{"line":27,"column":5}},"line":17}},"branchMap":{"0":{"loc":{"start":{"line":25,"column":8},"end":{"line":25,"column":50}},"type":"binary-expr","locations":[{"start":{"line":25,"column":8},"end":{"line":25,"column":31}},{"start":{"line":25,"column":35},"end":{"line":25,"column":50}}],"line":25}},"s":{"0":147,"1":147,"2":441,"3":441,"4":441},"f":{"0":147,"1":441},"b":{"0":[441,0]},"_coverageSchema":"1a1c01bbd47fc00a2c39e90264f33305004495a9","hash":"133e09e76423b4b941e2507052f4be7a6e34e3d4"}
,"C:\\xampp\\htdocs\\Ynov\\av2-linked-up\\src\\utils\\styles.js": {"path":"C:\\xampp\\htdocs\\Ynov\\av2-linked-up\\src\\utils\\styles.js","statementMap":{},"fnMap":{},"branchMap":{},"s":{},"f":{},"b":{},"_coverageSchema":"1a1c01bbd47fc00a2c39e90264f33305004495a9","hash":"3f89af537ee1f5ef12eb4e69db14c6f33e5555fc"}
,"C:\\xampp\\htdocs\\Ynov\\av2-linked-up\\src\\views\\Admin.vue": {"path":"C:\\xampp\\htdocs\\Ynov\\av2-linked-up\\src\\views\\Admin.vue","statementMap":{"0":{"start":{"line":15,"column":0},"end":{"line":15,"column":null}},"1":{"start":{"line":21,"column":15},"end":{"line":21,"column":null}}},"fnMap":{},"branchMap":{},"s":{"0":8,"1":8},"f":{},"b":{}}
,"C:\\xampp\\htdocs\\Ynov\\av2-linked-up\\src\\views\\ArtistContact.vue": {"path":"C:\\xampp\\htdocs\\Ynov\\av2-linked-up\\src\\views\\ArtistContact.vue","statementMap":{"0":{"start":{"line":32,"column":0},"end":{"line":32,"column":null}},"1":{"start":{"line":34,"column":15},"end":{"line":34,"column":null}},"2":{"start":{"line":37,"column":4},"end":{"line":37,"column":11}},"3":{"start":{"line":45,"column":4},"end":{"line":45,"column":9}},"4":{"start":{"line":46,"column":4},"end":{"line":46,"column":9}},"5":{"start":{"line":47,"column":4},"end":{"line":47,"column":9}},"6":{"start":{"line":51,"column":22},"end":{"line":51,"column":null}},"7":{"start":{"line":57,"column":6},"end":{"line":57,"column":11}},"8":{"start":{"line":60,"column":10},"end":{"line":60,"column":15}},"9":{"start":{"line":62,"column":24},"end":{"line":62,"column":30}}},"fnMap":{"0":{"name":"(anonymous_0)","decl":{"start":{"line":36,"column":2},"end":{"line":36,"column":6}},"loc":{"start":{"line":36,"column":9},"end":{"line":43,"column":null}}},"1":{"name":"(anonymous_1)","decl":{"start":{"line":44,"column":2},"end":{"line":44,"column":9}},"loc":{"start":{"line":44,"column":12},"end":{"line":48,"column":null}}},"2":{"name":"(anonymous_2)","decl":{"start":{"line":50,"column":4},"end":{"line":50,"column":16}},"loc":{"start":{"line":50,"column":19},"end":{"line":63,"column":null}}},"3":{"name":"(anonymous_3)","decl":{"start":{"line":59,"column":14},"end":{"line":59,"column":20}},"loc":{"start":{"line":59,"column":20},"end":{"line":61,"column":null}}},"4":{"name":"(anonymous_4)","decl":{"start":{"line":62,"column":16},"end":{"line":62,"column":24}},"loc":{"start":{"line":62,"column":24},"end":{"line":62,"column":30}}}},"branchMap":{},"s":{"0":8,"1":8,"2":40,"3":56,"4":56,"5":56,"6":46,"7":46,"8":2,"9":0,"10":null,"11":null},"f":{"0":40,"1":56,"2":16,"3":16,"4":0},"b":{}}
,"C:\\xampp\\htdocs\\Ynov\\av2-linked-up\\src\\views\\ArtistProfile.vue": {"path":"C:\\xampp\\htdocs\\Ynov\\av2-linked-up\\src\\views\\ArtistProfile.vue","statementMap":{"0":{"start":{"line":59,"column":0},"end":{"line":59,"column":null}},"1":{"start":{"line":69,"column":15},"end":{"line":69,"column":null}},"2":{"start":{"line":72,"column":4},"end":{"line":72,"column":11}},"3":{"start":{"line":91,"column":4},"end":{"line":91,"column":10}},"4":{"start":{"line":94,"column":8},"end":{"line":94,"column":13}},"5":{"start":{"line":95,"column":8},"end":{"line":95,"column":13}},"6":{"start":{"line":97,"column":22},"end":{"line":97,"column":28}},"7":{"start":{"line":99,"column":4},"end":{"line":99,"column":10}},"8":{"start":{"line":102,"column":8},"end":{"line":102,"column":13}},"9":{"start":{"line":104,"column":22},"end":{"line":104,"column":28}},"10":{"start":{"line":106,"column":4},"end":{"line":106,"column":10}},"11":{"start":{"line":109,"column":8},"end":{"line":109,"column":13}},"12":{"start":{"line":111,"column":22},"end":{"line":111,"column":28}},"13":{"start":{"line":115,"column":17},"end":{"line":115,"column":null}},"14":{"start":{"line":116,"column":21},"end":{"line":116,"column":null}},"15":{"start":{"line":117,"column":6},"end":{"line":121,"column":null}},"16":{"start":{"line":118,"column":8},"end":{"line":118,"column":13}},"17":{"start":{"line":120,"column":8},"end":{"line":120,"column":13}}},"fnMap":{"0":{"name":"(anonymous_0)","decl":{"start":{"line":71,"column":2},"end":{"line":71,"column":6}},"loc":{"start":{"line":71,"column":9},"end":{"line":89,"column":null}}},"1":{"name":"(anonymous_1)","decl":{"start":{"line":90,"column":2},"end":{"line":90,"column":8}},"loc":{"start":{"line":90,"column":18},"end":{"line":112,"column":null}}},"2":{"name":"(anonymous_2)","decl":{"start":{"line":93,"column":12},"end":{"line":93,"column":18}},"loc":{"start":{"line":93,"column":18},"end":{"line":96,"column":null}}},"3":{"name":"(anonymous_3)","decl":{"start":{"line":97,"column":14},"end":{"line":97,"column":22}},"loc":{"start":{"line":97,"column":22},"end":{"line":97,"column":28}}},"4":{"name":"(anonymous_4)","decl":{"start":{"line":101,"column":12},"end":{"line":101,"column":18}},"loc":{"start":{"line":101,"column":18},"end":{"line":103,"column":null}}},"5":{"name":"(anonymous_5)","decl":{"start":{"line":104,"column":14},"end":{"line":104,"column":22}},"loc":{"start":{"line":104,"column":22},"end":{"line":104,"column":28}}},"6":{"name":"(anonymous_6)","decl":{"start":{"line":108,"column":12},"end":{"line":108,"column":18}},"loc":{"start":{"line":108,"column":18},"end":{"line":110,"column":null}}},"7":{"name":"(anonymous_7)","decl":{"start":{"line":111,"column":14},"end":{"line":111,"column":22}},"loc":{"start":{"line":111,"column":22},"end":{"line":111,"column":28}}},"8":{"name":"(anonymous_8)","decl":{"start":{"line":114,"column":4},"end":{"line":114,"column":17}},"loc":{"start":{"line":114,"column":20},"end":{"line":122,"column":null}}}},"branchMap":{"0":{"loc":{"start":{"line":117,"column":6},"end":{"line":121,"column":null}},"type":"if","locations":[{"start":{"line":117,"column":6},"end":{"line":121,"column":null}},{"start":{"line":117,"column":6},"end":{"line":121,"column":null}}]}},"s":{"0":56,"1":56,"2":120,"3":168,"4":144,"5":144,"6":159,"7":129,"8":135,"9":84,"10":69,"11":126,"12":66,"13":14,"14":16,"15":22,"16":1,"17":1,"18":null,"19":null},"f":{"0":120,"1":168,"2":168,"3":120,"4":144,"5":0,"6":144,"7":0,"8":22},"b":{"0":[8,14]}}
,"C:\\xampp\\htdocs\\Ynov\\av2-linked-up\\src\\views\\Artists.vue": {"path":"C:\\xampp\\htdocs\\Ynov\\av2-linked-up\\src\\views\\Artists.vue","statementMap":{"0":{"start":{"line":11,"column":0},"end":{"line":11,"column":null}},"1":{"start":{"line":18,"column":15},"end":{"line":18,"column":null}}},"fnMap":{},"branchMap":{},"s":{"0":8,"1":8},"f":{},"b":{}}
,"C:\\xampp\\htdocs\\Ynov\\av2-linked-up\\src\\views\\Categories.vue": {"path":"C:\\xampp\\htdocs\\Ynov\\av2-linked-up\\src\\views\\Categories.vue","statementMap":{"0":{"start":{"line":8,"column":0},"end":{"line":8,"column":null}},"1":{"start":{"line":15,"column":15},"end":{"line":15,"column":null}}},"fnMap":{},"branchMap":{},"s":{"0":8,"1":8},"f":{},"b":{}}
,"C:\\xampp\\htdocs\\Ynov\\av2-linked-up\\src\\views\\CategoriesResults.vue": {"path":"C:\\xampp\\htdocs\\Ynov\\av2-linked-up\\src\\views\\CategoriesResults.vue","statementMap":{"0":{"start":{"line":24,"column":0},"end":{"line":24,"column":null}},"1":{"start":{"line":33,"column":15},"end":{"line":33,"column":null}},"2":{"start":{"line":39,"column":4},"end":{"line":39,"column":11}},"3":{"start":{"line":44,"column":4},"end":{"line":44,"column":9}}},"fnMap":{"0":{"name":"(anonymous_0)","decl":{"start":{"line":38,"column":2},"end":{"line":38,"column":6}},"loc":{"start":{"line":38,"column":9},"end":{"line":42,"column":null}}},"1":{"name":"(anonymous_1)","decl":{"start":{"line":43,"column":2},"end":{"line":43,"column":9}},"loc":{"start":{"line":43,"column":12},"end":{"line":45,"column":null}}}},"branchMap":{},"s":{"0":28,"1":28,"2":3,"3":3},"f":{"0":44,"1":44},"b":{}}
,"C:\\xampp\\htdocs\\Ynov\\av2-linked-up\\src\\views\\ClientProfile.vue": {"path":"C:\\xampp\\htdocs\\Ynov\\av2-linked-up\\src\\views\\ClientProfile.vue","statementMap":{"0":{"start":{"line":25,"column":0},"end":{"line":25,"column":null}},"1":{"start":{"line":34,"column":15},"end":{"line":34,"column":null}},"2":{"start":{"line":37,"column":4},"end":{"line":37,"column":11}},"3":{"start":{"line":49,"column":4},"end":{"line":49,"column":10}},"4":{"start":{"line":52,"column":8},"end":{"line":52,"column":13}},"5":{"start":{"line":54,"column":22},"end":{"line":54,"column":28}}},"fnMap":{"0":{"name":"(anonymous_0)","decl":{"start":{"line":36,"column":2},"end":{"line":36,"column":6}},"loc":{"start":{"line":36,"column":9},"end":{"line":47,"column":null}}},"1":{"name":"(anonymous_1)","decl":{"start":{"line":48,"column":2},"end":{"line":48,"column":8}},"loc":{"start":{"line":48,"column":18},"end":{"line":55,"column":null}}},"2":{"name":"(anonymous_2)","decl":{"start":{"line":51,"column":12},"end":{"line":51,"column":18}},"loc":{"start":{"line":51,"column":18},"end":{"line":53,"column":null}}},"3":{"name":"(anonymous_3)","decl":{"start":{"line":54,"column":14},"end":{"line":54,"column":22}},"loc":{"start":{"line":54,"column":22},"end":{"line":54,"column":28}}}},"branchMap":{},"s":{"0":8,"1":8,"2":24,"3":40,"4":5,"5":0},"f":{"0":24,"1":40,"2":40,"3":0},"b":{}}
,"C:\\xampp\\htdocs\\Ynov\\av2-linked-up\\src\\views\\Conventions.vue": {"path":"C:\\xampp\\htdocs\\Ynov\\av2-linked-up\\src\\views\\Conventions.vue","statementMap":{"0":{"start":{"line":12,"column":15},"end":{"line":12,"column":null}}},"fnMap":{},"branchMap":{},"s":{"0":8},"f":{},"b":{}}
,"C:\\xampp\\htdocs\\Ynov\\av2-linked-up\\src\\views\\GeoResults.vue": {"path":"C:\\xampp\\htdocs\\Ynov\\av2-linked-up\\src\\views\\GeoResults.vue","statementMap":{"0":{"start":{"line":24,"column":0},"end":{"line":24,"column":null}},"1":{"start":{"line":33,"column":15},"end":{"line":33,"column":null}},"2":{"start":{"line":39,"column":4},"end":{"line":39,"column":11}},"3":{"start":{"line":44,"column":4},"end":{"line":44,"column":9}}},"fnMap":{"0":{"name":"(anonymous_0)","decl":{"start":{"line":38,"column":2},"end":{"line":38,"column":6}},"loc":{"start":{"line":38,"column":9},"end":{"line":42,"column":null}}},"1":{"name":"(anonymous_1)","decl":{"start":{"line":43,"column":2},"end":{"line":43,"column":9}},"loc":{"start":{"line":43,"column":12},"end":{"line":45,"column":null}}}},"branchMap":{},"s":{"0":22,"1":22,"2":3,"3":3},"f":{"0":38,"1":38},"b":{}}
,"C:\\xampp\\htdocs\\Ynov\\av2-linked-up\\src\\views\\Home.vue": {"path":"C:\\xampp\\htdocs\\Ynov\\av2-linked-up\\src\\views\\Home.vue","statementMap":{"0":{"start":{"line":10,"column":0},"end":{"line":10,"column":null}},"1":{"start":{"line":18,"column":15},"end":{"line":18,"column":null}}},"fnMap":{},"branchMap":{},"s":{"0":8,"1":8,"2":null},"f":{},"b":{}}
,"C:\\xampp\\htdocs\\Ynov\\av2-linked-up\\src\\views\\Login.vue": {"path":"C:\\xampp\\htdocs\\Ynov\\av2-linked-up\\src\\views\\Login.vue","statementMap":{"0":{"start":{"line":19,"column":0},"end":{"line":19,"column":null}},"1":{"start":{"line":20,"column":0},"end":{"line":20,"column":null}},"2":{"start":{"line":29,"column":15},"end":{"line":29,"column":null}},"3":{"start":{"line":36,"column":4},"end":{"line":36,"column":11}}},"fnMap":{"0":{"name":"(anonymous_0)","decl":{"start":{"line":35,"column":2},"end":{"line":35,"column":6}},"loc":{"start":{"line":35,"column":9},"end":{"line":39,"column":null}}}},"branchMap":{},"s":{"0":58,"1":1,"2":1,"3":5},"f":{"0":90},"b":{}}
}
