TN:
SF:vue.config.js
FN:5,(anonymous_0)
FN:6,(anonymous_1)
FNF:2
FNH:2
FNDA:6,(anonymous_0)
FNDA:6,(anonymous_1)
DA:4,6
DA:6,6
DA:7,6
DA:8,6
LF:4
LH:4
BRF:0
BRH:0
end_of_record
TN:
SF:src\App.vue
FN:45,(anonymous_0)
FN:51,(anonymous_1)
FN:58,(anonymous_2)
FN:62,(anonymous_3)
FNF:4
FNH:4
FNDA:144,(anonymous_0)
FNDA:624,(anonymous_1)
FNDA:150,(anonymous_2)
FNDA:6,(anonymous_3)
DA:24,120
DA:25,600
DA:26,192
DA:38,414
DA:46,144
DA:52,30
DA:53,4
DA:55,1
DA:59,6
DA:63,1
LF:10
LH:10
BRDA:52,0,0,210
BRDA:52,0,1,
BRF:2
BRH:1
end_of_record
TN:
SF:src\main.js
FN:14,(anonymous_0)
FNF:1
FNH:1
FNDA:216,(anonymous_0)
DA:14,114
DA:15,216
DA:16,114
DA:17,114
DA:29,114
DA:30,114
DA:31,114
DA:32,114
LF:8
LH:8
BRDA:15,0,0,114
BRDA:15,0,1,102
BRF:2
BRH:2
end_of_record
TN:
SF:src\registerServiceWorker.js
FN:7,(anonymous_0)
FN:13,(anonymous_1)
FN:16,(anonymous_2)
FN:19,(anonymous_3)
FN:22,(anonymous_4)
FN:25,(anonymous_5)
FN:28,(anonymous_6)
FNF:7
FNH:0
FNDA:0,(anonymous_0)
FNDA:0,(anonymous_1)
FNDA:0,(anonymous_2)
FNDA:0,(anonymous_3)
FNDA:0,(anonymous_4)
FNDA:0,(anonymous_5)
FNDA:0,(anonymous_6)
DA:5,114
DA:6,0
DA:8,0
DA:14,0
DA:17,0
DA:20,0
DA:23,0
DA:26,0
DA:29,0
LF:9
LH:1
BRDA:5,0,0,0
BRDA:5,0,1,114
BRF:2
BRH:1
end_of_record
TN:
SF:src\components\admin\AdminEvents.vue
FN:27,(anonymous_0)
FN:32,(anonymous_1)
FN:35,(anonymous_2)
FN:38,(anonymous_3)
FNF:4
FNH:3
FNDA:48,(anonymous_0)
FNDA:60,(anonymous_1)
FNDA:60,(anonymous_2)
FNDA:0,(anonymous_3)
DA:8,18
DA:9,18
DA:10,18
DA:11,1
DA:20,1
DA:28,6
DA:33,8
DA:36,8
DA:39,0
LF:9
LH:8
BRF:0
BRH:0
end_of_record
TN:
SF:src\components\admin\AdminGallery.vue
FN:79,(anonymous_0)
FN:88,(anonymous_1)
FN:90,(anonymous_2)
FN:93,(anonymous_3)
FN:98,(anonymous_4)
FN:111,(anonymous_5)
FN:119,(anonymous_6)
FN:124,(anonymous_7)
FN:129,(anonymous_8)
FN:133,(anonymous_9)
FN:136,(anonymous_10)
FN:139,(anonymous_11)
FN:143,(anonymous_12)
FN:147,(anonymous_13)
FNF:14
FNH:9
FNDA:72,(anonymous_0)
FNDA:84,(anonymous_1)
FNDA:84,(anonymous_2)
FNDA:0,(anonymous_3)
FNDA:18,(anonymous_4)
FNDA:18,(anonymous_5)
FNDA:6,(anonymous_6)
FNDA:18,(anonymous_7)
FNDA:12,(anonymous_8)
FNDA:0,(anonymous_9)
FNDA:12,(anonymous_10)
FNDA:0,(anonymous_11)
FNDA:0,(anonymous_12)
FNDA:0,(anonymous_13)
DA:56,30
DA:57,30
DA:58,30
DA:73,30
DA:80,48
DA:89,72
DA:91,72
DA:94,12
DA:99,18
DA:100,18
DA:101,18
DA:102,18
DA:103,18
DA:104,12
DA:105,12
DA:106,12
DA:108,0
DA:112,6
DA:113,6
DA:114,0
DA:115,0
DA:120,18
DA:121,6
DA:122,6
DA:125,18
DA:126,18
DA:127,6
DA:130,0
DA:131,0
DA:134,0
DA:137,12
DA:138,12
DA:139,12
DA:140,0
DA:144,0
DA:145,0
DA:146,0
DA:147,0
DA:148,0
LF:39
LH:27
BRDA:103,0,0,12
BRDA:103,0,1,
BRDA:114,1,0,0
BRDA:114,1,1,
BRF:4
BRH:1
end_of_record
TN:
SF:src\components\admin\AdminInbox.vue
FN:24,(anonymous_0)
FN:29,(anonymous_1)
FN:32,(anonymous_2)
FN:35,(anonymous_3)
FNF:4
FNH:3
FNDA:54,(anonymous_0)
FNDA:66,(anonymous_1)
FNDA:66,(anonymous_2)
FNDA:0,(anonymous_3)
DA:7,30
DA:8,30
DA:9,30
DA:18,1
DA:25,5
DA:30,7
DA:33,7
DA:36,0
LF:8
LH:7
BRF:0
BRH:0
end_of_record
TN:
SF:src\components\admin\AdminNav.vue
FN:29,(anonymous_0)
FN:40,(anonymous_1)
FNF:2
FNH:2
FNDA:90,(anonymous_0)
FNDA:72,(anonymous_1)
DA:27,78
DA:30,78
DA:41,72
DA:42,72
DA:43,2
LF:5
LH:5
BRDA:42,0,0,66
BRDA:42,0,1,
BRF:2
BRH:1
end_of_record
TN:
SF:src\components\admin\AdminProfile.vue
FN:27,(anonymous_0)
FN:32,(anonymous_1)
FN:35,(anonymous_2)
FN:38,(anonymous_3)
FNF:4
FNH:3
FNDA:126,(anonymous_0)
FNDA:138,(anonymous_1)
FNDA:132,(anonymous_2)
FNDA:0,(anonymous_3)
DA:8,96
DA:9,96
DA:10,90
DA:11,1
DA:20,1
DA:28,6
DA:33,8
DA:36,8
DA:39,0
LF:9
LH:8
BRF:0
BRH:0
end_of_record
TN:
SF:src\components\admin\AdminProjects.vue
FN:22,(anonymous_0)
FN:27,(anonymous_1)
FN:28,(anonymous_2)
FNF:3
FNH:3
FNDA:54,(anonymous_0)
FNDA:66,(anonymous_1)
FNDA:66,(anonymous_2)
DA:7,30
DA:8,30
DA:16,30
DA:23,5
DA:28,7
DA:29,7
LF:6
LH:6
BRF:0
BRH:0
end_of_record
TN:
SF:src\components\admin\EventItem.vue
FN:29,(anonymous_0)
FN:34,(anonymous_1)
FN:37,(anonymous_2)
FN:40,(anonymous_3)
FNF:4
FNH:3
FNDA:18,(anonymous_0)
FNDA:36,(anonymous_1)
FNDA:36,(anonymous_2)
FNDA:0,(anonymous_3)
DA:18,18
DA:26,18
DA:30,18
DA:35,36
DA:38,36
DA:41,0
LF:6
LH:5
BRF:0
BRH:0
end_of_record
TN:
SF:src\components\admin\GalleryItem.vue
FN:23,(anonymous_0)
FNF:1
FNH:1
FNDA:18,(anonymous_0)
DA:19,24
DA:24,1
LF:2
LH:2
BRF:0
BRH:0
end_of_record
TN:
SF:src\components\admin\MessageDetails.vue
FN:46,(anonymous_0)
FN:53,(anonymous_1)
FN:56,(anonymous_2)
FN:59,(anonymous_3)
FN:66,(anonymous_4)
FN:74,(anonymous_5)
FN:77,(anonymous_6)
FN:80,(anonymous_7)
FN:84,(anonymous_8)
FN:87,(anonymous_9)
FN:90,(anonymous_10)
FN:94,(anonymous_11)
FNF:12
FNH:10
FNDA:42,(anonymous_0)
FNDA:54,(anonymous_1)
FNDA:54,(anonymous_2)
FNDA:0,(anonymous_3)
FNDA:24,(anonymous_4)
FNDA:24,(anonymous_5)
FNDA:24,(anonymous_6)
FNDA:0,(anonymous_7)
FNDA:78,(anonymous_8)
FNDA:78,(anonymous_9)
FNDA:78,(anonymous_10)
FNDA:54,(anonymous_11)
DA:34,18
DA:44,18
DA:47,42
DA:54,42
DA:57,54
DA:60,12
DA:63,54
DA:67,24
DA:68,24
DA:72,24
DA:75,12
DA:78,36
DA:81,24
DA:85,78
DA:88,78
DA:91,54
DA:92,9
DA:95,9
LF:18
LH:18
BRF:0
BRH:0
end_of_record
TN:
SF:src\components\admin\PreviewItem.vue
FN:22,(anonymous_0)
FNF:1
FNH:1
FNDA:6,(anonymous_0)
DA:19,12
DA:23,1
LF:2
LH:2
BRF:0
BRH:0
end_of_record
TN:
SF:src\components\admin\ProjectDetails.vue
FN:79,(anonymous_0)
FN:97,(anonymous_1)
FN:101,(anonymous_2)
FN:104,(anonymous_3)
FN:109,(anonymous_4)
FN:114,(anonymous_5)
FN:121,(anonymous_6)
FNF:7
FNH:5
FNDA:18,(anonymous_0)
FNDA:30,(anonymous_1)
FNDA:30,(anonymous_2)
FNDA:30,(anonymous_3)
FNDA:30,(anonymous_4)
FNDA:0,(anonymous_5)
FNDA:0,(anonymous_6)
DA:66,6
DA:77,6
DA:80,18
DA:98,30
DA:99,30
DA:102,30
DA:105,30
DA:106,0
DA:110,30
DA:115,0
DA:119,0
DA:122,0
DA:126,0
LF:13
LH:8
BRDA:105,0,0,0
BRDA:105,0,1,0
BRF:2
BRH:0
end_of_record
TN:
SF:src\components\admin\ProjectItem.vue
FN:43,(anonymous_0)
FN:49,(anonymous_1)
FN:53,(anonymous_2)
FN:56,(anonymous_3)
FN:59,(anonymous_4)
FNF:5
FNH:3
FNDA:18,(anonymous_0)
FNDA:0,(anonymous_1)
FNDA:36,(anonymous_2)
FNDA:36,(anonymous_3)
FNDA:0,(anonymous_4)
DA:30,24
DA:40,24
DA:44,18
DA:50,0
DA:54,36
DA:57,6
DA:60,0
LF:7
LH:5
BRF:0
BRH:0
end_of_record
TN:
SF:src\components\admin\ProjectStatus.vue
FNF:0
FNH:0
DA:13,18
LF:1
LH:1
BRF:0
BRH:0
end_of_record
TN:
SF:src\components\admin\Sidenav.vue
FN:87,(anonymous_0)
FN:92,(anonymous_1)
FN:93,(anonymous_2)
FNF:3
FNH:3
FNDA:84,(anonymous_0)
FNDA:96,(anonymous_1)
FNDA:90,(anonymous_2)
DA:85,78
DA:88,84
DA:93,90
DA:94,5
LF:4
LH:4
BRF:0
BRH:0
end_of_record
TN:
SF:src\components\app\Button.vue
FNF:0
FNH:0
DA:13,72
LF:1
LH:1
BRF:0
BRH:0
end_of_record
TN:
SF:src\components\app\Modal.vue
FN:40,(anonymous_0)
FN:50,(anonymous_1)
FN:53,(anonymous_2)
FN:58,(anonymous_3)
FN:62,(anonymous_4)
FN:65,(anonymous_5)
FNF:6
FNH:5
FNDA:258,(anonymous_0)
FNDA:18,(anonymous_1)
FNDA:1302,(anonymous_2)
FNDA:0,(anonymous_3)
FNDA:246,(anonymous_4)
FNDA:18,(anonymous_5)
DA:27,180
DA:41,108
DA:42,192
DA:44,54
DA:51,1320
DA:54,0
DA:55,0
DA:59,150
DA:63,108
DA:66,1
LF:10
LH:8
BRDA:41,0,0,54
BRDA:41,0,1,204
BRDA:41,1,0,258
BRDA:41,1,1,54
BRDA:54,2,0,0
BRDA:54,2,1,
BRDA:54,3,0,1302
BRDA:54,3,1,0
BRF:8
BRH:5
end_of_record
TN:
SF:src\components\app\Title.vue
FNF:0
FNH:0
DA:14,72
LF:1
LH:1
BRF:0
BRH:0
end_of_record
TN:
SF:src\components\artists\ArtistDashboard.vue
FN:137,(anonymous_0)
FN:157,(anonymous_1)
FN:160,(anonymous_2)
FN:163,(anonymous_3)
FN:166,(anonymous_4)
FN:169,(anonymous_5)
FN:182,(anonymous_6)
FN:185,(anonymous_7)
FN:189,(anonymous_8)
FN:193,(anonymous_9)
FN:206,(anonymous_10)
FN:210,(anonymous_11)
FN:214,(anonymous_12)
FN:217,(anonymous_13)
FN:221,(anonymous_14)
FN:225,(anonymous_15)
FNF:16
FNH:11
FNDA:90,(anonymous_0)
FNDA:96,(anonymous_1)
FNDA:90,(anonymous_2)
FNDA:90,(anonymous_3)
FNDA:42,(anonymous_4)
FNDA:12,(anonymous_5)
FNDA:12,(anonymous_6)
FNDA:12,(anonymous_7)
FNDA:0,(anonymous_8)
FNDA:6,(anonymous_9)
FNDA:6,(anonymous_10)
FNDA:0,(anonymous_11)
FNDA:18,(anonymous_12)
FNDA:0,(anonymous_13)
FNDA:0,(anonymous_14)
FNDA:0,(anonymous_15)
DA:118,66
DA:135,66
DA:138,84
DA:158,90
DA:161,42
DA:164,48
DA:166,48
DA:170,12
DA:171,12
DA:173,12
DA:174,6
DA:175,0
DA:176,0
DA:178,12
DA:179,12
DA:183,12
DA:186,6
DA:187,6
DA:190,0
DA:194,6
DA:204,6
DA:207,6
DA:208,12
DA:211,6
DA:215,18
DA:216,12
DA:217,12
DA:218,0
DA:222,0
DA:223,0
DA:224,0
DA:225,0
DA:226,0
LF:33
LH:24
BRDA:173,0,0,6
BRDA:173,0,1,6
BRDA:173,1,0,12
BRDA:173,1,1,6
BRF:4
BRH:4
end_of_record
TN:
SF:src\components\artists\ArtistEvents.vue
FN:12,(anonymous_0)
FNF:1
FNH:1
FNDA:12,(anonymous_0)
DA:10,12
DA:13,2
LF:2
LH:2
BRF:0
BRH:0
end_of_record
TN:
SF:src\components\artists\ArtistInbox.vue
FN:23,(anonymous_0)
FN:28,(anonymous_1)
FN:31,(anonymous_2)
FN:34,(anonymous_3)
FNF:4
FNH:3
FNDA:24,(anonymous_0)
FNDA:36,(anonymous_1)
FNDA:36,(anonymous_2)
FNDA:0,(anonymous_3)
DA:14,12
DA:21,12
DA:24,24
DA:29,36
DA:32,6
DA:35,0
LF:6
LH:5
BRF:0
BRH:0
end_of_record
TN:
SF:src\components\artists\ArtistItem.vue
FNF:0
FNH:0
DA:26,30
LF:1
LH:1
BRF:0
BRH:0
end_of_record
TN:
SF:src\components\artists\ArtistList.vue
FN:30,(anonymous_0)
FN:42,(anonymous_1)
FN:45,(anonymous_2)
FN:48,(anonymous_3)
FNF:4
FNH:3
FNDA:24,(anonymous_0)
FNDA:30,(anonymous_1)
FNDA:30,(anonymous_2)
FNDA:0,(anonymous_3)
DA:16,24
DA:17,24
DA:25,24
DA:31,12
DA:43,3
DA:46,3
DA:48,0
LF:7
LH:6
BRF:0
BRH:0
end_of_record
TN:
SF:src\components\artists\ArtistProjects.vue
FN:40,(anonymous_0)
FN:45,(anonymous_1)
FN:48,(anonymous_2)
FN:51,(anonymous_3)
FNF:4
FNH:3
FNDA:18,(anonymous_0)
FNDA:30,(anonymous_1)
FNDA:30,(anonymous_2)
FNDA:0,(anonymous_3)
DA:26,12
DA:27,12
DA:35,12
DA:41,18
DA:46,5
DA:49,5
DA:52,0
LF:7
LH:6
BRF:0
BRH:0
end_of_record
TN:
SF:src\components\auth\LoginForm.vue
FN:51,(anonymous_0)
FN:66,(anonymous_1)
FNF:2
FNH:2
FNDA:84,(anonymous_0)
FNDA:54,(anonymous_1)
DA:39,60
DA:50,48
DA:52,72
DA:67,54
DA:71,18
DA:72,18
DA:74,0
DA:75,36
DA:76,0
DA:78,3
LF:10
LH:8
BRF:0
BRH:0
end_of_record
TN:
SF:src\components\auth\RegisterForm.vue
FN:72,(anonymous_0)
FN:89,(anonymous_1)
FNF:2
FNH:2
FNDA:48,(anonymous_0)
FNDA:24,(anonymous_1)
DA:57,24
DA:70,18
DA:73,42
DA:90,24
DA:96,18
DA:97,18
DA:99,0
DA:100,6
DA:101,0
DA:103,3
LF:10
LH:8
BRF:0
BRH:0
end_of_record
TN:
SF:src\components\clients\ClientDashboard.vue
FN:104,(anonymous_0)
FN:121,(anonymous_1)
FN:124,(anonymous_2)
FN:127,(anonymous_3)
FN:130,(anonymous_4)
FN:133,(anonymous_5)
FN:146,(anonymous_6)
FN:149,(anonymous_7)
FN:153,(anonymous_8)
FN:157,(anonymous_9)
FN:167,(anonymous_10)
FN:171,(anonymous_11)
FN:175,(anonymous_12)
FN:178,(anonymous_13)
FN:182,(anonymous_14)
FN:186,(anonymous_15)
FNF:16
FNH:11
FNDA:42,(anonymous_0)
FNDA:54,(anonymous_1)
FNDA:54,(anonymous_2)
FNDA:54,(anonymous_3)
FNDA:48,(anonymous_4)
FNDA:12,(anonymous_5)
FNDA:12,(anonymous_6)
FNDA:12,(anonymous_7)
FNDA:0,(anonymous_8)
FNDA:6,(anonymous_9)
FNDA:6,(anonymous_10)
FNDA:0,(anonymous_11)
FNDA:18,(anonymous_12)
FNDA:0,(anonymous_13)
FNDA:0,(anonymous_14)
FNDA:0,(anonymous_15)
DA:85,18
DA:102,18
DA:105,42
DA:122,54
DA:125,48
DA:128,54
DA:130,54
DA:134,12
DA:135,12
DA:137,12
DA:138,6
DA:139,0
DA:140,0
DA:142,12
DA:143,12
DA:147,12
DA:150,6
DA:151,6
DA:154,0
DA:158,6
DA:165,6
DA:168,6
DA:169,12
DA:172,6
DA:176,18
DA:177,12
DA:178,12
DA:179,0
DA:183,0
DA:184,0
DA:185,0
DA:186,0
DA:187,0
LF:33
LH:24
BRDA:137,0,0,6
BRDA:137,0,1,6
BRDA:137,1,0,12
BRDA:137,1,1,6
BRF:4
BRH:4
end_of_record
TN:
SF:src\components\clients\ClientEvents.vue
FN:12,(anonymous_0)
FNF:1
FNH:1
FNDA:12,(anonymous_0)
DA:10,12
DA:13,2
LF:2
LH:2
BRF:0
BRH:0
end_of_record
TN:
SF:src\components\clients\ClientInbox.vue
FN:23,(anonymous_0)
FN:28,(anonymous_1)
FN:31,(anonymous_2)
FN:34,(anonymous_3)
FNF:4
FNH:3
FNDA:36,(anonymous_0)
FNDA:48,(anonymous_1)
FNDA:48,(anonymous_2)
FNDA:0,(anonymous_3)
DA:14,24
DA:21,24
DA:24,36
DA:29,36
DA:32,6
DA:35,0
LF:6
LH:5
BRF:0
BRH:0
end_of_record
TN:
SF:src\components\clients\ClientProjects.vue
FN:27,(anonymous_0)
FN:32,(anonymous_1)
FN:35,(anonymous_2)
FN:38,(anonymous_3)
FNF:4
FNH:3
FNDA:30,(anonymous_0)
FNDA:42,(anonymous_1)
FNDA:36,(anonymous_2)
FNDA:0,(anonymous_3)
DA:11,24
DA:12,24
DA:13,18
DA:21,12
DA:28,3
DA:33,5
DA:36,5
DA:39,0
LF:8
LH:7
BRF:0
BRH:0
end_of_record
TN:
SF:src\components\home\Categories.vue
FN:57,(anonymous_0)
FN:60,(anonymous_1)
FN:61,(anonymous_2)
FNF:3
FNH:2
FNDA:30,(anonymous_0)
FNDA:30,(anonymous_1)
FNDA:0,(anonymous_2)
DA:40,24
DA:48,24
DA:58,18
DA:60,3
DA:61,0
LF:5
LH:4
BRF:0
BRH:0
end_of_record
TN:
SF:src\components\home\Geoloc.vue
FN:39,(anonymous_0)
FN:49,(anonymous_1)
FN:51,(anonymous_2)
FN:56,(anonymous_3)
FN:59,(anonymous_4)
FN:67,(anonymous_5)
FN:75,(anonymous_6)
FN:82,(anonymous_7)
FN:83,(anonymous_8)
FN:84,(anonymous_9)
FN:93,(anonymous_10)
FN:96,(anonymous_11)
FN:97,(anonymous_12)
FN:100,(anonymous_13)
FN:101,(anonymous_14)
FNF:17
FNH:10
FNDA:174,(anonymous_0)
FNDA:12,(anonymous_1)
FNDA:12,(anonymous_2)
FNDA:0,(anonymous_3)
FNDA:12,(anonymous_4)
FNDA:0,(anonymous_5)
FNDA:12,(anonymous_6)
FNDA:0,(anonymous_7)
FNDA:12,(anonymous_8)
FNDA:12,(anonymous_9)
FNDA:24,(anonymous_10)
FNDA:0,(anonymous_11)
FNDA:12,(anonymous_12)
FNDA:0,(anonymous_13)
FNDA:12,(anonymous_14)
DA:25,156
DA:38,12
DA:40,30
DA:50,12
DA:52,12
DA:53,12
DA:54,0
DA:57,0
DA:59,12
DA:68,0
DA:76,12
DA:78,12
DA:79,12
DA:82,0
DA:83,0
DA:84,12
DA:85,12
DA:94,24
DA:95,12
DA:96,12
DA:97,0
DA:99,24
DA:100,12
DA:101,12
LF:24
LH:18
BRDA:94,0,0,0
BRDA:94,0,1,24
BRF:2
BRH:1
end_of_record
TN:
SF:src\components\nav\Brand.vue
FNF:0
FNH:0
DA:13,18
LF:1
LH:1
BRF:0
BRH:0
end_of_record
TN:
SF:src\components\nav\Footer.vue
FN:30,(anonymous_0)
FN:35,(anonymous_1)
FN:44,(anonymous_2)
FNF:3
FNH:3
FNDA:126,(anonymous_0)
FNDA:126,(anonymous_1)
FNDA:126,(anonymous_2)
DA:28,126
DA:31,126
DA:36,126
DA:45,2
LF:4
LH:4
BRF:0
BRH:0
end_of_record
TN:
SF:src\components\nav\Navbar.vue
FN:72,(anonymous_0)
FN:75,(anonymous_1)
FN:86,(anonymous_2)
FNF:3
FNH:3
FNDA:348,(anonymous_0)
FNDA:246,(anonymous_1)
FNDA:24,(anonymous_2)
DA:53,282
DA:54,180
DA:65,18
DA:72,84
DA:76,78
DA:87,3
DA:88,3
DA:89,0
LF:8
LH:7
BRDA:88,0,0,0
BRDA:88,0,1,
BRF:2
BRH:0
end_of_record
TN:
SF:src\components\organizers\OrgaDashboard.vue
FN:88,(anonymous_0)
FN:103,(anonymous_1)
FN:106,(anonymous_2)
FN:109,(anonymous_3)
FN:112,(anonymous_4)
FN:115,(anonymous_5)
FN:128,(anonymous_6)
FN:131,(anonymous_7)
FN:135,(anonymous_8)
FN:139,(anonymous_9)
FN:147,(anonymous_10)
FN:151,(anonymous_11)
FN:155,(anonymous_12)
FN:158,(anonymous_13)
FN:162,(anonymous_14)
FN:166,(anonymous_15)
FNF:16
FNH:11
FNDA:30,(anonymous_0)
FNDA:36,(anonymous_1)
FNDA:36,(anonymous_2)
FNDA:36,(anonymous_3)
FNDA:36,(anonymous_4)
FNDA:6,(anonymous_5)
FNDA:6,(anonymous_6)
FNDA:6,(anonymous_7)
FNDA:0,(anonymous_8)
FNDA:6,(anonymous_9)
FNDA:6,(anonymous_10)
FNDA:0,(anonymous_11)
FNDA:12,(anonymous_12)
FNDA:0,(anonymous_13)
FNDA:0,(anonymous_14)
FNDA:0,(anonymous_15)
DA:69,12
DA:86,12
DA:89,30
DA:104,36
DA:107,36
DA:110,36
DA:112,36
DA:116,6
DA:117,6
DA:119,6
DA:120,0
DA:121,0
DA:122,0
DA:124,6
DA:125,6
DA:129,6
DA:132,6
DA:133,6
DA:136,0
DA:140,6
DA:145,6
DA:148,6
DA:149,6
DA:152,0
DA:156,12
DA:157,12
DA:158,12
DA:159,0
DA:163,0
DA:164,0
DA:165,0
DA:166,0
DA:167,0
LF:33
LH:22
BRDA:119,0,0,0
BRDA:119,0,1,6
BRDA:119,1,0,6
BRDA:119,1,1,0
BRF:4
BRH:2
end_of_record
TN:
SF:src\components\organizers\OrgaEvents.vue
FN:31,(anonymous_0)
FN:36,(anonymous_1)
FN:39,(anonymous_2)
FN:42,(anonymous_3)
FNF:4
FNH:3
FNDA:18,(anonymous_0)
FNDA:30,(anonymous_1)
FNDA:30,(anonymous_2)
FNDA:0,(anonymous_3)
DA:18,12
DA:19,12
DA:26,12
DA:32,18
DA:37,30
DA:40,30
DA:43,0
LF:7
LH:6
BRF:0
BRH:0
end_of_record
TN:
SF:src\router\index.js
FN:129,(anonymous_0)
FN:130,(anonymous_1)
FNF:2
FNH:2
FNDA:480,(anonymous_0)
FNDA:480,(anonymous_1)
DA:22,114
DA:124,114
DA:129,114
DA:130,480
DA:131,294
DA:132,294
DA:134,186
DA:135,186
DA:137,0
LF:9
LH:8
BRDA:130,0,0,294
BRDA:130,0,1,186
BRDA:134,1,0,186
BRDA:134,1,1,0
BRF:4
BRH:3
end_of_record
TN:
SF:src\store\index.js
FNF:0
FNH:0
LF:0
LH:0
BRF:0
BRH:0
end_of_record
TN:
SF:src\store\modules\artistProfile.js
FN:29,(anonymous_0)
FN:32,(anonymous_1)
FN:51,(anonymous_2)
FN:79,(anonymous_3)
FN:99,(anonymous_4)
FN:117,(anonymous_5)
FN:121,(anonymous_6)
FN:141,(anonymous_7)
FN:144,(anonymous_8)
FNF:9
FNH:8
FNDA:36,(anonymous_0)
FNDA:12,(anonymous_1)
FNDA:0,(anonymous_2)
FNDA:54,(anonymous_3)
FNDA:36,(anonymous_4)
FNDA:12,(anonymous_5)
FNDA:48,(anonymous_6)
FNDA:36,(anonymous_7)
FNDA:12,(anonymous_8)
DA:30,36
DA:33,12
DA:52,0
DA:53,0
DA:55,0
DA:56,0
DA:69,0
DA:70,0
DA:80,54
DA:82,54
DA:83,54
DA:84,48
DA:85,48
DA:87,0
DA:89,0
DA:90,0
DA:100,36
DA:101,36
DA:102,36
DA:103,36
DA:104,0
DA:106,36
DA:108,0
DA:109,0
DA:118,12
DA:119,12
DA:120,12
DA:121,48
DA:127,12
DA:129,0
DA:130,0
DA:142,36
DA:145,12
LF:33
LH:19
BRDA:84,0,0,48
BRDA:84,0,1,0
BRDA:103,1,0,0
BRDA:103,1,1,36
BRF:4
BRH:2
end_of_record
TN:
SF:src\store\modules\auth.js
FN:31,(anonymous_0)
FN:34,(anonymous_1)
FN:37,(anonymous_2)
FN:58,(anonymous_3)
FN:101,(anonymous_4)
FN:111,(anonymous_5)
FN:124,(anonymous_6)
FN:135,(anonymous_7)
FN:144,(anonymous_8)
FN:155,(anonymous_9)
FN:158,(anonymous_10)
FNF:11
FNH:11
FNDA:132,(anonymous_0)
FNDA:204,(anonymous_1)
FNDA:12,(anonymous_2)
FNDA:6,(anonymous_3)
FNDA:36,(anonymous_4)
FNDA:114,(anonymous_5)
FNDA:60,(anonymous_6)
FNDA:240,(anonymous_7)
FNDA:12,(anonymous_8)
FNDA:228,(anonymous_9)
FNDA:12,(anonymous_10)
DA:32,132
DA:35,204
DA:38,12
DA:59,6
DA:64,6
DA:65,6
DA:70,6
DA:71,0
DA:76,6
DA:77,0
DA:82,6
DA:88,6
DA:92,6
DA:102,36
DA:104,36
DA:112,114
DA:114,114
DA:115,30
DA:125,60
DA:127,60
DA:136,240
DA:138,240
DA:139,216
DA:140,204
DA:141,204
DA:145,12
DA:146,12
DA:156,228
DA:159,12
LF:29
LH:27
BRDA:64,0,0,6
BRDA:64,0,1,0
BRDA:70,1,0,0
BRDA:70,1,1,6
BRDA:76,2,0,0
BRDA:76,2,1,6
BRDA:114,3,0,30
BRDA:114,3,1,84
BRDA:138,4,0,216
BRDA:138,4,1,24
BRF:10
BRH:7
end_of_record
TN:
SF:src\store\modules\clientProfile.js
FN:26,(anonymous_0)
FN:44,(anonymous_1)
FN:67,(anonymous_2)
FN:81,(anonymous_3)
FN:96,(anonymous_4)
FNF:5
FNH:2
FNDA:6,(anonymous_0)
FNDA:0,(anonymous_1)
FNDA:6,(anonymous_2)
FNDA:0,(anonymous_3)
FNDA:0,(anonymous_4)
DA:27,6
DA:45,0
DA:47,0
DA:48,0
DA:57,0
DA:58,0
DA:68,6
DA:69,6
DA:70,6
DA:71,0
DA:73,6
DA:82,0
DA:83,0
DA:84,0
DA:85,0
DA:87,0
DA:97,0
LF:17
LH:5
BRDA:70,0,0,0
BRDA:70,0,1,6
BRDA:84,1,0,0
BRDA:84,1,1,0
BRF:4
BRH:1
end_of_record
TN:
SF:src\store\modules\gallery.js
FN:32,(anonymous_0)
FN:35,(anonymous_1)
FN:38,(anonymous_2)
FN:63,(anonymous_3)
FN:91,(anonymous_4)
FN:107,(anonymous_5)
FN:148,(anonymous_6)
FN:166,(anonymous_7)
FN:183,(anonymous_8)
FNF:9
FNH:7
FNDA:0,(anonymous_0)
FNDA:24,(anonymous_1)
FNDA:24,(anonymous_2)
FNDA:0,(anonymous_3)
FNDA:24,(anonymous_4)
FNDA:12,(anonymous_5)
FNDA:12,(anonymous_6)
FNDA:36,(anonymous_7)
FNDA:24,(anonymous_8)
DA:33,0
DA:36,24
DA:39,24
DA:64,0
DA:65,0
DA:66,0
DA:68,0
DA:69,0
DA:70,0
DA:71,0
DA:72,0
DA:73,0
DA:76,0
DA:77,0
DA:81,0
DA:82,0
DA:92,24
DA:93,24
DA:94,24
DA:95,24
DA:96,0
DA:98,24
DA:108,12
DA:109,12
DA:110,12
DA:112,12
DA:113,12
DA:114,12
DA:115,12
DA:116,12
DA:117,6
DA:120,6
DA:121,0
DA:122,0
DA:123,0
DA:126,0
DA:128,0
DA:129,0
DA:132,0
DA:133,0
DA:137,0
DA:138,0
DA:149,12
DA:150,12
DA:151,12
DA:155,0
DA:156,0
DA:167,36
DA:168,36
DA:169,24
DA:170,24
DA:171,0
DA:173,24
DA:174,24
DA:184,24
LF:55
LH:27
BRDA:95,0,0,0
BRDA:95,0,1,24
BRDA:122,1,0,0
BRDA:122,1,1,0
BRDA:170,2,0,0
BRDA:170,2,1,24
BRF:6
BRH:2
end_of_record
TN:
SF:src\store\modules\index.js
FN:11,(anonymous_0)
FNF:1
FNH:1
FNDA:1026,(anonymous_0)
DA:8,114
DA:9,114
DA:11,114
DA:12,1026
DA:13,114
DA:16,912
DA:17,912
DA:18,912
LF:8
LH:8
BRDA:12,0,0,114
BRDA:12,0,1,912
BRDA:18,1,0,912
BRDA:18,1,1,0
BRF:4
BRH:3
end_of_record
TN:
SF:src\store\modules\messages.js
FN:30,(anonymous_0)
FN:33,(anonymous_1)
FN:36,(anonymous_2)
FN:56,(anonymous_3)
FN:87,(anonymous_4)
FN:111,(anonymous_5)
FN:118,(anonymous_6)
FN:120,(anonymous_7)
FN:137,(anonymous_8)
FN:145,(anonymous_9)
FN:161,(anonymous_10)
FN:169,(anonymous_11)
FN:187,(anonymous_12)
FN:190,(anonymous_13)
FN:193,(anonymous_14)
FNF:15
FNH:10
FNDA:24,(anonymous_0)
FNDA:12,(anonymous_1)
FNDA:0,(anonymous_2)
FNDA:0,(anonymous_3)
FNDA:12,(anonymous_4)
FNDA:24,(anonymous_5)
FNDA:24,(anonymous_6)
FNDA:588,(anonymous_7)
FNDA:12,(anonymous_8)
FNDA:24,(anonymous_9)
FNDA:0,(anonymous_10)
FNDA:0,(anonymous_11)
FNDA:24,(anonymous_12)
FNDA:12,(anonymous_13)
FNDA:0,(anonymous_14)
DA:31,24
DA:34,12
DA:37,0
DA:57,0
DA:58,0
DA:59,0
DA:74,0
DA:75,0
DA:76,0
DA:78,0
DA:88,12
DA:89,12
DA:90,12
DA:96,12
DA:97,12
DA:98,12
DA:102,0
DA:112,24
DA:113,24
DA:114,24
DA:118,24
DA:119,24
DA:120,24
DA:121,588
DA:122,588
DA:123,588
DA:126,24
DA:128,0
DA:138,12
DA:139,12
DA:140,12
DA:141,12
DA:145,12
DA:146,24
DA:147,24
DA:150,12
DA:152,0
DA:162,0
DA:163,0
DA:164,0
DA:165,0
DA:169,0
DA:170,0
DA:171,0
DA:173,0
DA:175,0
DA:188,24
DA:191,12
DA:194,0
LF:49
LH:28
BRF:0
BRH:0
end_of_record
TN:
SF:src\store\modules\projects.js
FN:30,(anonymous_0)
FN:33,(anonymous_1)
FN:36,(anonymous_2)
FN:39,(anonymous_3)
FN:54,(anonymous_4)
FN:74,(anonymous_5)
FN:82,(anonymous_6)
FN:93,(anonymous_7)
FN:100,(anonymous_8)
FN:111,(anonymous_9)
FN:120,(anonymous_10)
FN:130,(anonymous_11)
FN:146,(anonymous_12)
FN:149,(anonymous_13)
FN:152,(anonymous_14)
FNF:15
FNH:4
FNDA:0,(anonymous_0)
FNDA:0,(anonymous_1)
FNDA:6,(anonymous_2)
FNDA:0,(anonymous_3)
FNDA:0,(anonymous_4)
FNDA:0,(anonymous_5)
FNDA:0,(anonymous_6)
FNDA:12,(anonymous_7)
FNDA:18,(anonymous_8)
FNDA:0,(anonymous_9)
FNDA:0,(anonymous_10)
FNDA:0,(anonymous_11)
FNDA:6,(anonymous_12)
FNDA:0,(anonymous_13)
FNDA:0,(anonymous_14)
DA:31,0
DA:34,0
DA:37,6
DA:40,0
DA:55,0
DA:56,0
DA:57,0
DA:58,0
DA:65,0
DA:67,0
DA:68,0
DA:70,0
DA:71,0
DA:75,0
DA:76,0
DA:77,0
DA:78,0
DA:82,0
DA:83,0
DA:84,0
DA:85,0
DA:87,0
DA:89,0
DA:90,0
DA:94,12
DA:95,12
DA:96,12
DA:97,12
DA:100,6
DA:101,18
DA:102,18
DA:103,18
DA:105,6
DA:107,0
DA:108,0
DA:112,0
DA:113,0
DA:114,0
DA:116,0
DA:117,0
DA:121,0
DA:122,0
DA:123,0
DA:124,0
DA:126,0
DA:127,0
DA:131,0
DA:132,0
DA:134,0
DA:135,0
DA:147,6
DA:150,0
DA:153,0
LF:53
LH:11
BRF:0
BRH:0
end_of_record
TN:
SF:src\store\modules\search.js
FN:26,(anonymous_0)
FN:29,(anonymous_1)
FN:47,(anonymous_2)
FN:50,(anonymous_3)
FN:65,(anonymous_4)
FN:68,(anonymous_5)
FNF:6
FNH:6
FNDA:12,(anonymous_0)
FNDA:12,(anonymous_1)
FNDA:12,(anonymous_2)
FNDA:12,(anonymous_3)
FNDA:12,(anonymous_4)
FNDA:36,(anonymous_5)
DA:27,12
DA:30,12
DA:48,12
DA:49,12
DA:50,12
DA:56,12
DA:66,12
DA:67,12
DA:68,36
DA:74,12
LF:10
LH:10
BRF:0
BRH:0
end_of_record
TN:
SF:src\store\modules\thumbnail.js
FN:34,(anonymous_0)
FN:37,(anonymous_1)
FN:55,(anonymous_2)
FN:80,(anonymous_3)
FN:105,(anonymous_4)
FN:108,(anonymous_5)
FNF:6
FNH:3
FNDA:0,(anonymous_0)
FNDA:6,(anonymous_1)
FNDA:6,(anonymous_2)
FNDA:6,(anonymous_3)
FNDA:0,(anonymous_4)
FNDA:0,(anonymous_5)
DA:35,0
DA:38,6
DA:56,6
DA:57,6
DA:58,6
DA:59,6
DA:61,6
DA:62,6
DA:63,6
DA:64,6
DA:67,0
DA:69,6
DA:70,6
DA:81,6
DA:82,6
DA:83,6
DA:84,6
DA:86,6
DA:87,6
DA:88,6
DA:89,6
DA:92,6
DA:94,0
DA:95,0
DA:106,0
DA:109,0
LF:26
LH:20
BRF:0
BRH:0
end_of_record
TN:
SF:src\utils\firebase.js
FNF:0
FNH:0
DA:13,114
DA:23,114
DA:25,114
DA:26,114
DA:27,114
DA:28,114
DA:30,114
DA:31,114
DA:32,114
DA:33,114
DA:34,114
DA:35,114
DA:36,114
LF:13
LH:13
BRF:0
BRH:0
end_of_record
TN:
SF:src\utils\globals.js
FN:10,(anonymous_0)
FN:17,(anonymous_1)
FNF:2
FNH:2
FNDA:114,(anonymous_0)
FNDA:342,(anonymous_1)
DA:11,114
DA:17,114
DA:18,342
DA:19,342
DA:23,342
LF:5
LH:5
BRDA:25,0,0,342
BRDA:25,0,1,0
BRF:2
BRH:1
end_of_record
TN:
SF:src\utils\styles.js
FNF:0
FNH:0
LF:0
LH:0
BRF:0
BRH:0
end_of_record
TN:
SF:src\views\Admin.vue
FNF:0
FNH:0
DA:15,6
DA:21,6
LF:2
LH:2
BRF:0
BRH:0
end_of_record
TN:
SF:src\views\ArtistContact.vue
FN:36,(anonymous_0)
FN:44,(anonymous_1)
FN:50,(anonymous_2)
FN:59,(anonymous_3)
FN:62,(anonymous_4)
FNF:5
FNH:4
FNDA:30,(anonymous_0)
FNDA:42,(anonymous_1)
FNDA:12,(anonymous_2)
FNDA:12,(anonymous_3)
FNDA:0,(anonymous_4)
DA:32,6
DA:34,6
DA:37,30
DA:45,42
DA:46,42
DA:47,42
DA:51,12
DA:57,12
DA:60,2
DA:62,0
LF:10
LH:9
BRF:0
BRH:0
end_of_record
TN:
SF:src\views\ArtistProfile.vue
FN:71,(anonymous_0)
FN:90,(anonymous_1)
FN:93,(anonymous_2)
FN:97,(anonymous_3)
FN:101,(anonymous_4)
FN:104,(anonymous_5)
FN:108,(anonymous_6)
FN:111,(anonymous_7)
FN:114,(anonymous_8)
FNF:9
FNH:7
FNDA:90,(anonymous_0)
FNDA:126,(anonymous_1)
FNDA:126,(anonymous_2)
FNDA:90,(anonymous_3)
FNDA:114,(anonymous_4)
FNDA:0,(anonymous_5)
FNDA:114,(anonymous_6)
FNDA:0,(anonymous_7)
FNDA:24,(anonymous_8)
DA:59,42
DA:69,42
DA:72,90
DA:91,126
DA:94,90
DA:95,126
DA:97,114
DA:99,90
DA:102,114
DA:104,24
DA:106,90
DA:109,102
DA:111,12
DA:115,24
DA:116,12
DA:117,24
DA:118,1
DA:120,1
LF:18
LH:18
BRDA:117,0,0,6
BRDA:117,0,1,18
BRF:2
BRH:2
end_of_record
TN:
SF:src\views\Artists.vue
FNF:0
FNH:0
DA:11,6
DA:18,6
LF:2
LH:2
BRF:0
BRH:0
end_of_record
TN:
SF:src\views\Categories.vue
FNF:0
FNH:0
DA:8,6
DA:15,6
LF:2
LH:2
BRF:0
BRH:0
end_of_record
TN:
SF:src\views\CategoriesResults.vue
FN:38,(anonymous_0)
FN:43,(anonymous_1)
FNF:2
FNH:2
FNDA:30,(anonymous_0)
FNDA:30,(anonymous_1)
DA:24,18
DA:33,18
DA:39,3
DA:44,3
LF:4
LH:4
BRF:0
BRH:0
end_of_record
TN:
SF:src\views\ClientProfile.vue
FN:36,(anonymous_0)
FN:48,(anonymous_1)
FN:51,(anonymous_2)
FN:54,(anonymous_3)
FNF:4
FNH:3
FNDA:18,(anonymous_0)
FNDA:30,(anonymous_1)
FNDA:30,(anonymous_2)
FNDA:0,(anonymous_3)
DA:25,6
DA:34,6
DA:37,18
DA:49,30
DA:52,5
DA:54,0
LF:6
LH:5
BRF:0
BRH:0
end_of_record
TN:
SF:src\views\Conventions.vue
FNF:0
FNH:0
DA:12,6
LF:1
LH:1
BRF:0
BRH:0
end_of_record
TN:
SF:src\views\GeoResults.vue
FN:38,(anonymous_0)
FN:43,(anonymous_1)
FNF:2
FNH:2
FNDA:30,(anonymous_0)
FNDA:30,(anonymous_1)
DA:24,18
DA:33,18
DA:39,3
DA:44,3
LF:4
LH:4
BRF:0
BRH:0
end_of_record
TN:
SF:src\views\Home.vue
FNF:0
FNH:0
DA:10,6
DA:18,6
LF:2
LH:2
BRF:0
BRH:0
end_of_record
TN:
SF:src\views\Login.vue
FN:45,(anonymous_0)
FNF:1
FNH:1
FNDA:66,(anonymous_0)
DA:29,48
DA:30,1
DA:39,1
DA:46,4
LF:4
LH:4
BRF:0
BRH:0
end_of_record
