TN:
SF:vue.config.js
FN:5,(anonymous_0)
FN:6,(anonymous_1)
FNF:2
FNH:2
FNDA:14,(anonymous_0)
FNDA:14,(anonymous_1)
DA:4,14
DA:6,14
DA:7,14
DA:8,14
LF:4
LH:4
BRF:0
BRH:0
end_of_record
TN:
SF:src\App.vue
FN:45,(anonymous_0)
FN:51,(anonymous_1)
FN:58,(anonymous_2)
FN:62,(anonymous_3)
FNF:4
FNH:4
FNDA:290,(anonymous_0)
FNDA:1192,(anonymous_1)
FNDA:303,(anonymous_2)
FNDA:13,(anonymous_3)
DA:24,238
DA:25,1140
DA:26,328
DA:38,825
DA:46,290
DA:52,65
DA:53,8
DA:55,2
DA:59,12
DA:63,2
LF:10
LH:10
BRDA:52,0,0,367
BRDA:52,0,1,
BRF:2
BRH:1
end_of_record
TN:
SF:src\main.js
FN:14,(anonymous_0)
FNF:1
FNH:1
FNDA:448,(anonymous_0)
DA:14,242
DA:15,448
DA:16,242
DA:17,242
DA:29,242
DA:30,242
DA:31,242
DA:32,242
LF:8
LH:8
BRDA:15,0,0,242
BRDA:15,0,1,206
BRF:2
BRH:2
end_of_record
TN:
SF:src\registerServiceWorker.js
FN:7,(anonymous_0)
FN:13,(anonymous_1)
FN:16,(anonymous_2)
FN:19,(anonymous_3)
FN:22,(anonymous_4)
FN:25,(anonymous_5)
FN:28,(anonymous_6)
FNF:7
FNH:0
FNDA:0,(anonymous_0)
FNDA:0,(anonymous_1)
FNDA:0,(anonymous_2)
FNDA:0,(anonymous_3)
FNDA:0,(anonymous_4)
FNDA:0,(anonymous_5)
FNDA:0,(anonymous_6)
DA:5,170
DA:6,0
DA:8,0
DA:14,0
DA:17,0
DA:20,0
DA:23,0
DA:26,0
DA:29,0
LF:9
LH:1
BRDA:5,0,0,0
BRDA:5,0,1,170
BRF:2
BRH:1
end_of_record
TN:
SF:src\components\admin\AdminEvents.vue
FN:22,(anonymous_0)
FN:27,(anonymous_1)
FN:28,(anonymous_2)
FNF:3
FNH:3
FNDA:81,(anonymous_0)
FNDA:107,(anonymous_1)
FNDA:107,(anonymous_2)
DA:7,29
DA:8,29
DA:16,29
DA:23,10
DA:28,14
DA:29,14
LF:6
LH:6
BRF:0
BRH:0
end_of_record
TN:
SF:src\components\admin\AdminGallery.vue
FN:79,(anonymous_0)
FN:88,(anonymous_1)
FN:90,(anonymous_2)
FN:93,(anonymous_3)
FN:98,(anonymous_4)
FN:111,(anonymous_5)
FN:119,(anonymous_6)
FN:124,(anonymous_7)
FN:129,(anonymous_8)
FN:133,(anonymous_9)
FN:136,(anonymous_10)
FN:139,(anonymous_11)
FN:143,(anonymous_12)
FN:147,(anonymous_13)
FNF:14
FNH:9
FNDA:108,(anonymous_0)
FNDA:118,(anonymous_1)
FNDA:94,(anonymous_2)
FNDA:0,(anonymous_3)
FNDA:26,(anonymous_4)
FNDA:26,(anonymous_5)
FNDA:4,(anonymous_6)
FNDA:26,(anonymous_7)
FNDA:25,(anonymous_8)
FNDA:0,(anonymous_9)
FNDA:8,(anonymous_10)
FNDA:0,(anonymous_11)
FNDA:0,(anonymous_12)
FNDA:0,(anonymous_13)
DA:56,60
DA:57,60
DA:58,60
DA:73,60
DA:80,61
DA:89,93
DA:91,69
DA:94,22
DA:99,26
DA:100,26
DA:101,26
DA:102,26
DA:103,26
DA:104,22
DA:105,22
DA:106,22
DA:108,0
DA:112,4
DA:113,4
DA:114,0
DA:115,0
DA:120,26
DA:121,4
DA:122,4
DA:125,29
DA:126,29
DA:127,4
DA:130,0
DA:131,0
DA:134,0
DA:137,8
DA:138,8
DA:139,8
DA:140,0
DA:144,0
DA:145,0
DA:146,0
DA:147,0
DA:148,0
LF:39
LH:27
BRDA:103,0,0,22
BRDA:103,0,1,
BRDA:114,1,0,0
BRDA:114,1,1,
BRF:4
BRH:1
end_of_record
TN:
SF:src\components\admin\AdminInbox.vue
FN:22,(anonymous_0)
FN:27,(anonymous_1)
FN:28,(anonymous_2)
FNF:3
FNH:3
FNDA:101,(anonymous_0)
FNDA:127,(anonymous_1)
FNDA:127,(anonymous_2)
DA:7,49
DA:8,49
DA:16,49
DA:23,10
DA:28,14
DA:29,14
LF:6
LH:6
BRF:0
BRH:0
end_of_record
TN:
SF:src\components\admin\AdminNav.vue
FN:29,(anonymous_0)
FN:40,(anonymous_1)
FNF:2
FNH:2
FNDA:173,(anonymous_0)
FNDA:142,(anonymous_1)
DA:27,147
DA:30,155
DA:41,142
DA:42,142
DA:43,4
LF:5
LH:5
BRDA:42,0,0,129
BRDA:42,0,1,
BRF:2
BRH:1
end_of_record
TN:
SF:src\components\admin\AdminProfile.vue
FN:22,(anonymous_0)
FN:27,(anonymous_1)
FN:28,(anonymous_2)
FNF:3
FNH:3
FNDA:227,(anonymous_0)
FNDA:253,(anonymous_1)
FNDA:241,(anonymous_2)
DA:7,175
DA:8,175
DA:16,163
DA:23,10
DA:28,14
DA:29,14
LF:6
LH:6
BRF:0
BRH:0
end_of_record
TN:
SF:src\components\admin\AdminProjects.vue
FN:22,(anonymous_0)
FN:27,(anonymous_1)
FN:28,(anonymous_2)
FNF:3
FNH:3
FNDA:99,(anonymous_0)
FNDA:125,(anonymous_1)
FNDA:125,(anonymous_2)
DA:7,47
DA:8,47
DA:16,47
DA:23,10
DA:28,14
DA:29,14
LF:6
LH:6
BRF:0
BRH:0
end_of_record
TN:
SF:src\components\admin\GalleryItem.vue
FN:23,(anonymous_0)
FNF:1
FNH:1
FNDA:38,(anonymous_0)
DA:19,51
DA:24,2
LF:2
LH:2
BRF:0
BRH:0
end_of_record
TN:
SF:src\components\admin\MessageDetails.vue
FN:46,(anonymous_0)
FN:53,(anonymous_1)
FN:56,(anonymous_2)
FN:59,(anonymous_3)
FN:66,(anonymous_4)
FN:74,(anonymous_5)
FN:77,(anonymous_6)
FN:80,(anonymous_7)
FN:84,(anonymous_8)
FN:87,(anonymous_9)
FN:90,(anonymous_10)
FN:94,(anonymous_11)
FNF:12
FNH:10
FNDA:85,(anonymous_0)
FNDA:111,(anonymous_1)
FNDA:111,(anonymous_2)
FNDA:0,(anonymous_3)
FNDA:46,(anonymous_4)
FNDA:44,(anonymous_5)
FNDA:44,(anonymous_6)
FNDA:0,(anonymous_7)
FNDA:155,(anonymous_8)
FNDA:155,(anonymous_9)
FNDA:155,(anonymous_10)
FNDA:117,(anonymous_11)
DA:34,33
DA:44,33
DA:47,85
DA:54,91
DA:57,111
DA:60,20
DA:63,111
DA:67,46
DA:68,44
DA:72,44
DA:75,26
DA:78,64
DA:81,38
DA:85,155
DA:88,155
DA:91,117
DA:92,18
DA:95,18
LF:18
LH:18
BRF:0
BRH:0
end_of_record
TN:
SF:src\components\admin\PreviewItem.vue
FN:22,(anonymous_0)
FNF:1
FNH:1
FNDA:13,(anonymous_0)
DA:19,26
DA:23,2
LF:2
LH:2
BRF:0
BRH:0
end_of_record
TN:
SF:src\components\admin\ProjectDetails.vue
FN:79,(anonymous_0)
FN:97,(anonymous_1)
FN:101,(anonymous_2)
FN:104,(anonymous_3)
FN:109,(anonymous_4)
FN:114,(anonymous_5)
FN:121,(anonymous_6)
FNF:7
FNH:5
FNDA:51,(anonymous_0)
FNDA:77,(anonymous_1)
FNDA:47,(anonymous_2)
FNDA:35,(anonymous_3)
FNDA:35,(anonymous_4)
FNDA:0,(anonymous_5)
FNDA:0,(anonymous_6)
DA:66,13
DA:77,13
DA:80,51
DA:98,77
DA:99,35
DA:102,35
DA:105,35
DA:106,0
DA:110,47
DA:115,12
DA:119,0
DA:122,0
DA:126,0
LF:13
LH:9
BRDA:105,0,0,0
BRDA:105,0,1,0
BRF:2
BRH:0
end_of_record
TN:
SF:src\components\admin\ProjectItem.vue
FN:40,(anonymous_0)
FN:46,(anonymous_1)
FN:50,(anonymous_2)
FN:54,(anonymous_3)
FN:55,(anonymous_4)
FNF:5
FNH:4
FNDA:13,(anonymous_0)
FNDA:0,(anonymous_1)
FNDA:25,(anonymous_2)
FNDA:25,(anonymous_3)
FNDA:25,(anonymous_4)
DA:37,25
DA:41,13
DA:47,0
DA:51,25
DA:55,25
DA:56,12
LF:6
LH:5
BRF:0
BRH:0
end_of_record
TN:
SF:src\components\admin\ProjectStatus.vue
FNF:0
FNH:0
DA:13,9
LF:1
LH:1
BRF:0
BRH:0
end_of_record
TN:
SF:src\components\admin\Sidenav.vue
FN:87,(anonymous_0)
FN:92,(anonymous_1)
FN:93,(anonymous_2)
FNF:3
FNH:3
FNDA:160,(anonymous_0)
FNDA:186,(anonymous_1)
FNDA:174,(anonymous_2)
DA:85,147
DA:88,160
DA:93,174
DA:94,10
LF:4
LH:4
BRF:0
BRH:0
end_of_record
TN:
SF:src\components\app\Button.vue
FNF:0
FNH:0
DA:13,112
LF:1
LH:1
BRF:0
BRH:0
end_of_record
TN:
SF:src\components\app\Modal.vue
FN:40,(anonymous_0)
FN:50,(anonymous_1)
FN:53,(anonymous_2)
FN:58,(anonymous_3)
FN:62,(anonymous_4)
FN:65,(anonymous_5)
FNF:6
FNH:5
FNDA:527,(anonymous_0)
FNDA:39,(anonymous_1)
FNDA:2512,(anonymous_2)
FNDA:0,(anonymous_3)
FNDA:511,(anonymous_4)
FNDA:29,(anonymous_5)
DA:27,358
DA:41,224
DA:42,394
DA:44,117
DA:51,2551
DA:54,0
DA:55,0
DA:59,303
DA:63,224
DA:66,2
LF:10
LH:8
BRDA:41,0,0,107
BRDA:41,0,1,420
BRDA:41,1,0,527
BRDA:41,1,1,107
BRDA:54,2,0,0
BRDA:54,2,1,
BRDA:54,3,0,2512
BRDA:54,3,1,0
BRF:8
BRH:5
end_of_record
TN:
SF:src\components\app\Title.vue
FNF:0
FNH:0
DA:14,143
LF:1
LH:1
BRF:0
BRH:0
end_of_record
TN:
SF:src\components\artists\ArtistDashboard.vue
FN:137,(anonymous_0)
FN:157,(anonymous_1)
FN:160,(anonymous_2)
FN:163,(anonymous_3)
FN:166,(anonymous_4)
FN:169,(anonymous_5)
FN:182,(anonymous_6)
FN:185,(anonymous_7)
FN:189,(anonymous_8)
FN:193,(anonymous_9)
FN:206,(anonymous_10)
FN:210,(anonymous_11)
FN:214,(anonymous_12)
FN:217,(anonymous_13)
FN:221,(anonymous_14)
FN:225,(anonymous_15)
FNF:16
FNH:10
FNDA:171,(anonymous_0)
FNDA:184,(anonymous_1)
FNDA:173,(anonymous_2)
FNDA:173,(anonymous_3)
FNDA:0,(anonymous_4)
FNDA:12,(anonymous_5)
FNDA:21,(anonymous_6)
FNDA:21,(anonymous_7)
FNDA:0,(anonymous_8)
FNDA:13,(anonymous_9)
FNDA:13,(anonymous_10)
FNDA:0,(anonymous_11)
FNDA:34,(anonymous_12)
FNDA:0,(anonymous_13)
FNDA:0,(anonymous_14)
FNDA:0,(anonymous_15)
DA:118,128
DA:135,128
DA:138,160
DA:158,173
DA:161,82
DA:164,90
DA:166,8
DA:170,12
DA:171,12
DA:173,12
DA:174,8
DA:175,0
DA:176,0
DA:178,12
DA:179,12
DA:183,21
DA:186,13
DA:187,13
DA:190,0
DA:194,13
DA:204,13
DA:207,13
DA:208,21
DA:211,8
DA:215,34
DA:216,26
DA:217,26
DA:218,0
DA:222,0
DA:223,0
DA:224,0
DA:225,0
DA:226,0
LF:33
LH:24
BRDA:173,0,0,8
BRDA:173,0,1,4
BRDA:173,1,0,12
BRDA:173,1,1,8
BRF:4
BRH:4
end_of_record
TN:
SF:src\components\artists\ArtistEvents.vue
FN:12,(anonymous_0)
FNF:1
FNH:1
FNDA:26,(anonymous_0)
DA:10,26
DA:13,4
LF:2
LH:2
BRF:0
BRH:0
end_of_record
TN:
SF:src\components\artists\ArtistInbox.vue
FN:23,(anonymous_0)
FN:28,(anonymous_1)
FN:31,(anonymous_2)
FN:34,(anonymous_3)
FNF:4
FNH:3
FNDA:52,(anonymous_0)
FNDA:78,(anonymous_1)
FNDA:78,(anonymous_2)
FNDA:0,(anonymous_3)
DA:14,26
DA:21,26
DA:24,52
DA:29,78
DA:32,12
DA:35,0
LF:6
LH:5
BRF:0
BRH:0
end_of_record
TN:
SF:src\components\artists\ArtistItem.vue
FNF:0
FNH:0
DA:26,65
LF:1
LH:1
BRF:0
BRH:0
end_of_record
TN:
SF:src\components\artists\ArtistList.vue
FN:30,(anonymous_0)
FN:42,(anonymous_1)
FN:45,(anonymous_2)
FN:48,(anonymous_3)
FNF:4
FNH:3
FNDA:50,(anonymous_0)
FNDA:63,(anonymous_1)
FNDA:63,(anonymous_2)
FNDA:0,(anonymous_3)
DA:16,50
DA:17,50
DA:25,50
DA:31,26
DA:43,6
DA:46,6
DA:48,0
LF:7
LH:6
BRF:0
BRH:0
end_of_record
TN:
SF:src\components\artists\ArtistProjects.vue
FN:26,(anonymous_0)
FN:31,(anonymous_1)
FN:34,(anonymous_2)
FN:37,(anonymous_3)
FNF:4
FNH:3
FNDA:12,(anonymous_0)
FNDA:20,(anonymous_1)
FNDA:20,(anonymous_2)
FNDA:0,(anonymous_3)
DA:12,17
DA:13,17
DA:21,17
DA:27,12
DA:32,10
DA:35,10
DA:38,0
LF:7
LH:6
BRF:0
BRH:0
end_of_record
TN:
SF:src\components\auth\LoginForm.vue
FN:51,(anonymous_0)
FN:66,(anonymous_1)
FNF:2
FNH:2
FNDA:179,(anonymous_0)
FNDA:112,(anonymous_1)
DA:39,127
DA:50,99
DA:52,151
DA:67,112
DA:71,39
DA:72,39
DA:74,0
DA:75,73
DA:76,0
DA:78,6
LF:10
LH:8
BRF:0
BRH:0
end_of_record
TN:
SF:src\components\auth\RegisterForm.vue
FN:71,(anonymous_0)
FN:88,(anonymous_1)
FNF:2
FNH:2
FNDA:106,(anonymous_0)
FNDA:51,(anonymous_1)
DA:56,54
DA:69,38
DA:72,90
DA:89,51
DA:95,39
DA:96,39
DA:98,0
DA:99,12
DA:100,0
DA:102,6
LF:10
LH:8
BRF:0
BRH:0
end_of_record
TN:
SF:src\components\clients\ClientDashboard.vue
FN:104,(anonymous_0)
FN:121,(anonymous_1)
FN:124,(anonymous_2)
FN:127,(anonymous_3)
FN:130,(anonymous_4)
FN:133,(anonymous_5)
FN:146,(anonymous_6)
FN:149,(anonymous_7)
FN:153,(anonymous_8)
FN:157,(anonymous_9)
FN:167,(anonymous_10)
FN:171,(anonymous_11)
FN:175,(anonymous_12)
FN:178,(anonymous_13)
FN:182,(anonymous_14)
FN:186,(anonymous_15)
FNF:16
FNH:11
FNDA:66,(anonymous_0)
FNDA:79,(anonymous_1)
FNDA:79,(anonymous_2)
FNDA:10,(anonymous_3)
FNDA:69,(anonymous_4)
FNDA:14,(anonymous_5)
FNDA:23,(anonymous_6)
FNDA:23,(anonymous_7)
FNDA:0,(anonymous_8)
FNDA:13,(anonymous_9)
FNDA:13,(anonymous_10)
FNDA:0,(anonymous_11)
FNDA:36,(anonymous_12)
FNDA:0,(anonymous_13)
FNDA:0,(anonymous_14)
FNDA:0,(anonymous_15)
DA:85,36
DA:102,36
DA:105,66
DA:122,79
DA:125,69
DA:128,10
DA:130,79
DA:134,14
DA:135,14
DA:137,14
DA:138,10
DA:139,0
DA:140,0
DA:142,14
DA:143,14
DA:147,23
DA:150,13
DA:151,13
DA:154,0
DA:158,13
DA:165,13
DA:168,13
DA:169,23
DA:172,10
DA:176,36
DA:177,26
DA:178,26
DA:179,0
DA:183,0
DA:184,0
DA:185,0
DA:186,0
DA:187,0
LF:33
LH:24
BRDA:137,0,0,10
BRDA:137,0,1,4
BRDA:137,1,0,14
BRDA:137,1,1,10
BRF:4
BRH:4
end_of_record
TN:
SF:src\components\clients\ClientEvents.vue
FN:12,(anonymous_0)
FNF:1
FNH:1
FNDA:26,(anonymous_0)
DA:10,26
DA:13,4
LF:2
LH:2
BRF:0
BRH:0
end_of_record
TN:
SF:src\components\clients\ClientInbox.vue
FN:23,(anonymous_0)
FN:28,(anonymous_1)
FN:31,(anonymous_2)
FN:34,(anonymous_3)
FNF:4
FNH:3
FNDA:72,(anonymous_0)
FNDA:98,(anonymous_1)
FNDA:98,(anonymous_2)
FNDA:0,(anonymous_3)
DA:14,46
DA:21,46
DA:24,72
DA:29,78
DA:32,12
DA:35,0
LF:6
LH:5
BRF:0
BRH:0
end_of_record
TN:
SF:src\components\clients\ClientProjects.vue
FN:27,(anonymous_0)
FN:32,(anonymous_1)
FN:35,(anonymous_2)
FN:38,(anonymous_3)
FNF:4
FNH:3
FNDA:30,(anonymous_0)
FNDA:38,(anonymous_1)
FNDA:29,(anonymous_2)
FNDA:0,(anonymous_3)
DA:11,35
DA:12,35
DA:13,26
DA:21,9
DA:28,6
DA:33,10
DA:36,10
DA:39,0
LF:8
LH:7
BRF:0
BRH:0
end_of_record
TN:
SF:src\components\home\Categories.vue
FN:57,(anonymous_0)
FN:60,(anonymous_1)
FN:61,(anonymous_2)
FNF:3
FNH:2
FNDA:69,(anonymous_0)
FNDA:69,(anonymous_1)
FNDA:0,(anonymous_2)
DA:40,60
DA:48,60
DA:58,39
DA:60,6
DA:61,0
LF:5
LH:4
BRF:0
BRH:0
end_of_record
TN:
SF:src\components\home\Geoloc.vue
FN:39,(anonymous_0)
FN:49,(anonymous_1)
FN:51,(anonymous_2)
FN:56,(anonymous_3)
FN:59,(anonymous_4)
FN:67,(anonymous_5)
FN:75,(anonymous_6)
FN:82,(anonymous_7)
FN:83,(anonymous_8)
FN:84,(anonymous_9)
FN:93,(anonymous_10)
FN:96,(anonymous_11)
FN:97,(anonymous_12)
FN:100,(anonymous_13)
FN:101,(anonymous_14)
FNF:17
FNH:10
FNDA:337,(anonymous_0)
FNDA:14,(anonymous_1)
FNDA:14,(anonymous_2)
FNDA:0,(anonymous_3)
FNDA:14,(anonymous_4)
FNDA:0,(anonymous_5)
FNDA:14,(anonymous_6)
FNDA:0,(anonymous_7)
FNDA:30,(anonymous_8)
FNDA:24,(anonymous_9)
FNDA:38,(anonymous_10)
FNDA:0,(anonymous_11)
FNDA:30,(anonymous_12)
FNDA:0,(anonymous_13)
FNDA:14,(anonymous_14)
DA:25,316
DA:38,26
DA:40,47
DA:50,14
DA:52,14
DA:53,14
DA:54,0
DA:57,0
DA:59,14
DA:68,0
DA:76,14
DA:78,14
DA:79,14
DA:82,0
DA:83,0
DA:84,24
DA:85,24
DA:94,44
DA:95,30
DA:96,30
DA:97,0
DA:99,38
DA:100,24
DA:101,14
LF:24
LH:18
BRDA:94,0,0,0
BRDA:94,0,1,44
BRF:2
BRH:1
end_of_record
TN:
SF:src\components\nav\Brand.vue
FNF:0
FNH:0
DA:13,39
LF:1
LH:1
BRF:0
BRH:0
end_of_record
TN:
SF:src\components\nav\Footer.vue
FN:30,(anonymous_0)
FN:35,(anonymous_1)
FN:44,(anonymous_2)
FNF:3
FNH:3
FNDA:251,(anonymous_0)
FNDA:251,(anonymous_1)
FNDA:251,(anonymous_2)
DA:28,251
DA:31,251
DA:36,251
DA:45,4
LF:4
LH:4
BRF:0
BRH:0
end_of_record
TN:
SF:src\components\nav\Navbar.vue
FN:72,(anonymous_0)
FN:75,(anonymous_1)
FN:86,(anonymous_2)
FNF:3
FNH:3
FNDA:666,(anonymous_0)
FNDA:470,(anonymous_1)
FNDA:20,(anonymous_2)
DA:53,550
DA:54,354
DA:65,34
DA:72,150
DA:76,142
DA:87,6
DA:88,6
DA:89,0
LF:8
LH:7
BRDA:88,0,0,0
BRDA:88,0,1,
BRF:2
BRH:0
end_of_record
TN:
SF:src\router\index.js
FN:129,(anonymous_0)
FN:130,(anonymous_1)
FNF:2
FNH:2
FNDA:956,(anonymous_0)
FNDA:956,(anonymous_1)
DA:22,242
DA:124,242
DA:129,242
DA:130,956
DA:131,632
DA:132,632
DA:134,324
DA:135,324
DA:137,0
LF:9
LH:8
BRDA:130,0,0,632
BRDA:130,0,1,324
BRDA:134,1,0,324
BRDA:134,1,1,0
BRF:4
BRH:3
end_of_record
TN:
SF:src\store\index.js
FNF:0
FNH:0
LF:0
LH:0
BRF:0
BRH:0
end_of_record
TN:
SF:src\store\modules\artistProfile.js
FN:29,(anonymous_0)
FN:32,(anonymous_1)
FN:51,(anonymous_2)
FN:79,(anonymous_3)
FN:99,(anonymous_4)
FN:117,(anonymous_5)
FN:121,(anonymous_6)
FN:141,(anonymous_7)
FN:144,(anonymous_8)
FNF:9
FNH:8
FNDA:94,(anonymous_0)
FNDA:26,(anonymous_1)
FNDA:0,(anonymous_2)
FNDA:106,(anonymous_3)
FNDA:86,(anonymous_4)
FNDA:26,(anonymous_5)
FNDA:110,(anonymous_6)
FNDA:86,(anonymous_7)
FNDA:26,(anonymous_8)
DA:30,94
DA:33,26
DA:52,0
DA:53,0
DA:55,0
DA:56,0
DA:69,0
DA:70,0
DA:80,106
DA:82,106
DA:83,104
DA:84,87
DA:85,79
DA:87,32
DA:89,32
DA:90,32
DA:100,54
DA:101,86
DA:102,62
DA:103,62
DA:104,8
DA:106,92
DA:108,8
DA:109,32
DA:118,26
DA:119,18
DA:120,18
DA:121,72
DA:127,18
DA:129,0
DA:130,0
DA:142,54
DA:145,18
LF:33
LH:25
BRDA:84,0,0,87
BRDA:84,0,1,8
BRDA:103,1,0,0
BRDA:103,1,1,86
BRF:4
BRH:3
end_of_record
TN:
SF:src\store\modules\auth.js
FN:31,(anonymous_0)
FN:34,(anonymous_1)
FN:37,(anonymous_2)
FN:58,(anonymous_3)
FN:101,(anonymous_4)
FN:111,(anonymous_5)
FN:124,(anonymous_6)
FN:135,(anonymous_7)
FN:144,(anonymous_8)
FN:155,(anonymous_9)
FN:158,(anonymous_10)
FNF:11
FNH:11
FNDA:264,(anonymous_0)
FNDA:355,(anonymous_1)
FNDA:20,(anonymous_2)
FNDA:13,(anonymous_3)
FNDA:84,(anonymous_4)
FNDA:242,(anonymous_5)
FNDA:116,(anonymous_6)
FNDA:428,(anonymous_7)
FNDA:20,(anonymous_8)
FNDA:402,(anonymous_9)
FNDA:20,(anonymous_10)
DA:32,264
DA:35,355
DA:38,20
DA:59,13
DA:64,13
DA:65,13
DA:70,13
DA:71,0
DA:76,13
DA:77,0
DA:82,13
DA:88,13
DA:92,13
DA:102,84
DA:104,84
DA:112,242
DA:114,242
DA:115,44
DA:125,116
DA:127,116
DA:136,428
DA:138,428
DA:139,381
DA:140,355
DA:141,355
DA:145,20
DA:146,20
DA:156,402
DA:159,20
LF:29
LH:27
BRDA:64,0,0,13
BRDA:64,0,1,0
BRDA:70,1,0,0
BRDA:70,1,1,13
BRDA:76,2,0,0
BRDA:76,2,1,13
BRDA:114,3,0,44
BRDA:114,3,1,198
BRDA:138,4,0,381
BRDA:138,4,1,47
BRF:10
BRH:7
end_of_record
TN:
SF:src\store\modules\clientProfile.js
FN:26,(anonymous_0)
FN:44,(anonymous_1)
FN:67,(anonymous_2)
FN:81,(anonymous_3)
FN:96,(anonymous_4)
FNF:5
FNH:2
FNDA:10,(anonymous_0)
FNDA:0,(anonymous_1)
FNDA:10,(anonymous_2)
FNDA:0,(anonymous_3)
FNDA:0,(anonymous_4)
DA:27,10
DA:45,0
DA:47,0
DA:48,0
DA:57,0
DA:58,0
DA:68,10
DA:69,10
DA:70,10
DA:71,0
DA:73,10
DA:82,0
DA:83,0
DA:84,0
DA:85,0
DA:87,0
DA:97,0
LF:17
LH:5
BRDA:70,0,0,0
BRDA:70,0,1,10
BRDA:84,1,0,0
BRDA:84,1,1,0
BRF:4
BRH:1
end_of_record
TN:
SF:src\store\modules\gallery.js
FN:32,(anonymous_0)
FN:35,(anonymous_1)
FN:38,(anonymous_2)
FN:63,(anonymous_3)
FN:91,(anonymous_4)
FN:107,(anonymous_5)
FN:148,(anonymous_6)
FN:166,(anonymous_7)
FN:183,(anonymous_8)
FNF:9
FNH:7
FNDA:0,(anonymous_0)
FNDA:49,(anonymous_1)
FNDA:47,(anonymous_2)
FNDA:0,(anonymous_3)
FNDA:49,(anonymous_4)
FNDA:22,(anonymous_5)
FNDA:27,(anonymous_6)
FNDA:86,(anonymous_7)
FNDA:79,(anonymous_8)
DA:33,0
DA:36,49
DA:39,47
DA:64,0
DA:65,0
DA:66,0
DA:68,0
DA:69,0
DA:70,0
DA:71,0
DA:72,0
DA:73,0
DA:76,0
DA:77,0
DA:81,0
DA:82,0
DA:92,49
DA:93,49
DA:94,49
DA:95,49
DA:96,0
DA:98,49
DA:108,22
DA:109,22
DA:110,22
DA:112,22
DA:113,22
DA:114,22
DA:115,22
DA:116,16
DA:117,8
DA:120,8
DA:121,0
DA:122,0
DA:123,0
DA:126,0
DA:128,0
DA:129,0
DA:132,0
DA:133,0
DA:137,0
DA:138,0
DA:149,27
DA:150,27
DA:151,27
DA:155,0
DA:156,0
DA:167,86
DA:168,86
DA:169,51
DA:170,47
DA:171,0
DA:173,47
DA:174,47
DA:184,79
LF:55
LH:27
BRDA:95,0,0,0
BRDA:95,0,1,49
BRDA:122,1,0,0
BRDA:122,1,1,0
BRDA:170,2,0,0
BRDA:170,2,1,47
BRF:6
BRH:2
end_of_record
TN:
SF:src\store\modules\index.js
FN:11,(anonymous_0)
FNF:1
FNH:1
FNDA:2178,(anonymous_0)
DA:8,242
DA:9,242
DA:11,242
DA:12,2178
DA:13,242
DA:16,1936
DA:17,1936
DA:18,1936
LF:8
LH:8
BRDA:12,0,0,242
BRDA:12,0,1,1936
BRDA:18,1,0,1936
BRDA:18,1,1,0
BRF:4
BRH:3
end_of_record
TN:
SF:src\store\modules\messages.js
FN:30,(anonymous_0)
FN:33,(anonymous_1)
FN:36,(anonymous_2)
FN:56,(anonymous_3)
FN:87,(anonymous_4)
FN:111,(anonymous_5)
FN:118,(anonymous_6)
FN:120,(anonymous_7)
FN:137,(anonymous_8)
FN:145,(anonymous_9)
FN:161,(anonymous_10)
FN:169,(anonymous_11)
FN:187,(anonymous_12)
FN:190,(anonymous_13)
FN:193,(anonymous_14)
FNF:15
FNH:10
FNDA:38,(anonymous_0)
FNDA:20,(anonymous_1)
FNDA:0,(anonymous_2)
FNDA:0,(anonymous_3)
FNDA:20,(anonymous_4)
FNDA:38,(anonymous_5)
FNDA:38,(anonymous_6)
FNDA:914,(anonymous_7)
FNDA:20,(anonymous_8)
FNDA:40,(anonymous_9)
FNDA:0,(anonymous_10)
FNDA:0,(anonymous_11)
FNDA:38,(anonymous_12)
FNDA:20,(anonymous_13)
FNDA:0,(anonymous_14)
DA:31,38
DA:34,20
DA:37,0
DA:57,0
DA:58,0
DA:59,0
DA:74,0
DA:75,0
DA:76,0
DA:78,0
DA:88,18
DA:89,20
DA:90,20
DA:96,20
DA:97,20
DA:98,20
DA:102,2
DA:112,38
DA:113,38
DA:114,36
DA:118,38
DA:119,38
DA:120,38
DA:121,880
DA:122,880
DA:123,880
DA:126,72
DA:128,36
DA:138,54
DA:139,20
DA:140,18
DA:141,20
DA:145,20
DA:146,38
DA:147,38
DA:150,20
DA:152,4
DA:162,4
DA:163,2
DA:164,0
DA:165,0
DA:169,0
DA:170,0
DA:171,0
DA:173,0
DA:175,0
DA:188,36
DA:191,18
DA:194,0
LF:49
LH:33
BRF:0
BRH:0
end_of_record
TN:
SF:src\store\modules\projects.js
FN:30,(anonymous_0)
FN:33,(anonymous_1)
FN:36,(anonymous_2)
FN:39,(anonymous_3)
FN:54,(anonymous_4)
FN:74,(anonymous_5)
FN:82,(anonymous_6)
FN:93,(anonymous_7)
FN:100,(anonymous_8)
FN:111,(anonymous_9)
FN:120,(anonymous_10)
FN:130,(anonymous_11)
FN:146,(anonymous_12)
FN:149,(anonymous_13)
FN:152,(anonymous_14)
FNF:15
FNH:4
FNDA:0,(anonymous_0)
FNDA:0,(anonymous_1)
FNDA:9,(anonymous_2)
FNDA:0,(anonymous_3)
FNDA:0,(anonymous_4)
FNDA:0,(anonymous_5)
FNDA:0,(anonymous_6)
FNDA:18,(anonymous_7)
FNDA:25,(anonymous_8)
FNDA:0,(anonymous_9)
FNDA:0,(anonymous_10)
FNDA:0,(anonymous_11)
FNDA:9,(anonymous_12)
FNDA:0,(anonymous_13)
FNDA:0,(anonymous_14)
DA:31,0
DA:34,0
DA:37,9
DA:40,0
DA:55,0
DA:56,0
DA:57,0
DA:58,0
DA:65,0
DA:67,0
DA:68,0
DA:70,0
DA:71,0
DA:75,0
DA:76,0
DA:77,0
DA:78,0
DA:82,0
DA:83,0
DA:84,0
DA:85,0
DA:87,2
DA:89,2
DA:90,2
DA:94,18
DA:95,17
DA:96,17
DA:97,17
DA:100,9
DA:101,25
DA:102,24
DA:103,24
DA:105,8
DA:107,0
DA:108,0
DA:112,0
DA:113,0
DA:114,0
DA:116,0
DA:117,0
DA:121,0
DA:122,0
DA:123,0
DA:124,0
DA:126,0
DA:127,0
DA:131,0
DA:132,1
DA:134,0
DA:135,0
DA:147,8
DA:150,0
DA:153,0
LF:53
LH:15
BRF:0
BRH:0
end_of_record
TN:
SF:src\store\modules\search.js
FN:26,(anonymous_0)
FN:29,(anonymous_1)
FN:47,(anonymous_2)
FN:50,(anonymous_3)
FN:65,(anonymous_4)
FN:68,(anonymous_5)
FNF:6
FNH:6
FNDA:34,(anonymous_0)
FNDA:26,(anonymous_1)
FNDA:34,(anonymous_2)
FNDA:34,(anonymous_3)
FNDA:26,(anonymous_4)
FNDA:78,(anonymous_5)
DA:27,34
DA:30,26
DA:48,34
DA:49,34
DA:50,34
DA:56,34
DA:66,26
DA:67,26
DA:68,78
DA:74,26
LF:10
LH:10
BRF:0
BRH:0
end_of_record
TN:
SF:src\store\modules\thumbnail.js
FN:34,(anonymous_0)
FN:37,(anonymous_1)
FN:55,(anonymous_2)
FN:80,(anonymous_3)
FN:105,(anonymous_4)
FN:108,(anonymous_5)
FNF:6
FNH:3
FNDA:0,(anonymous_0)
FNDA:10,(anonymous_1)
FNDA:8,(anonymous_2)
FNDA:10,(anonymous_3)
FNDA:0,(anonymous_4)
FNDA:0,(anonymous_5)
DA:35,0
DA:38,10
DA:56,8
DA:57,8
DA:58,8
DA:59,8
DA:61,8
DA:62,8
DA:63,8
DA:64,8
DA:67,0
DA:69,8
DA:70,8
DA:81,10
DA:82,10
DA:83,10
DA:84,10
DA:86,10
DA:87,10
DA:88,10
DA:89,10
DA:92,10
DA:94,0
DA:95,0
DA:106,0
DA:109,0
LF:26
LH:20
BRF:0
BRH:0
end_of_record
TN:
SF:src\utils\firebase.js
FNF:0
FNH:0
DA:13,242
DA:23,242
DA:25,242
DA:26,242
DA:27,242
DA:28,242
DA:30,242
DA:31,242
DA:32,242
DA:33,242
DA:34,242
DA:35,242
DA:36,242
LF:13
LH:13
BRF:0
BRH:0
end_of_record
TN:
SF:src\utils\globals.js
FN:10,(anonymous_0)
FN:17,(anonymous_1)
FNF:2
FNH:2
FNDA:242,(anonymous_0)
FNDA:726,(anonymous_1)
DA:11,242
DA:17,242
DA:18,726
DA:19,726
DA:23,726
LF:5
LH:5
BRDA:25,0,0,726
BRDA:25,0,1,0
BRF:2
BRH:1
end_of_record
TN:
SF:src\utils\styles.js
FNF:0
FNH:0
LF:0
LH:0
BRF:0
BRH:0
end_of_record
TN:
SF:src\views\Admin.vue
FNF:0
FNH:0
DA:15,13
DA:21,13
LF:2
LH:2
BRF:0
BRH:0
end_of_record
TN:
SF:src\views\ArtistContact.vue
FN:36,(anonymous_0)
FN:44,(anonymous_1)
FN:50,(anonymous_2)
FN:59,(anonymous_3)
FN:62,(anonymous_4)
FNF:5
FNH:4
FNDA:65,(anonymous_0)
FNDA:91,(anonymous_1)
FNDA:26,(anonymous_2)
FNDA:26,(anonymous_3)
FNDA:0,(anonymous_4)
DA:32,13
DA:34,13
DA:37,65
DA:45,91
DA:46,91
DA:47,91
DA:51,56
DA:57,56
DA:60,4
DA:62,0
LF:10
LH:9
BRF:0
BRH:0
end_of_record
TN:
SF:src\views\ArtistProfile.vue
FN:71,(anonymous_0)
FN:90,(anonymous_1)
FN:93,(anonymous_2)
FN:97,(anonymous_3)
FN:101,(anonymous_4)
FN:104,(anonymous_5)
FN:108,(anonymous_6)
FN:111,(anonymous_7)
FN:114,(anonymous_8)
FNF:9
FNH:7
FNDA:195,(anonymous_0)
FNDA:273,(anonymous_1)
FNDA:273,(anonymous_2)
FNDA:195,(anonymous_3)
FNDA:239,(anonymous_4)
FNDA:0,(anonymous_5)
FNDA:239,(anonymous_6)
FNDA:0,(anonymous_7)
FNDA:42,(anonymous_8)
DA:59,91
DA:69,91
DA:72,195
DA:91,273
DA:94,219
DA:95,249
DA:97,254
DA:99,204
DA:102,230
DA:104,104
DA:106,144
DA:109,211
DA:111,76
DA:115,34
DA:116,26
DA:117,42
DA:118,2
DA:120,2
LF:18
LH:18
BRDA:117,0,0,13
BRDA:117,0,1,29
BRF:2
BRH:2
end_of_record
TN:
SF:src\views\Artists.vue
FNF:0
FNH:0
DA:11,13
DA:18,13
LF:2
LH:2
BRF:0
BRH:0
end_of_record
TN:
SF:src\views\Categories.vue
FNF:0
FNH:0
DA:8,13
DA:15,13
LF:2
LH:2
BRF:0
BRH:0
end_of_record
TN:
SF:src\views\CategoriesResults.vue
FN:38,(anonymous_0)
FN:43,(anonymous_1)
FNF:2
FNH:2
FNDA:69,(anonymous_0)
FNDA:69,(anonymous_1)
DA:24,43
DA:33,43
DA:39,6
DA:44,6
LF:4
LH:4
BRF:0
BRH:0
end_of_record
TN:
SF:src\views\ClientProfile.vue
FN:36,(anonymous_0)
FN:48,(anonymous_1)
FN:51,(anonymous_2)
FN:54,(anonymous_3)
FNF:4
FNH:3
FNDA:39,(anonymous_0)
FNDA:65,(anonymous_1)
FNDA:65,(anonymous_2)
FNDA:0,(anonymous_3)
DA:25,13
DA:34,13
DA:37,39
DA:49,65
DA:52,10
DA:54,0
LF:6
LH:5
BRF:0
BRH:0
end_of_record
TN:
SF:src\views\Conventions.vue
FNF:0
FNH:0
DA:12,13
LF:1
LH:1
BRF:0
BRH:0
end_of_record
TN:
SF:src\views\GeoResults.vue
FN:38,(anonymous_0)
FN:43,(anonymous_1)
FNF:2
FNH:2
FNDA:63,(anonymous_0)
FNDA:63,(anonymous_1)
DA:24,37
DA:33,37
DA:39,6
DA:44,6
LF:4
LH:4
BRF:0
BRH:0
end_of_record
TN:
SF:src\views\Home.vue
FNF:0
FNH:0
DA:10,13
DA:18,13
LF:2
LH:2
BRF:0
BRH:0
end_of_record
TN:
SF:src\views\Login.vue
FN:45,(anonymous_0)
FNF:1
FNH:1
FNDA:146,(anonymous_0)
DA:29,98
DA:30,2
DA:39,2
DA:46,8
LF:4
LH:4
BRF:0
BRH:0
end_of_record
