TN:
SF:src\main.js
FN:13,(anonymous_0)
FNF:1
FNH:1
FNDA:15,(anonymous_0)
DA:13,11
DA:14,15
DA:15,11
DA:16,11
DA:28,11
DA:29,11
DA:30,11
DA:31,11
LF:8
LH:8
BRDA:14,0,0,11
BRDA:14,0,1,4
BRF:2
BRH:2
end_of_record
TN:
SF:src\router\index.js
FN:87,(anonymous_0)
FN:88,(anonymous_1)
FNF:2
FNH:2
FNDA:28,(anonymous_0)
FNDA:28,(anonymous_1)
DA:15,11
DA:82,11
DA:87,11
DA:88,28
DA:89,26
DA:90,26
DA:92,2
DA:93,2
DA:95,0
LF:9
LH:8
BRDA:88,0,0,26
BRDA:88,0,1,2
BRDA:92,1,0,2
BRDA:92,1,1,0
BRF:4
BRH:3
end_of_record
TN:
SF:src\store\index.js
FNF:0
FNH:0
LF:0
LH:0
BRF:0
BRH:0
end_of_record
TN:
SF:src\store\modules\auth.js
FN:29,(anonymous_0)
FN:49,(anonymous_1)
FN:92,(anonymous_2)
FN:102,(anonymous_3)
FN:115,(anonymous_4)
FNF:5
FNH:5
FNDA:4,(anonymous_0)
FNDA:1,(anonymous_1)
FNDA:2,(anonymous_2)
FNDA:11,(anonymous_3)
FNDA:2,(anonymous_4)
DA:30,4
DA:50,1
DA:55,0
DA:56,0
DA:61,0
DA:62,0
DA:67,0
DA:68,0
DA:73,0
DA:79,0
DA:83,0
DA:93,2
DA:95,2
DA:103,11
DA:105,11
DA:106,0
DA:116,2
DA:118,2
LF:18
LH:8
BRDA:55,0,0,0
BRDA:55,0,1,0
BRDA:61,1,0,0
BRDA:61,1,1,0
BRDA:67,2,0,0
BRDA:67,2,1,0
BRDA:105,3,0,0
BRDA:105,3,1,11
BRF:8
BRH:1
end_of_record
TN:
SF:src\store\modules\gallery.js
FN:32,(anonymous_0)
FN:35,(anonymous_1)
FN:38,(anonymous_2)
FN:63,(anonymous_3)
FN:91,(anonymous_4)
FN:107,(anonymous_5)
FN:148,(anonymous_6)
FN:166,(anonymous_7)
FN:183,(anonymous_8)
FNF:9
FNH:3
FNDA:0,(anonymous_0)
FNDA:0,(anonymous_1)
FNDA:1,(anonymous_2)
FNDA:0,(anonymous_3)
FNDA:0,(anonymous_4)
FNDA:0,(anonymous_5)
FNDA:0,(anonymous_6)
FNDA:4,(anonymous_7)
FNDA:5,(anonymous_8)
DA:33,0
DA:36,0
DA:39,1
DA:64,0
DA:65,0
DA:66,0
DA:68,0
DA:69,0
DA:70,0
DA:71,0
DA:72,0
DA:73,0
DA:76,0
DA:77,0
DA:81,0
DA:82,0
DA:92,0
DA:93,0
DA:94,0
DA:95,0
DA:96,0
DA:98,0
DA:108,0
DA:109,0
DA:110,0
DA:112,0
DA:113,0
DA:114,0
DA:115,0
DA:116,0
DA:117,0
DA:120,0
DA:121,0
DA:122,0
DA:123,0
DA:126,0
DA:128,0
DA:129,0
DA:132,0
DA:133,0
DA:137,0
DA:138,0
DA:149,0
DA:150,0
DA:151,0
DA:155,0
DA:156,0
DA:167,4
DA:168,4
DA:169,2
DA:170,1
DA:171,0
DA:173,1
DA:174,1
DA:184,5
LF:55
LH:8
BRDA:95,0,0,0
BRDA:95,0,1,0
BRDA:122,1,0,0
BRDA:122,1,1,0
BRDA:170,2,0,0
BRDA:170,2,1,1
BRF:6
BRH:1
end_of_record
TN:
SF:src\store\modules\index.js
FN:11,(anonymous_0)
FNF:1
FNH:1
FNDA:66,(anonymous_0)
DA:8,11
DA:9,11
DA:11,11
DA:12,66
DA:13,11
DA:16,55
DA:17,55
DA:18,55
LF:8
LH:8
BRDA:12,0,0,11
BRDA:12,0,1,55
BRDA:18,1,0,55
BRDA:18,1,1,0
BRF:4
BRH:3
end_of_record
TN:
SF:src\store\modules\profile.js
FN:30,(anonymous_0)
FN:33,(anonymous_1)
FN:52,(anonymous_2)
FN:80,(anonymous_3)
FN:94,(anonymous_4)
FN:107,(anonymous_5)
FN:110,(anonymous_6)
FN:126,(anonymous_7)
FN:129,(anonymous_8)
FNF:9
FNH:8
FNDA:4,(anonymous_0)
FNDA:2,(anonymous_1)
FNDA:0,(anonymous_2)
FNDA:2,(anonymous_3)
FNDA:4,(anonymous_4)
FNDA:2,(anonymous_5)
FNDA:8,(anonymous_6)
FNDA:8,(anonymous_7)
FNDA:2,(anonymous_8)
DA:31,4
DA:34,2
DA:53,0
DA:54,0
DA:56,0
DA:57,0
DA:70,0
DA:71,0
DA:81,2
DA:82,2
DA:83,2
DA:84,2
DA:86,0
DA:95,4
DA:96,4
DA:97,4
DA:98,0
DA:100,4
DA:108,2
DA:109,2
DA:110,8
DA:116,2
DA:127,8
DA:130,2
LF:24
LH:16
BRDA:83,0,0,2
BRDA:83,0,1,0
BRDA:97,1,0,0
BRDA:97,1,1,4
BRF:4
BRH:2
end_of_record
TN:
SF:src\store\modules\search.js
FN:26,(anonymous_0)
FN:29,(anonymous_1)
FN:47,(anonymous_2)
FN:50,(anonymous_3)
FN:65,(anonymous_4)
FN:68,(anonymous_5)
FNF:6
FNH:6
FNDA:2,(anonymous_0)
FNDA:2,(anonymous_1)
FNDA:2,(anonymous_2)
FNDA:2,(anonymous_3)
FNDA:2,(anonymous_4)
FNDA:6,(anonymous_5)
DA:27,2
DA:30,2
DA:48,2
DA:49,2
DA:50,2
DA:56,2
DA:66,2
DA:67,2
DA:68,6
DA:74,2
LF:10
LH:10
BRF:0
BRH:0
end_of_record
TN:
SF:src\store\modules\thumbnail.js
FN:27,(anonymous_0)
FN:44,(anonymous_1)
FN:69,(anonymous_2)
FNF:3
FNH:0
FNDA:0,(anonymous_0)
FNDA:0,(anonymous_1)
FNDA:0,(anonymous_2)
DA:28,0
DA:45,0
DA:46,0
DA:47,0
DA:48,0
DA:50,0
DA:51,0
DA:52,0
DA:53,0
DA:56,0
DA:58,0
DA:59,0
DA:70,0
LF:13
LH:0
BRF:0
BRH:0
end_of_record
TN:
SF:src\utils\firebase.js
FNF:0
FNH:0
DA:12,11
DA:22,11
DA:24,11
DA:25,11
DA:26,11
DA:32,11
DA:33,11
DA:34,11
DA:35,11
DA:36,11
DA:37,11
LF:11
LH:11
BRF:0
BRH:0
end_of_record
TN:
SF:src\utils\globals.js
FN:10,(anonymous_0)
FN:17,(anonymous_1)
FNF:2
FNH:2
FNDA:11,(anonymous_0)
FNDA:22,(anonymous_1)
DA:11,11
DA:17,11
DA:18,22
DA:19,22
DA:23,22
LF:5
LH:5
BRDA:25,0,0,22
BRDA:25,0,1,0
BRF:2
BRH:1
end_of_record
TN:
SF:src\utils\styles.js
FNF:0
FNH:0
LF:0
LH:0
BRF:0
BRH:0
end_of_record
